<?xml version="1.0" encoding="UTF-8"?>
<msms_pipeline_analysis date="2010-07-14T17:29:46" summary_xml="/home/jashi/pipeline/pipeline0.01/src/../data/test_1-target_tide.pep.xml">
  <msms_run_summary base_name="/home/jashi/pipeline/pipeline0.01/src/../data/test_1-target_tide.pep.xml" raw_data_type="raw" raw_data=".mzXML">
    <sample_enzyme name="trypsin"/>
    <search_summary base_name="/home/jashi/pipeline/pipeline0.01/src/../data/test_1-target_tide.pep.xml" search_engine="Tide">
      <search_database local_path="/home/jashi/pipeline/databases/uni_human_var_100517_fwd.fasta"/>
      <enzymatic_search_constraint enzyme="trypsin"/>
    </search_summary>
    <spectrum_query spectrum="test_1-target_tide.1.1.3" start_scan="0" end_scan="0" precursor_neutral_mass="1712.85817059969" assumed_charge="3">
      <search_result>
        <search_hit hit_rank="1" peptide="EIMQNGPVQAIMQVR" calc_neutral_pep_mass="571.96">
          <search_score name="xcorr" value="2.230473"/>
        </search_hit>
        <search_hit hit_rank="2" peptide="GPHHLDNSSPGPGSEAR" calc_neutral_pep_mass="571.96">
          <search_score name="xcorr" value="1.737202"/>
        </search_hit>
        <search_hit hit_rank="3" peptide="SGVENEDQQEVILVR" calc_neutral_pep_mass="571.96">
          <search_score name="xcorr" value="1.687587"/>
        </search_hit>
        <search_hit hit_rank="4" peptide="ALLANQDSGEVQQDPK" calc_neutral_pep_mass="571.96">
          <search_score name="xcorr" value="1.661235"/>
        </search_hit>
        <search_hit hit_rank="5" peptide="LVANLTYTLQLDGHR" calc_neutral_pep_mass="571.96">
          <search_score name="xcorr" value="1.659123"/>
        </search_hit>
      </search_result>
    </spectrum_query>
    <spectrum_query spectrum="test_1-target_tide.2.2.2" start_scan="0" end_scan="0" precursor_neutral_mass="1110.64544706646" assumed_charge="2">
      <search_result>
        <search_hit hit_rank="1" peptide="AVLIAGQPGTGK" calc_neutral_pep_mass="556.33">
          <search_score name="xcorr" value="2.495208"/>
        </search_hit>
        <search_hit hit_rank="2" peptide="TEPMPSLHAK" calc_neutral_pep_mass="556.33">
          <search_score name="xcorr" value="1.049888"/>
        </search_hit>
        <search_hit hit_rank="3" peptide="INGIHGAVFGK" calc_neutral_pep_mass="556.33">
          <search_score name="xcorr" value="1.036521"/>
        </search_hit>
        <search_hit hit_rank="4" peptide="VAGLGAAPGWGR" calc_neutral_pep_mass="556.33">
          <search_score name="xcorr" value="1.012292"/>
        </search_hit>
        <search_hit hit_rank="5" peptide="APEVAAAAAAAAK" calc_neutral_pep_mass="556.33">
          <search_score name="xcorr" value="0.973141"/>
        </search_hit>
      </search_result>
    </spectrum_query>
    <spectrum_query spectrum="test_1-target_tide.3.3.2" start_scan="0" end_scan="0" precursor_neutral_mass="1119.56544706646" assumed_charge="2">
      <search_result>
        <search_hit hit_rank="1" peptide="GAVDDAIAFGGK" calc_neutral_pep_mass="560.79">
          <search_score name="xcorr" value="1.553841"/>
        </search_hit>
        <search_hit hit_rank="2" peptide="QVEEIFNLK" calc_neutral_pep_mass="560.79">
          <search_score name="xcorr" value="1.552194"/>
        </search_hit>
        <search_hit hit_rank="3" peptide="QSEADNNTLK" calc_neutral_pep_mass="560.79">
          <search_score name="xcorr" value="1.443114"/>
        </search_hit>
        <search_hit hit_rank="4" peptide="MELHPLLGGR" calc_neutral_pep_mass="560.79">
          <search_score name="xcorr" value="1.433435"/>
        </search_hit>
        <search_hit hit_rank="5" peptide="QTPLHIAVNK" calc_neutral_pep_mass="560.79">
          <search_score name="xcorr" value="1.427624"/>
        </search_hit>
      </search_result>
    </spectrum_query>
    <spectrum_query spectrum="test_1-target_tide.5.5.2" start_scan="0" end_scan="0" precursor_neutral_mass="957.50544706646" assumed_charge="2">
      <search_result>
        <search_hit hit_rank="1" peptide="LVIEEAER" calc_neutral_pep_mass="479.76">
          <search_score name="xcorr" value="2.430686"/>
        </search_hit>
        <search_hit hit_rank="2" peptide="VLLEEQAR" calc_neutral_pep_mass="479.76">
          <search_score name="xcorr" value="1.353318"/>
        </search_hit>
        <search_hit hit_rank="3" peptide="LVLTQEQK" calc_neutral_pep_mass="479.76">
          <search_score name="xcorr" value="1.348074"/>
        </search_hit>
        <search_hit hit_rank="4" peptide="ILVESQNR" calc_neutral_pep_mass="479.76">
          <search_score name="xcorr" value="1.345612"/>
        </search_hit>
        <search_hit hit_rank="5" peptide="VLLEEQVK" calc_neutral_pep_mass="479.76">
          <search_score name="xcorr" value="1.266692"/>
        </search_hit>
      </search_result>
    </spectrum_query>
    <spectrum_query spectrum="test_1-target_tide.6.6.2" start_scan="0" end_scan="0" precursor_neutral_mass="1110.64544706646" assumed_charge="2">
      <search_result>
        <search_hit hit_rank="1" peptide="AVLIAGQPGTGK" calc_neutral_pep_mass="556.33">
          <search_score name="xcorr" value="2.650582"/>
        </search_hit>
        <search_hit hit_rank="2" peptide="INGIHGAVFGK" calc_neutral_pep_mass="556.33">
          <search_score name="xcorr" value="1.153759"/>
        </search_hit>
        <search_hit hit_rank="3" peptide="GLLALLFPLR" calc_neutral_pep_mass="556.33">
          <search_score name="xcorr" value="1.034297"/>
        </search_hit>
        <search_hit hit_rank="4" peptide="ILGISHEEVD" calc_neutral_pep_mass="556.33">
          <search_score name="xcorr" value="1.029561"/>
        </search_hit>
        <search_hit hit_rank="5" peptide="IQQVANIAQK" calc_neutral_pep_mass="556.33">
          <search_score name="xcorr" value="1.016463"/>
        </search_hit>
      </search_result>
    </spectrum_query>
    <spectrum_query spectrum="test_1-target_tide.7.7.2" start_scan="0" end_scan="0" precursor_neutral_mass="1261.62544706646" assumed_charge="2">
      <search_result>
        <search_hit hit_rank="1" peptide="DLPDDVITFAR" calc_neutral_pep_mass="631.82">
          <search_score name="xcorr" value="1.365135"/>
        </search_hit>
        <search_hit hit_rank="2" peptide="EVLAGSETAEEK" calc_neutral_pep_mass="631.82">
          <search_score name="xcorr" value="1.358383"/>
        </search_hit>
        <search_hit hit_rank="3" peptide="GQASDSINPMSR" calc_neutral_pep_mass="631.82">
          <search_score name="xcorr" value="1.279976"/>
        </search_hit>
        <search_hit hit_rank="4" peptide="SVLNEFDAIQK" calc_neutral_pep_mass="631.82">
          <search_score name="xcorr" value="1.236360"/>
        </search_hit>
        <search_hit hit_rank="5" peptide="VGNGNQFSNVVK" calc_neutral_pep_mass="631.82">
          <search_score name="xcorr" value="1.227611"/>
        </search_hit>
      </search_result>
    </spectrum_query>
    <spectrum_query spectrum="test_1-target_tide.8.8.2" start_scan="0" end_scan="0" precursor_neutral_mass="1115.58544706646" assumed_charge="2">
      <search_result>
        <search_hit hit_rank="1" peptide="NICQQVNIK" calc_neutral_pep_mass="558.8">
          <search_score name="xcorr" value="2.190007"/>
        </search_hit>
        <search_hit hit_rank="2" peptide="QVTDAETKPK" calc_neutral_pep_mass="558.8">
          <search_score name="xcorr" value="1.602730"/>
        </search_hit>
        <search_hit hit_rank="3" peptide="FLLVLADGLR" calc_neutral_pep_mass="558.8">
          <search_score name="xcorr" value="1.526229"/>
        </search_hit>
        <search_hit hit_rank="4" peptide="GVAGCPNSLIK" calc_neutral_pep_mass="558.8">
          <search_score name="xcorr" value="1.455741"/>
        </search_hit>
        <search_hit hit_rank="5" peptide="DIDEDEILR" calc_neutral_pep_mass="558.8">
          <search_score name="xcorr" value="1.404102"/>
        </search_hit>
      </search_result>
    </spectrum_query>
    <spectrum_query spectrum="test_1-target_tide.9.9.2" start_scan="0" end_scan="0" precursor_neutral_mass="1306.64544706646" assumed_charge="2">
      <search_result>
        <search_hit hit_rank="1" peptide="IPELAINPLGDR" calc_neutral_pep_mass="654.33">
          <search_score name="xcorr" value="1.521319"/>
        </search_hit>
        <search_hit hit_rank="2" peptide="LPEGPLPEGASLK" calc_neutral_pep_mass="654.33">
          <search_score name="xcorr" value="1.459372"/>
        </search_hit>
        <search_hit hit_rank="3" peptide="VLEHQLLQTTK" calc_neutral_pep_mass="654.33">
          <search_score name="xcorr" value="1.454912"/>
        </search_hit>
        <search_hit hit_rank="4" peptide="LLLDSGINAHVR" calc_neutral_pep_mass="654.33">
          <search_score name="xcorr" value="1.299985"/>
        </search_hit>
        <search_hit hit_rank="5" peptide="HMAAPLIGQLTR" calc_neutral_pep_mass="654.33">
          <search_score name="xcorr" value="1.265736"/>
        </search_hit>
      </search_result>
    </spectrum_query>
    <spectrum_query spectrum="test_1-target_tide.11.11.2" start_scan="0" end_scan="0" precursor_neutral_mass="957.50544706646" assumed_charge="2">
      <search_result>
        <search_hit hit_rank="1" peptide="LVIEEAER" calc_neutral_pep_mass="479.76">
          <search_score name="xcorr" value="2.147365"/>
        </search_hit>
        <search_hit hit_rank="2" peptide="ILVESQNR" calc_neutral_pep_mass="479.76">
          <search_score name="xcorr" value="1.300520"/>
        </search_hit>
        <search_hit hit_rank="3" peptide="VLLEEQAR" calc_neutral_pep_mass="479.76">
          <search_score name="xcorr" value="1.275210"/>
        </search_hit>
        <search_hit hit_rank="4" peptide="LVLTQEQK" calc_neutral_pep_mass="479.76">
          <search_score name="xcorr" value="1.245622"/>
        </search_hit>
        <search_hit hit_rank="5" peptide="IVLEQEVK" calc_neutral_pep_mass="479.76">
          <search_score name="xcorr" value="1.108648"/>
        </search_hit>
      </search_result>
    </spectrum_query>
    <spectrum_query spectrum="test_1-target_tide.12.12.2" start_scan="0" end_scan="0" precursor_neutral_mass="1261.62544706646" assumed_charge="2">
      <search_result>
        <search_hit hit_rank="1" peptide="NDDDIMDPISK" calc_neutral_pep_mass="631.82">
          <search_score name="xcorr" value="1.325426"/>
        </search_hit>
        <search_hit hit_rank="2" peptide="EVLAGSETAEEK" calc_neutral_pep_mass="631.82">
          <search_score name="xcorr" value="1.260430"/>
        </search_hit>
        <search_hit hit_rank="3" peptide="GGGGGGPGEGFDVAK" calc_neutral_pep_mass="631.82">
          <search_score name="xcorr" value="1.175714"/>
        </search_hit>
        <search_hit hit_rank="4" peptide="DLPDDVITFAR" calc_neutral_pep_mass="631.82">
          <search_score name="xcorr" value="1.168306"/>
        </search_hit>
        <search_hit hit_rank="5" peptide="GQASDSINPMSR" calc_neutral_pep_mass="631.82">
          <search_score name="xcorr" value="1.156598"/>
        </search_hit>
      </search_result>
    </spectrum_query>
    <spectrum_query spectrum="test_1-target_tide.13.13.2" start_scan="0" end_scan="0" precursor_neutral_mass="1324.62544706646" assumed_charge="2">
      <search_result>
        <search_hit hit_rank="1" peptide="LESQMMAMVER" calc_neutral_pep_mass="663.32">
          <search_score name="xcorr" value="1.692709"/>
        </search_hit>
        <search_hit hit_rank="2" peptide="HLPSVCGTPAER" calc_neutral_pep_mass="663.32">
          <search_score name="xcorr" value="1.592665"/>
        </search_hit>
        <search_hit hit_rank="3" peptide="GYGVGTPIGSPYR" calc_neutral_pep_mass="663.32">
          <search_score name="xcorr" value="1.544333"/>
        </search_hit>
        <search_hit hit_rank="4" peptide="DGNMVEENPYR" calc_neutral_pep_mass="663.32">
          <search_score name="xcorr" value="1.533946"/>
        </search_hit>
        <search_hit hit_rank="5" peptide="GSGTTSGQLTLFR" calc_neutral_pep_mass="663.32">
          <search_score name="xcorr" value="1.505544"/>
        </search_hit>
      </search_result>
    </spectrum_query>
    <spectrum_query spectrum="test_1-target_tide.14.14.3" start_scan="0" end_scan="0" precursor_neutral_mass="2289.15817059969" assumed_charge="3">
      <search_result>
        <search_hit hit_rank="1" peptide="IMVAADIVTIFNLIQMNGGAAK" calc_neutral_pep_mass="764.06">
          <search_score name="xcorr" value="1.594521"/>
        </search_hit>
        <search_hit hit_rank="2" peptide="IITSQNIHLLYLDLLDYLK" calc_neutral_pep_mass="764.06">
          <search_score name="xcorr" value="1.414540"/>
        </search_hit>
        <search_hit hit_rank="3" peptide="DLTGFPGPLNDQDDEDCINR" calc_neutral_pep_mass="764.06">
          <search_score name="xcorr" value="1.321027"/>
        </search_hit>
        <search_hit hit_rank="4" peptide="LLSLSSTVVTPMLNPIIYSSR" calc_neutral_pep_mass="764.06">
          <search_score name="xcorr" value="1.311745"/>
        </search_hit>
        <search_hit hit_rank="5" peptide="ECEAGPCEAQGADLSGQGSPLR" calc_neutral_pep_mass="764.06">
          <search_score name="xcorr" value="1.300334"/>
        </search_hit>
      </search_result>
    </spectrum_query>
    <spectrum_query spectrum="test_1-target_tide.15.15.2" start_scan="0" end_scan="0" precursor_neutral_mass="1115.58544706646" assumed_charge="2">
      <search_result>
        <search_hit hit_rank="1" peptide="NICQQVNIK" calc_neutral_pep_mass="558.8">
          <search_score name="xcorr" value="1.819734"/>
        </search_hit>
        <search_hit hit_rank="2" peptide="GVAGCPNSLIK" calc_neutral_pep_mass="558.8">
          <search_score name="xcorr" value="1.650033"/>
        </search_hit>
        <search_hit hit_rank="3" peptide="VAGGGGAGGSAGGGGK" calc_neutral_pep_mass="558.8">
          <search_score name="xcorr" value="1.552668"/>
        </search_hit>
        <search_hit hit_rank="4" peptide="DIDEDEILR" calc_neutral_pep_mass="558.8">
          <search_score name="xcorr" value="1.523410"/>
        </search_hit>
        <search_hit hit_rank="5" peptide="LFNEAAAIIR" calc_neutral_pep_mass="558.8">
          <search_score name="xcorr" value="1.445399"/>
        </search_hit>
      </search_result>
    </spectrum_query>
    <spectrum_query spectrum="test_1-target_tide.17.17.2" start_scan="0" end_scan="0" precursor_neutral_mass="1324.62544706646" assumed_charge="2">
      <search_result>
        <search_hit hit_rank="1" peptide="GYGVGTPIGSPYR" calc_neutral_pep_mass="663.32">
          <search_score name="xcorr" value="1.593453"/>
        </search_hit>
        <search_hit hit_rank="2" peptide="DGNMVEENPYR" calc_neutral_pep_mass="663.32">
          <search_score name="xcorr" value="1.572429"/>
        </search_hit>
        <search_hit hit_rank="3" peptide="VVVPEVPLGIFR" calc_neutral_pep_mass="663.32">
          <search_score name="xcorr" value="1.474619"/>
        </search_hit>
        <search_hit hit_rank="4" peptide="YGDVPCLDQTR" calc_neutral_pep_mass="663.32">
          <search_score name="xcorr" value="1.439611"/>
        </search_hit>
        <search_hit hit_rank="5" peptide="FWTITSSYYR" calc_neutral_pep_mass="663.32">
          <search_score name="xcorr" value="1.349491"/>
        </search_hit>
      </search_result>
    </spectrum_query>
    <spectrum_query spectrum="test_1-target_tide.18.18.3" start_scan="0" end_scan="0" precursor_neutral_mass="2289.15817059969" assumed_charge="3">
      <search_result>
        <search_hit hit_rank="1" peptide="LLSLSSTVVTPMLNPIIYSSR" calc_neutral_pep_mass="764.06">
          <search_score name="xcorr" value="1.609031"/>
        </search_hit>
        <search_hit hit_rank="2" peptide="CLTQSGINGTYSPFSLETCR" calc_neutral_pep_mass="764.06">
          <search_score name="xcorr" value="1.424358"/>
        </search_hit>
        <search_hit hit_rank="3" peptide="LDTNQFQDPVMELLGSVLSGK" calc_neutral_pep_mass="764.06">
          <search_score name="xcorr" value="1.342292"/>
        </search_hit>
        <search_hit hit_rank="4" peptide="LQLVDSAGSECVGVSGVTGLALR" calc_neutral_pep_mass="764.06">
          <search_score name="xcorr" value="1.267308"/>
        </search_hit>
        <search_hit hit_rank="5" peptide="INALTAASEAACLIVSVDETIK" calc_neutral_pep_mass="764.06">
          <search_score name="xcorr" value="1.219991"/>
        </search_hit>
      </search_result>
    </spectrum_query>
    <spectrum_query spectrum="test_1-target_tide.19.19.2" start_scan="0" end_scan="0" precursor_neutral_mass="1467.68544706646" assumed_charge="2">
      <search_result>
        <search_hit hit_rank="1" peptide="TGTLTTNQMSVCR" calc_neutral_pep_mass="734.85">
          <search_score name="xcorr" value="2.543176"/>
        </search_hit>
        <search_hit hit_rank="2" peptide="EPVLPLGLQSCVR" calc_neutral_pep_mass="734.85">
          <search_score name="xcorr" value="1.257450"/>
        </search_hit>
        <search_hit hit_rank="3" peptide="QLAGLVANYYTPR" calc_neutral_pep_mass="734.85">
          <search_score name="xcorr" value="1.246551"/>
        </search_hit>
        <search_hit hit_rank="4" peptide="CVIEGNNCTFVR" calc_neutral_pep_mass="734.85">
          <search_score name="xcorr" value="1.235187"/>
        </search_hit>
        <search_hit hit_rank="5" peptide="SLLCFLCSQSPR" calc_neutral_pep_mass="734.85">
          <search_score name="xcorr" value="1.221772"/>
        </search_hit>
      </search_result>
    </spectrum_query>
    <spectrum_query spectrum="test_1-target_tide.20.20.2" start_scan="0" end_scan="0" precursor_neutral_mass="1424.70544706646" assumed_charge="2">
      <search_result>
        <search_hit hit_rank="1" peptide="APSTYGGGLSVSSSR" calc_neutral_pep_mass="713.36">
          <search_score name="xcorr" value="2.979706"/>
        </search_hit>
        <search_hit hit_rank="2" peptide="GSGGLGGACGGAGFGSR" calc_neutral_pep_mass="713.36">
          <search_score name="xcorr" value="2.003931"/>
        </search_hit>
        <search_hit hit_rank="3" peptide="VRPPAHLAAPPGSR" calc_neutral_pep_mass="713.36">
          <search_score name="xcorr" value="1.108640"/>
        </search_hit>
        <search_hit hit_rank="4" peptide="FNSSGTHFSNLSK" calc_neutral_pep_mass="713.36">
          <search_score name="xcorr" value="0.965108"/>
        </search_hit>
        <search_hit hit_rank="5" peptide="NAGEYTCEYYR" calc_neutral_pep_mass="713.36">
          <search_score name="xcorr" value="0.957773"/>
        </search_hit>
      </search_result>
    </spectrum_query>
    <spectrum_query spectrum="test_1-target_tide.21.21.2" start_scan="0" end_scan="0" precursor_neutral_mass="1290.62544706646" assumed_charge="2">
      <search_result>
        <search_hit hit_rank="1" peptide="YSQYQQAIYK" calc_neutral_pep_mass="646.32">
          <search_score name="xcorr" value="2.772388"/>
        </search_hit>
        <search_hit hit_rank="2" peptide="NNISIINVDYK" calc_neutral_pep_mass="646.32">
          <search_score name="xcorr" value="1.521450"/>
        </search_hit>
        <search_hit hit_rank="3" peptide="QYLVVADVCPK" calc_neutral_pep_mass="646.32">
          <search_score name="xcorr" value="1.351099"/>
        </search_hit>
        <search_hit hit_rank="4" peptide="FYLVGGLLAGGAR" calc_neutral_pep_mass="646.32">
          <search_score name="xcorr" value="1.269833"/>
        </search_hit>
        <search_hit hit_rank="5" peptide="AEDTAVYYCAK" calc_neutral_pep_mass="646.32">
          <search_score name="xcorr" value="1.243561"/>
        </search_hit>
      </search_result>
    </spectrum_query>
    <spectrum_query spectrum="test_1-target_tide.23.23.3" start_scan="0" end_scan="0" precursor_neutral_mass="1764.93817059969" assumed_charge="3">
      <search_result>
        <search_hit hit_rank="1" peptide="QELFHQFVSLSTSGGK" calc_neutral_pep_mass="589.32">
          <search_score name="xcorr" value="1.494606"/>
        </search_hit>
        <search_hit hit_rank="2" peptide="FYPPDPAQLTEDITR" calc_neutral_pep_mass="589.32">
          <search_score name="xcorr" value="1.470117"/>
        </search_hit>
        <search_hit hit_rank="3" peptide="LLRPSLAELHDELEK" calc_neutral_pep_mass="589.32">
          <search_score name="xcorr" value="1.463533"/>
        </search_hit>
        <search_hit hit_rank="4" peptide="LPVHHFCTQRPEIK" calc_neutral_pep_mass="589.32">
          <search_score name="xcorr" value="1.380520"/>
        </search_hit>
        <search_hit hit_rank="5" peptide="THTGEKPYGCNECGR" calc_neutral_pep_mass="589.32">
          <search_score name="xcorr" value="1.345768"/>
        </search_hit>
      </search_result>
    </spectrum_query>
    <spectrum_query spectrum="test_1-target_tide.24.24.2" start_scan="0" end_scan="0" precursor_neutral_mass="1307.66544706646" assumed_charge="2">
      <search_result>
        <search_hit hit_rank="1" peptide="NIVQDLPPTPSK" calc_neutral_pep_mass="654.84">
          <search_score name="xcorr" value="1.778946"/>
        </search_hit>
        <search_hit hit_rank="2" peptide="LIAHAGSLTNLAK" calc_neutral_pep_mass="654.84">
          <search_score name="xcorr" value="1.726306"/>
        </search_hit>
        <search_hit hit_rank="3" peptide="ILEANMDIVYK" calc_neutral_pep_mass="654.84">
          <search_score name="xcorr" value="1.474592"/>
        </search_hit>
        <search_hit hit_rank="4" peptide="DSPGKPPMAPPSK" calc_neutral_pep_mass="654.84">
          <search_score name="xcorr" value="1.432115"/>
        </search_hit>
        <search_hit hit_rank="5" peptide="EVGTVLSQVYSK" calc_neutral_pep_mass="654.84">
          <search_score name="xcorr" value="1.400105"/>
        </search_hit>
      </search_result>
    </spectrum_query>
    <spectrum_query spectrum="test_1-target_tide.25.25.2" start_scan="0" end_scan="0" precursor_neutral_mass="1424.68544706646" assumed_charge="2">
      <search_result>
        <search_hit hit_rank="1" peptide="APSTYGGGLSVSSSR" calc_neutral_pep_mass="713.35">
          <search_score name="xcorr" value="2.823670"/>
        </search_hit>
        <search_hit hit_rank="2" peptide="GSGGLGGACGGAGFGSR" calc_neutral_pep_mass="713.35">
          <search_score name="xcorr" value="1.481913"/>
        </search_hit>
        <search_hit hit_rank="3" peptide="VRPPAHLAAPPGSR" calc_neutral_pep_mass="713.35">
          <search_score name="xcorr" value="1.013694"/>
        </search_hit>
        <search_hit hit_rank="4" peptide="SPDIYGCLSGAER" calc_neutral_pep_mass="713.35">
          <search_score name="xcorr" value="0.900674"/>
        </search_hit>
        <search_hit hit_rank="5" peptide="CTEALYAPAEGDK" calc_neutral_pep_mass="713.35">
          <search_score name="xcorr" value="0.777828"/>
        </search_hit>
      </search_result>
    </spectrum_query>
    <spectrum_query spectrum="test_1-target_tide.26.26.2" start_scan="0" end_scan="0" precursor_neutral_mass="1290.62544706646" assumed_charge="2">
      <search_result>
        <search_hit hit_rank="1" peptide="YSQYQQAIYK" calc_neutral_pep_mass="646.32">
          <search_score name="xcorr" value="2.983276"/>
        </search_hit>
        <search_hit hit_rank="2" peptide="LPVLENVSYMK" calc_neutral_pep_mass="646.32">
          <search_score name="xcorr" value="1.398110"/>
        </search_hit>
        <search_hit hit_rank="3" peptide="DVWMPVTSASAK" calc_neutral_pep_mass="646.32">
          <search_score name="xcorr" value="1.317161"/>
        </search_hit>
        <search_hit hit_rank="4" peptide="FYLVGGLLAGGAR" calc_neutral_pep_mass="646.32">
          <search_score name="xcorr" value="1.245809"/>
        </search_hit>
        <search_hit hit_rank="5" peptide="NNISIINVDYK" calc_neutral_pep_mass="646.32">
          <search_score name="xcorr" value="1.213215"/>
        </search_hit>
      </search_result>
    </spectrum_query>
    <spectrum_query spectrum="test_1-target_tide.27.27.2" start_scan="0" end_scan="0" precursor_neutral_mass="1382.70544706646" assumed_charge="2">
      <search_result>
        <search_hit hit_rank="1" peptide="GGIGASENLENPPK" calc_neutral_pep_mass="692.36">
          <search_score name="xcorr" value="2.808271"/>
        </search_hit>
        <search_hit hit_rank="2" peptide="LNQPPEDGISSVK" calc_neutral_pep_mass="692.36">
          <search_score name="xcorr" value="2.553461"/>
        </search_hit>
        <search_hit hit_rank="3" peptide="EILSCGEVIHVK" calc_neutral_pep_mass="692.36">
          <search_score name="xcorr" value="2.200709"/>
        </search_hit>
        <search_hit hit_rank="4" peptide="VQLIHLFIICK" calc_neutral_pep_mass="692.36">
          <search_score name="xcorr" value="1.712311"/>
        </search_hit>
        <search_hit hit_rank="5" peptide="DIIINILETIVK" calc_neutral_pep_mass="692.36">
          <search_score name="xcorr" value="1.684383"/>
        </search_hit>
      </search_result>
    </spectrum_query>
    <spectrum_query spectrum="test_1-target_tide.29.29.3" start_scan="0" end_scan="0" precursor_neutral_mass="1764.93817059969" assumed_charge="3">
      <search_result>
        <search_hit hit_rank="1" peptide="LITQTFSHHNQLAQK" calc_neutral_pep_mass="589.32">
          <search_score name="xcorr" value="2.892888"/>
        </search_hit>
        <search_hit hit_rank="2" peptide="SKPCILATLLDPCFK" calc_neutral_pep_mass="589.32">
          <search_score name="xcorr" value="1.386107"/>
        </search_hit>
        <search_hit hit_rank="3" peptide="MSQFCPSDQVILIAR" calc_neutral_pep_mass="589.32">
          <search_score name="xcorr" value="1.382995"/>
        </search_hit>
        <search_hit hit_rank="4" peptide="NNICLDLSPSHGLDGR" calc_neutral_pep_mass="589.32">
          <search_score name="xcorr" value="1.264707"/>
        </search_hit>
        <search_hit hit_rank="5" peptide="MEHNCQQAIAQTYAT" calc_neutral_pep_mass="589.32">
          <search_score name="xcorr" value="1.157031"/>
        </search_hit>
      </search_result>
    </spectrum_query>
    <spectrum_query spectrum="test_1-target_tide.30.30.2" start_scan="0" end_scan="0" precursor_neutral_mass="1307.66544706646" assumed_charge="2">
      <search_result>
        <search_hit hit_rank="1" peptide="LIAHAGSLTNLAK" calc_neutral_pep_mass="654.84">
          <search_score name="xcorr" value="1.729195"/>
        </search_hit>
        <search_hit hit_rank="2" peptide="DSPGKPPMAPPSK" calc_neutral_pep_mass="654.84">
          <search_score name="xcorr" value="1.598341"/>
        </search_hit>
        <search_hit hit_rank="3" peptide="NIVQDLPPTPSK" calc_neutral_pep_mass="654.84">
          <search_score name="xcorr" value="1.417273"/>
        </search_hit>
        <search_hit hit_rank="4" peptide="TNDDSSAETIEK" calc_neutral_pep_mass="654.84">
          <search_score name="xcorr" value="1.381690"/>
        </search_hit>
        <search_hit hit_rank="5" peptide="YYSVPVAVVPSK" calc_neutral_pep_mass="654.84">
          <search_score name="xcorr" value="1.314960"/>
        </search_hit>
      </search_result>
    </spectrum_query>
    <spectrum_query spectrum="test_1-target_tide.31.31.3" start_scan="0" end_scan="0" precursor_neutral_mass="1614.75817059969" assumed_charge="3">
      <search_result>
        <search_hit hit_rank="1" peptide="TGTITTFEHAHNMR" calc_neutral_pep_mass="539.26">
          <search_score name="xcorr" value="1.300196"/>
        </search_hit>
        <search_hit hit_rank="2" peptide="EELLSSEACYECK" calc_neutral_pep_mass="539.26">
          <search_score name="xcorr" value="1.284450"/>
        </search_hit>
        <search_hit hit_rank="3" peptide="LVAELQGALDACAQR" calc_neutral_pep_mass="539.26">
          <search_score name="xcorr" value="1.136402"/>
        </search_hit>
        <search_hit hit_rank="4" peptide="AEGLSLDASMHSQLR" calc_neutral_pep_mass="539.26">
          <search_score name="xcorr" value="1.126492"/>
        </search_hit>
        <search_hit hit_rank="5" peptide="TGSGADGLSEPEGISLK" calc_neutral_pep_mass="539.26">
          <search_score name="xcorr" value="1.118561"/>
        </search_hit>
      </search_result>
    </spectrum_query>
    <spectrum_query spectrum="test_1-target_tide.32.32.4" start_scan="0" end_scan="0" precursor_neutral_mass="2178.09089413292" assumed_charge="4">
      <search_result>
        <search_hit hit_rank="1" peptide="SLHLEGDPNPSAAPTSTCAPR" calc_neutral_pep_mass="545.53">
          <search_score name="xcorr" value="1.046925"/>
        </search_hit>
        <search_hit hit_rank="2" peptide="TVQALLNHGSPTVWPDAFPK" calc_neutral_pep_mass="545.53">
          <search_score name="xcorr" value="0.989781"/>
        </search_hit>
        <search_hit hit_rank="3" peptide="IEDVLPFFPDFVTIDHFK" calc_neutral_pep_mass="545.53">
          <search_score name="xcorr" value="0.956677"/>
        </search_hit>
        <search_hit hit_rank="4" peptide="LTAPAPTPPLLVALLCLFLR" calc_neutral_pep_mass="545.53">
          <search_score name="xcorr" value="0.944279"/>
        </search_hit>
        <search_hit hit_rank="5" peptide="LLPAGHSVSGSLLMPGHEASSK" calc_neutral_pep_mass="545.53">
          <search_score name="xcorr" value="0.922040"/>
        </search_hit>
      </search_result>
    </spectrum_query>
    <spectrum_query spectrum="test_1-target_tide.33.33.3" start_scan="0" end_scan="0" precursor_neutral_mass="2254.95817059969" assumed_charge="3">
      <search_result>
        <search_hit hit_rank="1" peptide="EVVEHVEPLRPYESLDTLK" calc_neutral_pep_mass="752.66">
          <search_score name="xcorr" value="1.420636"/>
        </search_hit>
        <search_hit hit_rank="2" peptide="SFHVNIQDTMIGELPPQTTK" calc_neutral_pep_mass="752.66">
          <search_score name="xcorr" value="1.407964"/>
        </search_hit>
        <search_hit hit_rank="3" peptide="VSCTASGYPFTNHFINWVR" calc_neutral_pep_mass="752.66">
          <search_score name="xcorr" value="1.322944"/>
        </search_hit>
        <search_hit hit_rank="4" peptide="VVNGETVAAENLGITNGFVKPK" calc_neutral_pep_mass="752.66">
          <search_score name="xcorr" value="1.315844"/>
        </search_hit>
        <search_hit hit_rank="5" peptide="GGLMVSEMESHPPSQGPGDGER" calc_neutral_pep_mass="752.66">
          <search_score name="xcorr" value="1.304557"/>
        </search_hit>
      </search_result>
    </spectrum_query>
    <spectrum_query spectrum="test_1-target_tide.35.35.3" start_scan="0" end_scan="0" precursor_neutral_mass="1671.81817059969" assumed_charge="3">
      <search_result>
        <search_hit hit_rank="1" peptide="TPSDDEEDNLFAPPK" calc_neutral_pep_mass="558.28">
          <search_score name="xcorr" value="1.329862"/>
        </search_hit>
        <search_hit hit_rank="2" peptide="LEYHQVIQQMEQK" calc_neutral_pep_mass="558.28">
          <search_score name="xcorr" value="1.168361"/>
        </search_hit>
        <search_hit hit_rank="3" peptide="EMGQLIVQSAEDPEK" calc_neutral_pep_mass="558.28">
          <search_score name="xcorr" value="1.142292"/>
        </search_hit>
        <search_hit hit_rank="4" peptide="EEIGSSWIETPPSIK" calc_neutral_pep_mass="558.28">
          <search_score name="xcorr" value="1.141972"/>
        </search_hit>
        <search_hit hit_rank="5" peptide="QLEAIDQLHLEYAK" calc_neutral_pep_mass="558.28">
          <search_score name="xcorr" value="1.095875"/>
        </search_hit>
      </search_result>
    </spectrum_query>
    <spectrum_query spectrum="test_1-target_tide.36.36.3" start_scan="0" end_scan="0" precursor_neutral_mass="1705.80817059969" assumed_charge="3">
      <search_result>
        <search_hit hit_rank="1" peptide="LLTPANSNPVLENPAR" calc_neutral_pep_mass="569.61">
          <search_score name="xcorr" value="1.811343"/>
        </search_hit>
        <search_hit hit_rank="2" peptide="VEGTLPPNALVIHQSK" calc_neutral_pep_mass="569.61">
          <search_score name="xcorr" value="1.710641"/>
        </search_hit>
        <search_hit hit_rank="3" peptide="LTEILELLVAAGYFR" calc_neutral_pep_mass="569.61">
          <search_score name="xcorr" value="1.618189"/>
        </search_hit>
        <search_hit hit_rank="4" peptide="EEESPPRPSLSQPPR" calc_neutral_pep_mass="569.61">
          <search_score name="xcorr" value="1.493966"/>
        </search_hit>
        <search_hit hit_rank="5" peptide="VVGLVPSQPSCPVGGVR" calc_neutral_pep_mass="569.61">
          <search_score name="xcorr" value="1.418175"/>
        </search_hit>
      </search_result>
    </spectrum_query>
    <spectrum_query spectrum="test_1-target_tide.37.37.3" start_scan="0" end_scan="0" precursor_neutral_mass="1614.75817059969" assumed_charge="3">
      <search_result>
        <search_hit hit_rank="1" peptide="TGTITTFEHAHNMR" calc_neutral_pep_mass="539.26">
          <search_score name="xcorr" value="2.126513"/>
        </search_hit>
        <search_hit hit_rank="2" peptide="ASGGTFSNYAISWVR" calc_neutral_pep_mass="539.26">
          <search_score name="xcorr" value="1.315690"/>
        </search_hit>
        <search_hit hit_rank="3" peptide="SESPIPVAEQGTLMR" calc_neutral_pep_mass="539.26">
          <search_score name="xcorr" value="1.294424"/>
        </search_hit>
        <search_hit hit_rank="4" peptide="TGSGADGLSEPEGISLK" calc_neutral_pep_mass="539.26">
          <search_score name="xcorr" value="1.213600"/>
        </search_hit>
        <search_hit hit_rank="5" peptide="ADSILAYHQQNVPR" calc_neutral_pep_mass="539.26">
          <search_score name="xcorr" value="1.189389"/>
        </search_hit>
      </search_result>
    </spectrum_query>
    <spectrum_query spectrum="test_1-target_tide.38.38.4" start_scan="0" end_scan="0" precursor_neutral_mass="2178.09089413292" assumed_charge="4">
      <search_result>
        <search_hit hit_rank="1" peptide="AQHYSTVTVPTGSQPTASSTR" calc_neutral_pep_mass="545.53">
          <search_score name="xcorr" value="1.094209"/>
        </search_hit>
        <search_hit hit_rank="2" peptide="LLPEPANTDTRPGNLHGAFR" calc_neutral_pep_mass="545.53">
          <search_score name="xcorr" value="1.044262"/>
        </search_hit>
        <search_hit hit_rank="3" peptide="LLPAGHSVSGSLLMPGHEASSK" calc_neutral_pep_mass="545.53">
          <search_score name="xcorr" value="0.990500"/>
        </search_hit>
        <search_hit hit_rank="4" peptide="VDLTLDPDTAHPALMLSPDR" calc_neutral_pep_mass="545.53">
          <search_score name="xcorr" value="0.987685"/>
        </search_hit>
        <search_hit hit_rank="5" peptide="ANAQVLAAPSPCSPFAFTLSK" calc_neutral_pep_mass="545.53">
          <search_score name="xcorr" value="0.920051"/>
        </search_hit>
      </search_result>
    </spectrum_query>
    <spectrum_query spectrum="test_1-target_tide.39.39.2" start_scan="0" end_scan="0" precursor_neutral_mass="1216.64544706646" assumed_charge="2">
      <search_result>
        <search_hit hit_rank="1" peptide="AVENSSTAIGIR" calc_neutral_pep_mass="609.33">
          <search_score name="xcorr" value="2.917726"/>
        </search_hit>
        <search_hit hit_rank="2" peptide="FGTGPQSSGQPR" calc_neutral_pep_mass="609.33">
          <search_score name="xcorr" value="1.970894"/>
        </search_hit>
        <search_hit hit_rank="3" peptide="VCLCPMIIGR" calc_neutral_pep_mass="609.33">
          <search_score name="xcorr" value="1.449908"/>
        </search_hit>
        <search_hit hit_rank="4" peptide="APGRPWPSPPR" calc_neutral_pep_mass="609.33">
          <search_score name="xcorr" value="1.446120"/>
        </search_hit>
        <search_hit hit_rank="5" peptide="QVVLGMDMGLR" calc_neutral_pep_mass="609.33">
          <search_score name="xcorr" value="1.441658"/>
        </search_hit>
      </search_result>
    </spectrum_query>
    <spectrum_query spectrum="test_1-target_tide.41.41.3" start_scan="0" end_scan="0" precursor_neutral_mass="2018.04817059969" assumed_charge="3">
      <search_result>
        <search_hit hit_rank="1" peptide="IVAERPGTNSTGPAPMAPPR" calc_neutral_pep_mass="673.69">
          <search_score name="xcorr" value="3.788480"/>
        </search_hit>
        <search_hit hit_rank="2" peptide="THSVNGITEEADPTIYSGK" calc_neutral_pep_mass="673.69">
          <search_score name="xcorr" value="1.291833"/>
        </search_hit>
        <search_hit hit_rank="3" peptide="WSLAMYFVQGSTLSTVTK" calc_neutral_pep_mass="673.69">
          <search_score name="xcorr" value="1.189599"/>
        </search_hit>
        <search_hit hit_rank="4" peptide="MVPIPAGVFTMGTDDPQIK" calc_neutral_pep_mass="673.69">
          <search_score name="xcorr" value="1.114844"/>
        </search_hit>
        <search_hit hit_rank="5" peptide="TAPVASTPSSTPIPALSPPTK" calc_neutral_pep_mass="673.69">
          <search_score name="xcorr" value="1.054701"/>
        </search_hit>
      </search_result>
    </spectrum_query>
    <spectrum_query spectrum="test_1-target_tide.42.42.3" start_scan="0" end_scan="0" precursor_neutral_mass="1705.80817059969" assumed_charge="3">
      <search_result>
        <search_hit hit_rank="1" peptide="LLTPANSNPVLENPAR" calc_neutral_pep_mass="569.61">
          <search_score name="xcorr" value="2.200792"/>
        </search_hit>
        <search_hit hit_rank="2" peptide="SQLLALACLPAPLLAR" calc_neutral_pep_mass="569.61">
          <search_score name="xcorr" value="1.585508"/>
        </search_hit>
        <search_hit hit_rank="3" peptide="NGAAGGPRPAPTDGPQSR" calc_neutral_pep_mass="569.61">
          <search_score name="xcorr" value="1.571882"/>
        </search_hit>
        <search_hit hit_rank="4" peptide="LTEILELLVAAGYFR" calc_neutral_pep_mass="569.61">
          <search_score name="xcorr" value="1.481558"/>
        </search_hit>
        <search_hit hit_rank="5" peptide="TVGAPLYAAFQEGLLR" calc_neutral_pep_mass="569.61">
          <search_score name="xcorr" value="1.413243"/>
        </search_hit>
      </search_result>
    </spectrum_query>
    <spectrum_query spectrum="test_1-target_tide.43.43.3" start_scan="0" end_scan="0" precursor_neutral_mass="1600.77817059969" assumed_charge="3">
      <search_result>
        <search_hit hit_rank="1" peptide="QIENLQETETQLR" calc_neutral_pep_mass="534.6">
          <search_score name="xcorr" value="1.837268"/>
        </search_hit>
        <search_hit hit_rank="2" peptide="HFSQAEGSQLDEVR" calc_neutral_pep_mass="534.6">
          <search_score name="xcorr" value="1.602610"/>
        </search_hit>
        <search_hit hit_rank="3" peptide="SILWLNQFLLDLK" calc_neutral_pep_mass="534.6">
          <search_score name="xcorr" value="1.551703"/>
        </search_hit>
        <search_hit hit_rank="4" peptide="LQQETQPFLLLLR" calc_neutral_pep_mass="534.6">
          <search_score name="xcorr" value="1.524897"/>
        </search_hit>
        <search_hit hit_rank="5" peptide="AIEALVELFLNELK" calc_neutral_pep_mass="534.6">
          <search_score name="xcorr" value="1.521218"/>
        </search_hit>
      </search_result>
    </spectrum_query>
    <spectrum_query spectrum="test_1-target_tide.44.44.2" start_scan="0" end_scan="0" precursor_neutral_mass="1705.80544706646" assumed_charge="2">
      <search_result>
        <search_hit hit_rank="1" peptide="DTPMDIAQLPHLPEK" calc_neutral_pep_mass="853.91">
          <search_score name="xcorr" value="1.362131"/>
        </search_hit>
        <search_hit hit_rank="2" peptide="VLHYLAIQKPADLAR" calc_neutral_pep_mass="853.91">
          <search_score name="xcorr" value="1.234737"/>
        </search_hit>
        <search_hit hit_rank="3" peptide="QDDSSSSTSPSVQGAPR" calc_neutral_pep_mass="853.91">
          <search_score name="xcorr" value="1.089737"/>
        </search_hit>
        <search_hit hit_rank="4" peptide="LLEVLSGEQLPRPTR" calc_neutral_pep_mass="853.91">
          <search_score name="xcorr" value="1.033412"/>
        </search_hit>
        <search_hit hit_rank="5" peptide="SVEGRPMFVSPCVDK" calc_neutral_pep_mass="853.91">
          <search_score name="xcorr" value="1.026095"/>
        </search_hit>
      </search_result>
    </spectrum_query>
    <spectrum_query spectrum="test_1-target_tide.45.45.2" start_scan="0" end_scan="0" precursor_neutral_mass="1206.62544706646" assumed_charge="2">
      <search_result>
        <search_hit hit_rank="1" peptide="IELPTQLHEK" calc_neutral_pep_mass="604.32">
          <search_score name="xcorr" value="1.389313"/>
        </search_hit>
        <search_hit hit_rank="2" peptide="ENVTMDEIEK" calc_neutral_pep_mass="604.32">
          <search_score name="xcorr" value="1.365380"/>
        </search_hit>
        <search_hit hit_rank="3" peptide="SVVASQSFQAGK" calc_neutral_pep_mass="604.32">
          <search_score name="xcorr" value="1.323931"/>
        </search_hit>
        <search_hit hit_rank="4" peptide="ATANHAAELLAK" calc_neutral_pep_mass="604.32">
          <search_score name="xcorr" value="1.255421"/>
        </search_hit>
        <search_hit hit_rank="5" peptide="QLDFVNDTEK" calc_neutral_pep_mass="604.32">
          <search_score name="xcorr" value="1.238477"/>
        </search_hit>
      </search_result>
    </spectrum_query>
    <spectrum_query spectrum="test_1-target_tide.47.47.3" start_scan="0" end_scan="0" precursor_neutral_mass="1671.81817059969" assumed_charge="3">
      <search_result>
        <search_hit hit_rank="1" peptide="ELLQLCEDLIWNK" calc_neutral_pep_mass="558.28">
          <search_score name="xcorr" value="1.142945"/>
        </search_hit>
        <search_hit hit_rank="2" peptide="QLPSFLPQYPIPDR" calc_neutral_pep_mass="558.28">
          <search_score name="xcorr" value="1.086661"/>
        </search_hit>
        <search_hit hit_rank="3" peptide="EILSHLQGDCTSPGR" calc_neutral_pep_mass="558.28">
          <search_score name="xcorr" value="1.036312"/>
        </search_hit>
        <search_hit hit_rank="4" peptide="EIAMACSAALCPHLK" calc_neutral_pep_mass="558.28">
          <search_score name="xcorr" value="1.029209"/>
        </search_hit>
        <search_hit hit_rank="5" peptide="EMGQLIVQSAEDPEK" calc_neutral_pep_mass="558.28">
          <search_score name="xcorr" value="1.011977"/>
        </search_hit>
      </search_result>
    </spectrum_query>
    <spectrum_query spectrum="test_1-target_tide.48.48.3" start_scan="0" end_scan="0" precursor_neutral_mass="1600.77817059969" assumed_charge="3">
      <search_result>
        <search_hit hit_rank="1" peptide="QVDFEMVTSYEVR" calc_neutral_pep_mass="534.6">
          <search_score name="xcorr" value="1.261440"/>
        </search_hit>
        <search_hit hit_rank="2" peptide="EEPIYIITEYMAK" calc_neutral_pep_mass="534.6">
          <search_score name="xcorr" value="1.257273"/>
        </search_hit>
        <search_hit hit_rank="3" peptide="IAPRPASGPIRPIVR" calc_neutral_pep_mass="534.6">
          <search_score name="xcorr" value="1.220256"/>
        </search_hit>
        <search_hit hit_rank="4" peptide="VASTAGNRPLFYFR" calc_neutral_pep_mass="534.6">
          <search_score name="xcorr" value="1.192352"/>
        </search_hit>
        <search_hit hit_rank="5" peptide="ELTPLEEASLQNQK" calc_neutral_pep_mass="534.6">
          <search_score name="xcorr" value="1.155656"/>
        </search_hit>
      </search_result>
    </spectrum_query>
    <spectrum_query spectrum="test_1-target_tide.49.49.2" start_scan="0" end_scan="0" precursor_neutral_mass="1107.56544706646" assumed_charge="2">
      <search_result>
        <search_hit hit_rank="1" peptide="LSHPGHFWK" calc_neutral_pep_mass="554.79">
          <search_score name="xcorr" value="2.130243"/>
        </search_hit>
        <search_hit hit_rank="2" peptide="ALAAAGYDVEK" calc_neutral_pep_mass="554.79">
          <search_score name="xcorr" value="1.729973"/>
        </search_hit>
        <search_hit hit_rank="3" peptide="LSHLQMHSR" calc_neutral_pep_mass="554.79">
          <search_score name="xcorr" value="1.207756"/>
        </search_hit>
        <search_hit hit_rank="4" peptide="ALTQTGGPHVK" calc_neutral_pep_mass="554.79">
          <search_score name="xcorr" value="1.091809"/>
        </search_hit>
        <search_hit hit_rank="5" peptide="QGIMSFLEGK" calc_neutral_pep_mass="554.79">
          <search_score name="xcorr" value="1.052341"/>
        </search_hit>
      </search_result>
    </spectrum_query>
    <spectrum_query spectrum="test_1-target_tide.50.50.3" start_scan="0" end_scan="0" precursor_neutral_mass="2018.04817059969" assumed_charge="3">
      <search_result>
        <search_hit hit_rank="1" peptide="IVAERPGTNSTGPAPMAPPR" calc_neutral_pep_mass="673.69">
          <search_score name="xcorr" value="2.920416"/>
        </search_hit>
        <search_hit hit_rank="2" peptide="AHALFSLAWFHAACQER" calc_neutral_pep_mass="673.69">
          <search_score name="xcorr" value="1.369915"/>
        </search_hit>
        <search_hit hit_rank="3" peptide="SFFCSATLEVDGEFLHR" calc_neutral_pep_mass="673.69">
          <search_score name="xcorr" value="1.305438"/>
        </search_hit>
        <search_hit hit_rank="4" peptide="IPWASALPDAPALLVILEK" calc_neutral_pep_mass="673.69">
          <search_score name="xcorr" value="1.304865"/>
        </search_hit>
        <search_hit hit_rank="5" peptide="LTMLPECPEGAGGLPPPQR" calc_neutral_pep_mass="673.69">
          <search_score name="xcorr" value="1.289207"/>
        </search_hit>
      </search_result>
    </spectrum_query>
    <spectrum_query spectrum="test_1-target_tide.51.51.2" start_scan="0" end_scan="0" precursor_neutral_mass="1705.80544706646" assumed_charge="2">
      <search_result>
        <search_hit hit_rank="1" peptide="ELTADTGLYLAARPGR" calc_neutral_pep_mass="853.91">
          <search_score name="xcorr" value="1.225014"/>
        </search_hit>
        <search_hit hit_rank="2" peptide="DLQEEVSNLYNNIR" calc_neutral_pep_mass="853.91">
          <search_score name="xcorr" value="1.140028"/>
        </search_hit>
        <search_hit hit_rank="3" peptide="IIEVVEANYPETLGR" calc_neutral_pep_mass="853.91">
          <search_score name="xcorr" value="1.078835"/>
        </search_hit>
        <search_hit hit_rank="4" peptide="EDILSCYDVYSPDK" calc_neutral_pep_mass="853.91">
          <search_score name="xcorr" value="1.033791"/>
        </search_hit>
        <search_hit hit_rank="5" peptide="SQLLALACLPAPLLAR" calc_neutral_pep_mass="853.91">
          <search_score name="xcorr" value="1.014274"/>
        </search_hit>
      </search_result>
    </spectrum_query>
    <spectrum_query spectrum="test_1-target_tide.53.53.2" start_scan="0" end_scan="0" precursor_neutral_mass="1107.56544706646" assumed_charge="2">
      <search_result>
        <search_hit hit_rank="1" peptide="LSHPGHFWK" calc_neutral_pep_mass="554.79">
          <search_score name="xcorr" value="1.807264"/>
        </search_hit>
        <search_hit hit_rank="2" peptide="ALAAAGYDVEK" calc_neutral_pep_mass="554.79">
          <search_score name="xcorr" value="1.554911"/>
        </search_hit>
        <search_hit hit_rank="3" peptide="ALTQTGGPHVK" calc_neutral_pep_mass="554.79">
          <search_score name="xcorr" value="1.203237"/>
        </search_hit>
        <search_hit hit_rank="4" peptide="LSHLQMHSR" calc_neutral_pep_mass="554.79">
          <search_score name="xcorr" value="1.177693"/>
        </search_hit>
        <search_hit hit_rank="5" peptide="ISHSFPQHR" calc_neutral_pep_mass="554.79">
          <search_score name="xcorr" value="1.166099"/>
        </search_hit>
      </search_result>
    </spectrum_query>
    <spectrum_query spectrum="test_1-target_tide.54.54.2" start_scan="0" end_scan="0" precursor_neutral_mass="1206.62544706646" assumed_charge="2">
      <search_result>
        <search_hit hit_rank="1" peptide="FQTEIQTVNK" calc_neutral_pep_mass="604.32">
          <search_score name="xcorr" value="1.453404"/>
        </search_hit>
        <search_hit hit_rank="2" peptide="ENVTMDEIEK" calc_neutral_pep_mass="604.32">
          <search_score name="xcorr" value="1.371109"/>
        </search_hit>
        <search_hit hit_rank="3" peptide="QAMLQLYVLK" calc_neutral_pep_mass="604.32">
          <search_score name="xcorr" value="1.285178"/>
        </search_hit>
        <search_hit hit_rank="4" peptide="KPPCVAYDEK" calc_neutral_pep_mass="604.32">
          <search_score name="xcorr" value="1.231968"/>
        </search_hit>
        <search_hit hit_rank="5" peptide="KPESMDDEEK" calc_neutral_pep_mass="604.32">
          <search_score name="xcorr" value="1.216847"/>
        </search_hit>
      </search_result>
    </spectrum_query>
    <spectrum_query spectrum="test_1-target_tide.55.55.2" start_scan="0" end_scan="0" precursor_neutral_mass="1671.82544706646" assumed_charge="2">
      <search_result>
        <search_hit hit_rank="1" peptide="GLEQQMVSQPSIVTR" calc_neutral_pep_mass="836.92">
          <search_score name="xcorr" value="1.544141"/>
        </search_hit>
        <search_hit hit_rank="2" peptide="LEYHQVIQQMEQK" calc_neutral_pep_mass="836.92">
          <search_score name="xcorr" value="1.487966"/>
        </search_hit>
        <search_hit hit_rank="3" peptide="EEIGSSWIETPPSIK" calc_neutral_pep_mass="836.92">
          <search_score name="xcorr" value="1.317543"/>
        </search_hit>
        <search_hit hit_rank="4" peptide="SVIAGYTAMLCCAVR" calc_neutral_pep_mass="836.92">
          <search_score name="xcorr" value="1.274768"/>
        </search_hit>
        <search_hit hit_rank="5" peptide="TSLQEEMDSFSGSQK" calc_neutral_pep_mass="836.92">
          <search_score name="xcorr" value="1.268287"/>
        </search_hit>
      </search_result>
    </spectrum_query>
    <spectrum_query spectrum="test_1-target_tide.56.56.3" start_scan="0" end_scan="0" precursor_neutral_mass="1566.78817059969" assumed_charge="3">
      <search_result>
        <search_hit hit_rank="1" peptide="WLQGLRPLTEAQR" calc_neutral_pep_mass="523.27">
          <search_score name="xcorr" value="1.530624"/>
        </search_hit>
        <search_hit hit_rank="2" peptide="GQPSDMVNDHQPSR" calc_neutral_pep_mass="523.27">
          <search_score name="xcorr" value="1.525330"/>
        </search_hit>
        <search_hit hit_rank="3" peptide="NIGAQSNDDSEYVR" calc_neutral_pep_mass="523.27">
          <search_score name="xcorr" value="1.289189"/>
        </search_hit>
        <search_hit hit_rank="4" peptide="NSAVNGQAHQSVSNR" calc_neutral_pep_mass="523.27">
          <search_score name="xcorr" value="1.246762"/>
        </search_hit>
        <search_hit hit_rank="5" peptide="LLNSGYFESIPVPK" calc_neutral_pep_mass="523.27">
          <search_score name="xcorr" value="1.243403"/>
        </search_hit>
      </search_result>
    </spectrum_query>
    <spectrum_query spectrum="test_1-target_tide.57.57.2" start_scan="0" end_scan="0" precursor_neutral_mass="1216.64544706646" assumed_charge="2">
      <search_result>
        <search_hit hit_rank="1" peptide="MIVDMQSHTR" calc_neutral_pep_mass="609.33">
          <search_score name="xcorr" value="1.702774"/>
        </search_hit>
        <search_hit hit_rank="2" peptide="AVENSSTAIGIR" calc_neutral_pep_mass="609.33">
          <search_score name="xcorr" value="1.609868"/>
        </search_hit>
        <search_hit hit_rank="3" peptide="IMVQSASPDIR" calc_neutral_pep_mass="609.33">
          <search_score name="xcorr" value="1.457117"/>
        </search_hit>
        <search_hit hit_rank="4" peptide="ELEQELAEQK" calc_neutral_pep_mass="609.33">
          <search_score name="xcorr" value="1.403308"/>
        </search_hit>
        <search_hit hit_rank="5" peptide="FYIMMCKPK" calc_neutral_pep_mass="609.33">
          <search_score name="xcorr" value="1.397552"/>
        </search_hit>
      </search_result>
    </spectrum_query>
    <spectrum_query spectrum="test_1-target_tide.59.59.2" start_scan="0" end_scan="0" precursor_neutral_mass="1671.82544706646" assumed_charge="2">
      <search_result>
        <search_hit hit_rank="1" peptide="LEYHQVIQQMEQK" calc_neutral_pep_mass="836.92">
          <search_score name="xcorr" value="1.689847"/>
        </search_hit>
        <search_hit hit_rank="2" peptide="MSPSLGFPAQMNHQK" calc_neutral_pep_mass="836.92">
          <search_score name="xcorr" value="1.500088"/>
        </search_hit>
        <search_hit hit_rank="3" peptide="LECWIDPLSMGPQK" calc_neutral_pep_mass="836.92">
          <search_score name="xcorr" value="1.367930"/>
        </search_hit>
        <search_hit hit_rank="4" peptide="TSLQEEMDSFSGSQK" calc_neutral_pep_mass="836.92">
          <search_score name="xcorr" value="1.250391"/>
        </search_hit>
        <search_hit hit_rank="5" peptide="EIWLPPPQFYEVR" calc_neutral_pep_mass="836.92">
          <search_score name="xcorr" value="1.238841"/>
        </search_hit>
      </search_result>
    </spectrum_query>
    <spectrum_query spectrum="test_1-target_tide.60.60.3" start_scan="0" end_scan="0" precursor_neutral_mass="1566.75817059969" assumed_charge="3">
      <search_result>
        <search_hit hit_rank="1" peptide="WLQGLRPLTEAQR" calc_neutral_pep_mass="523.26">
          <search_score name="xcorr" value="1.635751"/>
        </search_hit>
        <search_hit hit_rank="2" peptide="GQPSDMVNDHQPSR" calc_neutral_pep_mass="523.26">
          <search_score name="xcorr" value="1.383135"/>
        </search_hit>
        <search_hit hit_rank="3" peptide="GYYNQSEAGSHTVR" calc_neutral_pep_mass="523.26">
          <search_score name="xcorr" value="1.338005"/>
        </search_hit>
        <search_hit hit_rank="4" peptide="LAAVELGLTASALLPK" calc_neutral_pep_mass="523.26">
          <search_score name="xcorr" value="1.326225"/>
        </search_hit>
        <search_hit hit_rank="5" peptide="NNFLIQMFHYIK" calc_neutral_pep_mass="523.26">
          <search_score name="xcorr" value="1.293312"/>
        </search_hit>
      </search_result>
    </spectrum_query>
    <spectrum_query spectrum="test_1-target_tide.61.61.4" start_scan="0" end_scan="0" precursor_neutral_mass="2374.17089413292" assumed_charge="4">
      <search_result>
        <search_hit hit_rank="1" peptide="GSIQQEELTILNTYAPNTGAPR" calc_neutral_pep_mass="594.55">
          <search_score name="xcorr" value="2.005383"/>
        </search_hit>
        <search_hit hit_rank="2" peptide="GHCYLLSAPGPHALLLVTQLGR" calc_neutral_pep_mass="594.55">
          <search_score name="xcorr" value="1.601305"/>
        </search_hit>
        <search_hit hit_rank="3" peptide="FNVANGVEIVDPVDIYLNLLR" calc_neutral_pep_mass="594.55">
          <search_score name="xcorr" value="1.509526"/>
        </search_hit>
        <search_hit hit_rank="4" peptide="LSATLEENDLLQGTVEELQDR" calc_neutral_pep_mass="594.55">
          <search_score name="xcorr" value="1.444635"/>
        </search_hit>
        <search_hit hit_rank="5" peptide="GTELDDGIQADSGPINDTDANPR" calc_neutral_pep_mass="594.55">
          <search_score name="xcorr" value="1.389066"/>
        </search_hit>
      </search_result>
    </spectrum_query>
    <spectrum_query spectrum="test_1-target_tide.62.62.3" start_scan="0" end_scan="0" precursor_neutral_mass="1800.90817059969" assumed_charge="3">
      <search_result>
        <search_hit hit_rank="1" peptide="MLTFGGHHGVTLMQIR" calc_neutral_pep_mass="601.31">
          <search_score name="xcorr" value="1.226271"/>
        </search_hit>
        <search_hit hit_rank="2" peptide="QHIYNEIVNFSPIAR" calc_neutral_pep_mass="601.31">
          <search_score name="xcorr" value="1.220896"/>
        </search_hit>
        <search_hit hit_rank="3" peptide="LMAVVASTVLGLVQNMR" calc_neutral_pep_mass="601.31">
          <search_score name="xcorr" value="1.136535"/>
        </search_hit>
        <search_hit hit_rank="4" peptide="ECAGEPLFMLYCAIK" calc_neutral_pep_mass="601.31">
          <search_score name="xcorr" value="1.122362"/>
        </search_hit>
        <search_hit hit_rank="5" peptide="CPGNSFSCGNSQCVTK" calc_neutral_pep_mass="601.31">
          <search_score name="xcorr" value="1.113450"/>
        </search_hit>
      </search_result>
    </spectrum_query>
    <spectrum_query spectrum="test_1-target_tide.63.63.2" start_scan="0" end_scan="0" precursor_neutral_mass="1049.54544706646" assumed_charge="2">
      <search_result>
        <search_hit hit_rank="1" peptide="TYLPSQVSR" calc_neutral_pep_mass="525.78">
          <search_score name="xcorr" value="1.524545"/>
        </search_hit>
        <search_hit hit_rank="2" peptide="DAYLEVWR" calc_neutral_pep_mass="525.78">
          <search_score name="xcorr" value="1.282314"/>
        </search_hit>
        <search_hit hit_rank="3" peptide="IAHGADAVAAR" calc_neutral_pep_mass="525.78">
          <search_score name="xcorr" value="1.251265"/>
        </search_hit>
        <search_hit hit_rank="4" peptide="GCQVVGLYR" calc_neutral_pep_mass="525.78">
          <search_score name="xcorr" value="1.213462"/>
        </search_hit>
        <search_hit hit_rank="5" peptide="ISYTQAVDR" calc_neutral_pep_mass="525.78">
          <search_score name="xcorr" value="1.198987"/>
        </search_hit>
      </search_result>
    </spectrum_query>
    <spectrum_query spectrum="test_1-target_tide.65.65.4" start_scan="0" end_scan="0" precursor_neutral_mass="2374.17089413292" assumed_charge="4">
      <search_result>
        <search_hit hit_rank="1" peptide="IESSSPTVVEGQTLDLNCVVAR" calc_neutral_pep_mass="594.55">
          <search_score name="xcorr" value="1.595242"/>
        </search_hit>
        <search_hit hit_rank="2" peptide="SLISENQDSADVDPQEHSFTR" calc_neutral_pep_mass="594.55">
          <search_score name="xcorr" value="1.567762"/>
        </search_hit>
        <search_hit hit_rank="3" peptide="SMAMGSHSQSGVPESIPLGTEDR" calc_neutral_pep_mass="594.55">
          <search_score name="xcorr" value="1.540364"/>
        </search_hit>
        <search_hit hit_rank="4" peptide="GHCYLLSAPGPHALLLVTQLGR" calc_neutral_pep_mass="594.55">
          <search_score name="xcorr" value="1.493515"/>
        </search_hit>
        <search_hit hit_rank="5" peptide="TEGLGNYSIHLVEVDTQGLSLK" calc_neutral_pep_mass="594.55">
          <search_score name="xcorr" value="1.371470"/>
        </search_hit>
      </search_result>
    </spectrum_query>
    <spectrum_query spectrum="test_1-target_tide.66.66.3" start_scan="0" end_scan="0" precursor_neutral_mass="2374.17817059969" assumed_charge="3">
      <search_result>
        <search_hit hit_rank="1" peptide="LGVMLVGWGGNNGSTLTAAVLANR" calc_neutral_pep_mass="792.4">
          <search_score name="xcorr" value="1.876649"/>
        </search_hit>
        <search_hit hit_rank="2" peptide="GLSWSVGGDENIGTVTTLANILR" calc_neutral_pep_mass="792.4">
          <search_score name="xcorr" value="1.734340"/>
        </search_hit>
        <search_hit hit_rank="3" peptide="AGTTWIQEIVDMIEQNGDVEK" calc_neutral_pep_mass="792.4">
          <search_score name="xcorr" value="1.666132"/>
        </search_hit>
        <search_hit hit_rank="4" peptide="FFYSFLEPWLGDGLLLSAGDK" calc_neutral_pep_mass="792.4">
          <search_score name="xcorr" value="1.647658"/>
        </search_hit>
        <search_hit hit_rank="5" peptide="NQDITAWQSLTQVLTPESWR" calc_neutral_pep_mass="792.4">
          <search_score name="xcorr" value="1.538657"/>
        </search_hit>
      </search_result>
    </spectrum_query>
    <spectrum_query spectrum="test_1-target_tide.67.67.2" start_scan="0" end_scan="0" precursor_neutral_mass="1147.56544706646" assumed_charge="2">
      <search_result>
        <search_hit hit_rank="1" peptide="FWHFGGNER" calc_neutral_pep_mass="574.79">
          <search_score name="xcorr" value="1.346669"/>
        </search_hit>
        <search_hit hit_rank="2" peptide="EESEAVDTLR" calc_neutral_pep_mass="574.79">
          <search_score name="xcorr" value="1.331081"/>
        </search_hit>
        <search_hit hit_rank="3" peptide="TVLSLSAWNR" calc_neutral_pep_mass="574.79">
          <search_score name="xcorr" value="1.290443"/>
        </search_hit>
        <search_hit hit_rank="4" peptide="LAAYLISLER" calc_neutral_pep_mass="574.79">
          <search_score name="xcorr" value="1.264755"/>
        </search_hit>
        <search_hit hit_rank="5" peptide="QAGHHELAER" calc_neutral_pep_mass="574.79">
          <search_score name="xcorr" value="1.264636"/>
        </search_hit>
      </search_result>
    </spectrum_query>
    <spectrum_query spectrum="test_1-target_tide.68.68.3" start_scan="0" end_scan="0" precursor_neutral_mass="1800.90817059969" assumed_charge="3">
      <search_result>
        <search_hit hit_rank="1" peptide="DEAGHFLWPGFGENAR" calc_neutral_pep_mass="601.31">
          <search_score name="xcorr" value="1.648992"/>
        </search_hit>
        <search_hit hit_rank="2" peptide="MLTFGGHHGVTLMQIR" calc_neutral_pep_mass="601.31">
          <search_score name="xcorr" value="1.624608"/>
        </search_hit>
        <search_hit hit_rank="3" peptide="GVGIISEGNETAEDIAAR" calc_neutral_pep_mass="601.31">
          <search_score name="xcorr" value="1.559301"/>
        </search_hit>
        <search_hit hit_rank="4" peptide="MLKPINTTGTLKPDDR" calc_neutral_pep_mass="601.31">
          <search_score name="xcorr" value="1.506548"/>
        </search_hit>
        <search_hit hit_rank="5" peptide="SDYAQLLEDMQNAFR" calc_neutral_pep_mass="601.31">
          <search_score name="xcorr" value="1.452477"/>
        </search_hit>
      </search_result>
    </spectrum_query>
    <spectrum_query spectrum="test_1-target_tide.69.69.3" start_scan="0" end_scan="0" precursor_neutral_mass="1427.79817059969" assumed_charge="3">
      <search_result>
        <search_hit hit_rank="1" peptide="IIAHAQLLEQHR" calc_neutral_pep_mass="476.94">
          <search_score name="xcorr" value="3.682523"/>
        </search_hit>
        <search_hit hit_rank="2" peptide="LPGANTPLPGLSHR" calc_neutral_pep_mass="476.94">
          <search_score name="xcorr" value="1.885778"/>
        </search_hit>
        <search_hit hit_rank="3" peptide="LIIVLTPDYILR" calc_neutral_pep_mass="476.94">
          <search_score name="xcorr" value="1.765886"/>
        </search_hit>
        <search_hit hit_rank="4" peptide="SHTDQLVLIFAGK" calc_neutral_pep_mass="476.94">
          <search_score name="xcorr" value="1.479289"/>
        </search_hit>
        <search_hit hit_rank="5" peptide="LGGINNILVPHQR" calc_neutral_pep_mass="476.94">
          <search_score name="xcorr" value="1.394234"/>
        </search_hit>
      </search_result>
    </spectrum_query>
    <spectrum_query spectrum="test_1-target_tide.71.71.2" start_scan="0" end_scan="0" precursor_neutral_mass="1074.56544706646" assumed_charge="2">
      <search_result>
        <search_hit hit_rank="1" peptide="TLEIYVPIK" calc_neutral_pep_mass="538.29">
          <search_score name="xcorr" value="1.714096"/>
        </search_hit>
        <search_hit hit_rank="2" peptide="VMLVGESGVGK" calc_neutral_pep_mass="538.29">
          <search_score name="xcorr" value="1.550633"/>
        </search_hit>
        <search_hit hit_rank="3" peptide="QTLLEDAER" calc_neutral_pep_mass="538.29">
          <search_score name="xcorr" value="1.361171"/>
        </search_hit>
        <search_hit hit_rank="4" peptide="ETLSLTVDAK" calc_neutral_pep_mass="538.29">
          <search_score name="xcorr" value="1.347260"/>
        </search_hit>
        <search_hit hit_rank="5" peptide="DVELLYPVK" calc_neutral_pep_mass="538.29">
          <search_score name="xcorr" value="1.346497"/>
        </search_hit>
      </search_result>
    </spectrum_query>
    <spectrum_query spectrum="test_1-target_tide.72.72.3" start_scan="0" end_scan="0" precursor_neutral_mass="2374.17817059969" assumed_charge="3">
      <search_result>
        <search_hit hit_rank="1" peptide="GLSWSVGGDENIGTVTTLANILR" calc_neutral_pep_mass="792.4">
          <search_score name="xcorr" value="1.966277"/>
        </search_hit>
        <search_hit hit_rank="2" peptide="LGVMLVGWGGNNGSTLTAAVLANR" calc_neutral_pep_mass="792.4">
          <search_score name="xcorr" value="1.945459"/>
        </search_hit>
        <search_hit hit_rank="3" peptide="QVIHPNQIAVVQEQFSPSPEK" calc_neutral_pep_mass="792.4">
          <search_score name="xcorr" value="1.919781"/>
        </search_hit>
        <search_hit hit_rank="4" peptide="QYVGAAHGMAGIYYMLMQPAAK" calc_neutral_pep_mass="792.4">
          <search_score name="xcorr" value="1.888809"/>
        </search_hit>
        <search_hit hit_rank="5" peptide="FFYSFLEPWLGDGLLLSAGDK" calc_neutral_pep_mass="792.4">
          <search_score name="xcorr" value="1.867724"/>
        </search_hit>
      </search_result>
    </spectrum_query>
    <spectrum_query spectrum="test_1-target_tide.73.73.2" start_scan="0" end_scan="0" precursor_neutral_mass="1147.54544706646" assumed_charge="2">
      <search_result>
        <search_hit hit_rank="1" peptide="ICSVSQISVR" calc_neutral_pep_mass="574.78">
          <search_score name="xcorr" value="1.464372"/>
        </search_hit>
        <search_hit hit_rank="2" peptide="LAAYLISLER" calc_neutral_pep_mass="574.78">
          <search_score name="xcorr" value="1.399892"/>
        </search_hit>
        <search_hit hit_rank="3" peptide="LMEVEQDQR" calc_neutral_pep_mass="574.78">
          <search_score name="xcorr" value="1.357210"/>
        </search_hit>
        <search_hit hit_rank="4" peptide="GGDQVTSSIER" calc_neutral_pep_mass="574.78">
          <search_score name="xcorr" value="1.305438"/>
        </search_hit>
        <search_hit hit_rank="5" peptide="FWHFGGNER" calc_neutral_pep_mass="574.78">
          <search_score name="xcorr" value="1.275335"/>
        </search_hit>
      </search_result>
    </spectrum_query>
    <spectrum_query spectrum="test_1-target_tide.74.74.2" start_scan="0" end_scan="0" precursor_neutral_mass="1414.64544706646" assumed_charge="2">
      <search_result>
        <search_hit hit_rank="1" peptide="DQDLEPGAPSMGAK" calc_neutral_pep_mass="708.33">
          <search_score name="xcorr" value="2.273691"/>
        </search_hit>
        <search_hit hit_rank="2" peptide="LEDLENQLANQK" calc_neutral_pep_mass="708.33">
          <search_score name="xcorr" value="1.755572"/>
        </search_hit>
        <search_hit hit_rank="3" peptide="ISSSNQTPQILVK" calc_neutral_pep_mass="708.33">
          <search_score name="xcorr" value="1.633864"/>
        </search_hit>
        <search_hit hit_rank="4" peptide="MIAAEQGNLEIVK" calc_neutral_pep_mass="708.33">
          <search_score name="xcorr" value="1.555665"/>
        </search_hit>
        <search_hit hit_rank="5" peptide="LMNITLDDASAPR" calc_neutral_pep_mass="708.33">
          <search_score name="xcorr" value="1.493014"/>
        </search_hit>
      </search_result>
    </spectrum_query>
    <spectrum_query spectrum="test_1-target_tide.75.75.2" start_scan="0" end_scan="0" precursor_neutral_mass="1360.70544706646" assumed_charge="2">
      <search_result>
        <search_hit hit_rank="1" peptide="IQTQPGYANTLR" calc_neutral_pep_mass="681.36">
          <search_score name="xcorr" value="2.726926"/>
        </search_hit>
        <search_hit hit_rank="2" peptide="NQFAIATITATVL" calc_neutral_pep_mass="681.36">
          <search_score name="xcorr" value="1.298416"/>
        </search_hit>
        <search_hit hit_rank="3" peptide="QICDGILFMHK" calc_neutral_pep_mass="681.36">
          <search_score name="xcorr" value="1.086787"/>
        </search_hit>
        <search_hit hit_rank="4" peptide="QQDVLGFLEANK" calc_neutral_pep_mass="681.36">
          <search_score name="xcorr" value="1.035841"/>
        </search_hit>
        <search_hit hit_rank="5" peptide="ENQLSESVSQNK" calc_neutral_pep_mass="681.36">
          <search_score name="xcorr" value="1.004137"/>
        </search_hit>
      </search_result>
    </spectrum_query>
    <spectrum_query spectrum="test_1-target_tide.77.77.2" start_scan="0" end_scan="0" precursor_neutral_mass="1074.56544706646" assumed_charge="2">
      <search_result>
        <search_hit hit_rank="1" peptide="TLEIYVPIK" calc_neutral_pep_mass="538.29">
          <search_score name="xcorr" value="1.585702"/>
        </search_hit>
        <search_hit hit_rank="2" peptide="VMLVGESGVGK" calc_neutral_pep_mass="538.29">
          <search_score name="xcorr" value="1.523025"/>
        </search_hit>
        <search_hit hit_rank="3" peptide="DVELLYPVK" calc_neutral_pep_mass="538.29">
          <search_score name="xcorr" value="1.375360"/>
        </search_hit>
        <search_hit hit_rank="4" peptide="QTLLEDAER" calc_neutral_pep_mass="538.29">
          <search_score name="xcorr" value="1.361252"/>
        </search_hit>
        <search_hit hit_rank="5" peptide="ETLSLTVDAK" calc_neutral_pep_mass="538.29">
          <search_score name="xcorr" value="1.345729"/>
        </search_hit>
      </search_result>
    </spectrum_query>
    <spectrum_query spectrum="test_1-target_tide.78.78.2" start_scan="0" end_scan="0" precursor_neutral_mass="1360.70544706646" assumed_charge="2">
      <search_result>
        <search_hit hit_rank="1" peptide="IQTQPGYANTLR" calc_neutral_pep_mass="681.36">
          <search_score name="xcorr" value="2.804313"/>
        </search_hit>
        <search_hit hit_rank="2" peptide="DILEHHLQNNK" calc_neutral_pep_mass="681.36">
          <search_score name="xcorr" value="1.158090"/>
        </search_hit>
        <search_hit hit_rank="3" peptide="QQDVLGFLEANK" calc_neutral_pep_mass="681.36">
          <search_score name="xcorr" value="1.114276"/>
        </search_hit>
        <search_hit hit_rank="4" peptide="GSETDSAQDQPVK" calc_neutral_pep_mass="681.36">
          <search_score name="xcorr" value="1.093081"/>
        </search_hit>
        <search_hit hit_rank="5" peptide="QICDGILFMHK" calc_neutral_pep_mass="681.36">
          <search_score name="xcorr" value="1.053935"/>
        </search_hit>
      </search_result>
    </spectrum_query>
    <spectrum_query spectrum="test_1-target_tide.79.79.3" start_scan="0" end_scan="0" precursor_neutral_mass="1549.71817059969" assumed_charge="3">
      <search_result>
        <search_hit hit_rank="1" peptide="LLEMDGHNQDHLK" calc_neutral_pep_mass="517.58">
          <search_score name="xcorr" value="1.610069"/>
        </search_hit>
        <search_hit hit_rank="2" peptide="EDAAVNCTDISVQK" calc_neutral_pep_mass="517.58">
          <search_score name="xcorr" value="1.340636"/>
        </search_hit>
        <search_hit hit_rank="3" peptide="FIPDDITFDDEPK" calc_neutral_pep_mass="517.58">
          <search_score name="xcorr" value="1.315485"/>
        </search_hit>
        <search_hit hit_rank="4" peptide="MLNFPQWFDLLK" calc_neutral_pep_mass="517.58">
          <search_score name="xcorr" value="1.303579"/>
        </search_hit>
        <search_hit hit_rank="5" peptide="VYLEGECVEWLR" calc_neutral_pep_mass="517.58">
          <search_score name="xcorr" value="1.226000"/>
        </search_hit>
      </search_result>
    </spectrum_query>
    <spectrum_query spectrum="test_1-target_tide.80.80.2" start_scan="0" end_scan="0" precursor_neutral_mass="1414.64544706646" assumed_charge="2">
      <search_result>
        <search_hit hit_rank="1" peptide="DQDLEPGAPSMGAK" calc_neutral_pep_mass="708.33">
          <search_score name="xcorr" value="2.838589"/>
        </search_hit>
        <search_hit hit_rank="2" peptide="ISSSNQTPQILVK" calc_neutral_pep_mass="708.33">
          <search_score name="xcorr" value="2.022543"/>
        </search_hit>
        <search_hit hit_rank="3" peptide="NETYNSHPLLVK" calc_neutral_pep_mass="708.33">
          <search_score name="xcorr" value="1.899822"/>
        </search_hit>
        <search_hit hit_rank="4" peptide="LEDLENQLANQK" calc_neutral_pep_mass="708.33">
          <search_score name="xcorr" value="1.806523"/>
        </search_hit>
        <search_hit hit_rank="5" peptide="MEPPEGAGTGEIVK" calc_neutral_pep_mass="708.33">
          <search_score name="xcorr" value="1.750589"/>
        </search_hit>
      </search_result>
    </spectrum_query>
    <spectrum_query spectrum="test_1-target_tide.81.81.2" start_scan="0" end_scan="0" precursor_neutral_mass="1524.74544706646" assumed_charge="2">
      <search_result>
        <search_hit hit_rank="1" peptide="AAAGEFADDPCSSVK" calc_neutral_pep_mass="763.38">
          <search_score name="xcorr" value="1.593273"/>
        </search_hit>
        <search_hit hit_rank="2" peptide="NQSSDSSSACLEIK" calc_neutral_pep_mass="763.38">
          <search_score name="xcorr" value="1.580144"/>
        </search_hit>
        <search_hit hit_rank="3" peptide="QPELPEQQMGQLK" calc_neutral_pep_mass="763.38">
          <search_score name="xcorr" value="1.525381"/>
        </search_hit>
        <search_hit hit_rank="4" peptide="ITEDSAVTTFEALK" calc_neutral_pep_mass="763.38">
          <search_score name="xcorr" value="1.490096"/>
        </search_hit>
        <search_hit hit_rank="5" peptide="MQLSSLCVCNSAR" calc_neutral_pep_mass="763.38">
          <search_score name="xcorr" value="1.472491"/>
        </search_hit>
      </search_result>
    </spectrum_query>
    <spectrum_query spectrum="test_1-target_tide.83.83.2" start_scan="0" end_scan="0" precursor_neutral_mass="1777.80544706646" assumed_charge="2">
      <search_result>
        <search_hit hit_rank="1" peptide="WVTPAGRPDFDHLLR" calc_neutral_pep_mass="889.91">
          <search_score name="xcorr" value="1.760884"/>
        </search_hit>
        <search_hit hit_rank="2" peptide="GLDTVVALLADVVLQPR" calc_neutral_pep_mass="889.91">
          <search_score name="xcorr" value="1.692270"/>
        </search_hit>
        <search_hit hit_rank="3" peptide="EQEEEPPQVWTGPPR" calc_neutral_pep_mass="889.91">
          <search_score name="xcorr" value="1.667465"/>
        </search_hit>
        <search_hit hit_rank="4" peptide="CNDYLVYDSYLTPR" calc_neutral_pep_mass="889.91">
          <search_score name="xcorr" value="1.535308"/>
        </search_hit>
        <search_hit hit_rank="5" peptide="GSLPLMELPTDHTVLR" calc_neutral_pep_mass="889.91">
          <search_score name="xcorr" value="1.529895"/>
        </search_hit>
      </search_result>
    </spectrum_query>
    <spectrum_query spectrum="test_1-target_tide.84.84.2" start_scan="0" end_scan="0" precursor_neutral_mass="1680.24544706646" assumed_charge="2">
      <search_result>
        <search_hit hit_rank="1" peptide="SAPILETPPPPPPVIR" calc_neutral_pep_mass="841.13">
          <search_score name="xcorr" value="1.928746"/>
        </search_hit>
        <search_hit hit_rank="2" peptide="ATLSLLQLGLDEHNR" calc_neutral_pep_mass="841.13">
          <search_score name="xcorr" value="1.853540"/>
        </search_hit>
        <search_hit hit_rank="3" peptide="RPAGSGGGGGEAATWGHR" calc_neutral_pep_mass="841.13">
          <search_score name="xcorr" value="1.795456"/>
        </search_hit>
        <search_hit hit_rank="4" peptide="DGDSVHTASEVPLTPR" calc_neutral_pep_mass="841.13">
          <search_score name="xcorr" value="1.783306"/>
        </search_hit>
        <search_hit hit_rank="5" peptide="QEPLMVQANADGRPR" calc_neutral_pep_mass="841.13">
          <search_score name="xcorr" value="1.762436"/>
        </search_hit>
      </search_result>
    </spectrum_query>
    <spectrum_query spectrum="test_1-target_tide.84.84.3" start_scan="0" end_scan="0" precursor_neutral_mass="2520.36817059969" assumed_charge="3">
      <search_result>
        <search_hit hit_rank="1" peptide="TPPPHSRPAAPSTGSPVPATEPPAAK" calc_neutral_pep_mass="841.13">
          <search_score name="xcorr" value="2.087126"/>
        </search_hit>
        <search_hit hit_rank="2" peptide="LLSLVQLAEDDGHSHMTQGHSSR" calc_neutral_pep_mass="841.13">
          <search_score name="xcorr" value="1.544987"/>
        </search_hit>
        <search_hit hit_rank="3" peptide="GGEGDAGEQAPLNPEGESPAGSATYR" calc_neutral_pep_mass="841.13">
          <search_score name="xcorr" value="1.345897"/>
        </search_hit>
        <search_hit hit_rank="4" peptide="QIQDLSPTGLPEMNLLEMYSLK" calc_neutral_pep_mass="841.13">
          <search_score name="xcorr" value="1.275273"/>
        </search_hit>
        <search_hit hit_rank="5" peptide="CPVTVCGDVHGQFHDLMELFR" calc_neutral_pep_mass="841.13">
          <search_score name="xcorr" value="1.205176"/>
        </search_hit>
      </search_result>
    </spectrum_query>
    <spectrum_query spectrum="test_1-target_tide.85.85.2" start_scan="0" end_scan="0" precursor_neutral_mass="1524.74544706646" assumed_charge="2">
      <search_result>
        <search_hit hit_rank="1" peptide="QHIPLEEYAANLK" calc_neutral_pep_mass="763.38">
          <search_score name="xcorr" value="1.519237"/>
        </search_hit>
        <search_hit hit_rank="2" peptide="QPELPEQQMGQLK" calc_neutral_pep_mass="763.38">
          <search_score name="xcorr" value="1.484701"/>
        </search_hit>
        <search_hit hit_rank="3" peptide="NSMLTVPCLLHLK" calc_neutral_pep_mass="763.38">
          <search_score name="xcorr" value="1.451541"/>
        </search_hit>
        <search_hit hit_rank="4" peptide="AAAGEFADDPCSSVK" calc_neutral_pep_mass="763.38">
          <search_score name="xcorr" value="1.441248"/>
        </search_hit>
        <search_hit hit_rank="5" peptide="MQLSSLCVCNSAR" calc_neutral_pep_mass="763.38">
          <search_score name="xcorr" value="1.419165"/>
        </search_hit>
      </search_result>
    </spectrum_query>
    <spectrum_query spectrum="test_1-target_tide.86.86.3" start_scan="0" end_scan="0" precursor_neutral_mass="1549.71817059969" assumed_charge="3">
      <search_result>
        <search_hit hit_rank="1" peptide="LLEMDGHNQDHLK" calc_neutral_pep_mass="517.58">
          <search_score name="xcorr" value="2.047286"/>
        </search_hit>
        <search_hit hit_rank="2" peptide="TSLPISEADSCLTR" calc_neutral_pep_mass="517.58">
          <search_score name="xcorr" value="1.525142"/>
        </search_hit>
        <search_hit hit_rank="3" peptide="ISPVLSNAMDVGSTR" calc_neutral_pep_mass="517.58">
          <search_score name="xcorr" value="1.314082"/>
        </search_hit>
        <search_hit hit_rank="4" peptide="FLIIIAYNSALVSK" calc_neutral_pep_mass="517.58">
          <search_score name="xcorr" value="1.305023"/>
        </search_hit>
        <search_hit hit_rank="5" peptide="EAATPEEESDTLEK" calc_neutral_pep_mass="517.58">
          <search_score name="xcorr" value="1.277476"/>
        </search_hit>
      </search_result>
    </spectrum_query>
    <spectrum_query spectrum="test_1-target_tide.87.87.3" start_scan="0" end_scan="0" precursor_neutral_mass="1626.72817059969" assumed_charge="3">
      <search_result>
        <search_hit hit_rank="1" peptide="SPESSESQTSQSESR" calc_neutral_pep_mass="543.25">
          <search_score name="xcorr" value="1.411196"/>
        </search_hit>
        <search_hit hit_rank="2" peptide="TCMEGWMGPECNR" calc_neutral_pep_mass="543.25">
          <search_score name="xcorr" value="1.242960"/>
        </search_hit>
        <search_hit hit_rank="3" peptide="GDTSQAADDSASTTGSR" calc_neutral_pep_mass="543.25">
          <search_score name="xcorr" value="1.240089"/>
        </search_hit>
        <search_hit hit_rank="4" peptide="QGGERPFSCSECGR" calc_neutral_pep_mass="543.25">
          <search_score name="xcorr" value="1.145761"/>
        </search_hit>
        <search_hit hit_rank="5" peptide="LLVPANEGDPTETLR" calc_neutral_pep_mass="543.25">
          <search_score name="xcorr" value="1.126437"/>
        </search_hit>
      </search_result>
    </spectrum_query>
    <spectrum_query spectrum="test_1-target_tide.88.88.2" start_scan="0" end_scan="0" precursor_neutral_mass="1142.62544706646" assumed_charge="2">
      <search_result>
        <search_hit hit_rank="1" peptide="FATHAAALSVR" calc_neutral_pep_mass="572.32">
          <search_score name="xcorr" value="2.612030"/>
        </search_hit>
        <search_hit hit_rank="2" peptide="LASGQAAGALER" calc_neutral_pep_mass="572.32">
          <search_score name="xcorr" value="1.497175"/>
        </search_hit>
        <search_hit hit_rank="3" peptide="ETPLNQESAR" calc_neutral_pep_mass="572.32">
          <search_score name="xcorr" value="1.316441"/>
        </search_hit>
        <search_hit hit_rank="4" peptide="CGRPGAQPSGR" calc_neutral_pep_mass="572.32">
          <search_score name="xcorr" value="1.312333"/>
        </search_hit>
        <search_hit hit_rank="5" peptide="YGVEPAVPGVR" calc_neutral_pep_mass="572.32">
          <search_score name="xcorr" value="1.305490"/>
        </search_hit>
      </search_result>
    </spectrum_query>
    <spectrum_query spectrum="test_1-target_tide.90.90.2" start_scan="0" end_scan="0" precursor_neutral_mass="1777.80544706646" assumed_charge="2">
      <search_result>
        <search_hit hit_rank="1" peptide="GLDTVVALLADVVLQPR" calc_neutral_pep_mass="889.91">
          <search_score name="xcorr" value="1.460381"/>
        </search_hit>
        <search_hit hit_rank="2" peptide="WVTPAGRPDFDHLLR" calc_neutral_pep_mass="889.91">
          <search_score name="xcorr" value="1.445491"/>
        </search_hit>
        <search_hit hit_rank="3" peptide="CNDYLVYDSYLTPR" calc_neutral_pep_mass="889.91">
          <search_score name="xcorr" value="1.383914"/>
        </search_hit>
        <search_hit hit_rank="4" peptide="GSLPLMELPTDHTVLR" calc_neutral_pep_mass="889.91">
          <search_score name="xcorr" value="1.381603"/>
        </search_hit>
        <search_hit hit_rank="5" peptide="EQEEEPPQVWTGPPR" calc_neutral_pep_mass="889.91">
          <search_score name="xcorr" value="1.356763"/>
        </search_hit>
      </search_result>
    </spectrum_query>
    <spectrum_query spectrum="test_1-target_tide.91.91.2" start_scan="0" end_scan="0" precursor_neutral_mass="1680.06544706646" assumed_charge="2">
      <search_result>
        <search_hit hit_rank="1" peptide="RPAGSGGGGGEAATWGHR" calc_neutral_pep_mass="841.04">
          <search_score name="xcorr" value="1.798329"/>
        </search_hit>
        <search_hit hit_rank="2" peptide="ATLSLLQLGLDEHNR" calc_neutral_pep_mass="841.04">
          <search_score name="xcorr" value="1.665276"/>
        </search_hit>
        <search_hit hit_rank="3" peptide="QEPLMVQANADGRPR" calc_neutral_pep_mass="841.04">
          <search_score name="xcorr" value="1.554181"/>
        </search_hit>
        <search_hit hit_rank="4" peptide="SAPILETPPPPPPVIR" calc_neutral_pep_mass="841.04">
          <search_score name="xcorr" value="1.458737"/>
        </search_hit>
        <search_hit hit_rank="5" peptide="LGPQASSQVVMPPLVR" calc_neutral_pep_mass="841.04">
          <search_score name="xcorr" value="1.354110"/>
        </search_hit>
      </search_result>
    </spectrum_query>
    <spectrum_query spectrum="test_1-target_tide.91.91.3" start_scan="0" end_scan="0" precursor_neutral_mass="2520.09817059969" assumed_charge="3">
      <search_result>
        <search_hit hit_rank="1" peptide="TPPPHSRPAAPSTGSPVPATEPPAAK" calc_neutral_pep_mass="841.04">
          <search_score name="xcorr" value="1.445681"/>
        </search_hit>
        <search_hit hit_rank="2" peptide="CDPAPFYLFDEIDQALDAQHR" calc_neutral_pep_mass="841.04">
          <search_score name="xcorr" value="1.352719"/>
        </search_hit>
        <search_hit hit_rank="3" peptide="CPVTVCGDVHGQFHDLMELFR" calc_neutral_pep_mass="841.04">
          <search_score name="xcorr" value="1.298949"/>
        </search_hit>
        <search_hit hit_rank="4" peptide="GGGEVEALTVVPQGQQGLAVFTSESG" calc_neutral_pep_mass="841.04">
          <search_score name="xcorr" value="1.249511"/>
        </search_hit>
        <search_hit hit_rank="5" peptide="LSPAAASSGACVWETEEILADVLK" calc_neutral_pep_mass="841.04">
          <search_score name="xcorr" value="1.244017"/>
        </search_hit>
      </search_result>
    </spectrum_query>
    <spectrum_query spectrum="test_1-target_tide.92.92.2" start_scan="0" end_scan="0" precursor_neutral_mass="1549.70544706646" assumed_charge="2">
      <search_result>
        <search_hit hit_rank="1" peptide="SVTEQGAELSNEER" calc_neutral_pep_mass="775.86">
          <search_score name="xcorr" value="1.649330"/>
        </search_hit>
        <search_hit hit_rank="2" peptide="FLLAVDVSASMNQR" calc_neutral_pep_mass="775.86">
          <search_score name="xcorr" value="1.446170"/>
        </search_hit>
        <search_hit hit_rank="3" peptide="NCSPWLSCEELR" calc_neutral_pep_mass="775.86">
          <search_score name="xcorr" value="1.320914"/>
        </search_hit>
        <search_hit hit_rank="4" peptide="FSIRPLSCSSQLR" calc_neutral_pep_mass="775.86">
          <search_score name="xcorr" value="1.307803"/>
        </search_hit>
        <search_hit hit_rank="5" peptide="GLASGDVAAIFMENR" calc_neutral_pep_mass="775.86">
          <search_score name="xcorr" value="1.280132"/>
        </search_hit>
      </search_result>
    </spectrum_query>
    <spectrum_query spectrum="test_1-target_tide.93.93.2" start_scan="0" end_scan="0" precursor_neutral_mass="1214.60544706646" assumed_charge="2">
      <search_result>
        <search_hit hit_rank="1" peptide="ALVDGPCTQVR" calc_neutral_pep_mass="608.31">
          <search_score name="xcorr" value="1.843307"/>
        </search_hit>
        <search_hit hit_rank="2" peptide="MSVHILCSIR" calc_neutral_pep_mass="608.31">
          <search_score name="xcorr" value="1.409161"/>
        </search_hit>
        <search_hit hit_rank="3" peptide="GNFPTLSVQPR" calc_neutral_pep_mass="608.31">
          <search_score name="xcorr" value="1.391807"/>
        </search_hit>
        <search_hit hit_rank="4" peptide="ENHHLCHGGR" calc_neutral_pep_mass="608.31">
          <search_score name="xcorr" value="1.379439"/>
        </search_hit>
        <search_hit hit_rank="5" peptide="DILGYHVIQR" calc_neutral_pep_mass="608.31">
          <search_score name="xcorr" value="1.335324"/>
        </search_hit>
      </search_result>
    </spectrum_query>
    <spectrum_query spectrum="test_1-target_tide.94.94.2" start_scan="0" end_scan="0" precursor_neutral_mass="1503.72544706646" assumed_charge="2">
      <search_result>
        <search_hit hit_rank="1" peptide="EFSLIELWLMPK" calc_neutral_pep_mass="752.87">
          <search_score name="xcorr" value="1.624353"/>
        </search_hit>
        <search_hit hit_rank="2" peptide="MEPAMEPETLEAR" calc_neutral_pep_mass="752.87">
          <search_score name="xcorr" value="1.374214"/>
        </search_hit>
        <search_hit hit_rank="3" peptide="MGHMLYLLGNINK" calc_neutral_pep_mass="752.87">
          <search_score name="xcorr" value="1.351245"/>
        </search_hit>
        <search_hit hit_rank="4" peptide="EVEQPHTQQGPEK" calc_neutral_pep_mass="752.87">
          <search_score name="xcorr" value="1.345450"/>
        </search_hit>
        <search_hit hit_rank="5" peptide="ILCLALVHLPVEK" calc_neutral_pep_mass="752.87">
          <search_score name="xcorr" value="1.274314"/>
        </search_hit>
      </search_result>
    </spectrum_query>
    <spectrum_query spectrum="test_1-target_tide.95.95.2" start_scan="0" end_scan="0" precursor_neutral_mass="1466.70544706646" assumed_charge="2">
      <search_result>
        <search_hit hit_rank="1" peptide="SLGPPQGEEDSVPR" calc_neutral_pep_mass="734.36">
          <search_score name="xcorr" value="2.634713"/>
        </search_hit>
        <search_hit hit_rank="2" peptide="AWDHAGGLCEVPR" calc_neutral_pep_mass="734.36">
          <search_score name="xcorr" value="1.072064"/>
        </search_hit>
        <search_hit hit_rank="3" peptide="SLLCFLCSQSPR" calc_neutral_pep_mass="734.36">
          <search_score name="xcorr" value="0.983522"/>
        </search_hit>
        <search_hit hit_rank="4" peptide="AVTPLRPGELLFR" calc_neutral_pep_mass="734.36">
          <search_score name="xcorr" value="0.973055"/>
        </search_hit>
        <search_hit hit_rank="5" peptide="DTPGHGSGWAETPR" calc_neutral_pep_mass="734.36">
          <search_score name="xcorr" value="0.937451"/>
        </search_hit>
      </search_result>
    </spectrum_query>
    <spectrum_query spectrum="test_1-target_tide.97.97.3" start_scan="0" end_scan="0" precursor_neutral_mass="1777.80817059969" assumed_charge="3">
      <search_result>
        <search_hit hit_rank="1" peptide="VLETRPALQGLLGPGTR" calc_neutral_pep_mass="593.61">
          <search_score name="xcorr" value="1.633338"/>
        </search_hit>
        <search_hit hit_rank="2" peptide="GLHFNNLIVGLVLLTR" calc_neutral_pep_mass="593.61">
          <search_score name="xcorr" value="1.532406"/>
        </search_hit>
        <search_hit hit_rank="3" peptide="TVSTLVIQAANVSALYK" calc_neutral_pep_mass="593.61">
          <search_score name="xcorr" value="1.456659"/>
        </search_hit>
        <search_hit hit_rank="4" peptide="SPPILPPHLLQVILNK" calc_neutral_pep_mass="593.61">
          <search_score name="xcorr" value="1.403036"/>
        </search_hit>
        <search_hit hit_rank="5" peptide="MQFVSWATLLTLLVR" calc_neutral_pep_mass="593.61">
          <search_score name="xcorr" value="1.365910"/>
        </search_hit>
      </search_result>
    </spectrum_query>
    <spectrum_query spectrum="test_1-target_tide.98.98.2" start_scan="0" end_scan="0" precursor_neutral_mass="1549.70544706646" assumed_charge="2">
      <search_result>
        <search_hit hit_rank="1" peptide="SVTEQGAELSNEER" calc_neutral_pep_mass="775.86">
          <search_score name="xcorr" value="1.627390"/>
        </search_hit>
        <search_hit hit_rank="2" peptide="NCSPWLSCEELR" calc_neutral_pep_mass="775.86">
          <search_score name="xcorr" value="1.360954"/>
        </search_hit>
        <search_hit hit_rank="3" peptide="FPGDQHIAIRPATK" calc_neutral_pep_mass="775.86">
          <search_score name="xcorr" value="1.308653"/>
        </search_hit>
        <search_hit hit_rank="4" peptide="FSIRPLSCSSQLR" calc_neutral_pep_mass="775.86">
          <search_score name="xcorr" value="1.247774"/>
        </search_hit>
        <search_hit hit_rank="5" peptide="FLLAVDVSASMNQR" calc_neutral_pep_mass="775.86">
          <search_score name="xcorr" value="1.238889"/>
        </search_hit>
      </search_result>
    </spectrum_query>
    <spectrum_query spectrum="test_1-target_tide.99.99.2" start_scan="0" end_scan="0" precursor_neutral_mass="1214.60544706646" assumed_charge="2">
      <search_result>
        <search_hit hit_rank="1" peptide="ALVDGPCTQVR" calc_neutral_pep_mass="608.31">
          <search_score name="xcorr" value="2.199586"/>
        </search_hit>
        <search_hit hit_rank="2" peptide="DILGSVSEQIR" calc_neutral_pep_mass="608.31">
          <search_score name="xcorr" value="1.320551"/>
        </search_hit>
        <search_hit hit_rank="3" peptide="VELGCIIFHK" calc_neutral_pep_mass="608.31">
          <search_score name="xcorr" value="1.306671"/>
        </search_hit>
        <search_hit hit_rank="4" peptide="GILDVQSVQEK" calc_neutral_pep_mass="608.31">
          <search_score name="xcorr" value="1.245256"/>
        </search_hit>
        <search_hit hit_rank="5" peptide="GNFPTLSVQPR" calc_neutral_pep_mass="608.31">
          <search_score name="xcorr" value="1.242850"/>
        </search_hit>
      </search_result>
    </spectrum_query>
    <spectrum_query spectrum="test_1-target_tide.100.100.3" start_scan="0" end_scan="0" precursor_neutral_mass="1628.85817059969" assumed_charge="3">
      <search_result>
        <search_hit hit_rank="1" peptide="VPWIQFLPEASSPR" calc_neutral_pep_mass="543.96">
          <search_score name="xcorr" value="1.628131"/>
        </search_hit>
        <search_hit hit_rank="2" peptide="VTSTSGAGCPGLGLPEK" calc_neutral_pep_mass="543.96">
          <search_score name="xcorr" value="1.559557"/>
        </search_hit>
        <search_hit hit_rank="3" peptide="LTWLVYIIGAVIGGR" calc_neutral_pep_mass="543.96">
          <search_score name="xcorr" value="1.550958"/>
        </search_hit>
        <search_hit hit_rank="4" peptide="DADSSISVLEIHSQK" calc_neutral_pep_mass="543.96">
          <search_score name="xcorr" value="1.526173"/>
        </search_hit>
        <search_hit hit_rank="5" peptide="NAAMLLEFAAMYSAK" calc_neutral_pep_mass="543.96">
          <search_score name="xcorr" value="1.525106"/>
        </search_hit>
      </search_result>
    </spectrum_query>
    <spectrum_query spectrum="test_1-target_tide.101.101.2" start_scan="0" end_scan="0" precursor_neutral_mass="1466.70544706646" assumed_charge="2">
      <search_result>
        <search_hit hit_rank="1" peptide="SLGPPQGEEDSVPR" calc_neutral_pep_mass="734.36">
          <search_score name="xcorr" value="2.513573"/>
        </search_hit>
        <search_hit hit_rank="2" peptide="AWDHAGGLCEVPR" calc_neutral_pep_mass="734.36">
          <search_score name="xcorr" value="1.246493"/>
        </search_hit>
        <search_hit hit_rank="3" peptide="GNSCILADEMGLGK" calc_neutral_pep_mass="734.36">
          <search_score name="xcorr" value="1.193013"/>
        </search_hit>
        <search_hit hit_rank="4" peptide="GQGQSQEQILQPR" calc_neutral_pep_mass="734.36">
          <search_score name="xcorr" value="1.161535"/>
        </search_hit>
        <search_hit hit_rank="5" peptide="MAVEALHCGLNPR" calc_neutral_pep_mass="734.36">
          <search_score name="xcorr" value="1.105649"/>
        </search_hit>
      </search_result>
    </spectrum_query>
    <spectrum_query spectrum="test_1-target_tide.103.103.3" start_scan="0" end_scan="0" precursor_neutral_mass="1777.80817059969" assumed_charge="3">
      <search_result>
        <search_hit hit_rank="1" peptide="TVSTLVIQAANVSALYK" calc_neutral_pep_mass="593.61">
          <search_score name="xcorr" value="1.965914"/>
        </search_hit>
        <search_hit hit_rank="2" peptide="GLHFNNLIVGLVLLTR" calc_neutral_pep_mass="593.61">
          <search_score name="xcorr" value="1.908114"/>
        </search_hit>
        <search_hit hit_rank="3" peptide="MQFVSWATLLTLLVR" calc_neutral_pep_mass="593.61">
          <search_score name="xcorr" value="1.864810"/>
        </search_hit>
        <search_hit hit_rank="4" peptide="VLETRPALQGLLGPGTR" calc_neutral_pep_mass="593.61">
          <search_score name="xcorr" value="1.726624"/>
        </search_hit>
        <search_hit hit_rank="5" peptide="LYAGDHEDYDPQTVR" calc_neutral_pep_mass="593.61">
          <search_score name="xcorr" value="1.648109"/>
        </search_hit>
      </search_result>
    </spectrum_query>
    <spectrum_query spectrum="test_1-target_tide.104.104.3" start_scan="0" end_scan="0" precursor_neutral_mass="1628.85817059969" assumed_charge="3">
      <search_result>
        <search_hit hit_rank="1" peptide="NAAMLLEFAAMYSAK" calc_neutral_pep_mass="543.96">
          <search_score name="xcorr" value="1.760452"/>
        </search_hit>
        <search_hit hit_rank="2" peptide="LTWLVYIIGAVIGGR" calc_neutral_pep_mass="543.96">
          <search_score name="xcorr" value="1.706391"/>
        </search_hit>
        <search_hit hit_rank="3" peptide="QQMGAELTEQHMAR" calc_neutral_pep_mass="543.96">
          <search_score name="xcorr" value="1.567594"/>
        </search_hit>
        <search_hit hit_rank="4" peptide="MENLSLSIEDVQPR" calc_neutral_pep_mass="543.96">
          <search_score name="xcorr" value="1.531788"/>
        </search_hit>
        <search_hit hit_rank="5" peptide="LSGLIEDEWITIDK" calc_neutral_pep_mass="543.96">
          <search_score name="xcorr" value="1.495861"/>
        </search_hit>
      </search_result>
    </spectrum_query>
    <spectrum_query spectrum="test_1-target_tide.105.105.3" start_scan="0" end_scan="0" precursor_neutral_mass="1570.77817059969" assumed_charge="3">
      <search_result>
        <search_hit hit_rank="1" peptide="SNYSELQEEIQTK" calc_neutral_pep_mass="524.6">
          <search_score name="xcorr" value="1.418356"/>
        </search_hit>
        <search_hit hit_rank="2" peptide="SISGLLTTTPQIPIK" calc_neutral_pep_mass="524.6">
          <search_score name="xcorr" value="1.185492"/>
        </search_hit>
        <search_hit hit_rank="3" peptide="SEDAGFVVITGVMSR" calc_neutral_pep_mass="524.6">
          <search_score name="xcorr" value="1.165223"/>
        </search_hit>
        <search_hit hit_rank="4" peptide="FAPSPTGFLHLGGLR" calc_neutral_pep_mass="524.6">
          <search_score name="xcorr" value="1.130023"/>
        </search_hit>
        <search_hit hit_rank="5" peptide="LDNVPHTPSSYIET" calc_neutral_pep_mass="524.6">
          <search_score name="xcorr" value="1.075714"/>
        </search_hit>
      </search_result>
    </spectrum_query>
    <spectrum_query spectrum="test_1-target_tide.106.106.2" start_scan="0" end_scan="0" precursor_neutral_mass="981.44544706646" assumed_charge="2">
      <search_result>
        <search_hit hit_rank="1" peptide="TQAYLEEK" calc_neutral_pep_mass="491.73">
          <search_score name="xcorr" value="1.197815"/>
        </search_hit>
        <search_hit hit_rank="2" peptide="NNSSDVDTK" calc_neutral_pep_mass="491.73">
          <search_score name="xcorr" value="1.153570"/>
        </search_hit>
        <search_hit hit_rank="3" peptide="DNSEEFLK" calc_neutral_pep_mass="491.73">
          <search_score name="xcorr" value="1.122879"/>
        </search_hit>
        <search_hit hit_rank="4" peptide="LDSLMSEGK" calc_neutral_pep_mass="491.73">
          <search_score name="xcorr" value="1.078981"/>
        </search_hit>
        <search_hit hit_rank="5" peptide="DGGDAHPGEK" calc_neutral_pep_mass="491.73">
          <search_score name="xcorr" value="1.050624"/>
        </search_hit>
      </search_result>
    </spectrum_query>
    <spectrum_query spectrum="test_1-target_tide.106.106.3" start_scan="0" end_scan="0" precursor_neutral_mass="1472.16817059969" assumed_charge="3">
      <search_result>
        <search_hit hit_rank="1" peptide="VEINPPDDMEWK" calc_neutral_pep_mass="491.73">
          <search_score name="xcorr" value="1.766716"/>
        </search_hit>
        <search_hit hit_rank="2" peptide="AAVVTSPPPTTAPHK" calc_neutral_pep_mass="491.73">
          <search_score name="xcorr" value="1.761544"/>
        </search_hit>
        <search_hit hit_rank="3" peptide="ETHEAESHMYLK" calc_neutral_pep_mass="491.73">
          <search_score name="xcorr" value="1.736834"/>
        </search_hit>
        <search_hit hit_rank="4" peptide="QEVVPHSVCYVR" calc_neutral_pep_mass="491.73">
          <search_score name="xcorr" value="1.503654"/>
        </search_hit>
        <search_hit hit_rank="5" peptide="ILLDPNSEEVSEK" calc_neutral_pep_mass="491.73">
          <search_score name="xcorr" value="1.437498"/>
        </search_hit>
      </search_result>
    </spectrum_query>
    <spectrum_query spectrum="test_1-target_tide.107.107.2" start_scan="0" end_scan="0" precursor_neutral_mass="1872.88544706646" assumed_charge="2">
      <search_result>
        <search_hit hit_rank="1" peptide="VQDLSAGGQGSLTDSGPER" calc_neutral_pep_mass="937.45">
          <search_score name="xcorr" value="4.897566"/>
        </search_hit>
        <search_hit hit_rank="2" peptide="NNNLYSWDDFMELGR" calc_neutral_pep_mass="937.45">
          <search_score name="xcorr" value="1.184387"/>
        </search_hit>
        <search_hit hit_rank="3" peptide="ELEAGSLYHLTVWAER" calc_neutral_pep_mass="937.45">
          <search_score name="xcorr" value="1.105611"/>
        </search_hit>
        <search_hit hit_rank="4" peptide="KPAGGVSLFFMPNAGPQR" calc_neutral_pep_mass="937.45">
          <search_score name="xcorr" value="1.095713"/>
        </search_hit>
        <search_hit hit_rank="5" peptide="NEVIATVLCWDPEAQK" calc_neutral_pep_mass="937.45">
          <search_score name="xcorr" value="1.061651"/>
        </search_hit>
      </search_result>
    </spectrum_query>
    <spectrum_query spectrum="test_1-target_tide.108.108.3" start_scan="0" end_scan="0" precursor_neutral_mass="2239.05817059969" assumed_charge="3">
      <search_result>
        <search_hit hit_rank="1" peptide="MLEANDGSGMSDEDEEDLQR" calc_neutral_pep_mass="747.36">
          <search_score name="xcorr" value="1.963582"/>
        </search_hit>
        <search_hit hit_rank="2" peptide="ENLNGSYLVGTVTNASSAWTR" calc_neutral_pep_mass="747.36">
          <search_score name="xcorr" value="1.422818"/>
        </search_hit>
        <search_hit hit_rank="3" peptide="GTQQLCFCVLTELDVAEEK" calc_neutral_pep_mass="747.36">
          <search_score name="xcorr" value="1.387126"/>
        </search_hit>
        <search_hit hit_rank="4" peptide="SSPSHSTTSGETDPTTIFPCK" calc_neutral_pep_mass="747.36">
          <search_score name="xcorr" value="1.224867"/>
        </search_hit>
        <search_hit hit_rank="5" peptide="CSNISIGDEVQFEISITSNK" calc_neutral_pep_mass="747.36">
          <search_score name="xcorr" value="1.129746"/>
        </search_hit>
      </search_result>
    </spectrum_query>
    <spectrum_query spectrum="test_1-target_tide.110.110.2" start_scan="0" end_scan="0" precursor_neutral_mass="1223.62544706646" assumed_charge="2">
      <search_result>
        <search_hit hit_rank="1" peptide="HIYYITGETK" calc_neutral_pep_mass="612.82">
          <search_score name="xcorr" value="2.241575"/>
        </search_hit>
        <search_hit hit_rank="2" peptide="HLLNVTWEGR" calc_neutral_pep_mass="612.82">
          <search_score name="xcorr" value="1.026500"/>
        </search_hit>
        <search_hit hit_rank="3" peptide="HLPWICDQR" calc_neutral_pep_mass="612.82">
          <search_score name="xcorr" value="1.026369"/>
        </search_hit>
        <search_hit hit_rank="4" peptide="QDLECLAFTK" calc_neutral_pep_mass="612.82">
          <search_score name="xcorr" value="0.881812"/>
        </search_hit>
        <search_hit hit_rank="5" peptide="HLNVQMVAADK" calc_neutral_pep_mass="612.82">
          <search_score name="xcorr" value="0.859985"/>
        </search_hit>
      </search_result>
    </spectrum_query>
    <spectrum_query spectrum="test_1-target_tide.111.111.2" start_scan="0" end_scan="0" precursor_neutral_mass="1157.80544706646" assumed_charge="2">
      <search_result>
        <search_hit hit_rank="1" peptide="LTLLTLAEER" calc_neutral_pep_mass="579.91">
          <search_score name="xcorr" value="1.695688"/>
        </search_hit>
        <search_hit hit_rank="2" peptide="SENGGVGSLLAR" calc_neutral_pep_mass="579.91">
          <search_score name="xcorr" value="1.654252"/>
        </search_hit>
        <search_hit hit_rank="3" peptide="EEAGPGGAGGGGSR" calc_neutral_pep_mass="579.91">
          <search_score name="xcorr" value="1.599531"/>
        </search_hit>
        <search_hit hit_rank="4" peptide="TVEDVMTPLR" calc_neutral_pep_mass="579.91">
          <search_score name="xcorr" value="1.503036"/>
        </search_hit>
        <search_hit hit_rank="5" peptide="TLATDVMRPR" calc_neutral_pep_mass="579.91">
          <search_score name="xcorr" value="1.475966"/>
        </search_hit>
      </search_result>
    </spectrum_query>
    <spectrum_query spectrum="test_1-target_tide.111.111.3" start_scan="0" end_scan="0" precursor_neutral_mass="1736.70817059969" assumed_charge="3">
      <search_result>
        <search_hit hit_rank="1" peptide="RPGDLPEVLSFHVDR" calc_neutral_pep_mass="579.91">
          <search_score name="xcorr" value="2.487425"/>
        </search_hit>
        <search_hit hit_rank="2" peptide="CLLLHEVPTGEIVVR" calc_neutral_pep_mass="579.91">
          <search_score name="xcorr" value="2.322535"/>
        </search_hit>
        <search_hit hit_rank="3" peptide="WVQQNIAHFGGNPDR" calc_neutral_pep_mass="579.91">
          <search_score name="xcorr" value="2.112619"/>
        </search_hit>
        <search_hit hit_rank="4" peptide="LQDGTPQAALSPLTPAR" calc_neutral_pep_mass="579.91">
          <search_score name="xcorr" value="2.021813"/>
        </search_hit>
        <search_hit hit_rank="5" peptide="DDPGASPQSSSQPDHGR" calc_neutral_pep_mass="579.91">
          <search_score name="xcorr" value="2.010940"/>
        </search_hit>
      </search_result>
    </spectrum_query>
    <spectrum_query spectrum="test_1-target_tide.112.112.3" start_scan="0" end_scan="0" precursor_neutral_mass="1570.77817059969" assumed_charge="3">
      <search_result>
        <search_hit hit_rank="1" peptide="TEFTLTEAVVESSR" calc_neutral_pep_mass="524.6">
          <search_score name="xcorr" value="1.124872"/>
        </search_hit>
        <search_hit hit_rank="2" peptide="DPAVTAEQVCQEAR" calc_neutral_pep_mass="524.6">
          <search_score name="xcorr" value="1.107450"/>
        </search_hit>
        <search_hit hit_rank="3" peptide="TTGSHAQVSSRPQGR" calc_neutral_pep_mass="524.6">
          <search_score name="xcorr" value="1.042228"/>
        </search_hit>
        <search_hit hit_rank="4" peptide="SLCQEILLWILGK" calc_neutral_pep_mass="524.6">
          <search_score name="xcorr" value="0.934243"/>
        </search_hit>
        <search_hit hit_rank="5" peptide="IQALGLGEDWNVEK" calc_neutral_pep_mass="524.6">
          <search_score name="xcorr" value="0.897980"/>
        </search_hit>
      </search_result>
    </spectrum_query>
    <spectrum_query spectrum="test_1-target_tide.113.113.2" start_scan="0" end_scan="0" precursor_neutral_mass="981.68544706646" assumed_charge="2">
      <search_result>
        <search_hit hit_rank="1" peptide="VTPAPTLQR" calc_neutral_pep_mass="491.85">
          <search_score name="xcorr" value="0.861544"/>
        </search_hit>
        <search_hit hit_rank="2" peptide="NNSSDVDTK" calc_neutral_pep_mass="491.85">
          <search_score name="xcorr" value="0.775668"/>
        </search_hit>
        <search_hit hit_rank="3" peptide="LPDGVAAGQR" calc_neutral_pep_mass="491.85">
          <search_score name="xcorr" value="0.757859"/>
        </search_hit>
        <search_hit hit_rank="4" peptide="VGKPLSPER" calc_neutral_pep_mass="491.85">
          <search_score name="xcorr" value="0.749179"/>
        </search_hit>
        <search_hit hit_rank="5" peptide="SGSSSEGSER" calc_neutral_pep_mass="491.85">
          <search_score name="xcorr" value="0.736121"/>
        </search_hit>
      </search_result>
    </spectrum_query>
    <spectrum_query spectrum="test_1-target_tide.113.113.3" start_scan="0" end_scan="0" precursor_neutral_mass="1472.52817059969" assumed_charge="3">
      <search_result>
        <search_hit hit_rank="1" peptide="LAALYNHHTGTFK" calc_neutral_pep_mass="491.85">
          <search_score name="xcorr" value="1.480392"/>
        </search_hit>
        <search_hit hit_rank="2" peptide="AQEHSRPEYETK" calc_neutral_pep_mass="491.85">
          <search_score name="xcorr" value="1.385324"/>
        </search_hit>
        <search_hit hit_rank="3" peptide="VEINPPDDMEWK" calc_neutral_pep_mass="491.85">
          <search_score name="xcorr" value="1.327202"/>
        </search_hit>
        <search_hit hit_rank="4" peptide="IHDLALELYTQR" calc_neutral_pep_mass="491.85">
          <search_score name="xcorr" value="1.263503"/>
        </search_hit>
        <search_hit hit_rank="5" peptide="LALVLFTYHLQR" calc_neutral_pep_mass="491.85">
          <search_score name="xcorr" value="1.220998"/>
        </search_hit>
      </search_result>
    </spectrum_query>
    <spectrum_query spectrum="test_1-target_tide.114.114.3" start_scan="0" end_scan="0" precursor_neutral_mass="1801.74817059969" assumed_charge="3">
      <search_result>
        <search_hit hit_rank="1" peptide="AEADVDIILSIPMFLR" calc_neutral_pep_mass="601.59">
          <search_score name="xcorr" value="1.343655"/>
        </search_hit>
        <search_hit hit_rank="2" peptide="FPDLSCEILDKPPDR" calc_neutral_pep_mass="601.59">
          <search_score name="xcorr" value="1.330785"/>
        </search_hit>
        <search_hit hit_rank="3" peptide="QDSSQAIPLVVESCIR" calc_neutral_pep_mass="601.59">
          <search_score name="xcorr" value="1.319962"/>
        </search_hit>
        <search_hit hit_rank="4" peptide="VLDVGCITVTVPAMLGR" calc_neutral_pep_mass="601.59">
          <search_score name="xcorr" value="1.294653"/>
        </search_hit>
        <search_hit hit_rank="5" peptide="GVGIISEGNETAEDIAAR" calc_neutral_pep_mass="601.59">
          <search_score name="xcorr" value="1.271045"/>
        </search_hit>
      </search_result>
    </spectrum_query>
    <spectrum_query spectrum="test_1-target_tide.115.115.2" start_scan="0" end_scan="0" precursor_neutral_mass="1135.22544706646" assumed_charge="2">
      <search_result>
        <search_hit hit_rank="1" peptide="CPHPALWPR" calc_neutral_pep_mass="568.62">
          <search_score name="xcorr" value="1.057613"/>
        </search_hit>
        <search_hit hit_rank="2" peptide="APLGSPSPRPR" calc_neutral_pep_mass="568.62">
          <search_score name="xcorr" value="1.034036"/>
        </search_hit>
        <search_hit hit_rank="3" peptide="CEWELLER" calc_neutral_pep_mass="568.62">
          <search_score name="xcorr" value="0.977065"/>
        </search_hit>
        <search_hit hit_rank="4" peptide="GEALAAYLDGR" calc_neutral_pep_mass="568.62">
          <search_score name="xcorr" value="0.957940"/>
        </search_hit>
        <search_hit hit_rank="5" peptide="MASAPAEAETR" calc_neutral_pep_mass="568.62">
          <search_score name="xcorr" value="0.944997"/>
        </search_hit>
      </search_result>
    </spectrum_query>
    <spectrum_query spectrum="test_1-target_tide.115.115.3" start_scan="0" end_scan="0" precursor_neutral_mass="1702.83817059969" assumed_charge="3">
      <search_result>
        <search_hit hit_rank="1" peptide="ACTWSALALSVQVAAR" calc_neutral_pep_mass="568.62">
          <search_score name="xcorr" value="1.727511"/>
        </search_hit>
        <search_hit hit_rank="2" peptide="SGLQDSFIGDAWHLR" calc_neutral_pep_mass="568.62">
          <search_score name="xcorr" value="1.600221"/>
        </search_hit>
        <search_hit hit_rank="3" peptide="APACEEPVQATLSSLK" calc_neutral_pep_mass="568.62">
          <search_score name="xcorr" value="1.548854"/>
        </search_hit>
        <search_hit hit_rank="4" peptide="SDDGLGPPLPPPEEER" calc_neutral_pep_mass="568.62">
          <search_score name="xcorr" value="1.547878"/>
        </search_hit>
        <search_hit hit_rank="5" peptide="EMVPIIAQYGDVLVR" calc_neutral_pep_mass="568.62">
          <search_score name="xcorr" value="1.501548"/>
        </search_hit>
      </search_result>
    </spectrum_query>
    <spectrum_query spectrum="test_1-target_tide.116.116.2" start_scan="0" end_scan="0" precursor_neutral_mass="1872.88544706646" assumed_charge="2">
      <search_result>
        <search_hit hit_rank="1" peptide="VQDLSAGGQGSLTDSGPER" calc_neutral_pep_mass="937.45">
          <search_score name="xcorr" value="5.934079"/>
        </search_hit>
        <search_hit hit_rank="2" peptide="KPAGGVSLFFMPNAGPQR" calc_neutral_pep_mass="937.45">
          <search_score name="xcorr" value="1.650732"/>
        </search_hit>
        <search_hit hit_rank="3" peptide="ILDMASNIMIVTLPGASK" calc_neutral_pep_mass="937.45">
          <search_score name="xcorr" value="1.585105"/>
        </search_hit>
        <search_hit hit_rank="4" peptide="EPGGELSWEGNGPHHDR" calc_neutral_pep_mass="937.45">
          <search_score name="xcorr" value="1.388450"/>
        </search_hit>
        <search_hit hit_rank="5" peptide="FLGFVVDPNQVNVAVTR" calc_neutral_pep_mass="937.45">
          <search_score name="xcorr" value="1.348011"/>
        </search_hit>
      </search_result>
    </spectrum_query>
    <spectrum_query spectrum="test_1-target_tide.117.117.3" start_scan="0" end_scan="0" precursor_neutral_mass="1553.61817059969" assumed_charge="3">
      <search_result>
        <search_hit hit_rank="1" peptide="GGFDFGSLCDQKPK" calc_neutral_pep_mass="518.88">
          <search_score name="xcorr" value="1.565039"/>
        </search_hit>
        <search_hit hit_rank="2" peptide="ELAHMQALAEEWK" calc_neutral_pep_mass="518.88">
          <search_score name="xcorr" value="1.413751"/>
        </search_hit>
        <search_hit hit_rank="3" peptide="DLEEMTPLHLTTR" calc_neutral_pep_mass="518.88">
          <search_score name="xcorr" value="1.373354"/>
        </search_hit>
        <search_hit hit_rank="4" peptide="ILANGEIVQDDDPR" calc_neutral_pep_mass="518.88">
          <search_score name="xcorr" value="1.349459"/>
        </search_hit>
        <search_hit hit_rank="5" peptide="GIITAVEPSTPTVLR" calc_neutral_pep_mass="518.88">
          <search_score name="xcorr" value="1.343817"/>
        </search_hit>
      </search_result>
    </spectrum_query>
    <spectrum_query spectrum="test_1-target_tide.119.119.2" start_scan="0" end_scan="0" precursor_neutral_mass="1223.62544706646" assumed_charge="2">
      <search_result>
        <search_hit hit_rank="1" peptide="HIYYITGETK" calc_neutral_pep_mass="612.82">
          <search_score name="xcorr" value="2.439840"/>
        </search_hit>
        <search_hit hit_rank="2" peptide="HLLNVTWEGR" calc_neutral_pep_mass="612.82">
          <search_score name="xcorr" value="1.153664"/>
        </search_hit>
        <search_hit hit_rank="3" peptide="HLPWICDQR" calc_neutral_pep_mass="612.82">
          <search_score name="xcorr" value="1.136001"/>
        </search_hit>
        <search_hit hit_rank="4" peptide="LHDVLMELQK" calc_neutral_pep_mass="612.82">
          <search_score name="xcorr" value="0.834504"/>
        </search_hit>
        <search_hit hit_rank="5" peptide="QDLECLAFTK" calc_neutral_pep_mass="612.82">
          <search_score name="xcorr" value="0.789862"/>
        </search_hit>
      </search_result>
    </spectrum_query>
    <spectrum_query spectrum="test_1-target_tide.120.120.2" start_scan="0" end_scan="0" precursor_neutral_mass="1157.06544706646" assumed_charge="2">
      <search_result>
        <search_hit hit_rank="1" peptide="GDAGPGSGAALQR" calc_neutral_pep_mass="579.54">
          <search_score name="xcorr" value="1.626972"/>
        </search_hit>
        <search_hit hit_rank="2" peptide="LTLLTLAEER" calc_neutral_pep_mass="579.54">
          <search_score name="xcorr" value="1.384946"/>
        </search_hit>
        <search_hit hit_rank="3" peptide="SASPDPLAPSGR" calc_neutral_pep_mass="579.54">
          <search_score name="xcorr" value="1.383659"/>
        </search_hit>
        <search_hit hit_rank="4" peptide="EEAGPGGAGGGGSR" calc_neutral_pep_mass="579.54">
          <search_score name="xcorr" value="1.348497"/>
        </search_hit>
        <search_hit hit_rank="5" peptide="ALAQGPWWAR" calc_neutral_pep_mass="579.54">
          <search_score name="xcorr" value="1.342408"/>
        </search_hit>
      </search_result>
    </spectrum_query>
    <spectrum_query spectrum="test_1-target_tide.120.120.3" start_scan="0" end_scan="0" precursor_neutral_mass="1735.59817059969" assumed_charge="3">
      <search_result>
        <search_hit hit_rank="1" peptide="RPGDLPEVLSFHVDR" calc_neutral_pep_mass="579.54">
          <search_score name="xcorr" value="2.148212"/>
        </search_hit>
        <search_hit hit_rank="2" peptide="LQDGTPQAALSPLTPAR" calc_neutral_pep_mass="579.54">
          <search_score name="xcorr" value="2.080965"/>
        </search_hit>
        <search_hit hit_rank="3" peptide="CLLLHEVPTGEIVVR" calc_neutral_pep_mass="579.54">
          <search_score name="xcorr" value="2.078961"/>
        </search_hit>
        <search_hit hit_rank="4" peptide="SHSVPENMVEPPLSGR" calc_neutral_pep_mass="579.54">
          <search_score name="xcorr" value="1.960539"/>
        </search_hit>
        <search_hit hit_rank="5" peptide="GPHPPGGLLGHGPQEMR" calc_neutral_pep_mass="579.54">
          <search_score name="xcorr" value="1.756825"/>
        </search_hit>
      </search_result>
    </spectrum_query>
    <spectrum_query spectrum="test_1-target_tide.121.121.3" start_scan="0" end_scan="0" precursor_neutral_mass="1553.58817059969" assumed_charge="3">
      <search_result>
        <search_hit hit_rank="1" peptide="EVTMDVPAPNAPGVR" calc_neutral_pep_mass="518.87">
          <search_score name="xcorr" value="1.606397"/>
        </search_hit>
        <search_hit hit_rank="2" peptide="QPEPEQEPGMSDPL" calc_neutral_pep_mass="518.87">
          <search_score name="xcorr" value="1.588427"/>
        </search_hit>
        <search_hit hit_rank="3" peptide="GGFDFGSLCDQKPK" calc_neutral_pep_mass="518.87">
          <search_score name="xcorr" value="1.547876"/>
        </search_hit>
        <search_hit hit_rank="4" peptide="YELLNVLEFTSAR" calc_neutral_pep_mass="518.87">
          <search_score name="xcorr" value="1.467405"/>
        </search_hit>
        <search_hit hit_rank="5" peptide="ELAHMQALAEEWK" calc_neutral_pep_mass="518.87">
          <search_score name="xcorr" value="1.442306"/>
        </search_hit>
      </search_result>
    </spectrum_query>
    <spectrum_query spectrum="test_1-target_tide.122.122.3" start_scan="0" end_scan="0" precursor_neutral_mass="1801.74817059969" assumed_charge="3">
      <search_result>
        <search_hit hit_rank="1" peptide="LAYESDGIVVSNDTYR" calc_neutral_pep_mass="601.59">
          <search_score name="xcorr" value="1.551446"/>
        </search_hit>
        <search_hit hit_rank="2" peptide="GVGIISEGNETAEDIAAR" calc_neutral_pep_mass="601.59">
          <search_score name="xcorr" value="1.525348"/>
        </search_hit>
        <search_hit hit_rank="3" peptide="MPGHLQEGFGCVVTNR" calc_neutral_pep_mass="601.59">
          <search_score name="xcorr" value="1.425013"/>
        </search_hit>
        <search_hit hit_rank="4" peptide="FPDLSCEILDKPPDR" calc_neutral_pep_mass="601.59">
          <search_score name="xcorr" value="1.410034"/>
        </search_hit>
        <search_hit hit_rank="5" peptide="VIPHPTTIITTTPRPR" calc_neutral_pep_mass="601.59">
          <search_score name="xcorr" value="1.299537"/>
        </search_hit>
      </search_result>
    </spectrum_query>
    <spectrum_query spectrum="test_1-target_tide.123.123.2" start_scan="0" end_scan="0" precursor_neutral_mass="1135.16544706646" assumed_charge="2">
      <search_result>
        <search_hit hit_rank="1" peptide="CEWELLER" calc_neutral_pep_mass="568.59">
          <search_score name="xcorr" value="1.070743"/>
        </search_hit>
        <search_hit hit_rank="2" peptide="FYNTIYVGR" calc_neutral_pep_mass="568.59">
          <search_score name="xcorr" value="0.936884"/>
        </search_hit>
        <search_hit hit_rank="3" peptide="AAFQLGSPWR" calc_neutral_pep_mass="568.59">
          <search_score name="xcorr" value="0.924934"/>
        </search_hit>
        <search_hit hit_rank="4" peptide="VVQLLPDGHR" calc_neutral_pep_mass="568.59">
          <search_score name="xcorr" value="0.909724"/>
        </search_hit>
        <search_hit hit_rank="5" peptide="GGGRPLLPSGAR" calc_neutral_pep_mass="568.59">
          <search_score name="xcorr" value="0.908438"/>
        </search_hit>
      </search_result>
    </spectrum_query>
    <spectrum_query spectrum="test_1-target_tide.123.123.3" start_scan="0" end_scan="0" precursor_neutral_mass="1702.74817059969" assumed_charge="3">
      <search_result>
        <search_hit hit_rank="1" peptide="MVFTQAPAEIMGHLR" calc_neutral_pep_mass="568.59">
          <search_score name="xcorr" value="1.751607"/>
        </search_hit>
        <search_hit hit_rank="2" peptide="ASRPARPLRPGLQQR" calc_neutral_pep_mass="568.59">
          <search_score name="xcorr" value="1.716833"/>
        </search_hit>
        <search_hit hit_rank="3" peptide="EIELPSGQLMGLFNR" calc_neutral_pep_mass="568.59">
          <search_score name="xcorr" value="1.499389"/>
        </search_hit>
        <search_hit hit_rank="4" peptide="FQDLTLERPGPGGCR" calc_neutral_pep_mass="568.59">
          <search_score name="xcorr" value="1.454007"/>
        </search_hit>
        <search_hit hit_rank="5" peptide="GLHPTPGPGDCEPTGGR" calc_neutral_pep_mass="568.59">
          <search_score name="xcorr" value="1.452535"/>
        </search_hit>
      </search_result>
    </spectrum_query>
    <spectrum_query spectrum="test_1-target_tide.124.124.2" start_scan="0" end_scan="0" precursor_neutral_mass="1604.74544706646" assumed_charge="2">
      <search_result>
        <search_hit hit_rank="1" peptide="ENVNATENCISAVGK" calc_neutral_pep_mass="803.38">
          <search_score name="xcorr" value="3.125356"/>
        </search_hit>
        <search_hit hit_rank="2" peptide="SHLICHQTVHTAAK" calc_neutral_pep_mass="803.38">
          <search_score name="xcorr" value="1.354820"/>
        </search_hit>
        <search_hit hit_rank="3" peptide="QQSAQSQVSTTAENK" calc_neutral_pep_mass="803.38">
          <search_score name="xcorr" value="1.194470"/>
        </search_hit>
        <search_hit hit_rank="4" peptide="ANEQADLLVSSAFIK" calc_neutral_pep_mass="803.38">
          <search_score name="xcorr" value="1.043131"/>
        </search_hit>
        <search_hit hit_rank="5" peptide="LLDPQEFTLSGTQR" calc_neutral_pep_mass="803.38">
          <search_score name="xcorr" value="0.993410"/>
        </search_hit>
      </search_result>
    </spectrum_query>
    <spectrum_query spectrum="test_1-target_tide.125.125.2" start_scan="0" end_scan="0" precursor_neutral_mass="1065.58544706646" assumed_charge="2">
      <search_result>
        <search_hit hit_rank="1" peptide="TALIHDGLAR" calc_neutral_pep_mass="533.8">
          <search_score name="xcorr" value="1.643523"/>
        </search_hit>
        <search_hit hit_rank="2" peptide="DGLLPATAPGR" calc_neutral_pep_mass="533.8">
          <search_score name="xcorr" value="1.363249"/>
        </search_hit>
        <search_hit hit_rank="3" peptide="ATMEHHANR" calc_neutral_pep_mass="533.8">
          <search_score name="xcorr" value="1.291184"/>
        </search_hit>
        <search_hit hit_rank="4" peptide="TPSLPTPPTR" calc_neutral_pep_mass="533.8">
          <search_score name="xcorr" value="1.186912"/>
        </search_hit>
        <search_hit hit_rank="5" peptide="DGNTYTVAVK" calc_neutral_pep_mass="533.8">
          <search_score name="xcorr" value="1.159172"/>
        </search_hit>
      </search_result>
    </spectrum_query>
    <spectrum_query spectrum="test_1-target_tide.127.127.3" start_scan="0" end_scan="0" precursor_neutral_mass="1815.75817059969" assumed_charge="3">
      <search_result>
        <search_hit hit_rank="1" peptide="AIEQADLLQEEAETPR" calc_neutral_pep_mass="606.26">
          <search_score name="xcorr" value="1.294330"/>
        </search_hit>
        <search_hit hit_rank="2" peptide="NLAPFFEAWAWPIQK" calc_neutral_pep_mass="606.26">
          <search_score name="xcorr" value="1.287523"/>
        </search_hit>
        <search_hit hit_rank="3" peptide="WLFDIYYLEQASIR" calc_neutral_pep_mass="606.26">
          <search_score name="xcorr" value="1.114294"/>
        </search_hit>
        <search_hit hit_rank="4" peptide="QSVEEEGGIANYNTSSK" calc_neutral_pep_mass="606.26">
          <search_score name="xcorr" value="1.071821"/>
        </search_hit>
        <search_hit hit_rank="5" peptide="GNEFVVIHNGIITNYK" calc_neutral_pep_mass="606.26">
          <search_score name="xcorr" value="1.066964"/>
        </search_hit>
      </search_result>
    </spectrum_query>
    <spectrum_query spectrum="test_1-target_tide.128.128.2" start_scan="0" end_scan="0" precursor_neutral_mass="1145.54544706646" assumed_charge="2">
      <search_result>
        <search_hit hit_rank="1" peptide="VLGPGVSYVVR" calc_neutral_pep_mass="573.78">
          <search_score name="xcorr" value="1.092546"/>
        </search_hit>
        <search_hit hit_rank="2" peptide="SHLALAMFTR" calc_neutral_pep_mass="573.78">
          <search_score name="xcorr" value="1.036342"/>
        </search_hit>
        <search_hit hit_rank="3" peptide="QEDEEDKPR" calc_neutral_pep_mass="573.78">
          <search_score name="xcorr" value="1.011365"/>
        </search_hit>
        <search_hit hit_rank="4" peptide="YGSIQYCVR" calc_neutral_pep_mass="573.78">
          <search_score name="xcorr" value="1.001987"/>
        </search_hit>
        <search_hit hit_rank="5" peptide="EDEFLQLPR" calc_neutral_pep_mass="573.78">
          <search_score name="xcorr" value="0.970135"/>
        </search_hit>
      </search_result>
    </spectrum_query>
    <spectrum_query spectrum="test_1-target_tide.128.128.3" start_scan="0" end_scan="0" precursor_neutral_mass="1718.31817059969" assumed_charge="3">
      <search_result>
        <search_hit hit_rank="1" peptide="QIYGCPLGGIGGGTITR" calc_neutral_pep_mass="573.78">
          <search_score name="xcorr" value="1.210703"/>
        </search_hit>
        <search_hit hit_rank="2" peptide="VGPGLPDGCQPLQLLR" calc_neutral_pep_mass="573.78">
          <search_score name="xcorr" value="1.191109"/>
        </search_hit>
        <search_hit hit_rank="3" peptide="AQASGISSFSLVDGGAPR" calc_neutral_pep_mass="573.78">
          <search_score name="xcorr" value="1.171867"/>
        </search_hit>
        <search_hit hit_rank="4" peptide="SNAPGPPLHIGASHLPR" calc_neutral_pep_mass="573.78">
          <search_score name="xcorr" value="1.103294"/>
        </search_hit>
        <search_hit hit_rank="5" peptide="LLQVASPFLEPHLVR" calc_neutral_pep_mass="573.78">
          <search_score name="xcorr" value="1.063275"/>
        </search_hit>
      </search_result>
    </spectrum_query>
    <spectrum_query spectrum="test_1-target_tide.129.129.2" start_scan="0" end_scan="0" precursor_neutral_mass="1301.68544706646" assumed_charge="2">
      <search_result>
        <search_hit hit_rank="1" peptide="SVSLTGAPESVQK" calc_neutral_pep_mass="651.85">
          <search_score name="xcorr" value="3.335114"/>
        </search_hit>
        <search_hit hit_rank="2" peptide="GQSIDDMIPAQK" calc_neutral_pep_mass="651.85">
          <search_score name="xcorr" value="1.805978"/>
        </search_hit>
        <search_hit hit_rank="3" peptide="EGSQLTLQDLAK" calc_neutral_pep_mass="651.85">
          <search_score name="xcorr" value="1.742776"/>
        </search_hit>
        <search_hit hit_rank="4" peptide="EGSGLFPDLLVR" calc_neutral_pep_mass="651.85">
          <search_score name="xcorr" value="1.587927"/>
        </search_hit>
        <search_hit hit_rank="5" peptide="NCLQVLNPAFK" calc_neutral_pep_mass="651.85">
          <search_score name="xcorr" value="1.539457"/>
        </search_hit>
      </search_result>
    </spectrum_query>
    <spectrum_query spectrum="test_1-target_tide.130.130.2" start_scan="0" end_scan="0" precursor_neutral_mass="1604.74544706646" assumed_charge="2">
      <search_result>
        <search_hit hit_rank="1" peptide="ENVNATENCISAVGK" calc_neutral_pep_mass="803.38">
          <search_score name="xcorr" value="3.242202"/>
        </search_hit>
        <search_hit hit_rank="2" peptide="LQEQQQQMEAQDK" calc_neutral_pep_mass="803.38">
          <search_score name="xcorr" value="1.146207"/>
        </search_hit>
        <search_hit hit_rank="3" peptide="ALTGHLEEVVLALLK" calc_neutral_pep_mass="803.38">
          <search_score name="xcorr" value="1.072883"/>
        </search_hit>
        <search_hit hit_rank="4" peptide="METHEVPSSTYVPK" calc_neutral_pep_mass="803.38">
          <search_score name="xcorr" value="1.025311"/>
        </search_hit>
        <search_hit hit_rank="5" peptide="QQSAQSQVSTTAENK" calc_neutral_pep_mass="803.38">
          <search_score name="xcorr" value="1.023680"/>
        </search_hit>
      </search_result>
    </spectrum_query>
    <spectrum_query spectrum="test_1-target_tide.131.131.4" start_scan="0" end_scan="0" precursor_neutral_mass="2232.97089413292" assumed_charge="4">
      <search_result>
        <search_hit hit_rank="1" peptide="ALPGGLDAIITEGGENFSQGQR" calc_neutral_pep_mass="559.25">
          <search_score name="xcorr" value="1.306605"/>
        </search_hit>
        <search_hit hit_rank="2" peptide="DGVQGPVGLPGPAGPAGSPGEDGDK" calc_neutral_pep_mass="559.25">
          <search_score name="xcorr" value="1.306464"/>
        </search_hit>
        <search_hit hit_rank="3" peptide="SVPQAGAQWHHLGSLQAPPPR" calc_neutral_pep_mass="559.25">
          <search_score name="xcorr" value="1.224517"/>
        </search_hit>
        <search_hit hit_rank="4" peptide="DALQANGEGPEVGPGTEEPAHR" calc_neutral_pep_mass="559.25">
          <search_score name="xcorr" value="1.211547"/>
        </search_hit>
        <search_hit hit_rank="5" peptide="QALIVVLQWCFNHNFSVR" calc_neutral_pep_mass="559.25">
          <search_score name="xcorr" value="1.151232"/>
        </search_hit>
      </search_result>
    </spectrum_query>
    <spectrum_query spectrum="test_1-target_tide.132.132.2" start_scan="0" end_scan="0" precursor_neutral_mass="1651.84544706646" assumed_charge="2">
      <search_result>
        <search_hit hit_rank="1" peptide="VTAQGPGLEPSGNIANK" calc_neutral_pep_mass="826.93">
          <search_score name="xcorr" value="3.337767"/>
        </search_hit>
        <search_hit hit_rank="2" peptide="EQPPPASTPGHGPSHR" calc_neutral_pep_mass="826.93">
          <search_score name="xcorr" value="1.688801"/>
        </search_hit>
        <search_hit hit_rank="3" peptide="MFEILLDENSEADK" calc_neutral_pep_mass="826.93">
          <search_score name="xcorr" value="1.615152"/>
        </search_hit>
        <search_hit hit_rank="4" peptide="YPEDLPITLPNLLR" calc_neutral_pep_mass="826.93">
          <search_score name="xcorr" value="1.613175"/>
        </search_hit>
        <search_hit hit_rank="5" peptide="LIQTCQHVEVNASR" calc_neutral_pep_mass="826.93">
          <search_score name="xcorr" value="1.521936"/>
        </search_hit>
      </search_result>
    </spectrum_query>
    <spectrum_query spectrum="test_1-target_tide.134.134.3" start_scan="0" end_scan="0" precursor_neutral_mass="1815.75817059969" assumed_charge="3">
      <search_result>
        <search_hit hit_rank="1" peptide="DIEASGFNGTAAFMEVR" calc_neutral_pep_mass="606.26">
          <search_score name="xcorr" value="1.226708"/>
        </search_hit>
        <search_hit hit_rank="2" peptide="DIKPDNVLLDVNGHIR" calc_neutral_pep_mass="606.26">
          <search_score name="xcorr" value="1.106342"/>
        </search_hit>
        <search_hit hit_rank="3" peptide="LEGTNVTVNVLHPGIVR" calc_neutral_pep_mass="606.26">
          <search_score name="xcorr" value="1.091056"/>
        </search_hit>
        <search_hit hit_rank="4" peptide="VCELQSGNQQLEEQR" calc_neutral_pep_mass="606.26">
          <search_score name="xcorr" value="1.071693"/>
        </search_hit>
        <search_hit hit_rank="5" peptide="LDSVIEFSIPDSLLIR" calc_neutral_pep_mass="606.26">
          <search_score name="xcorr" value="1.053551"/>
        </search_hit>
      </search_result>
    </spectrum_query>
    <spectrum_query spectrum="test_1-target_tide.135.135.2" start_scan="0" end_scan="0" precursor_neutral_mass="1145.42544706646" assumed_charge="2">
      <search_result>
        <search_hit hit_rank="1" peptide="CFLGNGTGYR" calc_neutral_pep_mass="573.72">
          <search_score name="xcorr" value="0.978733"/>
        </search_hit>
        <search_hit hit_rank="2" peptide="NVIPSFNNDK" calc_neutral_pep_mass="573.72">
          <search_score name="xcorr" value="0.899192"/>
        </search_hit>
        <search_hit hit_rank="3" peptide="TLWFQPAER" calc_neutral_pep_mass="573.72">
          <search_score name="xcorr" value="0.834865"/>
        </search_hit>
        <search_hit hit_rank="4" peptide="TQIITNTAER" calc_neutral_pep_mass="573.72">
          <search_score name="xcorr" value="0.819176"/>
        </search_hit>
        <search_hit hit_rank="5" peptide="VLGPGVSYVVR" calc_neutral_pep_mass="573.72">
          <search_score name="xcorr" value="0.803603"/>
        </search_hit>
      </search_result>
    </spectrum_query>
    <spectrum_query spectrum="test_1-target_tide.135.135.3" start_scan="0" end_scan="0" precursor_neutral_mass="1718.13817059969" assumed_charge="3">
      <search_result>
        <search_hit hit_rank="1" peptide="LAQLAGDHECGSSSQR" calc_neutral_pep_mass="573.72">
          <search_score name="xcorr" value="1.009291"/>
        </search_hit>
        <search_hit hit_rank="2" peptide="LGLAYSEIQLPPGFGR" calc_neutral_pep_mass="573.72">
          <search_score name="xcorr" value="1.007581"/>
        </search_hit>
        <search_hit hit_rank="3" peptide="HAIGNNEYGEMEAER" calc_neutral_pep_mass="573.72">
          <search_score name="xcorr" value="0.932660"/>
        </search_hit>
        <search_hit hit_rank="4" peptide="VIEEFGDFLGPQQIK" calc_neutral_pep_mass="573.72">
          <search_score name="xcorr" value="0.910339"/>
        </search_hit>
        <search_hit hit_rank="5" peptide="SADSLVEAVLISEGLGR" calc_neutral_pep_mass="573.72">
          <search_score name="xcorr" value="0.877865"/>
        </search_hit>
      </search_result>
    </spectrum_query>
    <spectrum_query spectrum="test_1-target_tide.136.136.2" start_scan="0" end_scan="0" precursor_neutral_mass="1301.68544706646" assumed_charge="2">
      <search_result>
        <search_hit hit_rank="1" peptide="SVSLTGAPESVQK" calc_neutral_pep_mass="651.85">
          <search_score name="xcorr" value="2.849077"/>
        </search_hit>
        <search_hit hit_rank="2" peptide="EGSQLTLQDLAK" calc_neutral_pep_mass="651.85">
          <search_score name="xcorr" value="1.790970"/>
        </search_hit>
        <search_hit hit_rank="3" peptide="GQSIDDMIPAQK" calc_neutral_pep_mass="651.85">
          <search_score name="xcorr" value="1.537381"/>
        </search_hit>
        <search_hit hit_rank="4" peptide="NCLQVLNPAFK" calc_neutral_pep_mass="651.85">
          <search_score name="xcorr" value="1.478345"/>
        </search_hit>
        <search_hit hit_rank="5" peptide="EGSGLFPDLLVR" calc_neutral_pep_mass="651.85">
          <search_score name="xcorr" value="1.477852"/>
        </search_hit>
      </search_result>
    </spectrum_query>
    <spectrum_query spectrum="test_1-target_tide.137.137.2" start_scan="0" end_scan="0" precursor_neutral_mass="1651.84544706646" assumed_charge="2">
      <search_result>
        <search_hit hit_rank="1" peptide="VTAQGPGLEPSGNIANK" calc_neutral_pep_mass="826.93">
          <search_score name="xcorr" value="3.871080"/>
        </search_hit>
        <search_hit hit_rank="2" peptide="YPEDLPITLPNLLR" calc_neutral_pep_mass="826.93">
          <search_score name="xcorr" value="1.617274"/>
        </search_hit>
        <search_hit hit_rank="3" peptide="VLWGECLGGALYWK" calc_neutral_pep_mass="826.93">
          <search_score name="xcorr" value="1.307061"/>
        </search_hit>
        <search_hit hit_rank="4" peptide="CQAPQEPPAWGVSPK" calc_neutral_pep_mass="826.93">
          <search_score name="xcorr" value="1.248435"/>
        </search_hit>
        <search_hit hit_rank="5" peptide="MEADMSIPSMQGDLK" calc_neutral_pep_mass="826.93">
          <search_score name="xcorr" value="1.177685"/>
        </search_hit>
      </search_result>
    </spectrum_query>
    <spectrum_query spectrum="test_1-target_tide.138.138.4" start_scan="0" end_scan="0" precursor_neutral_mass="2232.97089413292" assumed_charge="4">
      <search_result>
        <search_hit hit_rank="1" peptide="ILELEGISPEYFQSVSFSGK" calc_neutral_pep_mass="559.25">
          <search_score name="xcorr" value="1.506064"/>
        </search_hit>
        <search_hit hit_rank="2" peptide="GQLNADEISLRPAQSFLMNK" calc_neutral_pep_mass="559.25">
          <search_score name="xcorr" value="1.470195"/>
        </search_hit>
        <search_hit hit_rank="3" peptide="GEQNFTNTVPQDPQPFAVDK" calc_neutral_pep_mass="559.25">
          <search_score name="xcorr" value="1.465210"/>
        </search_hit>
        <search_hit hit_rank="4" peptide="DGVQGPVGLPGPAGPAGSPGEDGDK" calc_neutral_pep_mass="559.25">
          <search_score name="xcorr" value="1.327507"/>
        </search_hit>
        <search_hit hit_rank="5" peptide="SATIVADLSETTIQTPDGEER" calc_neutral_pep_mass="559.25">
          <search_score name="xcorr" value="1.326323"/>
        </search_hit>
      </search_result>
    </spectrum_query>
    <spectrum_query spectrum="test_1-target_tide.139.139.2" start_scan="0" end_scan="0" precursor_neutral_mass="1325.66544706646" assumed_charge="2">
      <search_result>
        <search_hit hit_rank="1" peptide="IIYGGSVTGATCK" calc_neutral_pep_mass="663.84">
          <search_score name="xcorr" value="3.035309"/>
        </search_hit>
        <search_hit hit_rank="2" peptide="HSYNESYHCK" calc_neutral_pep_mass="663.84">
          <search_score name="xcorr" value="1.439368"/>
        </search_hit>
        <search_hit hit_rank="3" peptide="FQNYMVALVNK" calc_neutral_pep_mass="663.84">
          <search_score name="xcorr" value="1.239845"/>
        </search_hit>
        <search_hit hit_rank="4" peptide="IYGLGSLALYEK" calc_neutral_pep_mass="663.84">
          <search_score name="xcorr" value="1.228154"/>
        </search_hit>
        <search_hit hit_rank="5" peptide="FPQAEHQQDVK" calc_neutral_pep_mass="663.84">
          <search_score name="xcorr" value="1.214082"/>
        </search_hit>
      </search_result>
    </spectrum_query>
    <spectrum_query spectrum="test_1-target_tide.141.141.2" start_scan="0" end_scan="0" precursor_neutral_mass="1553.60544706646" assumed_charge="2">
      <search_result>
        <search_hit hit_rank="1" peptide="WTEQSQEFAAQTK" calc_neutral_pep_mass="777.81">
          <search_score name="xcorr" value="1.383019"/>
        </search_hit>
        <search_hit hit_rank="2" peptide="VAGHTWCVPSTSPR" calc_neutral_pep_mass="777.81">
          <search_score name="xcorr" value="1.169277"/>
        </search_hit>
        <search_hit hit_rank="3" peptide="SFDTVIMNPPFGTK" calc_neutral_pep_mass="777.81">
          <search_score name="xcorr" value="1.167826"/>
        </search_hit>
        <search_hit hit_rank="4" peptide="EGCILDLSDSSVTR" calc_neutral_pep_mass="777.81">
          <search_score name="xcorr" value="1.162603"/>
        </search_hit>
        <search_hit hit_rank="5" peptide="NESHVPEADLSLLK" calc_neutral_pep_mass="777.81">
          <search_score name="xcorr" value="1.104501"/>
        </search_hit>
      </search_result>
    </spectrum_query>
    <spectrum_query spectrum="test_1-target_tide.142.142.2" start_scan="0" end_scan="0" precursor_neutral_mass="1325.66544706646" assumed_charge="2">
      <search_result>
        <search_hit hit_rank="1" peptide="IIYGGSVTGATCK" calc_neutral_pep_mass="663.84">
          <search_score name="xcorr" value="3.006984"/>
        </search_hit>
        <search_hit hit_rank="2" peptide="LFWTGDPHLIK" calc_neutral_pep_mass="663.84">
          <search_score name="xcorr" value="1.676140"/>
        </search_hit>
        <search_hit hit_rank="3" peptide="ICSVHTPSSNPK" calc_neutral_pep_mass="663.84">
          <search_score name="xcorr" value="1.468130"/>
        </search_hit>
        <search_hit hit_rank="4" peptide="TDEEGNAYGSER" calc_neutral_pep_mass="663.84">
          <search_score name="xcorr" value="1.389084"/>
        </search_hit>
        <search_hit hit_rank="5" peptide="MRPIILVGPSLK" calc_neutral_pep_mass="663.84">
          <search_score name="xcorr" value="1.351393"/>
        </search_hit>
      </search_result>
    </spectrum_query>
    <spectrum_query spectrum="test_1-target_tide.143.143.2" start_scan="0" end_scan="0" precursor_neutral_mass="1191.58544706646" assumed_charge="2">
      <search_result>
        <search_hit hit_rank="1" peptide="LSTDLQLFQK" calc_neutral_pep_mass="596.8">
          <search_score name="xcorr" value="1.976633"/>
        </search_hit>
        <search_hit hit_rank="2" peptide="QTGYLTIGGQR" calc_neutral_pep_mass="596.8">
          <search_score name="xcorr" value="1.613841"/>
        </search_hit>
        <search_hit hit_rank="3" peptide="SDVSLCNLER" calc_neutral_pep_mass="596.8">
          <search_score name="xcorr" value="1.537145"/>
        </search_hit>
        <search_hit hit_rank="4" peptide="QFQFIQVAGR" calc_neutral_pep_mass="596.8">
          <search_score name="xcorr" value="1.507223"/>
        </search_hit>
        <search_hit hit_rank="5" peptide="GGDWLCSDAGR" calc_neutral_pep_mass="596.8">
          <search_score name="xcorr" value="1.475842"/>
        </search_hit>
      </search_result>
    </spectrum_query>
    <spectrum_query spectrum="test_1-target_tide.144.144.3" start_scan="0" end_scan="0" precursor_neutral_mass="1588.83817059969" assumed_charge="3">
      <search_result>
        <search_hit hit_rank="1" peptide="ENSSPCQGNGEQAGR" calc_neutral_pep_mass="530.62">
          <search_score name="xcorr" value="2.229602"/>
        </search_hit>
        <search_hit hit_rank="2" peptide="GQGPEPAPGGGVEGVGAR" calc_neutral_pep_mass="530.62">
          <search_score name="xcorr" value="1.986319"/>
        </search_hit>
        <search_hit hit_rank="3" peptide="AFNQSACLMQHQR" calc_neutral_pep_mass="530.62">
          <search_score name="xcorr" value="1.970049"/>
        </search_hit>
        <search_hit hit_rank="4" peptide="QLVDEFQASGGVGER" calc_neutral_pep_mass="530.62">
          <search_score name="xcorr" value="1.937170"/>
        </search_hit>
        <search_hit hit_rank="5" peptide="MNDTIFGFTMEER" calc_neutral_pep_mass="530.62">
          <search_score name="xcorr" value="1.844138"/>
        </search_hit>
      </search_result>
    </spectrum_query>
    <spectrum_query spectrum="test_1-target_tide.145.145.3" start_scan="0" end_scan="0" precursor_neutral_mass="1434.63817059969" assumed_charge="3">
      <search_result>
        <search_hit hit_rank="1" peptide="AFVRPSGTEDVVR" calc_neutral_pep_mass="479.22">
          <search_score name="xcorr" value="2.260500"/>
        </search_hit>
        <search_hit hit_rank="2" peptide="CGQEAVTMWQPK" calc_neutral_pep_mass="479.22">
          <search_score name="xcorr" value="1.342712"/>
        </search_hit>
        <search_hit hit_rank="3" peptide="CLVFSLIGLHFK" calc_neutral_pep_mass="479.22">
          <search_score name="xcorr" value="1.339408"/>
        </search_hit>
        <search_hit hit_rank="4" peptide="TVFAEHISDECK" calc_neutral_pep_mass="479.22">
          <search_score name="xcorr" value="1.292268"/>
        </search_hit>
        <search_hit hit_rank="5" peptide="GEGGAQASLLHPPAK" calc_neutral_pep_mass="479.22">
          <search_score name="xcorr" value="1.275064"/>
        </search_hit>
      </search_result>
    </spectrum_query>
    <spectrum_query spectrum="test_1-target_tide.147.147.2" start_scan="0" end_scan="0" precursor_neutral_mass="1191.58544706646" assumed_charge="2">
      <search_result>
        <search_hit hit_rank="1" peptide="QTGYLTIGGQR" calc_neutral_pep_mass="596.8">
          <search_score name="xcorr" value="1.543134"/>
        </search_hit>
        <search_hit hit_rank="2" peptide="SDVSLCNLER" calc_neutral_pep_mass="596.8">
          <search_score name="xcorr" value="1.420114"/>
        </search_hit>
        <search_hit hit_rank="3" peptide="LSTDLQLFQK" calc_neutral_pep_mass="596.8">
          <search_score name="xcorr" value="1.412167"/>
        </search_hit>
        <search_hit hit_rank="4" peptide="GGDWLCSDAGR" calc_neutral_pep_mass="596.8">
          <search_score name="xcorr" value="1.267966"/>
        </search_hit>
        <search_hit hit_rank="5" peptide="EAFTVIDQNR" calc_neutral_pep_mass="596.8">
          <search_score name="xcorr" value="1.181719"/>
        </search_hit>
      </search_result>
    </spectrum_query>
    <spectrum_query spectrum="test_1-target_tide.148.148.3" start_scan="0" end_scan="0" precursor_neutral_mass="2096.94817059969" assumed_charge="3">
      <search_result>
        <search_hit hit_rank="1" peptide="QQSSVTVSEPLAPNQEEVR" calc_neutral_pep_mass="699.99">
          <search_score name="xcorr" value="1.687052"/>
        </search_hit>
        <search_hit hit_rank="2" peptide="DLETQIECLMSDQECVK" calc_neutral_pep_mass="699.99">
          <search_score name="xcorr" value="1.673878"/>
        </search_hit>
        <search_hit hit_rank="3" peptide="EDCVDINECSLSDNLCR" calc_neutral_pep_mass="699.99">
          <search_score name="xcorr" value="1.606476"/>
        </search_hit>
        <search_hit hit_rank="4" peptide="TEVEISDHNDSLLMKPLR" calc_neutral_pep_mass="699.99">
          <search_score name="xcorr" value="1.561292"/>
        </search_hit>
        <search_hit hit_rank="5" peptide="MVSSLPSTADPSHQTMPANK" calc_neutral_pep_mass="699.99">
          <search_score name="xcorr" value="1.399380"/>
        </search_hit>
      </search_result>
    </spectrum_query>
    <spectrum_query spectrum="test_1-target_tide.149.149.2" start_scan="0" end_scan="0" precursor_neutral_mass="1553.60544706646" assumed_charge="2">
      <search_result>
        <search_hit hit_rank="1" peptide="WTEQSQEFAAQTK" calc_neutral_pep_mass="777.81">
          <search_score name="xcorr" value="1.359996"/>
        </search_hit>
        <search_hit hit_rank="2" peptide="VAGHTWCVPSTSPR" calc_neutral_pep_mass="777.81">
          <search_score name="xcorr" value="1.322511"/>
        </search_hit>
        <search_hit hit_rank="3" peptide="EGCILDLSDSSVTR" calc_neutral_pep_mass="777.81">
          <search_score name="xcorr" value="1.281438"/>
        </search_hit>
        <search_hit hit_rank="4" peptide="YELLNVLEFTSAR" calc_neutral_pep_mass="777.81">
          <search_score name="xcorr" value="1.249444"/>
        </search_hit>
        <search_hit hit_rank="5" peptide="FTQYGLVVQACNR" calc_neutral_pep_mass="777.81">
          <search_score name="xcorr" value="1.239754"/>
        </search_hit>
      </search_result>
    </spectrum_query>
    <spectrum_query spectrum="test_1-target_tide.150.150.3" start_scan="0" end_scan="0" precursor_neutral_mass="1588.83817059969" assumed_charge="3">
      <search_result>
        <search_hit hit_rank="1" peptide="ENSSPCQGNGEQAGR" calc_neutral_pep_mass="530.62">
          <search_score name="xcorr" value="2.165805"/>
        </search_hit>
        <search_hit hit_rank="2" peptide="FNNVQLNLTDEER" calc_neutral_pep_mass="530.62">
          <search_score name="xcorr" value="2.013680"/>
        </search_hit>
        <search_hit hit_rank="3" peptide="MNDTIFGFTMEER" calc_neutral_pep_mass="530.62">
          <search_score name="xcorr" value="2.007136"/>
        </search_hit>
        <search_hit hit_rank="4" peptide="AFSYHSSFSHHQR" calc_neutral_pep_mass="530.62">
          <search_score name="xcorr" value="1.946870"/>
        </search_hit>
        <search_hit hit_rank="5" peptide="KPEVLPDEVPEALR" calc_neutral_pep_mass="530.62">
          <search_score name="xcorr" value="1.840726"/>
        </search_hit>
      </search_result>
    </spectrum_query>
    <spectrum_query spectrum="test_1-target_tide.151.151.2" start_scan="0" end_scan="0" precursor_neutral_mass="1177.60544706646" assumed_charge="2">
      <search_result>
        <search_hit hit_rank="1" peptide="EYQTQLIQR" calc_neutral_pep_mass="589.81">
          <search_score name="xcorr" value="2.072155"/>
        </search_hit>
        <search_hit hit_rank="2" peptide="VYGDGAAWSPR" calc_neutral_pep_mass="589.81">
          <search_score name="xcorr" value="1.526643"/>
        </search_hit>
        <search_hit hit_rank="3" peptide="LRPFHLAAVR" calc_neutral_pep_mass="589.81">
          <search_score name="xcorr" value="1.503597"/>
        </search_hit>
        <search_hit hit_rank="4" peptide="VLGFLIENFK" calc_neutral_pep_mass="589.81">
          <search_score name="xcorr" value="1.467444"/>
        </search_hit>
        <search_hit hit_rank="5" peptide="GNGGFPIQSFR" calc_neutral_pep_mass="589.81">
          <search_score name="xcorr" value="1.455119"/>
        </search_hit>
      </search_result>
    </spectrum_query>
    <spectrum_query spectrum="test_1-target_tide.153.153.3" start_scan="0" end_scan="0" precursor_neutral_mass="2096.94817059969" assumed_charge="3">
      <search_result>
        <search_hit hit_rank="1" peptide="TNIADLVTALIVLLVVSIVK" calc_neutral_pep_mass="699.99">
          <search_score name="xcorr" value="1.737680"/>
        </search_hit>
        <search_hit hit_rank="2" peptide="TEVEISDHNDSLLMKPLR" calc_neutral_pep_mass="699.99">
          <search_score name="xcorr" value="1.641844"/>
        </search_hit>
        <search_hit hit_rank="3" peptide="DLETQIECLMSDQECVK" calc_neutral_pep_mass="699.99">
          <search_score name="xcorr" value="1.551982"/>
        </search_hit>
        <search_hit hit_rank="4" peptide="EDCVDINECSLSDNLCR" calc_neutral_pep_mass="699.99">
          <search_score name="xcorr" value="1.486283"/>
        </search_hit>
        <search_hit hit_rank="5" peptide="LPPGPTPLPVIGNILQIDIK" calc_neutral_pep_mass="699.99">
          <search_score name="xcorr" value="1.377170"/>
        </search_hit>
      </search_result>
    </spectrum_query>
    <spectrum_query spectrum="test_1-target_tide.154.154.4" start_scan="0" end_scan="0" precursor_neutral_mass="1933.97089413292" assumed_charge="4">
      <search_result>
        <search_hit hit_rank="1" peptide="VLIDLFIWNDDQNSSR" calc_neutral_pep_mass="484.5">
          <search_score name="xcorr" value="1.493571"/>
        </search_hit>
        <search_hit hit_rank="2" peptide="YALIGTAVGVAISAGFLALK" calc_neutral_pep_mass="484.5">
          <search_score name="xcorr" value="1.169619"/>
        </search_hit>
        <search_hit hit_rank="3" peptide="ETLTNISALENCGSPAMK" calc_neutral_pep_mass="484.5">
          <search_score name="xcorr" value="1.120625"/>
        </search_hit>
        <search_hit hit_rank="4" peptide="SDVGSSDESAVSIFHELR" calc_neutral_pep_mass="484.5">
          <search_score name="xcorr" value="1.068560"/>
        </search_hit>
        <search_hit hit_rank="5" peptide="LTQCNVSATLQEPAGTSR" calc_neutral_pep_mass="484.5">
          <search_score name="xcorr" value="1.067740"/>
        </search_hit>
      </search_result>
    </spectrum_query>
    <spectrum_query spectrum="test_1-target_tide.155.155.2" start_scan="0" end_scan="0" precursor_neutral_mass="1177.60544706646" assumed_charge="2">
      <search_result>
        <search_hit hit_rank="1" peptide="EYQTQLIQR" calc_neutral_pep_mass="589.81">
          <search_score name="xcorr" value="2.103466"/>
        </search_hit>
        <search_hit hit_rank="2" peptide="SESQVTMLQR" calc_neutral_pep_mass="589.81">
          <search_score name="xcorr" value="1.490634"/>
        </search_hit>
        <search_hit hit_rank="3" peptide="GNGGFPIQSFR" calc_neutral_pep_mass="589.81">
          <search_score name="xcorr" value="1.252054"/>
        </search_hit>
        <search_hit hit_rank="4" peptide="ESNMSTLLER" calc_neutral_pep_mass="589.81">
          <search_score name="xcorr" value="1.233930"/>
        </search_hit>
        <search_hit hit_rank="5" peptide="SAEQLTNFLR" calc_neutral_pep_mass="589.81">
          <search_score name="xcorr" value="1.194852"/>
        </search_hit>
      </search_result>
    </spectrum_query>
    <spectrum_query spectrum="test_1-target_tide.156.156.3" start_scan="0" end_scan="0" precursor_neutral_mass="2232.96817059969" assumed_charge="3">
      <search_result>
        <search_hit hit_rank="1" peptide="TELACNNTVIGSQMQLQLGR" calc_neutral_pep_mass="745.33">
          <search_score name="xcorr" value="1.818560"/>
        </search_hit>
        <search_hit hit_rank="2" peptide="QQLAQYQQQQSQASAPSTSR" calc_neutral_pep_mass="745.33">
          <search_score name="xcorr" value="1.678224"/>
        </search_hit>
        <search_hit hit_rank="3" peptide="STCSCPDLQPNGQDLGENSR" calc_neutral_pep_mass="745.33">
          <search_score name="xcorr" value="1.676456"/>
        </search_hit>
        <search_hit hit_rank="4" peptide="STAAMSTYTGIFTDQVLSVLK" calc_neutral_pep_mass="745.33">
          <search_score name="xcorr" value="1.609493"/>
        </search_hit>
        <search_hit hit_rank="5" peptide="GEQNFTNTVPQDPQPFAVDK" calc_neutral_pep_mass="745.33">
          <search_score name="xcorr" value="1.605398"/>
        </search_hit>
      </search_result>
    </spectrum_query>
    <spectrum_query spectrum="test_1-target_tide.157.157.2" start_scan="0" end_scan="0" precursor_neutral_mass="1249.58544706646" assumed_charge="2">
      <search_result>
        <search_hit hit_rank="1" peptide="EQVANSAFVER" calc_neutral_pep_mass="625.8">
          <search_score name="xcorr" value="1.870615"/>
        </search_hit>
        <search_hit hit_rank="2" peptide="EVQQGEEFER" calc_neutral_pep_mass="625.8">
          <search_score name="xcorr" value="1.365475"/>
        </search_hit>
        <search_hit hit_rank="3" peptide="DQLLPPSPNNR" calc_neutral_pep_mass="625.8">
          <search_score name="xcorr" value="1.255004"/>
        </search_hit>
        <search_hit hit_rank="4" peptide="KPPSASSAPALAR" calc_neutral_pep_mass="625.8">
          <search_score name="xcorr" value="1.134255"/>
        </search_hit>
        <search_hit hit_rank="5" peptide="LQDAYGGWANR" calc_neutral_pep_mass="625.8">
          <search_score name="xcorr" value="1.132697"/>
        </search_hit>
      </search_result>
    </spectrum_query>
    <spectrum_query spectrum="test_1-target_tide.159.159.2" start_scan="0" end_scan="0" precursor_neutral_mass="1202.64544706646" assumed_charge="2">
      <search_result>
        <search_hit hit_rank="1" peptide="FAAATGATPIAGR" calc_neutral_pep_mass="602.33">
          <search_score name="xcorr" value="3.257943"/>
        </search_hit>
        <search_hit hit_rank="2" peptide="ENLTELSGGQR" calc_neutral_pep_mass="602.33">
          <search_score name="xcorr" value="1.238637"/>
        </search_hit>
        <search_hit hit_rank="3" peptide="ACANGPCLSVR" calc_neutral_pep_mass="602.33">
          <search_score name="xcorr" value="1.212934"/>
        </search_hit>
        <search_hit hit_rank="4" peptide="GEEPVFIVTGR" calc_neutral_pep_mass="602.33">
          <search_score name="xcorr" value="1.210395"/>
        </search_hit>
        <search_hit hit_rank="5" peptide="SGGSTAPEVGWR" calc_neutral_pep_mass="602.33">
          <search_score name="xcorr" value="1.195010"/>
        </search_hit>
      </search_result>
    </spectrum_query>
    <spectrum_query spectrum="test_1-target_tide.160.160.2" start_scan="0" end_scan="0" precursor_neutral_mass="1136.30544706646" assumed_charge="2">
      <search_result>
        <search_hit hit_rank="1" peptide="ADAEYYAAHK" calc_neutral_pep_mass="569.16">
          <search_score name="xcorr" value="1.370928"/>
        </search_hit>
        <search_hit hit_rank="2" peptide="VQAKPAVEHR" calc_neutral_pep_mass="569.16">
          <search_score name="xcorr" value="0.909703"/>
        </search_hit>
        <search_hit hit_rank="3" peptide="HLIVQYLPR" calc_neutral_pep_mass="569.16">
          <search_score name="xcorr" value="0.902791"/>
        </search_hit>
        <search_hit hit_rank="4" peptide="HLDPEEMIR" calc_neutral_pep_mass="569.16">
          <search_score name="xcorr" value="0.861965"/>
        </search_hit>
        <search_hit hit_rank="5" peptide="FSQGQQLVTK" calc_neutral_pep_mass="569.16">
          <search_score name="xcorr" value="0.848222"/>
        </search_hit>
      </search_result>
    </spectrum_query>
    <spectrum_query spectrum="test_1-target_tide.160.160.3" start_scan="0" end_scan="0" precursor_neutral_mass="1704.45817059969" assumed_charge="3">
      <search_result>
        <search_hit hit_rank="1" peptide="CSIHLQLQGLVDPAR" calc_neutral_pep_mass="569.16">
          <search_score name="xcorr" value="1.515942"/>
        </search_hit>
        <search_hit hit_rank="2" peptide="AFHDPESAQQHFHR" calc_neutral_pep_mass="569.16">
          <search_score name="xcorr" value="1.496260"/>
        </search_hit>
        <search_hit hit_rank="3" peptide="GGGFAPGTEPFPGLFPR" calc_neutral_pep_mass="569.16">
          <search_score name="xcorr" value="1.461130"/>
        </search_hit>
        <search_hit hit_rank="4" peptide="ECPQLELLDLAFTR" calc_neutral_pep_mass="569.16">
          <search_score name="xcorr" value="1.427634"/>
        </search_hit>
        <search_hit hit_rank="5" peptide="HGHGPSGKPMLHHGEK" calc_neutral_pep_mass="569.16">
          <search_score name="xcorr" value="1.345055"/>
        </search_hit>
      </search_result>
    </spectrum_query>
    <spectrum_query spectrum="test_1-target_tide.161.161.2" start_scan="0" end_scan="0" precursor_neutral_mass="1138.52544706646" assumed_charge="2">
      <search_result>
        <search_hit hit_rank="1" peptide="YYPTEDVPR" calc_neutral_pep_mass="570.27">
          <search_score name="xcorr" value="1.552344"/>
        </search_hit>
        <search_hit hit_rank="2" peptide="LLVLTGGGRPR" calc_neutral_pep_mass="570.27">
          <search_score name="xcorr" value="1.284494"/>
        </search_hit>
        <search_hit hit_rank="3" peptide="TLIPTEPVDR" calc_neutral_pep_mass="570.27">
          <search_score name="xcorr" value="1.175902"/>
        </search_hit>
        <search_hit hit_rank="4" peptide="AEEGFTQVTR" calc_neutral_pep_mass="570.27">
          <search_score name="xcorr" value="1.165419"/>
        </search_hit>
        <search_hit hit_rank="5" peptide="SLPLDQTLPR" calc_neutral_pep_mass="570.27">
          <search_score name="xcorr" value="1.138593"/>
        </search_hit>
      </search_result>
    </spectrum_query>
    <spectrum_query spectrum="test_1-target_tide.162.162.3" start_scan="0" end_scan="0" precursor_neutral_mass="1571.82817059969" assumed_charge="3">
      <search_result>
        <search_hit hit_rank="1" peptide="HSNSSSGSLTNTPER" calc_neutral_pep_mass="524.95">
          <search_score name="xcorr" value="1.537505"/>
        </search_hit>
        <search_hit hit_rank="2" peptide="IIMEQIENLEVSR" calc_neutral_pep_mass="524.95">
          <search_score name="xcorr" value="1.412550"/>
        </search_hit>
        <search_hit hit_rank="3" peptide="MINQLTGTIQVAQR" calc_neutral_pep_mass="524.95">
          <search_score name="xcorr" value="1.376373"/>
        </search_hit>
        <search_hit hit_rank="4" peptide="GAPAGAGSGTQTGTGTGAR" calc_neutral_pep_mass="524.95">
          <search_score name="xcorr" value="1.322779"/>
        </search_hit>
        <search_hit hit_rank="5" peptide="TTTWQRPTLESVR" calc_neutral_pep_mass="524.95">
          <search_score name="xcorr" value="1.297526"/>
        </search_hit>
      </search_result>
    </spectrum_query>
    <spectrum_query spectrum="test_1-target_tide.163.163.2" start_scan="0" end_scan="0" precursor_neutral_mass="981.94544706646" assumed_charge="2">
      <search_result>
        <search_hit hit_rank="1" peptide="NNSSDVDTK" calc_neutral_pep_mass="491.98">
          <search_score name="xcorr" value="1.230623"/>
        </search_hit>
        <search_hit hit_rank="2" peptide="LDSLMSEGK" calc_neutral_pep_mass="491.98">
          <search_score name="xcorr" value="1.168237"/>
        </search_hit>
        <search_hit hit_rank="3" peptide="AVDPGLPSVK" calc_neutral_pep_mass="491.98">
          <search_score name="xcorr" value="1.157586"/>
        </search_hit>
        <search_hit hit_rank="4" peptide="GSMVSSDAVK" calc_neutral_pep_mass="491.98">
          <search_score name="xcorr" value="1.045823"/>
        </search_hit>
        <search_hit hit_rank="5" peptide="TQAYLEEK" calc_neutral_pep_mass="491.98">
          <search_score name="xcorr" value="1.021029"/>
        </search_hit>
      </search_result>
    </spectrum_query>
    <spectrum_query spectrum="test_1-target_tide.163.163.3" start_scan="0" end_scan="0" precursor_neutral_mass="1472.91817059969" assumed_charge="3">
      <search_result>
        <search_hit hit_rank="1" peptide="VEINPPDDMEWK" calc_neutral_pep_mass="491.98">
          <search_score name="xcorr" value="2.059424"/>
        </search_hit>
        <search_hit hit_rank="2" peptide="ETHEAESHMYLK" calc_neutral_pep_mass="491.98">
          <search_score name="xcorr" value="1.857392"/>
        </search_hit>
        <search_hit hit_rank="3" peptide="AAVVTSPPPTTAPHK" calc_neutral_pep_mass="491.98">
          <search_score name="xcorr" value="1.767987"/>
        </search_hit>
        <search_hit hit_rank="4" peptide="LAALYNHHTGTFK" calc_neutral_pep_mass="491.98">
          <search_score name="xcorr" value="1.542966"/>
        </search_hit>
        <search_hit hit_rank="5" peptide="IQPQETLELGHPI" calc_neutral_pep_mass="491.98">
          <search_score name="xcorr" value="1.532474"/>
        </search_hit>
      </search_result>
    </spectrum_query>
    <spectrum_query spectrum="test_1-target_tide.164.164.3" start_scan="0" end_scan="0" precursor_neutral_mass="1627.77817059969" assumed_charge="3">
      <search_result>
        <search_hit hit_rank="1" peptide="IQFVGACNPPTDPGR" calc_neutral_pep_mass="543.6">
          <search_score name="xcorr" value="1.453190"/>
        </search_hit>
        <search_hit hit_rank="2" peptide="SSGPYGGGGQYFAKPR" calc_neutral_pep_mass="543.6">
          <search_score name="xcorr" value="1.390950"/>
        </search_hit>
        <search_hit hit_rank="3" peptide="VTEPISAESGEQVER" calc_neutral_pep_mass="543.6">
          <search_score name="xcorr" value="1.373517"/>
        </search_hit>
        <search_hit hit_rank="4" peptide="HECHFFNGTEPVR" calc_neutral_pep_mass="543.6">
          <search_score name="xcorr" value="1.295589"/>
        </search_hit>
        <search_hit hit_rank="5" peptide="WTTEEQLLAVQGVR" calc_neutral_pep_mass="543.6">
          <search_score name="xcorr" value="1.271343"/>
        </search_hit>
      </search_result>
    </spectrum_query>
    <spectrum_query spectrum="test_1-target_tide.165.165.2" start_scan="0" end_scan="0" precursor_neutral_mass="1567.76544706646" assumed_charge="2">
      <search_result>
        <search_hit hit_rank="1" peptide="QAVTNPNNTFYATK" calc_neutral_pep_mass="784.89">
          <search_score name="xcorr" value="2.951523"/>
        </search_hit>
        <search_hit hit_rank="2" peptide="LLATNYLDWDDTK" calc_neutral_pep_mass="784.89">
          <search_score name="xcorr" value="1.544163"/>
        </search_hit>
        <search_hit hit_rank="3" peptide="TSPNPLFQVLVILK" calc_neutral_pep_mass="784.89">
          <search_score name="xcorr" value="1.294001"/>
        </search_hit>
        <search_hit hit_rank="4" peptide="LADTLQQCFMNTK" calc_neutral_pep_mass="784.89">
          <search_score name="xcorr" value="1.266053"/>
        </search_hit>
        <search_hit hit_rank="5" peptide="EDHNYSASSMAAQR" calc_neutral_pep_mass="784.89">
          <search_score name="xcorr" value="1.263719"/>
        </search_hit>
      </search_result>
    </spectrum_query>
    <spectrum_query spectrum="test_1-target_tide.167.167.2" start_scan="0" end_scan="0" precursor_neutral_mass="1202.64544706646" assumed_charge="2">
      <search_result>
        <search_hit hit_rank="1" peptide="FAAATGATPIAGR" calc_neutral_pep_mass="602.33">
          <search_score name="xcorr" value="3.656152"/>
        </search_hit>
        <search_hit hit_rank="2" peptide="SVGEAEDGPEGR" calc_neutral_pep_mass="602.33">
          <search_score name="xcorr" value="1.400649"/>
        </search_hit>
        <search_hit hit_rank="3" peptide="ENLTELSGGQR" calc_neutral_pep_mass="602.33">
          <search_score name="xcorr" value="1.399011"/>
        </search_hit>
        <search_hit hit_rank="4" peptide="CTVLLSLIQR" calc_neutral_pep_mass="602.33">
          <search_score name="xcorr" value="1.390316"/>
        </search_hit>
        <search_hit hit_rank="5" peptide="SGGSTAPEVGWR" calc_neutral_pep_mass="602.33">
          <search_score name="xcorr" value="1.357800"/>
        </search_hit>
      </search_result>
    </spectrum_query>
    <spectrum_query spectrum="test_1-target_tide.168.168.3" start_scan="0" end_scan="0" precursor_neutral_mass="1571.82817059969" assumed_charge="3">
      <search_result>
        <search_hit hit_rank="1" peptide="HSNSSSGSLTNTPER" calc_neutral_pep_mass="524.95">
          <search_score name="xcorr" value="1.625751"/>
        </search_hit>
        <search_hit hit_rank="2" peptide="QNMLLQQQLDDAR" calc_neutral_pep_mass="524.95">
          <search_score name="xcorr" value="1.604011"/>
        </search_hit>
        <search_hit hit_rank="3" peptide="DEENTANSFLNYR" calc_neutral_pep_mass="524.95">
          <search_score name="xcorr" value="1.520166"/>
        </search_hit>
        <search_hit hit_rank="4" peptide="IIMEQIENLEVSR" calc_neutral_pep_mass="524.95">
          <search_score name="xcorr" value="1.420082"/>
        </search_hit>
        <search_hit hit_rank="5" peptide="MINQLTGTIQVAQR" calc_neutral_pep_mass="524.95">
          <search_score name="xcorr" value="1.417358"/>
        </search_hit>
      </search_result>
    </spectrum_query>
    <spectrum_query spectrum="test_1-target_tide.169.169.2" start_scan="0" end_scan="0" precursor_neutral_mass="981.88544706646" assumed_charge="2">
      <search_result>
        <search_hit hit_rank="1" peptide="NNSSDVDTK" calc_neutral_pep_mass="491.95">
          <search_score name="xcorr" value="1.148913"/>
        </search_hit>
        <search_hit hit_rank="2" peptide="TQAYLEEK" calc_neutral_pep_mass="491.95">
          <search_score name="xcorr" value="1.069861"/>
        </search_hit>
        <search_hit hit_rank="3" peptide="AVDPGLPSVK" calc_neutral_pep_mass="491.95">
          <search_score name="xcorr" value="1.035084"/>
        </search_hit>
        <search_hit hit_rank="4" peptide="EFALADWK" calc_neutral_pep_mass="491.95">
          <search_score name="xcorr" value="0.973138"/>
        </search_hit>
        <search_hit hit_rank="5" peptide="AGLGEEFEK" calc_neutral_pep_mass="491.95">
          <search_score name="xcorr" value="0.909737"/>
        </search_hit>
      </search_result>
    </spectrum_query>
    <spectrum_query spectrum="test_1-target_tide.169.169.3" start_scan="0" end_scan="0" precursor_neutral_mass="1472.82817059969" assumed_charge="3">
      <search_result>
        <search_hit hit_rank="1" peptide="LAALYNHHTGTFK" calc_neutral_pep_mass="491.95">
          <search_score name="xcorr" value="1.895873"/>
        </search_hit>
        <search_hit hit_rank="2" peptide="ILLDPNSEEVSEK" calc_neutral_pep_mass="491.95">
          <search_score name="xcorr" value="1.799633"/>
        </search_hit>
        <search_hit hit_rank="3" peptide="VEINPPDDMEWK" calc_neutral_pep_mass="491.95">
          <search_score name="xcorr" value="1.756487"/>
        </search_hit>
        <search_hit hit_rank="4" peptide="AQEHSRPEYETK" calc_neutral_pep_mass="491.95">
          <search_score name="xcorr" value="1.668955"/>
        </search_hit>
        <search_hit hit_rank="5" peptide="AALPAQELEEYNK" calc_neutral_pep_mass="491.95">
          <search_score name="xcorr" value="1.605088"/>
        </search_hit>
      </search_result>
    </spectrum_query>
    <spectrum_query spectrum="test_1-target_tide.170.170.2" start_scan="0" end_scan="0" precursor_neutral_mass="1567.76544706646" assumed_charge="2">
      <search_result>
        <search_hit hit_rank="1" peptide="QAVTNPNNTFYATK" calc_neutral_pep_mass="784.89">
          <search_score name="xcorr" value="3.092047"/>
        </search_hit>
        <search_hit hit_rank="2" peptide="LLATNYLDWDDTK" calc_neutral_pep_mass="784.89">
          <search_score name="xcorr" value="1.516463"/>
        </search_hit>
        <search_hit hit_rank="3" peptide="TSPNPLFQVLVILK" calc_neutral_pep_mass="784.89">
          <search_score name="xcorr" value="1.281406"/>
        </search_hit>
        <search_hit hit_rank="4" peptide="LADTLQQCFMNTK" calc_neutral_pep_mass="784.89">
          <search_score name="xcorr" value="1.250695"/>
        </search_hit>
        <search_hit hit_rank="5" peptide="AGTPAHESPQNNAFK" calc_neutral_pep_mass="784.89">
          <search_score name="xcorr" value="1.111732"/>
        </search_hit>
      </search_result>
    </spectrum_query>
    <spectrum_query spectrum="test_1-target_tide.171.171.3" start_scan="0" end_scan="0" precursor_neutral_mass="1627.77817059969" assumed_charge="3">
      <search_result>
        <search_hit hit_rank="1" peptide="WAEPGEPICVVCGR" calc_neutral_pep_mass="543.6">
          <search_score name="xcorr" value="1.361589"/>
        </search_hit>
        <search_hit hit_rank="2" peptide="QQMGAELTEQHMAR" calc_neutral_pep_mass="543.6">
          <search_score name="xcorr" value="1.358170"/>
        </search_hit>
        <search_hit hit_rank="3" peptide="SSGPYGGGGQYFAKPR" calc_neutral_pep_mass="543.6">
          <search_score name="xcorr" value="1.340667"/>
        </search_hit>
        <search_hit hit_rank="4" peptide="VTEPISAESGEQVER" calc_neutral_pep_mass="543.6">
          <search_score name="xcorr" value="1.253531"/>
        </search_hit>
        <search_hit hit_rank="5" peptide="DLYVTATHSVHEEK" calc_neutral_pep_mass="543.6">
          <search_score name="xcorr" value="1.249299"/>
        </search_hit>
      </search_result>
    </spectrum_query>
    <spectrum_query spectrum="test_1-target_tide.172.172.3" start_scan="0" end_scan="0" precursor_neutral_mass="2184.03817059969" assumed_charge="3">
      <search_result>
        <search_hit hit_rank="1" peptide="SLAGSSGPGASSGTSGDHGELVVR" calc_neutral_pep_mass="729.02">
          <search_score name="xcorr" value="2.401329"/>
        </search_hit>
        <search_hit hit_rank="2" peptide="NISCAAQDPEDLSTSAYITK" calc_neutral_pep_mass="729.02">
          <search_score name="xcorr" value="1.334091"/>
        </search_hit>
        <search_hit hit_rank="3" peptide="IDLSNNQIAEIAPDAFQGLR" calc_neutral_pep_mass="729.02">
          <search_score name="xcorr" value="1.295523"/>
        </search_hit>
        <search_hit hit_rank="4" peptide="LSCAASGFTFSSYEMSWVR" calc_neutral_pep_mass="729.02">
          <search_score name="xcorr" value="1.089571"/>
        </search_hit>
        <search_hit hit_rank="5" peptide="NIIDVVSTPWTAELGGDQLR" calc_neutral_pep_mass="729.02">
          <search_score name="xcorr" value="1.087179"/>
        </search_hit>
      </search_result>
    </spectrum_query>
    <spectrum_query spectrum="test_1-target_tide.174.174.2" start_scan="0" end_scan="0" precursor_neutral_mass="948.44544706646" assumed_charge="2">
      <search_result>
        <search_hit hit_rank="1" peptide="FYEQFSK" calc_neutral_pep_mass="475.23">
          <search_score name="xcorr" value="2.229011"/>
        </search_hit>
        <search_hit hit_rank="2" peptide="MPNIVCSK" calc_neutral_pep_mass="475.23">
          <search_score name="xcorr" value="1.374265"/>
        </search_hit>
        <search_hit hit_rank="3" peptide="VMTVSFHK" calc_neutral_pep_mass="475.23">
          <search_score name="xcorr" value="1.367551"/>
        </search_hit>
        <search_hit hit_rank="4" peptide="LIGLLEYK" calc_neutral_pep_mass="475.23">
          <search_score name="xcorr" value="1.322651"/>
        </search_hit>
        <search_hit hit_rank="5" peptide="DLLDTENK" calc_neutral_pep_mass="475.23">
          <search_score name="xcorr" value="1.315261"/>
        </search_hit>
      </search_result>
    </spectrum_query>
    <spectrum_query spectrum="test_1-target_tide.175.175.2" start_scan="0" end_scan="0" precursor_neutral_mass="1295.64544706646" assumed_charge="2">
      <search_result>
        <search_hit hit_rank="1" peptide="DLLHPSPEEEK" calc_neutral_pep_mass="648.83">
          <search_score name="xcorr" value="1.904069"/>
        </search_hit>
        <search_hit hit_rank="2" peptide="SNYLHFQEEK" calc_neutral_pep_mass="648.83">
          <search_score name="xcorr" value="1.746061"/>
        </search_hit>
        <search_hit hit_rank="3" peptide="DDLIMLDFGEK" calc_neutral_pep_mass="648.83">
          <search_score name="xcorr" value="1.662066"/>
        </search_hit>
        <search_hit hit_rank="4" peptide="FSIGDLQEEEK" calc_neutral_pep_mass="648.83">
          <search_score name="xcorr" value="1.592336"/>
        </search_hit>
        <search_hit hit_rank="5" peptide="AVHVAVLTIDEK" calc_neutral_pep_mass="648.83">
          <search_score name="xcorr" value="1.400816"/>
        </search_hit>
      </search_result>
    </spectrum_query>
    <spectrum_query spectrum="test_1-target_tide.176.176.3" start_scan="0" end_scan="0" precursor_neutral_mass="1656.87817059969" assumed_charge="3">
      <search_result>
        <search_hit hit_rank="1" peptide="LYLPQEPTSEETPR" calc_neutral_pep_mass="553.3">
          <search_score name="xcorr" value="2.133267"/>
        </search_hit>
        <search_hit hit_rank="2" peptide="NTVALLQLLDAGCLR" calc_neutral_pep_mass="553.3">
          <search_score name="xcorr" value="1.761618"/>
        </search_hit>
        <search_hit hit_rank="3" peptide="QQLLLMLEGLVDER" calc_neutral_pep_mass="553.3">
          <search_score name="xcorr" value="1.732841"/>
        </search_hit>
        <search_hit hit_rank="4" peptide="EEADYSAFGTDTLIK" calc_neutral_pep_mass="553.3">
          <search_score name="xcorr" value="1.591451"/>
        </search_hit>
        <search_hit hit_rank="5" peptide="LGSDWSSGASPGTSPPR" calc_neutral_pep_mass="553.3">
          <search_score name="xcorr" value="1.549333"/>
        </search_hit>
      </search_result>
    </spectrum_query>
    <spectrum_query spectrum="test_1-target_tide.177.177.2" start_scan="0" end_scan="0" precursor_neutral_mass="1380.58544706646" assumed_charge="2">
      <search_result>
        <search_hit hit_rank="1" peptide="FLVPDYNDEIR" calc_neutral_pep_mass="691.3">
          <search_score name="xcorr" value="1.652636"/>
        </search_hit>
        <search_hit hit_rank="2" peptide="SSENLSLDDCNK" calc_neutral_pep_mass="691.3">
          <search_score name="xcorr" value="1.646422"/>
        </search_hit>
        <search_hit hit_rank="3" peptide="MGMPGFPGVFGER" calc_neutral_pep_mass="691.3">
          <search_score name="xcorr" value="1.366134"/>
        </search_hit>
        <search_hit hit_rank="4" peptide="DIVCYLSLLER" calc_neutral_pep_mass="691.3">
          <search_score name="xcorr" value="1.350468"/>
        </search_hit>
        <search_hit hit_rank="5" peptide="EPSIDERPPVSR" calc_neutral_pep_mass="691.3">
          <search_score name="xcorr" value="1.338283"/>
        </search_hit>
      </search_result>
    </spectrum_query>
    <spectrum_query spectrum="test_1-target_tide.178.178.2" start_scan="0" end_scan="0" precursor_neutral_mass="1166.66544706646" assumed_charge="2">
      <search_result>
        <search_hit hit_rank="1" peptide="GTEITHAVVIK" calc_neutral_pep_mass="584.34">
          <search_score name="xcorr" value="2.202160"/>
        </search_hit>
        <search_hit hit_rank="2" peptide="DEIYCQVIK" calc_neutral_pep_mass="584.34">
          <search_score name="xcorr" value="1.389729"/>
        </search_hit>
        <search_hit hit_rank="3" peptide="IVLPEDLQLK" calc_neutral_pep_mass="584.34">
          <search_score name="xcorr" value="1.343764"/>
        </search_hit>
        <search_hit hit_rank="4" peptide="ELYLFDVLR" calc_neutral_pep_mass="584.34">
          <search_score name="xcorr" value="1.320655"/>
        </search_hit>
        <search_hit hit_rank="5" peptide="DVKPENILIK" calc_neutral_pep_mass="584.34">
          <search_score name="xcorr" value="1.316142"/>
        </search_hit>
      </search_result>
    </spectrum_query>
    <spectrum_query spectrum="test_1-target_tide.180.180.3" start_scan="0" end_scan="0" precursor_neutral_mass="2184.03817059969" assumed_charge="3">
      <search_result>
        <search_hit hit_rank="1" peptide="SLAGSSGPGASSGTSGDHGELVVR" calc_neutral_pep_mass="729.02">
          <search_score name="xcorr" value="2.564325"/>
        </search_hit>
        <search_hit hit_rank="2" peptide="IDLSNNQIAEIAPDAFQGLR" calc_neutral_pep_mass="729.02">
          <search_score name="xcorr" value="1.440502"/>
        </search_hit>
        <search_hit hit_rank="3" peptide="NISCAAQDPEDLSTSAYITK" calc_neutral_pep_mass="729.02">
          <search_score name="xcorr" value="1.406243"/>
        </search_hit>
        <search_hit hit_rank="4" peptide="SLAGQYSCTATNPIGSASSSAR" calc_neutral_pep_mass="729.02">
          <search_score name="xcorr" value="1.268920"/>
        </search_hit>
        <search_hit hit_rank="5" peptide="NIIDVVSTPWTAELGGDQLR" calc_neutral_pep_mass="729.02">
          <search_score name="xcorr" value="1.099157"/>
        </search_hit>
      </search_result>
    </spectrum_query>
    <spectrum_query spectrum="test_1-target_tide.181.181.2" start_scan="0" end_scan="0" precursor_neutral_mass="1133.54544706646" assumed_charge="2">
      <search_result>
        <search_hit hit_rank="1" peptide="GYSFTTTAER" calc_neutral_pep_mass="567.78">
          <search_score name="xcorr" value="2.321400"/>
        </search_hit>
        <search_hit hit_rank="2" peptide="GYFSEEMNR" calc_neutral_pep_mass="567.78">
          <search_score name="xcorr" value="1.470145"/>
        </search_hit>
        <search_hit hit_rank="3" peptide="GYSCALHGLR" calc_neutral_pep_mass="567.78">
          <search_score name="xcorr" value="1.426793"/>
        </search_hit>
        <search_hit hit_rank="4" peptide="THYQADIER" calc_neutral_pep_mass="567.78">
          <search_score name="xcorr" value="1.411435"/>
        </search_hit>
        <search_hit hit_rank="5" peptide="AELVHPALER" calc_neutral_pep_mass="567.78">
          <search_score name="xcorr" value="1.296074"/>
        </search_hit>
      </search_result>
    </spectrum_query>
    <spectrum_query spectrum="test_1-target_tide.182.182.4" start_scan="0" end_scan="0" precursor_neutral_mass="2506.17089413292" assumed_charge="4">
      <search_result>
        <search_hit hit_rank="1" peptide="DSSASTMGAPPSMLPEPGYNINNR" calc_neutral_pep_mass="627.55">
          <search_score name="xcorr" value="1.558886"/>
        </search_hit>
        <search_hit hit_rank="2" peptide="LNLTLHQSAQLSVLLTVEEQDR" calc_neutral_pep_mass="627.55">
          <search_score name="xcorr" value="1.483364"/>
        </search_hit>
        <search_hit hit_rank="3" peptide="ECVQECVSEFISFITSEASER" calc_neutral_pep_mass="627.55">
          <search_score name="xcorr" value="1.446953"/>
        </search_hit>
        <search_hit hit_rank="4" peptide="AASSTSQSGLSNSSHNCSNKPSIGK" calc_neutral_pep_mass="627.55">
          <search_score name="xcorr" value="1.279510"/>
        </search_hit>
        <search_hit hit_rank="5" peptide="MAAELYAPASAAAADLANSNAGAAVGR" calc_neutral_pep_mass="627.55">
          <search_score name="xcorr" value="1.261014"/>
        </search_hit>
      </search_result>
    </spectrum_query>
    <spectrum_query spectrum="test_1-target_tide.183.183.3" start_scan="0" end_scan="0" precursor_neutral_mass="1656.87817059969" assumed_charge="3">
      <search_result>
        <search_hit hit_rank="1" peptide="LYLPQEPTSEETPR" calc_neutral_pep_mass="553.3">
          <search_score name="xcorr" value="1.869692"/>
        </search_hit>
        <search_hit hit_rank="2" peptide="IEFIGQIELYYDR" calc_neutral_pep_mass="553.3">
          <search_score name="xcorr" value="1.702734"/>
        </search_hit>
        <search_hit hit_rank="3" peptide="DGVLVDEFGLPQIPAS" calc_neutral_pep_mass="553.3">
          <search_score name="xcorr" value="1.518914"/>
        </search_hit>
        <search_hit hit_rank="4" peptide="QQLLLMLEGLVDER" calc_neutral_pep_mass="553.3">
          <search_score name="xcorr" value="1.437216"/>
        </search_hit>
        <search_hit hit_rank="5" peptide="KPFSGPQEQEQISGK" calc_neutral_pep_mass="553.3">
          <search_score name="xcorr" value="1.425939"/>
        </search_hit>
      </search_result>
    </spectrum_query>
    <spectrum_query spectrum="test_1-target_tide.184.184.2" start_scan="0" end_scan="0" precursor_neutral_mass="1295.64544706646" assumed_charge="2">
      <search_result>
        <search_hit hit_rank="1" peptide="DLLHPSPEEEK" calc_neutral_pep_mass="648.83">
          <search_score name="xcorr" value="1.924798"/>
        </search_hit>
        <search_hit hit_rank="2" peptide="SNYLHFQEEK" calc_neutral_pep_mass="648.83">
          <search_score name="xcorr" value="1.808269"/>
        </search_hit>
        <search_hit hit_rank="3" peptide="QVHLVQSGAEVK" calc_neutral_pep_mass="648.83">
          <search_score name="xcorr" value="1.635005"/>
        </search_hit>
        <search_hit hit_rank="4" peptide="NVYTGEEILQK" calc_neutral_pep_mass="648.83">
          <search_score name="xcorr" value="1.608083"/>
        </search_hit>
        <search_hit hit_rank="5" peptide="AVHVAVLTIDEK" calc_neutral_pep_mass="648.83">
          <search_score name="xcorr" value="1.518203"/>
        </search_hit>
      </search_result>
    </spectrum_query>
    <spectrum_query spectrum="test_1-target_tide.186.186.4" start_scan="0" end_scan="0" precursor_neutral_mass="2506.17089413292" assumed_charge="4">
      <search_result>
        <search_hit hit_rank="1" peptide="VGEVCHITCKPEYAYGSAGSPPK" calc_neutral_pep_mass="627.55">
          <search_score name="xcorr" value="2.145280"/>
        </search_hit>
        <search_hit hit_rank="2" peptide="NVLELSIYDEDSVTEDDICFK" calc_neutral_pep_mass="627.55">
          <search_score name="xcorr" value="1.618861"/>
        </search_hit>
        <search_hit hit_rank="3" peptide="SAACLAAGNTLVLKPAQVTPLTALK" calc_neutral_pep_mass="627.55">
          <search_score name="xcorr" value="1.617283"/>
        </search_hit>
        <search_hit hit_rank="4" peptide="LVESAIQSMEEPQMALYLQQAK" calc_neutral_pep_mass="627.55">
          <search_score name="xcorr" value="1.581908"/>
        </search_hit>
        <search_hit hit_rank="5" peptide="LIGDTPIDTFLMEMLEAPHQMT" calc_neutral_pep_mass="627.55">
          <search_score name="xcorr" value="1.204794"/>
        </search_hit>
      </search_result>
    </spectrum_query>
    <spectrum_query spectrum="test_1-target_tide.187.187.2" start_scan="0" end_scan="0" precursor_neutral_mass="1131.52544706646" assumed_charge="2">
      <search_result>
        <search_hit hit_rank="1" peptide="GYSFTTTAER" calc_neutral_pep_mass="566.77">
          <search_score name="xcorr" value="1.885972"/>
        </search_hit>
        <search_hit hit_rank="2" peptide="YDEMVESMK" calc_neutral_pep_mass="566.77">
          <search_score name="xcorr" value="1.429486"/>
        </search_hit>
        <search_hit hit_rank="3" peptide="FMPVGLIAGAR" calc_neutral_pep_mass="566.77">
          <search_score name="xcorr" value="1.178498"/>
        </search_hit>
        <search_hit hit_rank="4" peptide="LPPEYASTVR" calc_neutral_pep_mass="566.77">
          <search_score name="xcorr" value="0.934406"/>
        </search_hit>
        <search_hit hit_rank="5" peptide="GYFSEEMNR" calc_neutral_pep_mass="566.77">
          <search_score name="xcorr" value="0.919827"/>
        </search_hit>
      </search_result>
    </spectrum_query>
    <spectrum_query spectrum="test_1-target_tide.188.188.3" start_scan="0" end_scan="0" precursor_neutral_mass="2506.17817059969" assumed_charge="3">
      <search_result>
        <search_hit hit_rank="1" peptide="VGEVCHITCKPEYAYGSAGSPPK" calc_neutral_pep_mass="836.4">
          <search_score name="xcorr" value="5.592516"/>
        </search_hit>
        <search_hit hit_rank="2" peptide="SGGNLVLVGLGSEMTTVPLLHAAIR" calc_neutral_pep_mass="836.4">
          <search_score name="xcorr" value="2.042351"/>
        </search_hit>
        <search_hit hit_rank="3" peptide="ACDLHLWENQGAGWWHNVSAR" calc_neutral_pep_mass="836.4">
          <search_score name="xcorr" value="1.568812"/>
        </search_hit>
        <search_hit hit_rank="4" peptide="SRPLALGSSAGLSSEQGVECLHPR" calc_neutral_pep_mass="836.4">
          <search_score name="xcorr" value="1.531597"/>
        </search_hit>
        <search_hit hit_rank="5" peptide="GGGGAGAFYPVPPPPLPPPPPQPWR" calc_neutral_pep_mass="836.4">
          <search_score name="xcorr" value="1.220127"/>
        </search_hit>
      </search_result>
    </spectrum_query>
    <spectrum_query spectrum="test_1-target_tide.189.189.2" start_scan="0" end_scan="0" precursor_neutral_mass="1380.58544706646" assumed_charge="2">
      <search_result>
        <search_hit hit_rank="1" peptide="SSENLSLDDCNK" calc_neutral_pep_mass="691.3">
          <search_score name="xcorr" value="1.591959"/>
        </search_hit>
        <search_hit hit_rank="2" peptide="MATSEQSICQAR" calc_neutral_pep_mass="691.3">
          <search_score name="xcorr" value="1.373126"/>
        </search_hit>
        <search_hit hit_rank="3" peptide="MLAGAGRPGLPQGR" calc_neutral_pep_mass="691.3">
          <search_score name="xcorr" value="1.359643"/>
        </search_hit>
        <search_hit hit_rank="4" peptide="DINDHAPEFPAR" calc_neutral_pep_mass="691.3">
          <search_score name="xcorr" value="1.336959"/>
        </search_hit>
        <search_hit hit_rank="5" peptide="ELNVMFIETSAK" calc_neutral_pep_mass="691.3">
          <search_score name="xcorr" value="1.297787"/>
        </search_hit>
      </search_result>
    </spectrum_query>
    <spectrum_query spectrum="test_1-target_tide.190.190.2" start_scan="0" end_scan="0" precursor_neutral_mass="1315.52544706646" assumed_charge="2">
      <search_result>
        <search_hit hit_rank="1" peptide="LLILGGANINYR" calc_neutral_pep_mass="658.77">
          <search_score name="xcorr" value="1.617468"/>
        </search_hit>
        <search_hit hit_rank="2" peptide="HISDSVFLEAAK" calc_neutral_pep_mass="658.77">
          <search_score name="xcorr" value="1.478098"/>
        </search_hit>
        <search_hit hit_rank="3" peptide="AHELPESMCLK" calc_neutral_pep_mass="658.77">
          <search_score name="xcorr" value="1.281367"/>
        </search_hit>
        <search_hit hit_rank="4" peptide="QPPDVTENPYR" calc_neutral_pep_mass="658.77">
          <search_score name="xcorr" value="1.267558"/>
        </search_hit>
        <search_hit hit_rank="5" peptide="LLPEIAQMFVR" calc_neutral_pep_mass="658.77">
          <search_score name="xcorr" value="1.261718"/>
        </search_hit>
      </search_result>
    </spectrum_query>
    <spectrum_query spectrum="test_1-target_tide.192.192.2" start_scan="0" end_scan="0" precursor_neutral_mass="1133.54544706646" assumed_charge="2">
      <search_result>
        <search_hit hit_rank="1" peptide="GYSFTTTAER" calc_neutral_pep_mass="567.78">
          <search_score name="xcorr" value="2.175522"/>
        </search_hit>
        <search_hit hit_rank="2" peptide="TPSEGEAGTQR" calc_neutral_pep_mass="567.78">
          <search_score name="xcorr" value="1.548131"/>
        </search_hit>
        <search_hit hit_rank="3" peptide="AELVHPALER" calc_neutral_pep_mass="567.78">
          <search_score name="xcorr" value="1.481553"/>
        </search_hit>
        <search_hit hit_rank="4" peptide="TLEEMLLER" calc_neutral_pep_mass="567.78">
          <search_score name="xcorr" value="1.439792"/>
        </search_hit>
        <search_hit hit_rank="5" peptide="THYQADIER" calc_neutral_pep_mass="567.78">
          <search_score name="xcorr" value="1.433752"/>
        </search_hit>
      </search_result>
    </spectrum_query>
    <spectrum_query spectrum="test_1-target_tide.193.193.2" start_scan="0" end_scan="0" precursor_neutral_mass="1779.80544706646" assumed_charge="2">
      <search_result>
        <search_hit hit_rank="1" peptide="WVTPAGRPDFDHLLR" calc_neutral_pep_mass="890.91">
          <search_score name="xcorr" value="1.991823"/>
        </search_hit>
        <search_hit hit_rank="2" peptide="TDYNASVSVPDSSGPER" calc_neutral_pep_mass="890.91">
          <search_score name="xcorr" value="1.985540"/>
        </search_hit>
        <search_hit hit_rank="3" peptide="FPSSFSSPVGMVFHPR" calc_neutral_pep_mass="890.91">
          <search_score name="xcorr" value="1.702618"/>
        </search_hit>
        <search_hit hit_rank="4" peptide="GSLPLMELPTDHTVLR" calc_neutral_pep_mass="890.91">
          <search_score name="xcorr" value="1.653757"/>
        </search_hit>
        <search_hit hit_rank="5" peptide="QGSNTSGSDTLSFPLLR" calc_neutral_pep_mass="890.91">
          <search_score name="xcorr" value="1.621299"/>
        </search_hit>
      </search_result>
    </spectrum_query>
    <spectrum_query spectrum="test_1-target_tide.194.194.2" start_scan="0" end_scan="0" precursor_neutral_mass="1680.78544706646" assumed_charge="2">
      <search_result>
        <search_hit hit_rank="1" peptide="QEPLMVQANADGRPR" calc_neutral_pep_mass="841.4">
          <search_score name="xcorr" value="2.419094"/>
        </search_hit>
        <search_hit hit_rank="2" peptide="GVVGGVTGIITKPVEGAK" calc_neutral_pep_mass="841.4">
          <search_score name="xcorr" value="1.945101"/>
        </search_hit>
        <search_hit hit_rank="3" peptide="SAPILETPPPPPPVIR" calc_neutral_pep_mass="841.4">
          <search_score name="xcorr" value="1.935755"/>
        </search_hit>
        <search_hit hit_rank="4" peptide="DGDSVHTASEVPLTPR" calc_neutral_pep_mass="841.4">
          <search_score name="xcorr" value="1.816433"/>
        </search_hit>
        <search_hit hit_rank="5" peptide="ATLSLLQLGLDEHNR" calc_neutral_pep_mass="841.4">
          <search_score name="xcorr" value="1.753867"/>
        </search_hit>
      </search_result>
    </spectrum_query>
    <spectrum_query spectrum="test_1-target_tide.194.194.3" start_scan="0" end_scan="0" precursor_neutral_mass="2521.17817059969" assumed_charge="3">
      <search_result>
        <search_hit hit_rank="1" peptide="CDPAPFYLFDEIDQALDAQHR" calc_neutral_pep_mass="841.4">
          <search_score name="xcorr" value="1.982871"/>
        </search_hit>
        <search_hit hit_rank="2" peptide="EQYSDFNQVFTFIFGLLNANR" calc_neutral_pep_mass="841.4">
          <search_score name="xcorr" value="1.699561"/>
        </search_hit>
        <search_hit hit_rank="3" peptide="LLSLVQLAEDDGHSHMTQGHSSR" calc_neutral_pep_mass="841.4">
          <search_score name="xcorr" value="1.622957"/>
        </search_hit>
        <search_hit hit_rank="4" peptide="TPPPHSRPAAPSTGSPVPATEPPAAK" calc_neutral_pep_mass="841.4">
          <search_score name="xcorr" value="1.489424"/>
        </search_hit>
        <search_hit hit_rank="5" peptide="EAEAALGGLVNAVFLLAPCPHSQR" calc_neutral_pep_mass="841.4">
          <search_score name="xcorr" value="1.461953"/>
        </search_hit>
      </search_result>
    </spectrum_query>
    <spectrum_query spectrum="test_1-target_tide.195.195.3" start_scan="0" end_scan="0" precursor_neutral_mass="2506.17817059969" assumed_charge="3">
      <search_result>
        <search_hit hit_rank="1" peptide="VGEVCHITCKPEYAYGSAGSPPK" calc_neutral_pep_mass="836.4">
          <search_score name="xcorr" value="6.297497"/>
        </search_hit>
        <search_hit hit_rank="2" peptide="SGGNLVLVGLGSEMTTVPLLHAAIR" calc_neutral_pep_mass="836.4">
          <search_score name="xcorr" value="2.018168"/>
        </search_hit>
        <search_hit hit_rank="3" peptide="ACDLHLWENQGAGWWHNVSAR" calc_neutral_pep_mass="836.4">
          <search_score name="xcorr" value="1.729645"/>
        </search_hit>
        <search_hit hit_rank="4" peptide="GGGGAGAFYPVPPPPLPPPPPQPWR" calc_neutral_pep_mass="836.4">
          <search_score name="xcorr" value="1.617401"/>
        </search_hit>
        <search_hit hit_rank="5" peptide="QTGIVFGSFLLLLFSLTQFSVVS" calc_neutral_pep_mass="836.4">
          <search_score name="xcorr" value="1.389650"/>
        </search_hit>
      </search_result>
    </spectrum_query>
    <spectrum_query spectrum="test_1-target_tide.196.196.2" start_scan="0" end_scan="0" precursor_neutral_mass="1203.52544706646" assumed_charge="2">
      <search_result>
        <search_hit hit_rank="1" peptide="FAAATGATPIAGR" calc_neutral_pep_mass="602.77">
          <search_score name="xcorr" value="3.066705"/>
        </search_hit>
        <search_hit hit_rank="2" peptide="SVGEAEDGPEGR" calc_neutral_pep_mass="602.77">
          <search_score name="xcorr" value="1.503329"/>
        </search_hit>
        <search_hit hit_rank="3" peptide="SEVLEVSVEGR" calc_neutral_pep_mass="602.77">
          <search_score name="xcorr" value="1.490834"/>
        </search_hit>
        <search_hit hit_rank="4" peptide="ATSLQEIDGDR" calc_neutral_pep_mass="602.77">
          <search_score name="xcorr" value="1.478493"/>
        </search_hit>
        <search_hit hit_rank="5" peptide="SGGSTAPEVGWR" calc_neutral_pep_mass="602.77">
          <search_score name="xcorr" value="1.458519"/>
        </search_hit>
      </search_result>
    </spectrum_query>
    <spectrum_query spectrum="test_1-target_tide.197.197.3" start_scan="0" end_scan="0" precursor_neutral_mass="1437.75817059969" assumed_charge="3">
      <search_result>
        <search_hit hit_rank="1" peptide="IGEVDVEQHTLAK" calc_neutral_pep_mass="480.26">
          <search_score name="xcorr" value="2.872844"/>
        </search_hit>
        <search_hit hit_rank="2" peptide="LCGALEPALPAQAK" calc_neutral_pep_mass="480.26">
          <search_score name="xcorr" value="1.616378"/>
        </search_hit>
        <search_hit hit_rank="3" peptide="LNLGYFMHGVCK" calc_neutral_pep_mass="480.26">
          <search_score name="xcorr" value="1.488079"/>
        </search_hit>
        <search_hit hit_rank="4" peptide="GGASGPGSGSGGPGGPAGR" calc_neutral_pep_mass="480.26">
          <search_score name="xcorr" value="1.473812"/>
        </search_hit>
        <search_hit hit_rank="5" peptide="LVSEAYEVLSDSK" calc_neutral_pep_mass="480.26">
          <search_score name="xcorr" value="1.459617"/>
        </search_hit>
      </search_result>
    </spectrum_query>
    <spectrum_query spectrum="test_1-target_tide.199.199.2" start_scan="0" end_scan="0" precursor_neutral_mass="1203.52544706646" assumed_charge="2">
      <search_result>
        <search_hit hit_rank="1" peptide="FAAATGATPIAGR" calc_neutral_pep_mass="602.77">
          <search_score name="xcorr" value="3.437682"/>
        </search_hit>
        <search_hit hit_rank="2" peptide="SVGEAEDGPEGR" calc_neutral_pep_mass="602.77">
          <search_score name="xcorr" value="1.775547"/>
        </search_hit>
        <search_hit hit_rank="3" peptide="SEVLEVSVEGR" calc_neutral_pep_mass="602.77">
          <search_score name="xcorr" value="1.756294"/>
        </search_hit>
        <search_hit hit_rank="4" peptide="LQMEGVSVGQR" calc_neutral_pep_mass="602.77">
          <search_score name="xcorr" value="1.754271"/>
        </search_hit>
        <search_hit hit_rank="5" peptide="GGSGSGPTIEEVD" calc_neutral_pep_mass="602.77">
          <search_score name="xcorr" value="1.718881"/>
        </search_hit>
      </search_result>
    </spectrum_query>
    <spectrum_query spectrum="test_1-target_tide.200.200.2" start_scan="0" end_scan="0" precursor_neutral_mass="1388.68544706646" assumed_charge="2">
      <search_result>
        <search_hit hit_rank="1" peptide="QVSMVQTLQSLR" calc_neutral_pep_mass="695.35">
          <search_score name="xcorr" value="1.853458"/>
        </search_hit>
        <search_hit hit_rank="2" peptide="EEDQATLVEQVK" calc_neutral_pep_mass="695.35">
          <search_score name="xcorr" value="1.794767"/>
        </search_hit>
        <search_hit hit_rank="3" peptide="FLDADKPQWLR" calc_neutral_pep_mass="695.35">
          <search_score name="xcorr" value="1.681332"/>
        </search_hit>
        <search_hit hit_rank="4" peptide="TTGQLLTDPSVQK" calc_neutral_pep_mass="695.35">
          <search_score name="xcorr" value="1.669318"/>
        </search_hit>
        <search_hit hit_rank="5" peptide="TSVGGAVPFSEIPK" calc_neutral_pep_mass="695.35">
          <search_score name="xcorr" value="1.611782"/>
        </search_hit>
      </search_result>
    </spectrum_query>
    <spectrum_query spectrum="test_1-target_tide.201.201.3" start_scan="0" end_scan="0" precursor_neutral_mass="1743.87817059969" assumed_charge="3">
      <search_result>
        <search_hit hit_rank="1" peptide="NLFIVNPHLRPALLK" calc_neutral_pep_mass="582.3">
          <search_score name="xcorr" value="1.913404"/>
        </search_hit>
        <search_hit hit_rank="2" peptide="LDLHAFDSLSGISLQK" calc_neutral_pep_mass="582.3">
          <search_score name="xcorr" value="1.657084"/>
        </search_hit>
        <search_hit hit_rank="3" peptide="VISCLDDGMGHASVER" calc_neutral_pep_mass="582.3">
          <search_score name="xcorr" value="1.480166"/>
        </search_hit>
        <search_hit hit_rank="4" peptide="NDFMGAMSFGVSELLK" calc_neutral_pep_mass="582.3">
          <search_score name="xcorr" value="1.445838"/>
        </search_hit>
        <search_hit hit_rank="5" peptide="LNEDAAVGSSVLTLQAR" calc_neutral_pep_mass="582.3">
          <search_score name="xcorr" value="1.431806"/>
        </search_hit>
      </search_result>
    </spectrum_query>
    <spectrum_query spectrum="test_1-target_tide.202.202.2" start_scan="0" end_scan="0" precursor_neutral_mass="1342.68544706646" assumed_charge="2">
      <search_result>
        <search_hit hit_rank="1" peptide="LFPDGIVTVANAK" calc_neutral_pep_mass="672.35">
          <search_score name="xcorr" value="1.299469"/>
        </search_hit>
        <search_hit hit_rank="2" peptide="GSLENHCTGNPR" calc_neutral_pep_mass="672.35">
          <search_score name="xcorr" value="1.192385"/>
        </search_hit>
        <search_hit hit_rank="3" peptide="AEQAEGMEFGFK" calc_neutral_pep_mass="672.35">
          <search_score name="xcorr" value="1.178993"/>
        </search_hit>
        <search_hit hit_rank="4" peptide="QVTNGGDGVTAVPK" calc_neutral_pep_mass="672.35">
          <search_score name="xcorr" value="1.167912"/>
        </search_hit>
        <search_hit hit_rank="5" peptide="NNTIYVDNFDK" calc_neutral_pep_mass="672.35">
          <search_score name="xcorr" value="1.164706"/>
        </search_hit>
      </search_result>
    </spectrum_query>
    <spectrum_query spectrum="test_1-target_tide.203.203.2" start_scan="0" end_scan="0" precursor_neutral_mass="1315.52544706646" assumed_charge="2">
      <search_result>
        <search_hit hit_rank="1" peptide="KPLSQEDLEEK" calc_neutral_pep_mass="658.77">
          <search_score name="xcorr" value="1.714713"/>
        </search_hit>
        <search_hit hit_rank="2" peptide="KPLILQTTSGEK" calc_neutral_pep_mass="658.77">
          <search_score name="xcorr" value="1.446945"/>
        </search_hit>
        <search_hit hit_rank="3" peptide="LLILGGANINYR" calc_neutral_pep_mass="658.77">
          <search_score name="xcorr" value="1.415505"/>
        </search_hit>
        <search_hit hit_rank="4" peptide="EQAPPAPSSLYR" calc_neutral_pep_mass="658.77">
          <search_score name="xcorr" value="1.309946"/>
        </search_hit>
        <search_hit hit_rank="5" peptide="QPPDVTENPYR" calc_neutral_pep_mass="658.77">
          <search_score name="xcorr" value="1.261075"/>
        </search_hit>
      </search_result>
    </spectrum_query>
    <spectrum_query spectrum="test_1-target_tide.205.205.2" start_scan="0" end_scan="0" precursor_neutral_mass="1193.58544706646" assumed_charge="2">
      <search_result>
        <search_hit hit_rank="1" peptide="LSTDLQLFQK" calc_neutral_pep_mass="597.8">
          <search_score name="xcorr" value="1.682513"/>
        </search_hit>
        <search_hit hit_rank="2" peptide="EAAENSLVAYK" calc_neutral_pep_mass="597.8">
          <search_score name="xcorr" value="1.484068"/>
        </search_hit>
        <search_hit hit_rank="3" peptide="DNCCILDER" calc_neutral_pep_mass="597.8">
          <search_score name="xcorr" value="1.441401"/>
        </search_hit>
        <search_hit hit_rank="4" peptide="SDVSLCNLER" calc_neutral_pep_mass="597.8">
          <search_score name="xcorr" value="1.440664"/>
        </search_hit>
        <search_hit hit_rank="5" peptide="LSTFMPVDER" calc_neutral_pep_mass="597.8">
          <search_score name="xcorr" value="1.397902"/>
        </search_hit>
      </search_result>
    </spectrum_query>
    <spectrum_query spectrum="test_1-target_tide.206.206.4" start_scan="0" end_scan="0" precursor_neutral_mass="2276.09089413292" assumed_charge="4">
      <search_result>
        <search_hit hit_rank="1" peptide="TAAAQPFLQLWNPAPHTSNGR" calc_neutral_pep_mass="570.03">
          <search_score name="xcorr" value="1.624684"/>
        </search_hit>
        <search_hit hit_rank="2" peptide="GVAVLNTSVAPMLNPFIYTLR" calc_neutral_pep_mass="570.03">
          <search_score name="xcorr" value="1.437845"/>
        </search_hit>
        <search_hit hit_rank="3" peptide="SVTGTPYWMSPEVISGEGYGR" calc_neutral_pep_mass="570.03">
          <search_score name="xcorr" value="1.408173"/>
        </search_hit>
        <search_hit hit_rank="4" peptide="DSSVVYAQSLEHSGSLDDPNR" calc_neutral_pep_mass="570.03">
          <search_score name="xcorr" value="1.250841"/>
        </search_hit>
        <search_hit hit_rank="5" peptide="IYQTFVALAAQLQSIHENVK" calc_neutral_pep_mass="570.03">
          <search_score name="xcorr" value="1.189992"/>
        </search_hit>
      </search_result>
    </spectrum_query>
    <spectrum_query spectrum="test_1-target_tide.207.207.2" start_scan="0" end_scan="0" precursor_neutral_mass="1380.64544706646" assumed_charge="2">
      <search_result>
        <search_hit hit_rank="1" peptide="ALEESNYELEGK" calc_neutral_pep_mass="691.33">
          <search_score name="xcorr" value="2.604906"/>
        </search_hit>
        <search_hit hit_rank="2" peptide="QGEEQYECVLK" calc_neutral_pep_mass="691.33">
          <search_score name="xcorr" value="1.474960"/>
        </search_hit>
        <search_hit hit_rank="3" peptide="QALLLLAAAAELSP" calc_neutral_pep_mass="691.33">
          <search_score name="xcorr" value="1.254624"/>
        </search_hit>
        <search_hit hit_rank="4" peptide="LGSTSGEESDLER" calc_neutral_pep_mass="691.33">
          <search_score name="xcorr" value="1.211172"/>
        </search_hit>
        <search_hit hit_rank="5" peptide="TEEGVSGFISGLGK" calc_neutral_pep_mass="691.33">
          <search_score name="xcorr" value="1.132507"/>
        </search_hit>
      </search_result>
    </spectrum_query>
    <spectrum_query spectrum="test_1-target_tide.208.208.2" start_scan="0" end_scan="0" precursor_neutral_mass="1057.56544706646" assumed_charge="2">
      <search_result>
        <search_hit hit_rank="1" peptide="VEEISPNIR" calc_neutral_pep_mass="529.79">
          <search_score name="xcorr" value="1.344541"/>
        </search_hit>
        <search_hit hit_rank="2" peptide="SAAVAASVILR" calc_neutral_pep_mass="529.79">
          <search_score name="xcorr" value="1.133416"/>
        </search_hit>
        <search_hit hit_rank="3" peptide="VHVCAECGK" calc_neutral_pep_mass="529.79">
          <search_score name="xcorr" value="1.077973"/>
        </search_hit>
        <search_hit hit_rank="4" peptide="TDAVTVLLAR" calc_neutral_pep_mass="529.79">
          <search_score name="xcorr" value="1.041685"/>
        </search_hit>
        <search_hit hit_rank="5" peptide="EEPSGSNLPK" calc_neutral_pep_mass="529.79">
          <search_score name="xcorr" value="1.011315"/>
        </search_hit>
      </search_result>
    </spectrum_query>
    <spectrum_query spectrum="test_1-target_tide.209.209.2" start_scan="0" end_scan="0" precursor_neutral_mass="1306.56544706646" assumed_charge="2">
      <search_result>
        <search_hit hit_rank="1" peptide="LLQDANYNVEK" calc_neutral_pep_mass="654.29">
          <search_score name="xcorr" value="2.249417"/>
        </search_hit>
        <search_hit hit_rank="2" peptide="QVFQVAYVIIK" calc_neutral_pep_mass="654.29">
          <search_score name="xcorr" value="1.844351"/>
        </search_hit>
        <search_hit hit_rank="3" peptide="ILQHELKPNGR" calc_neutral_pep_mass="654.29">
          <search_score name="xcorr" value="1.796082"/>
        </search_hit>
        <search_hit hit_rank="4" peptide="KPMDYDIALLK" calc_neutral_pep_mass="654.29">
          <search_score name="xcorr" value="1.784787"/>
        </search_hit>
        <search_hit hit_rank="5" peptide="LNEEDAASESSR" calc_neutral_pep_mass="654.29">
          <search_score name="xcorr" value="1.777465"/>
        </search_hit>
      </search_result>
    </spectrum_query>
    <spectrum_query spectrum="test_1-target_tide.211.211.2" start_scan="0" end_scan="0" precursor_neutral_mass="1193.58544706646" assumed_charge="2">
      <search_result>
        <search_hit hit_rank="1" peptide="EAAENSLVAYK" calc_neutral_pep_mass="597.8">
          <search_score name="xcorr" value="1.801058"/>
        </search_hit>
        <search_hit hit_rank="2" peptide="LSTDLQLFQK" calc_neutral_pep_mass="597.8">
          <search_score name="xcorr" value="1.591241"/>
        </search_hit>
        <search_hit hit_rank="3" peptide="QFQFIQVAGR" calc_neutral_pep_mass="597.8">
          <search_score name="xcorr" value="1.346442"/>
        </search_hit>
        <search_hit hit_rank="4" peptide="DNCCILDER" calc_neutral_pep_mass="597.8">
          <search_score name="xcorr" value="1.279575"/>
        </search_hit>
        <search_hit hit_rank="5" peptide="LSTFMPVDER" calc_neutral_pep_mass="597.8">
          <search_score name="xcorr" value="1.259745"/>
        </search_hit>
      </search_result>
    </spectrum_query>
    <spectrum_query spectrum="test_1-target_tide.212.212.2" start_scan="0" end_scan="0" precursor_neutral_mass="1779.80544706646" assumed_charge="2">
      <search_result>
        <search_hit hit_rank="1" peptide="TDYNASVSVPDSSGPER" calc_neutral_pep_mass="890.91">
          <search_score name="xcorr" value="2.201222"/>
        </search_hit>
        <search_hit hit_rank="2" peptide="WVTPAGRPDFDHLLR" calc_neutral_pep_mass="890.91">
          <search_score name="xcorr" value="1.808775"/>
        </search_hit>
        <search_hit hit_rank="3" peptide="GSLPLMELPTDHTVLR" calc_neutral_pep_mass="890.91">
          <search_score name="xcorr" value="1.716181"/>
        </search_hit>
        <search_hit hit_rank="4" peptide="GLDTVVALLADVVLQPR" calc_neutral_pep_mass="890.91">
          <search_score name="xcorr" value="1.466203"/>
        </search_hit>
        <search_hit hit_rank="5" peptide="TQGAAPGGGSGGSQPLLAPR" calc_neutral_pep_mass="890.91">
          <search_score name="xcorr" value="1.447723"/>
        </search_hit>
      </search_result>
    </spectrum_query>
    <spectrum_query spectrum="test_1-target_tide.213.213.2" start_scan="0" end_scan="0" precursor_neutral_mass="1680.66544706646" assumed_charge="2">
      <search_result>
        <search_hit hit_rank="1" peptide="QEPLMVQANADGRPR" calc_neutral_pep_mass="841.34">
          <search_score name="xcorr" value="2.383928"/>
        </search_hit>
        <search_hit hit_rank="2" peptide="GVVGGVTGIITKPVEGAK" calc_neutral_pep_mass="841.34">
          <search_score name="xcorr" value="1.750084"/>
        </search_hit>
        <search_hit hit_rank="3" peptide="SAPILETPPPPPPVIR" calc_neutral_pep_mass="841.34">
          <search_score name="xcorr" value="1.740685"/>
        </search_hit>
        <search_hit hit_rank="4" peptide="TLLSLAVCPQPPDGGR" calc_neutral_pep_mass="841.34">
          <search_score name="xcorr" value="1.694668"/>
        </search_hit>
        <search_hit hit_rank="5" peptide="RPAGSGGGGGEAATWGHR" calc_neutral_pep_mass="841.34">
          <search_score name="xcorr" value="1.644187"/>
        </search_hit>
      </search_result>
    </spectrum_query>
    <spectrum_query spectrum="test_1-target_tide.213.213.3" start_scan="0" end_scan="0" precursor_neutral_mass="2520.99817059969" assumed_charge="3">
      <search_result>
        <search_hit hit_rank="1" peptide="EQYSDFNQVFTFIFGLLNANR" calc_neutral_pep_mass="841.34">
          <search_score name="xcorr" value="2.119784"/>
        </search_hit>
        <search_hit hit_rank="2" peptide="LLSLVQLAEDDGHSHMTQGHSSR" calc_neutral_pep_mass="841.34">
          <search_score name="xcorr" value="1.777703"/>
        </search_hit>
        <search_hit hit_rank="3" peptide="EIDAEHPSDDYFEPVAPEFQGK" calc_neutral_pep_mass="841.34">
          <search_score name="xcorr" value="1.656449"/>
        </search_hit>
        <search_hit hit_rank="4" peptide="CDPAPFYLFDEIDQALDAQHR" calc_neutral_pep_mass="841.34">
          <search_score name="xcorr" value="1.628657"/>
        </search_hit>
        <search_hit hit_rank="5" peptide="VLSFGNSCVNPFALYLLSESFR" calc_neutral_pep_mass="841.34">
          <search_score name="xcorr" value="1.548540"/>
        </search_hit>
      </search_result>
    </spectrum_query>
    <spectrum_query spectrum="test_1-target_tide.214.214.2" start_scan="0" end_scan="0" precursor_neutral_mass="1380.64544706646" assumed_charge="2">
      <search_result>
        <search_hit hit_rank="1" peptide="ALEESNYELEGK" calc_neutral_pep_mass="691.33">
          <search_score name="xcorr" value="3.343976"/>
        </search_hit>
        <search_hit hit_rank="2" peptide="LSIHDVPSSLWK" calc_neutral_pep_mass="691.33">
          <search_score name="xcorr" value="1.734522"/>
        </search_hit>
        <search_hit hit_rank="3" peptide="VNDDSQVSFGEGK" calc_neutral_pep_mass="691.33">
          <search_score name="xcorr" value="1.569781"/>
        </search_hit>
        <search_hit hit_rank="4" peptide="AGQAFTMLQTEGK" calc_neutral_pep_mass="691.33">
          <search_score name="xcorr" value="1.383163"/>
        </search_hit>
        <search_hit hit_rank="5" peptide="MPSQAFLQFQGK" calc_neutral_pep_mass="691.33">
          <search_score name="xcorr" value="1.276654"/>
        </search_hit>
      </search_result>
    </spectrum_query>
    <spectrum_query spectrum="test_1-target_tide.215.215.4" start_scan="0" end_scan="0" precursor_neutral_mass="2276.09089413292" assumed_charge="4">
      <search_result>
        <search_hit hit_rank="1" peptide="TAAAQPFLQLWNPAPHTSNGR" calc_neutral_pep_mass="570.03">
          <search_score name="xcorr" value="1.517150"/>
        </search_hit>
        <search_hit hit_rank="2" peptide="SSHEPTEDAAPIVSPLASPDPR" calc_neutral_pep_mass="570.03">
          <search_score name="xcorr" value="1.360424"/>
        </search_hit>
        <search_hit hit_rank="3" peptide="SAYTEAGATESQDSSMEQIDR" calc_neutral_pep_mass="570.03">
          <search_score name="xcorr" value="1.322949"/>
        </search_hit>
        <search_hit hit_rank="4" peptide="DLDSNPSPTTVNSLHFTVNSE" calc_neutral_pep_mass="570.03">
          <search_score name="xcorr" value="1.231272"/>
        </search_hit>
        <search_hit hit_rank="5" peptide="DHPVFCALVNGEGEVTDFLR" calc_neutral_pep_mass="570.03">
          <search_score name="xcorr" value="1.182320"/>
        </search_hit>
      </search_result>
    </spectrum_query>
    <spectrum_query spectrum="test_1-target_tide.216.216.2" start_scan="0" end_scan="0" precursor_neutral_mass="1306.56544706646" assumed_charge="2">
      <search_result>
        <search_hit hit_rank="1" peptide="NLCSDDTPMVR" calc_neutral_pep_mass="654.29">
          <search_score name="xcorr" value="2.710851"/>
        </search_hit>
        <search_hit hit_rank="2" peptide="HLDISGIPSNVR" calc_neutral_pep_mass="654.29">
          <search_score name="xcorr" value="1.631851"/>
        </search_hit>
        <search_hit hit_rank="3" peptide="NLDYPFGNVLR" calc_neutral_pep_mass="654.29">
          <search_score name="xcorr" value="1.595711"/>
        </search_hit>
        <search_hit hit_rank="4" peptide="LNEEDAASESSR" calc_neutral_pep_mass="654.29">
          <search_score name="xcorr" value="1.388412"/>
        </search_hit>
        <search_hit hit_rank="5" peptide="EAVSSECVNLAK" calc_neutral_pep_mass="654.29">
          <search_score name="xcorr" value="1.385325"/>
        </search_hit>
      </search_result>
    </spectrum_query>
    <spectrum_query spectrum="test_1-target_tide.218.218.3" start_scan="0" end_scan="0" precursor_neutral_mass="1775.82817059969" assumed_charge="3">
      <search_result>
        <search_hit hit_rank="1" peptide="APEQEQAAPGPAAGGEAPK" calc_neutral_pep_mass="592.95">
          <search_score name="xcorr" value="1.636386"/>
        </search_hit>
        <search_hit hit_rank="2" peptide="DPAEDGVTALSVYLTPK" calc_neutral_pep_mass="592.95">
          <search_score name="xcorr" value="1.535573"/>
        </search_hit>
        <search_hit hit_rank="3" peptide="IPLPPNVCFSGYWVK" calc_neutral_pep_mass="592.95">
          <search_score name="xcorr" value="1.359845"/>
        </search_hit>
        <search_hit hit_rank="4" peptide="GIIAHATPQCQINQVK" calc_neutral_pep_mass="592.95">
          <search_score name="xcorr" value="1.339145"/>
        </search_hit>
        <search_hit hit_rank="5" peptide="IDEPTSNMDIFPTVAK" calc_neutral_pep_mass="592.95">
          <search_score name="xcorr" value="1.331135"/>
        </search_hit>
      </search_result>
    </spectrum_query>
    <spectrum_query spectrum="test_1-target_tide.219.219.3" start_scan="0" end_scan="0" precursor_neutral_mass="1438.74817059969" assumed_charge="3">
      <search_result>
        <search_hit hit_rank="1" peptide="ESGGPIELFFSMK" calc_neutral_pep_mass="480.59">
          <search_score name="xcorr" value="1.772150"/>
        </search_hit>
        <search_hit hit_rank="2" peptide="FLQEHEETPPSK" calc_neutral_pep_mass="480.59">
          <search_score name="xcorr" value="1.715727"/>
        </search_hit>
        <search_hit hit_rank="3" peptide="GAAEAQAGLSSADHR" calc_neutral_pep_mass="480.59">
          <search_score name="xcorr" value="1.709956"/>
        </search_hit>
        <search_hit hit_rank="4" peptide="EALLSNTQSLLPR" calc_neutral_pep_mass="480.59">
          <search_score name="xcorr" value="1.692662"/>
        </search_hit>
        <search_hit hit_rank="5" peptide="QENGMPEKPPGPR" calc_neutral_pep_mass="480.59">
          <search_score name="xcorr" value="1.524501"/>
        </search_hit>
      </search_result>
    </spectrum_query>
    <spectrum_query spectrum="test_1-target_tide.220.220.3" start_scan="0" end_scan="0" precursor_neutral_mass="1538.73817059969" assumed_charge="3">
      <search_result>
        <search_hit hit_rank="1" peptide="LLMSHYSLVSPHR" calc_neutral_pep_mass="513.92">
          <search_score name="xcorr" value="1.133676"/>
        </search_hit>
        <search_hit hit_rank="2" peptide="FFCLYTEEFASK" calc_neutral_pep_mass="513.92">
          <search_score name="xcorr" value="1.133501"/>
        </search_hit>
        <search_hit hit_rank="3" peptide="VITVYAALCCEIK" calc_neutral_pep_mass="513.92">
          <search_score name="xcorr" value="1.090929"/>
        </search_hit>
        <search_hit hit_rank="4" peptide="NSSSDLLLDFPNSK" calc_neutral_pep_mass="513.92">
          <search_score name="xcorr" value="1.071342"/>
        </search_hit>
        <search_hit hit_rank="5" peptide="VHGLALGHEAHLQR" calc_neutral_pep_mass="513.92">
          <search_score name="xcorr" value="1.059650"/>
        </search_hit>
      </search_result>
    </spectrum_query>
    <spectrum_query spectrum="test_1-target_tide.221.221.2" start_scan="0" end_scan="0" precursor_neutral_mass="1329.60544706646" assumed_charge="2">
      <search_result>
        <search_hit hit_rank="1" peptide="INVVLAGGHVVPR" calc_neutral_pep_mass="665.81">
          <search_score name="xcorr" value="1.478462"/>
        </search_hit>
        <search_hit hit_rank="2" peptide="LNQIRPGLQYK" calc_neutral_pep_mass="665.81">
          <search_score name="xcorr" value="1.446146"/>
        </search_hit>
        <search_hit hit_rank="3" peptide="VETPEGEVMSPR" calc_neutral_pep_mass="665.81">
          <search_score name="xcorr" value="1.403887"/>
        </search_hit>
        <search_hit hit_rank="4" peptide="ARPSMGDWRPR" calc_neutral_pep_mass="665.81">
          <search_score name="xcorr" value="1.201665"/>
        </search_hit>
        <search_hit hit_rank="5" peptide="NLLQSQGSPEQK" calc_neutral_pep_mass="665.81">
          <search_score name="xcorr" value="1.186708"/>
        </search_hit>
      </search_result>
    </spectrum_query>
    <spectrum_query spectrum="test_1-target_tide.222.222.3" start_scan="0" end_scan="0" precursor_neutral_mass="1865.94817059969" assumed_charge="3">
      <search_result>
        <search_hit hit_rank="1" peptide="IEDSTGLNRPGPAPLSSR" calc_neutral_pep_mass="622.99">
          <search_score name="xcorr" value="2.542404"/>
        </search_hit>
        <search_hit hit_rank="2" peptide="ELLSDTAHLNETHCAR" calc_neutral_pep_mass="622.99">
          <search_score name="xcorr" value="1.577501"/>
        </search_hit>
        <search_hit hit_rank="3" peptide="QQTDMAVNWAGGLHHAK" calc_neutral_pep_mass="622.99">
          <search_score name="xcorr" value="1.552491"/>
        </search_hit>
        <search_hit hit_rank="4" peptide="LEDVAQLQALLQIWPK" calc_neutral_pep_mass="622.99">
          <search_score name="xcorr" value="1.531830"/>
        </search_hit>
        <search_hit hit_rank="5" peptide="MEEESGAPGVPSGNGAPGPK" calc_neutral_pep_mass="622.99">
          <search_score name="xcorr" value="1.519391"/>
        </search_hit>
      </search_result>
    </spectrum_query>
    <spectrum_query spectrum="test_1-target_tide.224.224.3" start_scan="0" end_scan="0" precursor_neutral_mass="1538.73817059969" assumed_charge="3">
      <search_result>
        <search_hit hit_rank="1" peptide="LLMSHYSLVSPHR" calc_neutral_pep_mass="513.92">
          <search_score name="xcorr" value="1.242119"/>
        </search_hit>
        <search_hit hit_rank="2" peptide="NMLIDIMDTSQQK" calc_neutral_pep_mass="513.92">
          <search_score name="xcorr" value="1.241479"/>
        </search_hit>
        <search_hit hit_rank="3" peptide="TTSQLLALEASCSR" calc_neutral_pep_mass="513.92">
          <search_score name="xcorr" value="1.186396"/>
        </search_hit>
        <search_hit hit_rank="4" peptide="FCPSTVNSLNCLK" calc_neutral_pep_mass="513.92">
          <search_score name="xcorr" value="1.155213"/>
        </search_hit>
        <search_hit hit_rank="5" peptide="QPTLHRPSIQAHR" calc_neutral_pep_mass="513.92">
          <search_score name="xcorr" value="1.048178"/>
        </search_hit>
      </search_result>
    </spectrum_query>
    <spectrum_query spectrum="test_1-target_tide.225.225.3" start_scan="0" end_scan="0" precursor_neutral_mass="1438.74817059969" assumed_charge="3">
      <search_result>
        <search_hit hit_rank="1" peptide="GAAEAQAGLSSADHR" calc_neutral_pep_mass="480.59">
          <search_score name="xcorr" value="1.801225"/>
        </search_hit>
        <search_hit hit_rank="2" peptide="QENGMPEKPPGPR" calc_neutral_pep_mass="480.59">
          <search_score name="xcorr" value="1.527547"/>
        </search_hit>
        <search_hit hit_rank="3" peptide="YEYEFYHYVK" calc_neutral_pep_mass="480.59">
          <search_score name="xcorr" value="1.467152"/>
        </search_hit>
        <search_hit hit_rank="4" peptide="SSPASHPSFLNHR" calc_neutral_pep_mass="480.59">
          <search_score name="xcorr" value="1.444510"/>
        </search_hit>
        <search_hit hit_rank="5" peptide="EQGIHPLAFQGLK" calc_neutral_pep_mass="480.59">
          <search_score name="xcorr" value="1.433031"/>
        </search_hit>
      </search_result>
    </spectrum_query>
    <spectrum_query spectrum="test_1-target_tide.226.226.2" start_scan="0" end_scan="0" precursor_neutral_mass="1538.74544706646" assumed_charge="2">
      <search_result>
        <search_hit hit_rank="1" peptide="FCPSTVNSLNCLK" calc_neutral_pep_mass="770.38">
          <search_score name="xcorr" value="1.122241"/>
        </search_hit>
        <search_hit hit_rank="2" peptide="GATVLPANTPGNVGSGK" calc_neutral_pep_mass="770.38">
          <search_score name="xcorr" value="1.047052"/>
        </search_hit>
        <search_hit hit_rank="3" peptide="GFSQASHFHTHQR" calc_neutral_pep_mass="770.38">
          <search_score name="xcorr" value="1.037087"/>
        </search_hit>
        <search_hit hit_rank="4" peptide="QHLLSEMESLKPK" calc_neutral_pep_mass="770.38">
          <search_score name="xcorr" value="1.035812"/>
        </search_hit>
        <search_hit hit_rank="5" peptide="QPTLHRPSIQAHR" calc_neutral_pep_mass="770.38">
          <search_score name="xcorr" value="1.015017"/>
        </search_hit>
      </search_result>
    </spectrum_query>
    <spectrum_query spectrum="test_1-target_tide.227.227.3" start_scan="0" end_scan="0" precursor_neutral_mass="1595.76817059969" assumed_charge="3">
      <search_result>
        <search_hit hit_rank="1" peptide="IDIHPTVLQVWFK" calc_neutral_pep_mass="532.93">
          <search_score name="xcorr" value="1.233310"/>
        </search_hit>
        <search_hit hit_rank="2" peptide="VTFATANESSALLIR" calc_neutral_pep_mass="532.93">
          <search_score name="xcorr" value="1.066532"/>
        </search_hit>
        <search_hit hit_rank="3" peptide="EYLESSQASLNVTR" calc_neutral_pep_mass="532.93">
          <search_score name="xcorr" value="1.047052"/>
        </search_hit>
        <search_hit hit_rank="4" peptide="VQQACEMVMDILR" calc_neutral_pep_mass="532.93">
          <search_score name="xcorr" value="1.043474"/>
        </search_hit>
        <search_hit hit_rank="5" peptide="YEGLPCCFYEEK" calc_neutral_pep_mass="532.93">
          <search_score name="xcorr" value="1.027679"/>
        </search_hit>
      </search_result>
    </spectrum_query>
    <spectrum_query spectrum="test_1-target_tide.228.228.2" start_scan="0" end_scan="0" precursor_neutral_mass="1329.60544706646" assumed_charge="2">
      <search_result>
        <search_hit hit_rank="1" peptide="EILEELQLNTK" calc_neutral_pep_mass="665.81">
          <search_score name="xcorr" value="1.717660"/>
        </search_hit>
        <search_hit hit_rank="2" peptide="DNGGCSHICIAK" calc_neutral_pep_mass="665.81">
          <search_score name="xcorr" value="1.655910"/>
        </search_hit>
        <search_hit hit_rank="3" peptide="AAVELEEPEDAR" calc_neutral_pep_mass="665.81">
          <search_score name="xcorr" value="1.602774"/>
        </search_hit>
        <search_hit hit_rank="4" peptide="LDSLVAQQLQSK" calc_neutral_pep_mass="665.81">
          <search_score name="xcorr" value="1.533258"/>
        </search_hit>
        <search_hit hit_rank="5" peptide="LNQEEVESLNR" calc_neutral_pep_mass="665.81">
          <search_score name="xcorr" value="1.432984"/>
        </search_hit>
      </search_result>
    </spectrum_query>
    <spectrum_query spectrum="test_1-target_tide.230.230.2" start_scan="0" end_scan="0" precursor_neutral_mass="1538.74544706646" assumed_charge="2">
      <search_result>
        <search_hit hit_rank="1" peptide="EVHVLCLGLDNSGK" calc_neutral_pep_mass="770.38">
          <search_score name="xcorr" value="1.579765"/>
        </search_hit>
        <search_hit hit_rank="2" peptide="GATVLPANTPGNVGSGK" calc_neutral_pep_mass="770.38">
          <search_score name="xcorr" value="1.380582"/>
        </search_hit>
        <search_hit hit_rank="3" peptide="FCPSTVNSLNCLK" calc_neutral_pep_mass="770.38">
          <search_score name="xcorr" value="1.340849"/>
        </search_hit>
        <search_hit hit_rank="4" peptide="QHLLSEMESLKPK" calc_neutral_pep_mass="770.38">
          <search_score name="xcorr" value="1.324851"/>
        </search_hit>
        <search_hit hit_rank="5" peptide="EGPNYQWMPFSGK" calc_neutral_pep_mass="770.38">
          <search_score name="xcorr" value="1.313173"/>
        </search_hit>
      </search_result>
    </spectrum_query>
    <spectrum_query spectrum="test_1-target_tide.231.231.2" start_scan="0" end_scan="0" precursor_neutral_mass="1821.92544706646" assumed_charge="2">
      <search_result>
        <search_hit hit_rank="1" peptide="EIVHLQAGQCGNQIGAK" calc_neutral_pep_mass="911.97">
          <search_score name="xcorr" value="4.476408"/>
        </search_hit>
        <search_hit hit_rank="2" peptide="EIVHIQAGQCGNQIGAK" calc_neutral_pep_mass="911.97">
          <search_score name="xcorr" value="4.476408"/>
        </search_hit>
        <search_hit hit_rank="3" peptide="ENVHLQAGQCGNQIGAK" calc_neutral_pep_mass="911.97">
          <search_score name="xcorr" value="4.006152"/>
        </search_hit>
        <search_hit hit_rank="4" peptide="EVIDLLKPDQVEGIQK" calc_neutral_pep_mass="911.97">
          <search_score name="xcorr" value="1.512943"/>
        </search_hit>
        <search_hit hit_rank="5" peptide="GTEASSGTEAATGLEGEEK" calc_neutral_pep_mass="911.97">
          <search_score name="xcorr" value="1.507641"/>
        </search_hit>
      </search_result>
    </spectrum_query>
    <spectrum_query spectrum="test_1-target_tide.232.232.2" start_scan="0" end_scan="0" precursor_neutral_mass="1415.76544706646" assumed_charge="2">
      <search_result>
        <search_hit hit_rank="1" peptide="LAQAAQSSVATITR" calc_neutral_pep_mass="708.89">
          <search_score name="xcorr" value="2.461184"/>
        </search_hit>
        <search_hit hit_rank="2" peptide="DQLLLGPTYATPK" calc_neutral_pep_mass="708.89">
          <search_score name="xcorr" value="1.862765"/>
        </search_hit>
        <search_hit hit_rank="3" peptide="DQDLEPGAPSMGAK" calc_neutral_pep_mass="708.89">
          <search_score name="xcorr" value="1.710784"/>
        </search_hit>
        <search_hit hit_rank="4" peptide="SVSWSEPGGGQVPK" calc_neutral_pep_mass="708.89">
          <search_score name="xcorr" value="1.611426"/>
        </search_hit>
        <search_hit hit_rank="5" peptide="VSGVFSSFMTPEK" calc_neutral_pep_mass="708.89">
          <search_score name="xcorr" value="1.563711"/>
        </search_hit>
      </search_result>
    </spectrum_query>
    <spectrum_query spectrum="test_1-target_tide.233.233.4" start_scan="0" end_scan="0" precursor_neutral_mass="2303.13089413292" assumed_charge="4">
      <search_result>
        <search_hit hit_rank="1" peptide="HDMIGEVILDNLFEVSDLSR" calc_neutral_pep_mass="576.79">
          <search_score name="xcorr" value="1.821356"/>
        </search_hit>
        <search_hit hit_rank="2" peptide="AGVLPLLTGAITHHGHHTDVVR" calc_neutral_pep_mass="576.79">
          <search_score name="xcorr" value="1.535973"/>
        </search_hit>
        <search_hit hit_rank="3" peptide="NVYSSPLSIFELGFLLLSFR" calc_neutral_pep_mass="576.79">
          <search_score name="xcorr" value="1.518548"/>
        </search_hit>
        <search_hit hit_rank="4" peptide="KPSSTPSSTPGPSAQIIHPSNGR" calc_neutral_pep_mass="576.79">
          <search_score name="xcorr" value="1.478724"/>
        </search_hit>
        <search_hit hit_rank="5" peptide="MEDDSLYLGGEWQFNHFSK" calc_neutral_pep_mass="576.79">
          <search_score name="xcorr" value="1.458970"/>
        </search_hit>
      </search_result>
    </spectrum_query>
    <spectrum_query spectrum="test_1-target_tide.234.234.2" start_scan="0" end_scan="0" precursor_neutral_mass="1235.58544706646" assumed_charge="2">
      <search_result>
        <search_hit hit_rank="1" peptide="DQVANSAFVER" calc_neutral_pep_mass="618.8">
          <search_score name="xcorr" value="2.577196"/>
        </search_hit>
        <search_hit hit_rank="2" peptide="QTLLFSATMPK" calc_neutral_pep_mass="618.8">
          <search_score name="xcorr" value="1.645493"/>
        </search_hit>
        <search_hit hit_rank="3" peptide="EDVYEYYQK" calc_neutral_pep_mass="618.8">
          <search_score name="xcorr" value="1.637410"/>
        </search_hit>
        <search_hit hit_rank="4" peptide="VEDFTELVER" calc_neutral_pep_mass="618.8">
          <search_score name="xcorr" value="1.602852"/>
        </search_hit>
        <search_hit hit_rank="5" peptide="STPENHPETPK" calc_neutral_pep_mass="618.8">
          <search_score name="xcorr" value="1.498972"/>
        </search_hit>
      </search_result>
    </spectrum_query>
    <spectrum_query spectrum="test_1-target_tide.236.236.2" start_scan="0" end_scan="0" precursor_neutral_mass="1821.92544706646" assumed_charge="2">
      <search_result>
        <search_hit hit_rank="1" peptide="EIVHLQAGQCGNQIGAK" calc_neutral_pep_mass="911.97">
          <search_score name="xcorr" value="4.444147"/>
        </search_hit>
        <search_hit hit_rank="2" peptide="EIVHIQAGQCGNQIGAK" calc_neutral_pep_mass="911.97">
          <search_score name="xcorr" value="4.444147"/>
        </search_hit>
        <search_hit hit_rank="3" peptide="ENVHLQAGQCGNQIGAK" calc_neutral_pep_mass="911.97">
          <search_score name="xcorr" value="3.695446"/>
        </search_hit>
        <search_hit hit_rank="4" peptide="MSELSDEASEPELLNR" calc_neutral_pep_mass="911.97">
          <search_score name="xcorr" value="1.620292"/>
        </search_hit>
        <search_hit hit_rank="5" peptide="GTLGFPGLNGFQGIEGQK" calc_neutral_pep_mass="911.97">
          <search_score name="xcorr" value="1.605676"/>
        </search_hit>
      </search_result>
    </spectrum_query>
    <spectrum_query spectrum="test_1-target_tide.237.237.3" start_scan="0" end_scan="0" precursor_neutral_mass="1432.71817059969" assumed_charge="3">
      <search_result>
        <search_hit hit_rank="1" peptide="VEQATKPSFESGR" calc_neutral_pep_mass="478.58">
          <search_score name="xcorr" value="1.704152"/>
        </search_hit>
        <search_hit hit_rank="2" peptide="AAALVLQTIWGYK" calc_neutral_pep_mass="478.58">
          <search_score name="xcorr" value="1.624539"/>
        </search_hit>
        <search_hit hit_rank="3" peptide="QPDSPAGSTTSEEK" calc_neutral_pep_mass="478.58">
          <search_score name="xcorr" value="1.544819"/>
        </search_hit>
        <search_hit hit_rank="4" peptide="LAEIYVNSSFYK" calc_neutral_pep_mass="478.58">
          <search_score name="xcorr" value="1.518467"/>
        </search_hit>
        <search_hit hit_rank="5" peptide="TILPEASFLITAR" calc_neutral_pep_mass="478.58">
          <search_score name="xcorr" value="1.512410"/>
        </search_hit>
      </search_result>
    </spectrum_query>
    <spectrum_query spectrum="test_1-target_tide.238.238.2" start_scan="0" end_scan="0" precursor_neutral_mass="1091.56544706646" assumed_charge="2">
      <search_result>
        <search_hit hit_rank="1" peptide="VHIEIGPDGR" calc_neutral_pep_mass="546.79">
          <search_score name="xcorr" value="2.749254"/>
        </search_hit>
        <search_hit hit_rank="2" peptide="ETFTLYYR" calc_neutral_pep_mass="546.79">
          <search_score name="xcorr" value="1.465677"/>
        </search_hit>
        <search_hit hit_rank="3" peptide="YVSIKPDNR" calc_neutral_pep_mass="546.79">
          <search_score name="xcorr" value="1.312930"/>
        </search_hit>
        <search_hit hit_rank="4" peptide="QACEEQDGR" calc_neutral_pep_mass="546.79">
          <search_score name="xcorr" value="1.248375"/>
        </search_hit>
        <search_hit hit_rank="5" peptide="YDLSLPVER" calc_neutral_pep_mass="546.79">
          <search_score name="xcorr" value="1.203086"/>
        </search_hit>
      </search_result>
    </spectrum_query>
    <spectrum_query spectrum="test_1-target_tide.239.239.3" start_scan="0" end_scan="0" precursor_neutral_mass="1595.76817059969" assumed_charge="3">
      <search_result>
        <search_hit hit_rank="1" peptide="FGSNVNFVVGNNGSGK" calc_neutral_pep_mass="532.93">
          <search_score name="xcorr" value="1.397665"/>
        </search_hit>
        <search_hit hit_rank="2" peptide="IILEDYHDHGLLR" calc_neutral_pep_mass="532.93">
          <search_score name="xcorr" value="1.255262"/>
        </search_hit>
        <search_hit hit_rank="3" peptide="SLAMLGSSEGNTALSR" calc_neutral_pep_mass="532.93">
          <search_score name="xcorr" value="1.139643"/>
        </search_hit>
        <search_hit hit_rank="4" peptide="VTFATANESSALLIR" calc_neutral_pep_mass="532.93">
          <search_score name="xcorr" value="1.121065"/>
        </search_hit>
        <search_hit hit_rank="5" peptide="MAEAASGAGGTSLEGER" calc_neutral_pep_mass="532.93">
          <search_score name="xcorr" value="1.052576"/>
        </search_hit>
      </search_result>
    </spectrum_query>
    <spectrum_query spectrum="test_1-target_tide.240.240.2" start_scan="0" end_scan="0" precursor_neutral_mass="1069.62544706646" assumed_charge="2">
      <search_result>
        <search_hit hit_rank="1" peptide="ALLEQTLQR" calc_neutral_pep_mass="535.82">
          <search_score name="xcorr" value="1.411901"/>
        </search_hit>
        <search_hit hit_rank="2" peptide="NANAEPAVQR" calc_neutral_pep_mass="535.82">
          <search_score name="xcorr" value="1.372921"/>
        </search_hit>
        <search_hit hit_rank="3" peptide="MAVNSSGYSR" calc_neutral_pep_mass="535.82">
          <search_score name="xcorr" value="1.331245"/>
        </search_hit>
        <search_hit hit_rank="4" peptide="LLGCAVLAPR" calc_neutral_pep_mass="535.82">
          <search_score name="xcorr" value="1.284343"/>
        </search_hit>
        <search_hit hit_rank="5" peptide="SVLQEVLER" calc_neutral_pep_mass="535.82">
          <search_score name="xcorr" value="1.265196"/>
        </search_hit>
      </search_result>
    </spectrum_query>
    <spectrum_query spectrum="test_1-target_tide.242.242.2" start_scan="0" end_scan="0" precursor_neutral_mass="1332.68544706646" assumed_charge="2">
      <search_result>
        <search_hit hit_rank="1" peptide="TLIQNCGASTIR" calc_neutral_pep_mass="667.35">
          <search_score name="xcorr" value="2.778137"/>
        </search_hit>
        <search_hit hit_rank="2" peptide="IQDLEMFQPGR" calc_neutral_pep_mass="667.35">
          <search_score name="xcorr" value="1.346143"/>
        </search_hit>
        <search_hit hit_rank="3" peptide="NTLYLQLNSLR" calc_neutral_pep_mass="667.35">
          <search_score name="xcorr" value="1.255231"/>
        </search_hit>
        <search_hit hit_rank="4" peptide="VDNISTLDSEIK" calc_neutral_pep_mass="667.35">
          <search_score name="xcorr" value="1.252604"/>
        </search_hit>
        <search_hit hit_rank="5" peptide="FNSNGTQLLALR" calc_neutral_pep_mass="667.35">
          <search_score name="xcorr" value="1.226704"/>
        </search_hit>
      </search_result>
    </spectrum_query>
    <spectrum_query spectrum="test_1-target_tide.243.243.3" start_scan="0" end_scan="0" precursor_neutral_mass="1432.71817059969" assumed_charge="3">
      <search_result>
        <search_hit hit_rank="1" peptide="LAEIYVNSSFYK" calc_neutral_pep_mass="478.58">
          <search_score name="xcorr" value="1.896308"/>
        </search_hit>
        <search_hit hit_rank="2" peptide="FSSSSHLIQHHR" calc_neutral_pep_mass="478.58">
          <search_score name="xcorr" value="1.584265"/>
        </search_hit>
        <search_hit hit_rank="3" peptide="VEQATKPSFESGR" calc_neutral_pep_mass="478.58">
          <search_score name="xcorr" value="1.525001"/>
        </search_hit>
        <search_hit hit_rank="4" peptide="VAYLDPLELSEGK" calc_neutral_pep_mass="478.58">
          <search_score name="xcorr" value="1.488253"/>
        </search_hit>
        <search_hit hit_rank="5" peptide="LGGSGPCFVLEVAK" calc_neutral_pep_mass="478.58">
          <search_score name="xcorr" value="1.483972"/>
        </search_hit>
      </search_result>
    </spectrum_query>
    <spectrum_query spectrum="test_1-target_tide.244.244.2" start_scan="0" end_scan="0" precursor_neutral_mass="1091.56544706646" assumed_charge="2">
      <search_result>
        <search_hit hit_rank="1" peptide="VHIEIGPDGR" calc_neutral_pep_mass="546.79">
          <search_score name="xcorr" value="2.688716"/>
        </search_hit>
        <search_hit hit_rank="2" peptide="ETFTLYYR" calc_neutral_pep_mass="546.79">
          <search_score name="xcorr" value="1.342032"/>
        </search_hit>
        <search_hit hit_rank="3" peptide="YVSIKPDNR" calc_neutral_pep_mass="546.79">
          <search_score name="xcorr" value="1.306817"/>
        </search_hit>
        <search_hit hit_rank="4" peptide="VHQLLLQNK" calc_neutral_pep_mass="546.79">
          <search_score name="xcorr" value="1.208249"/>
        </search_hit>
        <search_hit hit_rank="5" peptide="YDLSLPVER" calc_neutral_pep_mass="546.79">
          <search_score name="xcorr" value="1.170890"/>
        </search_hit>
      </search_result>
    </spectrum_query>
    <spectrum_query spectrum="test_1-target_tide.245.245.2" start_scan="0" end_scan="0" precursor_neutral_mass="1254.68544706646" assumed_charge="2">
      <search_result>
        <search_hit hit_rank="1" peptide="QLQAETEPIVK" calc_neutral_pep_mass="628.35">
          <search_score name="xcorr" value="2.370107"/>
        </search_hit>
        <search_hit hit_rank="2" peptide="ELQQALVPVMK" calc_neutral_pep_mass="628.35">
          <search_score name="xcorr" value="1.376979"/>
        </search_hit>
        <search_hit hit_rank="3" peptide="ELPDQAGSSHSK" calc_neutral_pep_mass="628.35">
          <search_score name="xcorr" value="1.369284"/>
        </search_hit>
        <search_hit hit_rank="4" peptide="QNVVDVFHAVK" calc_neutral_pep_mass="628.35">
          <search_score name="xcorr" value="1.352593"/>
        </search_hit>
        <search_hit hit_rank="5" peptide="EIDESLIFYK" calc_neutral_pep_mass="628.35">
          <search_score name="xcorr" value="1.313177"/>
        </search_hit>
      </search_result>
    </spectrum_query>
    <spectrum_query spectrum="test_1-target_tide.246.246.2" start_scan="0" end_scan="0" precursor_neutral_mass="1220.64544706646" assumed_charge="2">
      <search_result>
        <search_hit hit_rank="1" peptide="QLAGAMAYLGAR" calc_neutral_pep_mass="611.33">
          <search_score name="xcorr" value="2.391548"/>
        </search_hit>
        <search_hit hit_rank="2" peptide="LQEALEDFEK" calc_neutral_pep_mass="611.33">
          <search_score name="xcorr" value="1.982629"/>
        </search_hit>
        <search_hit hit_rank="3" peptide="FTCEDAGAPVR" calc_neutral_pep_mass="611.33">
          <search_score name="xcorr" value="1.585454"/>
        </search_hit>
        <search_hit hit_rank="4" peptide="IVSPGLTIHER" calc_neutral_pep_mass="611.33">
          <search_score name="xcorr" value="1.556123"/>
        </search_hit>
        <search_hit hit_rank="5" peptide="QIPIESIPGIR" calc_neutral_pep_mass="611.33">
          <search_score name="xcorr" value="1.541519"/>
        </search_hit>
      </search_result>
    </spectrum_query>
    <spectrum_query spectrum="test_1-target_tide.248.248.2" start_scan="0" end_scan="0" precursor_neutral_mass="1332.68544706646" assumed_charge="2">
      <search_result>
        <search_hit hit_rank="1" peptide="TLIQNCGASTIR" calc_neutral_pep_mass="667.35">
          <search_score name="xcorr" value="2.858164"/>
        </search_hit>
        <search_hit hit_rank="2" peptide="VDNISTLDSEIK" calc_neutral_pep_mass="667.35">
          <search_score name="xcorr" value="1.377385"/>
        </search_hit>
        <search_hit hit_rank="3" peptide="TIFLQCLPWR" calc_neutral_pep_mass="667.35">
          <search_score name="xcorr" value="1.253252"/>
        </search_hit>
        <search_hit hit_rank="4" peptide="TLLNSQLEMER" calc_neutral_pep_mass="667.35">
          <search_score name="xcorr" value="1.143208"/>
        </search_hit>
        <search_hit hit_rank="5" peptide="IQDLEMFQPGR" calc_neutral_pep_mass="667.35">
          <search_score name="xcorr" value="1.119881"/>
        </search_hit>
      </search_result>
    </spectrum_query>
    <spectrum_query spectrum="test_1-target_tide.249.249.2" start_scan="0" end_scan="0" precursor_neutral_mass="1220.64544706646" assumed_charge="2">
      <search_result>
        <search_hit hit_rank="1" peptide="QLAGAMAYLGAR" calc_neutral_pep_mass="611.33">
          <search_score name="xcorr" value="2.404173"/>
        </search_hit>
        <search_hit hit_rank="2" peptide="LQEALEDFEK" calc_neutral_pep_mass="611.33">
          <search_score name="xcorr" value="1.825977"/>
        </search_hit>
        <search_hit hit_rank="3" peptide="QINGATCSIEE" calc_neutral_pep_mass="611.33">
          <search_score name="xcorr" value="1.598581"/>
        </search_hit>
        <search_hit hit_rank="4" peptide="QIPIESIPGIR" calc_neutral_pep_mass="611.33">
          <search_score name="xcorr" value="1.539373"/>
        </search_hit>
        <search_hit hit_rank="5" peptide="QLPVEEPNPAK" calc_neutral_pep_mass="611.33">
          <search_score name="xcorr" value="1.495591"/>
        </search_hit>
      </search_result>
    </spectrum_query>
    <spectrum_query spectrum="test_1-target_tide.250.250.2" start_scan="0" end_scan="0" precursor_neutral_mass="1254.68544706646" assumed_charge="2">
      <search_result>
        <search_hit hit_rank="1" peptide="QLQAETEPIVK" calc_neutral_pep_mass="628.35">
          <search_score name="xcorr" value="2.518326"/>
        </search_hit>
        <search_hit hit_rank="2" peptide="QNVVDVFHAVK" calc_neutral_pep_mass="628.35">
          <search_score name="xcorr" value="1.540247"/>
        </search_hit>
        <search_hit hit_rank="3" peptide="ELPDQAGSSHSK" calc_neutral_pep_mass="628.35">
          <search_score name="xcorr" value="1.520115"/>
        </search_hit>
        <search_hit hit_rank="4" peptide="EIDESLIFYK" calc_neutral_pep_mass="628.35">
          <search_score name="xcorr" value="1.430599"/>
        </search_hit>
        <search_hit hit_rank="5" peptide="QLIETSPVLQK" calc_neutral_pep_mass="628.35">
          <search_score name="xcorr" value="1.336242"/>
        </search_hit>
      </search_result>
    </spectrum_query>
    <spectrum_query spectrum="test_1-target_tide.251.251.2" start_scan="0" end_scan="0" precursor_neutral_mass="1053.56544706646" assumed_charge="2">
      <search_result>
        <search_hit hit_rank="1" peptide="WATQGPAAPR" calc_neutral_pep_mass="527.79">
          <search_score name="xcorr" value="1.471053"/>
        </search_hit>
        <search_hit hit_rank="2" peptide="AALSLWTHR" calc_neutral_pep_mass="527.79">
          <search_score name="xcorr" value="1.337105"/>
        </search_hit>
        <search_hit hit_rank="3" peptide="GHALLIDCR" calc_neutral_pep_mass="527.79">
          <search_score name="xcorr" value="1.328579"/>
        </search_hit>
        <search_hit hit_rank="4" peptide="VLAESLGPLR" calc_neutral_pep_mass="527.79">
          <search_score name="xcorr" value="1.301459"/>
        </search_hit>
        <search_hit hit_rank="5" peptide="SGLHTESAPR" calc_neutral_pep_mass="527.79">
          <search_score name="xcorr" value="1.252131"/>
        </search_hit>
      </search_result>
    </spectrum_query>
    <spectrum_query spectrum="test_1-target_tide.252.252.2" start_scan="0" end_scan="0" precursor_neutral_mass="1267.64544706646" assumed_charge="2">
      <search_result>
        <search_hit hit_rank="1" peptide="QLVLDPVVEEK" calc_neutral_pep_mass="634.83">
          <search_score name="xcorr" value="1.935244"/>
        </search_hit>
        <search_hit hit_rank="2" peptide="LAMMLGFTEEK" calc_neutral_pep_mass="634.83">
          <search_score name="xcorr" value="1.510430"/>
        </search_hit>
        <search_hit hit_rank="3" peptide="AQQPQQPSQEK" calc_neutral_pep_mass="634.83">
          <search_score name="xcorr" value="1.347507"/>
        </search_hit>
        <search_hit hit_rank="4" peptide="ALHQTVTEANGK" calc_neutral_pep_mass="634.83">
          <search_score name="xcorr" value="1.343932"/>
        </search_hit>
        <search_hit hit_rank="5" peptide="QVEHQLEEEK" calc_neutral_pep_mass="634.83">
          <search_score name="xcorr" value="1.320686"/>
        </search_hit>
      </search_result>
    </spectrum_query>
  </msms_run_summary>
</msms_pipeline_analysis>
