<?xml version="1.0" encoding="UTF-8"?>
<?xml-stylesheet type="text/xsl" href="pepXML_std.xsl"?>
<msms_pipeline_analysis date="2010:06:01:14:28:58" summary_xml="/home/jashi/pipeline//home/jashi/pipeline/pipeline0.01/src/../data/test-forward_tandem_output_1.pep.xml" xmlns="http://regis-web.systemsbiology.net/pepXML" xmlns:xsi="http://www.w3.org/2001/XMLSchema-instance" xsi:schemaLocation="http://sashimi.sourceforge.net/schema_revision/pepXML/pepXML_v114.xsd">
   <msms_run_summary base_name="/home/jashi/pipeline/pipeline0.01/src/../data/test-forward_tandem_output_1.xml" search_engine="X! Tandem" raw_data_type="raw" raw_data=".?">
      <sample_enzyme name="trypsin">
<specificity cut="KR" no_cut="P" sense="C"/>
</sample_enzyme>
<search_summary base_name="/home/jashi/pipeline/pipeline0.01/src/../data/test-forward_tandem_output_1.xml" search_engine="X! Tandem" precursor_mass_type="monoisotopic" fragment_mass_type="monoisotopic" search_id="1">
         <search_database local_path="/home/jashi/pipeline/databases/uni_human_var_100517_fwd.fasta" type="AA"/>
         <enzymatic_search_constraint enzyme="trypsin" max_num_internal_cleavages="50" min_number_termini="2" />
         <aminoacid_modification aminoacid="C" massdiff="57.0220" mass="160.0312" variable="N" />
         <aminoacid_modification aminoacid="C" massdiff="-17.0265" mass="143.0047" variable="Y" symbol="^" /><!--X! Tandem n-terminal AA variable modification-->
         <aminoacid_modification aminoacid="E" massdiff="-18.0106" mass="111.0320" variable="Y" symbol="^" /><!--X! Tandem n-terminal AA variable modification-->
         <aminoacid_modification aminoacid="Q" massdiff="-17.0265" mass="111.0321" variable="Y" symbol="^" /><!--X! Tandem n-terminal AA variable modification-->
         <terminal_modification terminus="n" massdiff="42.0106" mass="43.0184" protein_terminus="N" variable="Y" />
         
         <!-- Input parameters -->
         <parameter name="list path, default parameters" value="pipeline0.01/src/../../tandem-linux-10-01-01-4/bin/default_input.xml"/>
         <parameter name="list path, taxonomy information" value="pipeline0.01/src/../data/taxonomy.xml"/>
         <parameter name="output, histogram column width" value="30"/>
         <parameter name="output, histograms" value="yes"/>
         <parameter name="output, log path" value=""/>
         <parameter name="output, maximum valid expectation value" value="0.1"/>
         <parameter name="output, message" value="testing 1 2 3"/>
         <parameter name="output, one sequence copy" value="no"/>
         <parameter name="output, parameters" value="yes"/>
         <parameter name="output, path" value="/home/jashi/pipeline/pipeline0.01/src/../data/test-forward_tandem_output_1.xml"/>
         <parameter name="output, path hashing" value="yes"/>
         <parameter name="output, performance" value="yes"/>
         <parameter name="output, proteins" value="yes"/>
         <parameter name="output, results" value="valid"/>
         <parameter name="output, sequence path" value=""/>
         <parameter name="output, sequences" value="yes"/>
         <parameter name="output, sort results by" value="protein"/>
         <parameter name="output, spectra" value="yes"/>
         <parameter name="output, xsl path" value="tandem-style.xsl"/>
         <parameter name="protein, C-terminal residue modification mass" value="0.0"/>
         <parameter name="protein, N-terminal residue modification mass" value="0.0"/>
         <parameter name="protein, cleavage C-terminal mass change" value="+17.002735"/>
         <parameter name="protein, cleavage N-terminal mass change" value="+1.007825"/>
         <parameter name="protein, cleavage site" value="[KR]|{P}"/>
         <parameter name="protein, homolog management" value="no"/>
         <parameter name="protein, modified residue mass file" value=""/>
         <parameter name="protein, taxon" value="human"/>
         <parameter name="refine" value="yes"/>
         <parameter name="refine, maximum valid expectation value" value="0.1"/>
         <parameter name="refine, modification mass" value=""/>
         <parameter name="refine, point mutations" value="no"/>
         <parameter name="refine, potential C-terminus modifications" value=""/>
         <parameter name="refine, potential N-terminus modifications" value="+42.010565@["/>
         <parameter name="refine, potential modification mass" value=""/>
         <parameter name="refine, potential modification motif" value=""/>
         <parameter name="refine, sequence path" value=""/>
         <parameter name="refine, spectrum synthesis" value="yes"/>
         <parameter name="refine, tic percent" value="20"/>
         <parameter name="refine, unanticipated cleavage" value="yes"/>
         <parameter name="refine, use potential modifications for full refinement" value="no"/>
         <parameter name="residue, modification mass" value="57.022@C"/>
         <parameter name="residue, potential modification mass" value=""/>
         <parameter name="residue, potential modification motif" value=""/>
         <parameter name="scoring, a ions" value="no"/>
         <parameter name="scoring, b ions" value="yes"/>
         <parameter name="scoring, c ions" value="no"/>
         <parameter name="scoring, cyclic permutation" value="no"/>
         <parameter name="scoring, include reverse" value="no"/>
         <parameter name="scoring, maximum missed cleavage sites" value="50"/>
         <parameter name="scoring, minimum ion count" value="4"/>
         <parameter name="scoring, x ions" value="no"/>
         <parameter name="scoring, y ions" value="yes"/>
         <parameter name="scoring, z ions" value="no"/>
         <parameter name="spectrum, dynamic range" value="100.0"/>
         <parameter name="spectrum, fragment mass type" value="monoisotopic"/>
         <parameter name="spectrum, fragment monoisotopic mass error" value="0.4"/>
         <parameter name="spectrum, fragment monoisotopic mass error units" value="Daltons"/>
         <parameter name="spectrum, maximum parent charge" value="4"/>
         <parameter name="spectrum, minimum fragment mz" value="150.0"/>
         <parameter name="spectrum, minimum parent m+h" value="500.0"/>
         <parameter name="spectrum, minimum peaks" value="15"/>
         <parameter name="spectrum, parent monoisotopic mass error minus" value="100"/>
         <parameter name="spectrum, parent monoisotopic mass error plus" value="100"/>
         <parameter name="spectrum, parent monoisotopic mass error units" value="ppm"/>
         <parameter name="spectrum, parent monoisotopic mass isotope error" value="yes"/>
         <parameter name="spectrum, path" value="/home/jashi/pipeline/pipeline0.01/src/../data/test.mgf"/>
         <parameter name="spectrum, sequence batch size" value="1000"/>
         <parameter name="spectrum, threads" value="1"/>
         <parameter name="spectrum, total peaks" value="50"/>
         <parameter name="spectrum, use noise suppression" value="yes"/>
         <!-- Unused input parameters -->
         <parameter name="scoring, pluggable scoring" value="yes"/>
         <!-- Performance parameters -->
         <parameter name="list path, sequence source #1" value="/home/jashi/pipeline/databases/uni_human_var_100517_fwd.fasta"/>
         <parameter name="list path, sequence source description #1" value="no description"/>
         <parameter name="modelling, estimated false positives" value="1"/>
         <parameter name="modelling, spectrum noise suppression ratio" value="0.07"/>
         <parameter name="modelling, total peptides used" value="4035104"/>
         <parameter name="modelling, total proteins used" value="106159"/>
         <parameter name="modelling, total spectra assigned" value="90"/>
         <parameter name="modelling, total spectra used" value="229"/>
         <parameter name="modelling, total unique assigned" value="53"/>
         <parameter name="process, start time" value="2010:06:01:14:28:58"/>
         <parameter name="process, version" value="x! tandem TORNADO (2010.01.01.4)"/>
         <parameter name="quality values" value="16 12 10 7 7 9 3 11 6 7 5 4 5 1 4 3 2 0 1 1"/>
         <parameter name="refining, # input models" value="301"/>
         <parameter name="refining, # input spectra" value="123"/>
         <parameter name="refining, # partial cleavage" value="0"/>
         <parameter name="refining, # point mutations" value="0"/>
         <parameter name="refining, # potential C-terminii" value="0"/>
         <parameter name="refining, # potential N-terminii" value="1"/>
         <parameter name="refining, # unanticipated cleavage" value="0"/>
         <parameter name="timing, initial modelling total (sec)" value="13.13"/>
         <parameter name="timing, initial modelling/spectrum (sec)" value="0.057"/>
         <parameter name="timing, load sequence models (sec)" value="0.23"/>
         <parameter name="timing, refinement/spectrum (sec)" value="86199738662.149"/>
      </search_summary>
      
      <spectrum_query spectrum="test.30.30.2 " start_scan="26" end_scan="26" precursor_neutral_mass="1307.6717" assumed_charge="2" index="1">
      <search_result>
         <search_hit hit_rank="1" peptide="IRYESLTDPSK" peptide_prev_aa="K" peptide_next_aa="L" protein="sp|P07900|HS90A_HUMAN" protein_descr="Heat shock protein HSP 90-alpha OS=Homo sapiens GN=HSP90AA1 PE=1 SV=5" num_tot_proteins="14" num_matched_ions="9" tot_num_ions="20" calc_neutral_pep_mass="1307.6721" massdiff="-0.000" num_tol_term="2" num_missed_cleavages="1" is_rejected="0">
            <alternative_protein protein="sp|P07900-2|HS90A_HUMAN" protein_descr="Isoform HSP90AA1-2 of Heat shock protein HSP 90-alpha OS=Homo sapiens GN=HSP90AA1" num_tol_term="2"/>
            <alternative_protein protein="tr|Q2VPJ6|Q2VPJ6_HUMAN" protein_descr="HSP90AA1 protein (Fragment) OS=Homo sapiens GN=HSP90AA1 PE=2 SV=1" num_tol_term="2"/>
            <alternative_protein protein="sp|Q58FF7|H90B3_HUMAN" protein_descr="Putative heat shock protein HSP 90-beta-3 OS=Homo sapiens GN=HSP90AB3P PE=5 SV=1" num_tol_term="2"/>
            <alternative_protein protein="sp|P08238|HS90B_HUMAN" protein_descr="Heat shock protein HSP 90-beta OS=Homo sapiens GN=HSP90AB1 PE=1 SV=4" num_tol_term="2"/>
            <alternative_protein protein="tr|B4DMA2|B4DMA2_HUMAN" protein_descr="cDNA FLJ54023, highly similar to Heat shock protein HSP 90-beta OS=Homo sapiens PE=2 SV=1" num_tol_term="2"/>
            <alternative_protein protein="sp|Q58FF8|H90B2_HUMAN" protein_descr="Putative heat shock protein HSP 90-beta 2 OS=Homo sapiens GN=HSP90AB2P PE=1 SV=2" num_tol_term="2"/>
            <alternative_protein protein="tr|Q5T9W8|Q5T9W8_HUMAN" protein_descr="Heat shock protein 90kDa alpha (Cytosolic), class B member 1 (Fragment) OS=Homo sapiens GN=HSP90AB1 PE=2 SV=1" num_tol_term="2"/>
            <alternative_protein protein="tr|B4DTA5|B4DTA5_HUMAN" protein_descr="cDNA FLJ57431, highly similar to Heat shock protein HSP 90-alpha OS=Homo sapiens PE=2 SV=1" num_tol_term="2"/>
            <alternative_protein protein="tr|O14942|O14942_HUMAN" protein_descr="Heat shock protein beta (Fragment) OS=Homo sapiens PE=4 SV=1" num_tol_term="2"/>
            <alternative_protein protein="tr|Q6PK50|Q6PK50_HUMAN" protein_descr="HSP90AB1 protein (Fragment) OS=Homo sapiens GN=HSP90AB1 PE=2 SV=1" num_tol_term="2"/>
            <alternative_protein protein="tr|B5MDL9|B5MDL9_HUMAN" protein_descr="Putative uncharacterized protein ENSP00000371882 OS=Homo sapiens PE=4 SV=2" num_tol_term="2"/>
            <alternative_protein protein="tr|Q86SX1|Q86SX1_HUMAN" protein_descr="Full-length cDNA 5-PRIME end of clone CS0DN005YI08 of Adult brain of Homo sapiens (human) (Fragment) OS=Homo sapiens PE=2 SV=1" num_tol_term="2"/>
            <alternative_protein protein="sp|Q58FF6|H90B4_HUMAN" protein_descr="Putative heat shock protein HSP 90-beta 4 OS=Homo sapiens GN=HSP90AB4P PE=5 SV=1" num_tol_term="2"/>
            <search_score name="hyperscore" value="27.9"/>
            <search_score name="nextscore" value="19.3"/>
            <search_score name="bscore" value="13.6"/>
            <search_score name="yscore" value="11.4"/>
            <search_score name="expect" value="0.018"/>
         </search_hit>
      </search_result>
      </spectrum_query>
      <spectrum_query spectrum="test.226.226.2 " start_scan="207" end_scan="207" precursor_neutral_mass="1538.7488" assumed_charge="2" index="2">
      <search_result>
         <search_hit hit_rank="1" peptide="YESLTDPSKLDSGK" peptide_prev_aa="R" peptide_next_aa="E" protein="sp|P07900|HS90A_HUMAN" protein_descr="Heat shock protein HSP 90-alpha OS=Homo sapiens GN=HSP90AA1 PE=1 SV=5" num_tot_proteins="13" num_matched_ions="19" tot_num_ions="26" calc_neutral_pep_mass="1538.7464" massdiff="0.002" num_tol_term="2" num_missed_cleavages="1" is_rejected="0">
            <alternative_protein protein="sp|P07900-2|HS90A_HUMAN" protein_descr="Isoform HSP90AA1-2 of Heat shock protein HSP 90-alpha OS=Homo sapiens GN=HSP90AA1" num_tol_term="2"/>
            <alternative_protein protein="tr|Q2VPJ6|Q2VPJ6_HUMAN" protein_descr="HSP90AA1 protein (Fragment) OS=Homo sapiens GN=HSP90AA1 PE=2 SV=1" num_tol_term="2"/>
            <alternative_protein protein="sp|Q58FF7|H90B3_HUMAN" protein_descr="Putative heat shock protein HSP 90-beta-3 OS=Homo sapiens GN=HSP90AB3P PE=5 SV=1" num_tol_term="2"/>
            <alternative_protein protein="sp|P08238|HS90B_HUMAN" protein_descr="Heat shock protein HSP 90-beta OS=Homo sapiens GN=HSP90AB1 PE=1 SV=4" num_tol_term="2"/>
            <alternative_protein protein="tr|B4DMA2|B4DMA2_HUMAN" protein_descr="cDNA FLJ54023, highly similar to Heat shock protein HSP 90-beta OS=Homo sapiens PE=2 SV=1" num_tol_term="2"/>
            <alternative_protein protein="sp|Q58FF8|H90B2_HUMAN" protein_descr="Putative heat shock protein HSP 90-beta 2 OS=Homo sapiens GN=HSP90AB2P PE=1 SV=2" num_tol_term="2"/>
            <alternative_protein protein="tr|Q5T9W8|Q5T9W8_HUMAN" protein_descr="Heat shock protein 90kDa alpha (Cytosolic), class B member 1 (Fragment) OS=Homo sapiens GN=HSP90AB1 PE=2 SV=1" num_tol_term="2"/>
            <alternative_protein protein="tr|B4DTA5|B4DTA5_HUMAN" protein_descr="cDNA FLJ57431, highly similar to Heat shock protein HSP 90-alpha OS=Homo sapiens PE=2 SV=1" num_tol_term="2"/>
            <alternative_protein protein="tr|O14942|O14942_HUMAN" protein_descr="Heat shock protein beta (Fragment) OS=Homo sapiens PE=4 SV=1" num_tol_term="2"/>
            <alternative_protein protein="tr|Q6PK50|Q6PK50_HUMAN" protein_descr="HSP90AB1 protein (Fragment) OS=Homo sapiens GN=HSP90AB1 PE=2 SV=1" num_tol_term="2"/>
            <alternative_protein protein="tr|B5MDL9|B5MDL9_HUMAN" protein_descr="Putative uncharacterized protein ENSP00000371882 OS=Homo sapiens PE=4 SV=2" num_tol_term="2"/>
            <alternative_protein protein="tr|Q86SX1|Q86SX1_HUMAN" protein_descr="Full-length cDNA 5-PRIME end of clone CS0DN005YI08 of Adult brain of Homo sapiens (human) (Fragment) OS=Homo sapiens PE=2 SV=1" num_tol_term="2"/>
            <search_score name="hyperscore" value="64.8"/>
            <search_score name="nextscore" value="19.8"/>
            <search_score name="bscore" value="11.2"/>
            <search_score name="yscore" value="13.9"/>
            <search_score name="expect" value="1.2e-12"/>
         </search_hit>
      </search_result>
      </spectrum_query>
      <spectrum_query spectrum="test.224.224.3 " start_scan="205" end_scan="205" precursor_neutral_mass="1538.7475" assumed_charge="3" index="3">
      <search_result>
         <search_hit hit_rank="1" peptide="YESLTDPSKLDSGK" peptide_prev_aa="R" peptide_next_aa="E" protein="sp|P07900|HS90A_HUMAN" protein_descr="Heat shock protein HSP 90-alpha OS=Homo sapiens GN=HSP90AA1 PE=1 SV=5" num_tot_proteins="13" num_matched_ions="10" tot_num_ions="52" calc_neutral_pep_mass="1538.7464" massdiff="0.001" num_tol_term="2" num_missed_cleavages="1" is_rejected="0">
            <alternative_protein protein="sp|P07900-2|HS90A_HUMAN" protein_descr="Isoform HSP90AA1-2 of Heat shock protein HSP 90-alpha OS=Homo sapiens GN=HSP90AA1" num_tol_term="2"/>
            <alternative_protein protein="tr|Q2VPJ6|Q2VPJ6_HUMAN" protein_descr="HSP90AA1 protein (Fragment) OS=Homo sapiens GN=HSP90AA1 PE=2 SV=1" num_tol_term="2"/>
            <alternative_protein protein="sp|Q58FF7|H90B3_HUMAN" protein_descr="Putative heat shock protein HSP 90-beta-3 OS=Homo sapiens GN=HSP90AB3P PE=5 SV=1" num_tol_term="2"/>
            <alternative_protein protein="sp|P08238|HS90B_HUMAN" protein_descr="Heat shock protein HSP 90-beta OS=Homo sapiens GN=HSP90AB1 PE=1 SV=4" num_tol_term="2"/>
            <alternative_protein protein="tr|B4DMA2|B4DMA2_HUMAN" protein_descr="cDNA FLJ54023, highly similar to Heat shock protein HSP 90-beta OS=Homo sapiens PE=2 SV=1" num_tol_term="2"/>
            <alternative_protein protein="sp|Q58FF8|H90B2_HUMAN" protein_descr="Putative heat shock protein HSP 90-beta 2 OS=Homo sapiens GN=HSP90AB2P PE=1 SV=2" num_tol_term="2"/>
            <alternative_protein protein="tr|Q5T9W8|Q5T9W8_HUMAN" protein_descr="Heat shock protein 90kDa alpha (Cytosolic), class B member 1 (Fragment) OS=Homo sapiens GN=HSP90AB1 PE=2 SV=1" num_tol_term="2"/>
            <alternative_protein protein="tr|B4DTA5|B4DTA5_HUMAN" protein_descr="cDNA FLJ57431, highly similar to Heat shock protein HSP 90-alpha OS=Homo sapiens PE=2 SV=1" num_tol_term="2"/>
            <alternative_protein protein="tr|O14942|O14942_HUMAN" protein_descr="Heat shock protein beta (Fragment) OS=Homo sapiens PE=4 SV=1" num_tol_term="2"/>
            <alternative_protein protein="tr|Q6PK50|Q6PK50_HUMAN" protein_descr="HSP90AB1 protein (Fragment) OS=Homo sapiens GN=HSP90AB1 PE=2 SV=1" num_tol_term="2"/>
            <alternative_protein protein="tr|B5MDL9|B5MDL9_HUMAN" protein_descr="Putative uncharacterized protein ENSP00000371882 OS=Homo sapiens PE=4 SV=2" num_tol_term="2"/>
            <alternative_protein protein="tr|Q86SX1|Q86SX1_HUMAN" protein_descr="Full-length cDNA 5-PRIME end of clone CS0DN005YI08 of Adult brain of Homo sapiens (human) (Fragment) OS=Homo sapiens PE=2 SV=1" num_tol_term="2"/>
            <search_score name="hyperscore" value="26.8"/>
            <search_score name="nextscore" value="17.6"/>
            <search_score name="bscore" value="9"/>
            <search_score name="yscore" value="12.7"/>
            <search_score name="expect" value="0.0048"/>
         </search_hit>
      </search_result>
      </spectrum_query>
      <spectrum_query spectrum="test.230.230.2 " start_scan="210" end_scan="210" precursor_neutral_mass="1538.7452" assumed_charge="2" index="4">
      <search_result>
         <search_hit hit_rank="1" peptide="YESLTDPSKLDSGK" peptide_prev_aa="R" peptide_next_aa="E" protein="sp|P07900|HS90A_HUMAN" protein_descr="Heat shock protein HSP 90-alpha OS=Homo sapiens GN=HSP90AA1 PE=1 SV=5" num_tot_proteins="13" num_matched_ions="19" tot_num_ions="26" calc_neutral_pep_mass="1538.7464" massdiff="-0.001" num_tol_term="2" num_missed_cleavages="1" is_rejected="0">
            <alternative_protein protein="sp|P07900-2|HS90A_HUMAN" protein_descr="Isoform HSP90AA1-2 of Heat shock protein HSP 90-alpha OS=Homo sapiens GN=HSP90AA1" num_tol_term="2"/>
            <alternative_protein protein="tr|Q2VPJ6|Q2VPJ6_HUMAN" protein_descr="HSP90AA1 protein (Fragment) OS=Homo sapiens GN=HSP90AA1 PE=2 SV=1" num_tol_term="2"/>
            <alternative_protein protein="sp|Q58FF7|H90B3_HUMAN" protein_descr="Putative heat shock protein HSP 90-beta-3 OS=Homo sapiens GN=HSP90AB3P PE=5 SV=1" num_tol_term="2"/>
            <alternative_protein protein="sp|P08238|HS90B_HUMAN" protein_descr="Heat shock protein HSP 90-beta OS=Homo sapiens GN=HSP90AB1 PE=1 SV=4" num_tol_term="2"/>
            <alternative_protein protein="tr|B4DMA2|B4DMA2_HUMAN" protein_descr="cDNA FLJ54023, highly similar to Heat shock protein HSP 90-beta OS=Homo sapiens PE=2 SV=1" num_tol_term="2"/>
            <alternative_protein protein="sp|Q58FF8|H90B2_HUMAN" protein_descr="Putative heat shock protein HSP 90-beta 2 OS=Homo sapiens GN=HSP90AB2P PE=1 SV=2" num_tol_term="2"/>
            <alternative_protein protein="tr|Q5T9W8|Q5T9W8_HUMAN" protein_descr="Heat shock protein 90kDa alpha (Cytosolic), class B member 1 (Fragment) OS=Homo sapiens GN=HSP90AB1 PE=2 SV=1" num_tol_term="2"/>
            <alternative_protein protein="tr|B4DTA5|B4DTA5_HUMAN" protein_descr="cDNA FLJ57431, highly similar to Heat shock protein HSP 90-alpha OS=Homo sapiens PE=2 SV=1" num_tol_term="2"/>
            <alternative_protein protein="tr|O14942|O14942_HUMAN" protein_descr="Heat shock protein beta (Fragment) OS=Homo sapiens PE=4 SV=1" num_tol_term="2"/>
            <alternative_protein protein="tr|Q6PK50|Q6PK50_HUMAN" protein_descr="HSP90AB1 protein (Fragment) OS=Homo sapiens GN=HSP90AB1 PE=2 SV=1" num_tol_term="2"/>
            <alternative_protein protein="tr|B5MDL9|B5MDL9_HUMAN" protein_descr="Putative uncharacterized protein ENSP00000371882 OS=Homo sapiens PE=4 SV=2" num_tol_term="2"/>
            <alternative_protein protein="tr|Q86SX1|Q86SX1_HUMAN" protein_descr="Full-length cDNA 5-PRIME end of clone CS0DN005YI08 of Adult brain of Homo sapiens (human) (Fragment) OS=Homo sapiens PE=2 SV=1" num_tol_term="2"/>
            <search_score name="hyperscore" value="64.8"/>
            <search_score name="nextscore" value="18.6"/>
            <search_score name="bscore" value="11.1"/>
            <search_score name="yscore" value="13.9"/>
            <search_score name="expect" value="6.3e-10"/>
         </search_hit>
      </search_result>
      </spectrum_query>
      <spectrum_query spectrum="test.220.220.3 " start_scan="202" end_scan="202" precursor_neutral_mass="1538.7453" assumed_charge="3" index="5">
      <search_result>
         <search_hit hit_rank="1" peptide="YESLTDPSKLDSGK" peptide_prev_aa="R" peptide_next_aa="E" protein="sp|P07900|HS90A_HUMAN" protein_descr="Heat shock protein HSP 90-alpha OS=Homo sapiens GN=HSP90AA1 PE=1 SV=5" num_tot_proteins="13" num_matched_ions="11" tot_num_ions="52" calc_neutral_pep_mass="1538.7464" massdiff="-0.001" num_tol_term="2" num_missed_cleavages="1" is_rejected="0">
            <alternative_protein protein="sp|P07900-2|HS90A_HUMAN" protein_descr="Isoform HSP90AA1-2 of Heat shock protein HSP 90-alpha OS=Homo sapiens GN=HSP90AA1" num_tol_term="2"/>
            <alternative_protein protein="tr|Q2VPJ6|Q2VPJ6_HUMAN" protein_descr="HSP90AA1 protein (Fragment) OS=Homo sapiens GN=HSP90AA1 PE=2 SV=1" num_tol_term="2"/>
            <alternative_protein protein="sp|Q58FF7|H90B3_HUMAN" protein_descr="Putative heat shock protein HSP 90-beta-3 OS=Homo sapiens GN=HSP90AB3P PE=5 SV=1" num_tol_term="2"/>
            <alternative_protein protein="sp|P08238|HS90B_HUMAN" protein_descr="Heat shock protein HSP 90-beta OS=Homo sapiens GN=HSP90AB1 PE=1 SV=4" num_tol_term="2"/>
            <alternative_protein protein="tr|B4DMA2|B4DMA2_HUMAN" protein_descr="cDNA FLJ54023, highly similar to Heat shock protein HSP 90-beta OS=Homo sapiens PE=2 SV=1" num_tol_term="2"/>
            <alternative_protein protein="sp|Q58FF8|H90B2_HUMAN" protein_descr="Putative heat shock protein HSP 90-beta 2 OS=Homo sapiens GN=HSP90AB2P PE=1 SV=2" num_tol_term="2"/>
            <alternative_protein protein="tr|Q5T9W8|Q5T9W8_HUMAN" protein_descr="Heat shock protein 90kDa alpha (Cytosolic), class B member 1 (Fragment) OS=Homo sapiens GN=HSP90AB1 PE=2 SV=1" num_tol_term="2"/>
            <alternative_protein protein="tr|B4DTA5|B4DTA5_HUMAN" protein_descr="cDNA FLJ57431, highly similar to Heat shock protein HSP 90-alpha OS=Homo sapiens PE=2 SV=1" num_tol_term="2"/>
            <alternative_protein protein="tr|O14942|O14942_HUMAN" protein_descr="Heat shock protein beta (Fragment) OS=Homo sapiens PE=4 SV=1" num_tol_term="2"/>
            <alternative_protein protein="tr|Q6PK50|Q6PK50_HUMAN" protein_descr="HSP90AB1 protein (Fragment) OS=Homo sapiens GN=HSP90AB1 PE=2 SV=1" num_tol_term="2"/>
            <alternative_protein protein="tr|B5MDL9|B5MDL9_HUMAN" protein_descr="Putative uncharacterized protein ENSP00000371882 OS=Homo sapiens PE=4 SV=2" num_tol_term="2"/>
            <alternative_protein protein="tr|Q86SX1|Q86SX1_HUMAN" protein_descr="Full-length cDNA 5-PRIME end of clone CS0DN005YI08 of Adult brain of Homo sapiens (human) (Fragment) OS=Homo sapiens PE=2 SV=1" num_tol_term="2"/>
            <search_score name="hyperscore" value="28.7"/>
            <search_score name="nextscore" value="17.5"/>
            <search_score name="bscore" value="8.9"/>
            <search_score name="yscore" value="12.7"/>
            <search_score name="expect" value="0.053"/>
         </search_hit>
      </search_result>
      </spectrum_query>
      <spectrum_query spectrum="test.119.119.2 " start_scan="107" end_scan="107" precursor_neutral_mass="1223.6169" assumed_charge="2" index="6">
      <search_result>
         <search_hit hit_rank="1" peptide="HIYYITGETK" peptide_prev_aa="K" peptide_next_aa="D" protein="sp|P07900|HS90A_HUMAN" protein_descr="Heat shock protein HSP 90-alpha OS=Homo sapiens GN=HSP90AA1 PE=1 SV=5" num_tot_proteins="8" num_matched_ions="14" tot_num_ions="18" calc_neutral_pep_mass="1223.6186" massdiff="-0.002" num_tol_term="2" num_missed_cleavages="0" is_rejected="0">
            <alternative_protein protein="sp|P07900-2|HS90A_HUMAN" protein_descr="Isoform HSP90AA1-2 of Heat shock protein HSP 90-alpha OS=Homo sapiens GN=HSP90AA1" num_tol_term="2"/>
            <alternative_protein protein="tr|Q2VPJ6|Q2VPJ6_HUMAN" protein_descr="HSP90AA1 protein (Fragment) OS=Homo sapiens GN=HSP90AA1 PE=2 SV=1" num_tol_term="2"/>
            <alternative_protein protein="sp|Q58FG0|HS905_HUMAN" protein_descr="Putative heat shock protein HSP 90-alpha A5 OS=Homo sapiens GN=HSP90AA5P PE=1 SV=1" num_tol_term="2"/>
            <alternative_protein protein="tr|O75322|O75322_HUMAN" protein_descr="Hsp89-alpha-delta-N OS=Homo sapiens PE=2 SV=1" num_tol_term="2"/>
            <alternative_protein protein="tr|Q86U12|Q86U12_HUMAN" protein_descr="Full-length cDNA clone CS0CAP007YF18 of Thymus of Homo sapiens (human) OS=Homo sapiens PE=2 SV=1" num_tol_term="2"/>
            <alternative_protein protein="tr|Q96HX7|Q96HX7_HUMAN" protein_descr="HSP90AA1 protein (Fragment) OS=Homo sapiens GN=HSP90AA1 PE=2 SV=2" num_tol_term="2"/>
            <alternative_protein protein="tr|Q8TBA7|Q8TBA7_HUMAN" protein_descr="HSP90AA1 protein (Fragment) OS=Homo sapiens GN=HSP90AA1 PE=2 SV=2" num_tol_term="2"/>
            <search_score name="hyperscore" value="42.0"/>
            <search_score name="nextscore" value="17.4"/>
            <search_score name="bscore" value="9.6"/>
            <search_score name="yscore" value="11.9"/>
            <search_score name="expect" value="0.00014"/>
         </search_hit>
      </search_result>
      </spectrum_query>
      <spectrum_query spectrum="test.110.110.2 " start_scan="96" end_scan="96" precursor_neutral_mass="1223.6172" assumed_charge="2" index="7">
      <search_result>
         <search_hit hit_rank="1" peptide="HIYYITGETK" peptide_prev_aa="K" peptide_next_aa="D" protein="sp|P07900|HS90A_HUMAN" protein_descr="Heat shock protein HSP 90-alpha OS=Homo sapiens GN=HSP90AA1 PE=1 SV=5" num_tot_proteins="8" num_matched_ions="14" tot_num_ions="18" calc_neutral_pep_mass="1223.6186" massdiff="-0.001" num_tol_term="2" num_missed_cleavages="0" is_rejected="0">
            <alternative_protein protein="sp|P07900-2|HS90A_HUMAN" protein_descr="Isoform HSP90AA1-2 of Heat shock protein HSP 90-alpha OS=Homo sapiens GN=HSP90AA1" num_tol_term="2"/>
            <alternative_protein protein="tr|Q2VPJ6|Q2VPJ6_HUMAN" protein_descr="HSP90AA1 protein (Fragment) OS=Homo sapiens GN=HSP90AA1 PE=2 SV=1" num_tol_term="2"/>
            <alternative_protein protein="sp|Q58FG0|HS905_HUMAN" protein_descr="Putative heat shock protein HSP 90-alpha A5 OS=Homo sapiens GN=HSP90AA5P PE=1 SV=1" num_tol_term="2"/>
            <alternative_protein protein="tr|O75322|O75322_HUMAN" protein_descr="Hsp89-alpha-delta-N OS=Homo sapiens PE=2 SV=1" num_tol_term="2"/>
            <alternative_protein protein="tr|Q86U12|Q86U12_HUMAN" protein_descr="Full-length cDNA clone CS0CAP007YF18 of Thymus of Homo sapiens (human) OS=Homo sapiens PE=2 SV=1" num_tol_term="2"/>
            <alternative_protein protein="tr|Q96HX7|Q96HX7_HUMAN" protein_descr="HSP90AA1 protein (Fragment) OS=Homo sapiens GN=HSP90AA1 PE=2 SV=2" num_tol_term="2"/>
            <alternative_protein protein="tr|Q8TBA7|Q8TBA7_HUMAN" protein_descr="HSP90AA1 protein (Fragment) OS=Homo sapiens GN=HSP90AA1 PE=2 SV=2" num_tol_term="2"/>
            <search_score name="hyperscore" value="41.9"/>
            <search_score name="nextscore" value="19.9"/>
            <search_score name="bscore" value="9.5"/>
            <search_score name="yscore" value="11.9"/>
            <search_score name="expect" value="4e-05"/>
         </search_hit>
      </search_result>
      </spectrum_query>
      <spectrum_query spectrum="test.55.55.2 " start_scan="47" end_scan="47" precursor_neutral_mass="1671.8230" assumed_charge="2" index="8">
      <search_result>
         <search_hit hit_rank="1" peptide="EGLELPEDEEEKKK" peptide_prev_aa="K" peptide_next_aa="Q" protein="sp|P07900|HS90A_HUMAN" protein_descr="Heat shock protein HSP 90-alpha OS=Homo sapiens GN=HSP90AA1 PE=1 SV=5" num_tot_proteins="14" num_matched_ions="13" tot_num_ions="26" calc_neutral_pep_mass="1671.8203" massdiff="0.003" num_tol_term="2" num_missed_cleavages="1" is_rejected="0">
            <alternative_protein protein="sp|P07900-2|HS90A_HUMAN" protein_descr="Isoform HSP90AA1-2 of Heat shock protein HSP 90-alpha OS=Homo sapiens GN=HSP90AA1" num_tol_term="2"/>
            <alternative_protein protein="tr|Q2VPJ6|Q2VPJ6_HUMAN" protein_descr="HSP90AA1 protein (Fragment) OS=Homo sapiens GN=HSP90AA1 PE=2 SV=1" num_tol_term="2"/>
            <alternative_protein protein="sp|Q58FF7|H90B3_HUMAN" protein_descr="Putative heat shock protein HSP 90-beta-3 OS=Homo sapiens GN=HSP90AB3P PE=5 SV=1" num_tol_term="2"/>
            <alternative_protein protein="sp|P08238|HS90B_HUMAN" protein_descr="Heat shock protein HSP 90-beta OS=Homo sapiens GN=HSP90AB1 PE=1 SV=4" num_tol_term="2"/>
            <alternative_protein protein="tr|B4DMA2|B4DMA2_HUMAN" protein_descr="cDNA FLJ54023, highly similar to Heat shock protein HSP 90-beta OS=Homo sapiens PE=2 SV=1" num_tol_term="2"/>
            <alternative_protein protein="sp|Q58FG0|HS905_HUMAN" protein_descr="Putative heat shock protein HSP 90-alpha A5 OS=Homo sapiens GN=HSP90AA5P PE=1 SV=1" num_tol_term="2"/>
            <alternative_protein protein="tr|O75322|O75322_HUMAN" protein_descr="Hsp89-alpha-delta-N OS=Homo sapiens PE=2 SV=1" num_tol_term="2"/>
            <alternative_protein protein="tr|Q86U12|Q86U12_HUMAN" protein_descr="Full-length cDNA clone CS0CAP007YF18 of Thymus of Homo sapiens (human) OS=Homo sapiens PE=2 SV=1" num_tol_term="2"/>
            <alternative_protein protein="tr|Q96HX7|Q96HX7_HUMAN" protein_descr="HSP90AA1 protein (Fragment) OS=Homo sapiens GN=HSP90AA1 PE=2 SV=2" num_tol_term="2"/>
            <alternative_protein protein="tr|Q8TBA7|Q8TBA7_HUMAN" protein_descr="HSP90AA1 protein (Fragment) OS=Homo sapiens GN=HSP90AA1 PE=2 SV=2" num_tol_term="2"/>
            <alternative_protein protein="tr|A8K3W9|A8K3W9_HUMAN" protein_descr="cDNA FLJ77842 OS=Homo sapiens PE=2 SV=1" num_tol_term="2"/>
            <alternative_protein protein="tr|B4DGL0|B4DGL0_HUMAN" protein_descr="cDNA FLJ53619, highly similar to Heat shock protein HSP 90-beta OS=Homo sapiens PE=2 SV=1" num_tol_term="2"/>
            <alternative_protein protein="tr|Q9H6X9|Q9H6X9_HUMAN" protein_descr="cDNA: FLJ21717 fis, clone COL10322 OS=Homo sapiens PE=2 SV=1" num_tol_term="2"/>
            <search_score name="hyperscore" value="39.3"/>
            <search_score name="nextscore" value="22.2"/>
            <search_score name="bscore" value="6.9"/>
            <search_score name="yscore" value="11.4"/>
            <search_score name="expect" value="0.00035"/>
         </search_hit>
      </search_result>
      </spectrum_query>
      <spectrum_query spectrum="test.59.59.2 " start_scan="50" end_scan="50" precursor_neutral_mass="1671.8233" assumed_charge="2" index="9">
      <search_result>
         <search_hit hit_rank="1" peptide="EGLELPEDEEEKKK" peptide_prev_aa="K" peptide_next_aa="Q" protein="sp|P07900|HS90A_HUMAN" protein_descr="Heat shock protein HSP 90-alpha OS=Homo sapiens GN=HSP90AA1 PE=1 SV=5" num_tot_proteins="14" num_matched_ions="15" tot_num_ions="26" calc_neutral_pep_mass="1671.8203" massdiff="0.003" num_tol_term="2" num_missed_cleavages="1" is_rejected="0">
            <alternative_protein protein="sp|P07900-2|HS90A_HUMAN" protein_descr="Isoform HSP90AA1-2 of Heat shock protein HSP 90-alpha OS=Homo sapiens GN=HSP90AA1" num_tol_term="2"/>
            <alternative_protein protein="tr|Q2VPJ6|Q2VPJ6_HUMAN" protein_descr="HSP90AA1 protein (Fragment) OS=Homo sapiens GN=HSP90AA1 PE=2 SV=1" num_tol_term="2"/>
            <alternative_protein protein="sp|Q58FF7|H90B3_HUMAN" protein_descr="Putative heat shock protein HSP 90-beta-3 OS=Homo sapiens GN=HSP90AB3P PE=5 SV=1" num_tol_term="2"/>
            <alternative_protein protein="sp|P08238|HS90B_HUMAN" protein_descr="Heat shock protein HSP 90-beta OS=Homo sapiens GN=HSP90AB1 PE=1 SV=4" num_tol_term="2"/>
            <alternative_protein protein="tr|B4DMA2|B4DMA2_HUMAN" protein_descr="cDNA FLJ54023, highly similar to Heat shock protein HSP 90-beta OS=Homo sapiens PE=2 SV=1" num_tol_term="2"/>
            <alternative_protein protein="sp|Q58FG0|HS905_HUMAN" protein_descr="Putative heat shock protein HSP 90-alpha A5 OS=Homo sapiens GN=HSP90AA5P PE=1 SV=1" num_tol_term="2"/>
            <alternative_protein protein="tr|O75322|O75322_HUMAN" protein_descr="Hsp89-alpha-delta-N OS=Homo sapiens PE=2 SV=1" num_tol_term="2"/>
            <alternative_protein protein="tr|Q86U12|Q86U12_HUMAN" protein_descr="Full-length cDNA clone CS0CAP007YF18 of Thymus of Homo sapiens (human) OS=Homo sapiens PE=2 SV=1" num_tol_term="2"/>
            <alternative_protein protein="tr|Q96HX7|Q96HX7_HUMAN" protein_descr="HSP90AA1 protein (Fragment) OS=Homo sapiens GN=HSP90AA1 PE=2 SV=2" num_tol_term="2"/>
            <alternative_protein protein="tr|Q8TBA7|Q8TBA7_HUMAN" protein_descr="HSP90AA1 protein (Fragment) OS=Homo sapiens GN=HSP90AA1 PE=2 SV=2" num_tol_term="2"/>
            <alternative_protein protein="tr|A8K3W9|A8K3W9_HUMAN" protein_descr="cDNA FLJ77842 OS=Homo sapiens PE=2 SV=1" num_tol_term="2"/>
            <alternative_protein protein="tr|B4DGL0|B4DGL0_HUMAN" protein_descr="cDNA FLJ53619, highly similar to Heat shock protein HSP 90-beta OS=Homo sapiens PE=2 SV=1" num_tol_term="2"/>
            <alternative_protein protein="tr|Q9H6X9|Q9H6X9_HUMAN" protein_descr="cDNA: FLJ21717 fis, clone COL10322 OS=Homo sapiens PE=2 SV=1" num_tol_term="2"/>
            <search_score name="hyperscore" value="45.0"/>
            <search_score name="nextscore" value="24.4"/>
            <search_score name="bscore" value="7.2"/>
            <search_score name="yscore" value="11.2"/>
            <search_score name="expect" value="9.1e-06"/>
         </search_hit>
      </search_result>
      </spectrum_query>
      <spectrum_query spectrum="test.47.47.3 " start_scan="40" end_scan="40" precursor_neutral_mass="1671.8199" assumed_charge="3" index="10">
      <search_result>
         <search_hit hit_rank="1" peptide="EGLELPEDEEEKKK" peptide_prev_aa="K" peptide_next_aa="Q" protein="sp|P07900|HS90A_HUMAN" protein_descr="Heat shock protein HSP 90-alpha OS=Homo sapiens GN=HSP90AA1 PE=1 SV=5" num_tot_proteins="14" num_matched_ions="8" tot_num_ions="52" calc_neutral_pep_mass="1671.8203" massdiff="-0.000" num_tol_term="2" num_missed_cleavages="1" is_rejected="0">
            <alternative_protein protein="sp|P07900-2|HS90A_HUMAN" protein_descr="Isoform HSP90AA1-2 of Heat shock protein HSP 90-alpha OS=Homo sapiens GN=HSP90AA1" num_tol_term="2"/>
            <alternative_protein protein="tr|Q2VPJ6|Q2VPJ6_HUMAN" protein_descr="HSP90AA1 protein (Fragment) OS=Homo sapiens GN=HSP90AA1 PE=2 SV=1" num_tol_term="2"/>
            <alternative_protein protein="sp|Q58FF7|H90B3_HUMAN" protein_descr="Putative heat shock protein HSP 90-beta-3 OS=Homo sapiens GN=HSP90AB3P PE=5 SV=1" num_tol_term="2"/>
            <alternative_protein protein="sp|P08238|HS90B_HUMAN" protein_descr="Heat shock protein HSP 90-beta OS=Homo sapiens GN=HSP90AB1 PE=1 SV=4" num_tol_term="2"/>
            <alternative_protein protein="tr|B4DMA2|B4DMA2_HUMAN" protein_descr="cDNA FLJ54023, highly similar to Heat shock protein HSP 90-beta OS=Homo sapiens PE=2 SV=1" num_tol_term="2"/>
            <alternative_protein protein="sp|Q58FG0|HS905_HUMAN" protein_descr="Putative heat shock protein HSP 90-alpha A5 OS=Homo sapiens GN=HSP90AA5P PE=1 SV=1" num_tol_term="2"/>
            <alternative_protein protein="tr|O75322|O75322_HUMAN" protein_descr="Hsp89-alpha-delta-N OS=Homo sapiens PE=2 SV=1" num_tol_term="2"/>
            <alternative_protein protein="tr|Q86U12|Q86U12_HUMAN" protein_descr="Full-length cDNA clone CS0CAP007YF18 of Thymus of Homo sapiens (human) OS=Homo sapiens PE=2 SV=1" num_tol_term="2"/>
            <alternative_protein protein="tr|Q96HX7|Q96HX7_HUMAN" protein_descr="HSP90AA1 protein (Fragment) OS=Homo sapiens GN=HSP90AA1 PE=2 SV=2" num_tol_term="2"/>
            <alternative_protein protein="tr|Q8TBA7|Q8TBA7_HUMAN" protein_descr="HSP90AA1 protein (Fragment) OS=Homo sapiens GN=HSP90AA1 PE=2 SV=2" num_tol_term="2"/>
            <alternative_protein protein="tr|A8K3W9|A8K3W9_HUMAN" protein_descr="cDNA FLJ77842 OS=Homo sapiens PE=2 SV=1" num_tol_term="2"/>
            <alternative_protein protein="tr|B4DGL0|B4DGL0_HUMAN" protein_descr="cDNA FLJ53619, highly similar to Heat shock protein HSP 90-beta OS=Homo sapiens PE=2 SV=1" num_tol_term="2"/>
            <alternative_protein protein="tr|Q9H6X9|Q9H6X9_HUMAN" protein_descr="cDNA: FLJ21717 fis, clone COL10322 OS=Homo sapiens PE=2 SV=1" num_tol_term="2"/>
            <search_score name="hyperscore" value="27.8"/>
            <search_score name="nextscore" value="21.1"/>
            <search_score name="bscore" value="3.7"/>
            <search_score name="yscore" value="13"/>
            <search_score name="expect" value="0.082"/>
         </search_hit>
      </search_result>
      </spectrum_query>
      <spectrum_query spectrum="test.157.157.2 " start_scan="144" end_scan="144" precursor_neutral_mass="1249.5948" assumed_charge="2" index="11">
      <search_result>
         <search_hit hit_rank="1" peptide="EQVANSAFVER" peptide_prev_aa="K" peptide_next_aa="V" protein="sp|Q58FF7|H90B3_HUMAN" protein_descr="Putative heat shock protein HSP 90-beta-3 OS=Homo sapiens GN=HSP90AB3P PE=5 SV=1" num_tot_proteins="7" num_matched_ions="10" tot_num_ions="20" calc_neutral_pep_mass="1248.6097" massdiff="0.985" num_tol_term="2" num_missed_cleavages="0" is_rejected="0">
            <alternative_protein protein="sp|P08238|HS90B_HUMAN" protein_descr="Heat shock protein HSP 90-beta OS=Homo sapiens GN=HSP90AB1 PE=1 SV=4" num_tol_term="2"/>
            <alternative_protein protein="tr|B4DMA2|B4DMA2_HUMAN" protein_descr="cDNA FLJ54023, highly similar to Heat shock protein HSP 90-beta OS=Homo sapiens PE=2 SV=1" num_tol_term="2"/>
            <alternative_protein protein="tr|A8K3W9|A8K3W9_HUMAN" protein_descr="cDNA FLJ77842 OS=Homo sapiens PE=2 SV=1" num_tol_term="2"/>
            <alternative_protein protein="tr|B4DGL0|B4DGL0_HUMAN" protein_descr="cDNA FLJ53619, highly similar to Heat shock protein HSP 90-beta OS=Homo sapiens PE=2 SV=1" num_tol_term="2"/>
            <alternative_protein protein="tr|Q9H6X9|Q9H6X9_HUMAN" protein_descr="cDNA: FLJ21717 fis, clone COL10322 OS=Homo sapiens PE=2 SV=1" num_tol_term="2"/>
            <alternative_protein protein="tr|Q5T9W5|Q5T9W5_HUMAN" protein_descr="Heat shock protein 90kDa alpha (Cytosolic), class B member 1 (Fragment) OS=Homo sapiens GN=HSP90AB1 PE=2 SV=1" num_tol_term="2"/>
            <search_score name="hyperscore" value="37.0"/>
            <search_score name="nextscore" value="18.4"/>
            <search_score name="bscore" value="0"/>
            <search_score name="yscore" value="10.8"/>
            <search_score name="expect" value="7.1e-05"/>
         </search_hit>
      </search_result>
      </spectrum_query>
      <spectrum_query spectrum="test.116.116.2 " start_scan="105" end_scan="105" precursor_neutral_mass="1872.8846" assumed_charge="2" index="12">
      <search_result>
         <search_hit hit_rank="1" peptide="VQDLSAGGQGSLTDSGPER" peptide_prev_aa="R" peptide_next_aa="R" protein="sp|P40222|TXLNA_HUMAN" protein_descr="Alpha-taxilin OS=Homo sapiens GN=TXLNA PE=1 SV=3" num_tot_proteins="2" num_matched_ions="28" tot_num_ions="36" calc_neutral_pep_mass="1872.8813" massdiff="0.003" num_tol_term="2" num_missed_cleavages="0" is_rejected="0">
            <alternative_protein protein="tr|D3DPP6|D3DPP6_HUMAN" protein_descr="Taxilin alpha, isoform CRA_a OS=Homo sapiens GN=TXLNA PE=2 SV=1" num_tol_term="2"/>
            <search_score name="hyperscore" value="101.8"/>
            <search_score name="nextscore" value="25.3"/>
            <search_score name="bscore" value="10.6"/>
            <search_score name="yscore" value="12.7"/>
            <search_score name="expect" value="4.2e-17"/>
         </search_hit>
      </search_result>
      </spectrum_query>
      <spectrum_query spectrum="test.107.107.2 " start_scan="94" end_scan="94" precursor_neutral_mass="1872.8857" assumed_charge="2" index="13">
      <search_result>
         <search_hit hit_rank="1" peptide="VQDLSAGGQGSLTDSGPER" peptide_prev_aa="R" peptide_next_aa="R" protein="sp|P40222|TXLNA_HUMAN" protein_descr="Alpha-taxilin OS=Homo sapiens GN=TXLNA PE=1 SV=3" num_tot_proteins="2" num_matched_ions="30" tot_num_ions="36" calc_neutral_pep_mass="1872.8813" massdiff="0.004" num_tol_term="2" num_missed_cleavages="0" is_rejected="0">
            <alternative_protein protein="tr|D3DPP6|D3DPP6_HUMAN" protein_descr="Taxilin alpha, isoform CRA_a OS=Homo sapiens GN=TXLNA PE=2 SV=1" num_tol_term="2"/>
            <search_score name="hyperscore" value="111.8"/>
            <search_score name="nextscore" value="25.1"/>
            <search_score name="bscore" value="10.4"/>
            <search_score name="yscore" value="12.7"/>
            <search_score name="expect" value="5e-16"/>
         </search_hit>
      </search_result>
      </spectrum_query>
      <spectrum_query spectrum="test.195.195.3 " start_scan="180" end_scan="180" precursor_neutral_mass="2506.1660" assumed_charge="3" index="14">
      <search_result>
         <search_hit hit_rank="1" peptide="VGEVCHITCKPEYAYGSAGSPPK" peptide_prev_aa="K" peptide_next_aa="I" protein="sp|Q02790|FKBP4_HUMAN" protein_descr="Peptidyl-prolyl cis-trans isomerase FKBP4 OS=Homo sapiens GN=FKBP4 PE=1 SV=3" num_tot_proteins="3" num_matched_ions="30" tot_num_ions="88" calc_neutral_pep_mass="2506.1631" massdiff="0.003" num_tol_term="2" num_missed_cleavages="0" is_rejected="0">
            <alternative_protein protein="tr|D3DUQ1|D3DUQ1_HUMAN" protein_descr="FK506 binding protein 4, 59kDa, isoform CRA_a OS=Homo sapiens GN=FKBP4 PE=4 SV=1" num_tol_term="2"/>
            <alternative_protein protein="tr|B2R9U2|B2R9U2_HUMAN" protein_descr="cDNA, FLJ94557, highly similar to Homo sapiens FK506 binding protein 4, 59kDa (FKBP4), mRNA OS=Homo sapiens PE=2 SV=1" num_tol_term="2"/>
            <modification_info>
               <mod_aminoacid_mass position="5" mass="160.0312" />
               <mod_aminoacid_mass position="9" mass="160.0312" />
            </modification_info>
            <search_score name="hyperscore" value="82.4"/>
            <search_score name="nextscore" value="24.0"/>
            <search_score name="bscore" value="12.8"/>
            <search_score name="yscore" value="13"/>
            <search_score name="expect" value="2.7e-12"/>
         </search_hit>
      </search_result>
      </spectrum_query>
      <spectrum_query spectrum="test.188.188.3 " start_scan="173" end_scan="173" precursor_neutral_mass="2506.1673" assumed_charge="3" index="15">
      <search_result>
         <search_hit hit_rank="1" peptide="VGEVCHITCKPEYAYGSAGSPPK" peptide_prev_aa="K" peptide_next_aa="I" protein="sp|Q02790|FKBP4_HUMAN" protein_descr="Peptidyl-prolyl cis-trans isomerase FKBP4 OS=Homo sapiens GN=FKBP4 PE=1 SV=3" num_tot_proteins="3" num_matched_ions="29" tot_num_ions="88" calc_neutral_pep_mass="2506.1631" massdiff="0.004" num_tol_term="2" num_missed_cleavages="0" is_rejected="0">
            <alternative_protein protein="tr|D3DUQ1|D3DUQ1_HUMAN" protein_descr="FK506 binding protein 4, 59kDa, isoform CRA_a OS=Homo sapiens GN=FKBP4 PE=4 SV=1" num_tol_term="2"/>
            <alternative_protein protein="tr|B2R9U2|B2R9U2_HUMAN" protein_descr="cDNA, FLJ94557, highly similar to Homo sapiens FK506 binding protein 4, 59kDa (FKBP4), mRNA OS=Homo sapiens PE=2 SV=1" num_tol_term="2"/>
            <modification_info>
               <mod_aminoacid_mass position="5" mass="160.0312" />
               <mod_aminoacid_mass position="9" mass="160.0312" />
            </modification_info>
            <search_score name="hyperscore" value="77.7"/>
            <search_score name="nextscore" value="27.2"/>
            <search_score name="bscore" value="12.6"/>
            <search_score name="yscore" value="12.9"/>
            <search_score name="expect" value="1e-10"/>
         </search_hit>
      </search_result>
      </spectrum_query>
      <spectrum_query spectrum="test.25.25.2 " start_scan="22" end_scan="22" precursor_neutral_mass="1424.6946" assumed_charge="2" index="16">
      <search_result>
         <search_hit hit_rank="1" peptide="APSTYGGGLSVSSSR" peptide_prev_aa="R" peptide_next_aa="F" protein="sp|P02533|K1C14_HUMAN" protein_descr="Keratin, type I cytoskeletal 14 OS=Homo sapiens GN=KRT14 PE=1 SV=4" num_tot_proteins="1" num_matched_ions="17" tot_num_ions="28" calc_neutral_pep_mass="1424.6895" massdiff="0.005" num_tol_term="2" num_missed_cleavages="0" is_rejected="0">
            <search_score name="hyperscore" value="58.1"/>
            <search_score name="nextscore" value="39.6"/>
            <search_score name="bscore" value="5.9"/>
            <search_score name="yscore" value="11.2"/>
            <search_score name="expect" value="3.8e-10"/>
         </search_hit>
      </search_result>
      </spectrum_query>
      <spectrum_query spectrum="test.20.20.2 " start_scan="18" end_scan="18" precursor_neutral_mass="1424.6955" assumed_charge="2" index="17">
      <search_result>
         <search_hit hit_rank="1" peptide="APSTYGGGLSVSSSR" peptide_prev_aa="R" peptide_next_aa="F" protein="sp|P02533|K1C14_HUMAN" protein_descr="Keratin, type I cytoskeletal 14 OS=Homo sapiens GN=KRT14 PE=1 SV=4" num_tot_proteins="1" num_matched_ions="18" tot_num_ions="28" calc_neutral_pep_mass="1424.6895" massdiff="0.006" num_tol_term="2" num_missed_cleavages="0" is_rejected="0">
            <search_score name="hyperscore" value="60.7"/>
            <search_score name="nextscore" value="31.5"/>
            <search_score name="bscore" value="6.8"/>
            <search_score name="yscore" value="11.3"/>
            <search_score name="expect" value="5e-10"/>
         </search_hit>
      </search_result>
      </spectrum_query>
      <spectrum_query spectrum="test.236.236.2 " start_scan="215" end_scan="215" precursor_neutral_mass="1821.9201" assumed_charge="2" index="18">
      <search_result>
         <search_hit hit_rank="1" peptide="EIVHIQAGQCGNQIGAK" peptide_prev_aa="R" peptide_next_aa="F" protein="sp|Q13885|TBB2A_HUMAN" protein_descr="Tubulin beta-2A chain OS=Homo sapiens GN=TUBB2A PE=1 SV=1" num_tot_proteins="13" num_matched_ions="20" tot_num_ions="32" calc_neutral_pep_mass="1821.9161" massdiff="0.004" num_tol_term="2" num_missed_cleavages="0" is_rejected="0">
            <alternative_protein protein="sp|Q9BVA1|TBB2B_HUMAN" protein_descr="Tubulin beta-2B chain OS=Homo sapiens GN=TUBB2B PE=1 SV=1" num_tol_term="2"/>
            <alternative_protein protein="sp|Q13509|TBB3_HUMAN" protein_descr="Tubulin beta-3 chain OS=Homo sapiens GN=TUBB3 PE=1 SV=2" num_tol_term="2"/>
            <alternative_protein protein="sp|P07437|TBB5_HUMAN" protein_descr="Tubulin beta chain OS=Homo sapiens GN=TUBB PE=1 SV=2" num_tol_term="2"/>
            <alternative_protein protein="tr|Q5SU16|Q5SU16_HUMAN" protein_descr="Beta 5-tubulin OS=Homo sapiens GN=TUBB PE=2 SV=1" num_tol_term="2"/>
            <alternative_protein protein="tr|B4DXZ5|B4DXZ5_HUMAN" protein_descr="cDNA FLJ52029, highly similar to Tubulin beta-7 chain OS=Homo sapiens PE=2 SV=1" num_tol_term="2"/>
            <alternative_protein protein="tr|B2R6L0|B2R6L0_HUMAN" protein_descr="cDNA, FLJ93005, highly similar to Homo sapiens tubulin, beta polypeptide (TUBB), mRNA OS=Homo sapiens PE=2 SV=1" num_tol_term="2"/>
            <alternative_protein protein="tr|B2RBD5|B2RBD5_HUMAN" protein_descr="cDNA, FLJ95457, highly similar to Homo sapiens tubulin, beta, 4 (TUBB4), mRNA OS=Homo sapiens PE=2 SV=1" num_tol_term="2"/>
            <alternative_protein protein="tr|B4DMU8|B4DMU8_HUMAN" protein_descr="cDNA FLJ53063, highly similar to Tubulin beta-7 chain OS=Homo sapiens PE=2 SV=1" num_tol_term="2"/>
            <alternative_protein protein="tr|B4DMJ5|B4DMJ5_HUMAN" protein_descr="cDNA FLJ53012, highly similar to Tubulin beta-7 chain OS=Homo sapiens PE=2 SV=1" num_tol_term="2"/>
            <alternative_protein protein="tr|B4E052|B4E052_HUMAN" protein_descr="cDNA FLJ52378, highly similar to Tubulin beta-7 chain OS=Homo sapiens PE=2 SV=1" num_tol_term="2"/>
            <alternative_protein protein="tr|Q53G92|Q53G92_HUMAN" protein_descr="Tubulin, beta, 4 variant (Fragment) OS=Homo sapiens PE=2 SV=1" num_tol_term="2"/>
            <alternative_protein protein="tr|B7Z4N1|B7Z4N1_HUMAN" protein_descr="cDNA FLJ53906, highly similar to Tubulin beta chain OS=Homo sapiens PE=2 SV=1" num_tol_term="2"/>
            <modification_info>
               <mod_aminoacid_mass position="10" mass="160.0312" />
            </modification_info>
            <search_score name="hyperscore" value="63.8"/>
            <search_score name="nextscore" value="63.8"/>
            <search_score name="bscore" value="8.2"/>
            <search_score name="yscore" value="10.2"/>
            <search_score name="expect" value="6.3e-08"/>
         </search_hit>
      </search_result>
      </spectrum_query>
      <spectrum_query spectrum="test.231.231.2 " start_scan="211" end_scan="211" precursor_neutral_mass="1821.9182" assumed_charge="2" index="19">
      <search_result>
         <search_hit hit_rank="1" peptide="EIVHIQAGQCGNQIGAK" peptide_prev_aa="R" peptide_next_aa="F" protein="sp|Q13885|TBB2A_HUMAN" protein_descr="Tubulin beta-2A chain OS=Homo sapiens GN=TUBB2A PE=1 SV=1" num_tot_proteins="13" num_matched_ions="20" tot_num_ions="32" calc_neutral_pep_mass="1821.9161" massdiff="0.002" num_tol_term="2" num_missed_cleavages="0" is_rejected="0">
            <alternative_protein protein="sp|Q9BVA1|TBB2B_HUMAN" protein_descr="Tubulin beta-2B chain OS=Homo sapiens GN=TUBB2B PE=1 SV=1" num_tol_term="2"/>
            <alternative_protein protein="sp|Q13509|TBB3_HUMAN" protein_descr="Tubulin beta-3 chain OS=Homo sapiens GN=TUBB3 PE=1 SV=2" num_tol_term="2"/>
            <alternative_protein protein="sp|P07437|TBB5_HUMAN" protein_descr="Tubulin beta chain OS=Homo sapiens GN=TUBB PE=1 SV=2" num_tol_term="2"/>
            <alternative_protein protein="tr|Q5SU16|Q5SU16_HUMAN" protein_descr="Beta 5-tubulin OS=Homo sapiens GN=TUBB PE=2 SV=1" num_tol_term="2"/>
            <alternative_protein protein="tr|B4DXZ5|B4DXZ5_HUMAN" protein_descr="cDNA FLJ52029, highly similar to Tubulin beta-7 chain OS=Homo sapiens PE=2 SV=1" num_tol_term="2"/>
            <alternative_protein protein="tr|B2R6L0|B2R6L0_HUMAN" protein_descr="cDNA, FLJ93005, highly similar to Homo sapiens tubulin, beta polypeptide (TUBB), mRNA OS=Homo sapiens PE=2 SV=1" num_tol_term="2"/>
            <alternative_protein protein="tr|B2RBD5|B2RBD5_HUMAN" protein_descr="cDNA, FLJ95457, highly similar to Homo sapiens tubulin, beta, 4 (TUBB4), mRNA OS=Homo sapiens PE=2 SV=1" num_tol_term="2"/>
            <alternative_protein protein="tr|B4DMU8|B4DMU8_HUMAN" protein_descr="cDNA FLJ53063, highly similar to Tubulin beta-7 chain OS=Homo sapiens PE=2 SV=1" num_tol_term="2"/>
            <alternative_protein protein="tr|B4DMJ5|B4DMJ5_HUMAN" protein_descr="cDNA FLJ53012, highly similar to Tubulin beta-7 chain OS=Homo sapiens PE=2 SV=1" num_tol_term="2"/>
            <alternative_protein protein="tr|B4E052|B4E052_HUMAN" protein_descr="cDNA FLJ52378, highly similar to Tubulin beta-7 chain OS=Homo sapiens PE=2 SV=1" num_tol_term="2"/>
            <alternative_protein protein="tr|Q53G92|Q53G92_HUMAN" protein_descr="Tubulin, beta, 4 variant (Fragment) OS=Homo sapiens PE=2 SV=1" num_tol_term="2"/>
            <alternative_protein protein="tr|B7Z4N1|B7Z4N1_HUMAN" protein_descr="cDNA FLJ53906, highly similar to Tubulin beta chain OS=Homo sapiens PE=2 SV=1" num_tol_term="2"/>
            <modification_info>
               <mod_aminoacid_mass position="10" mass="160.0312" />
            </modification_info>
            <search_score name="hyperscore" value="64.8"/>
            <search_score name="nextscore" value="64.8"/>
            <search_score name="bscore" value="8.8"/>
            <search_score name="yscore" value="11.3"/>
            <search_score name="expect" value="1.3e-09"/>
         </search_hit>
      </search_result>
      </spectrum_query>
      <spectrum_query spectrum="test.130.130.2 " start_scan="120" end_scan="120" precursor_neutral_mass="1604.7467" assumed_charge="2" index="20">
      <search_result>
         <search_hit hit_rank="1" peptide="ENVNATENCISAVGK" peptide_prev_aa="K" peptide_next_aa="I" protein="sp|O00410|IPO5_HUMAN" protein_descr="Importin-5 OS=Homo sapiens GN=IPO5 PE=1 SV=4" num_tot_proteins="6" num_matched_ions="19" tot_num_ions="28" calc_neutral_pep_mass="1604.7469" massdiff="-0.000" num_tol_term="2" num_missed_cleavages="0" is_rejected="0">
            <alternative_protein protein="sp|O00410-2|IPO5_HUMAN" protein_descr="Isoform 2 of Importin-5 OS=Homo sapiens GN=IPO5" num_tol_term="2"/>
            <alternative_protein protein="sp|O00410-3|IPO5_HUMAN" protein_descr="Isoform 3 of Importin-5 OS=Homo sapiens GN=IPO5" num_tol_term="2"/>
            <alternative_protein protein="tr|Q9BVS9|Q9BVS9_HUMAN" protein_descr="IPO5 protein (Fragment) OS=Homo sapiens GN=IPO5 PE=2 SV=1" num_tol_term="2"/>
            <alternative_protein protein="tr|B4E0R6|B4E0R6_HUMAN" protein_descr="cDNA FLJ54573, highly similar to Importin beta-3 OS=Homo sapiens PE=2 SV=1" num_tol_term="2"/>
            <alternative_protein protein="tr|B3KWG6|B3KWG6_HUMAN" protein_descr="cDNA FLJ43041 fis, clone BRTHA3003339, highly similar to Importin beta-3 OS=Homo sapiens PE=2 SV=1" num_tol_term="2"/>
            <modification_info>
               <mod_aminoacid_mass position="9" mass="160.0312" />
            </modification_info>
            <search_score name="hyperscore" value="61.6"/>
            <search_score name="nextscore" value="25.1"/>
            <search_score name="bscore" value="9"/>
            <search_score name="yscore" value="10.3"/>
            <search_score name="expect" value="2.6e-09"/>
         </search_hit>
      </search_result>
      </spectrum_query>
      <spectrum_query spectrum="test.124.124.2 " start_scan="114" end_scan="114" precursor_neutral_mass="1604.7461" assumed_charge="2" index="21">
      <search_result>
         <search_hit hit_rank="1" peptide="ENVNATENCISAVGK" peptide_prev_aa="K" peptide_next_aa="I" protein="sp|O00410|IPO5_HUMAN" protein_descr="Importin-5 OS=Homo sapiens GN=IPO5 PE=1 SV=4" num_tot_proteins="6" num_matched_ions="16" tot_num_ions="28" calc_neutral_pep_mass="1604.7469" massdiff="-0.001" num_tol_term="2" num_missed_cleavages="0" is_rejected="0">
            <alternative_protein protein="sp|O00410-2|IPO5_HUMAN" protein_descr="Isoform 2 of Importin-5 OS=Homo sapiens GN=IPO5" num_tol_term="2"/>
            <alternative_protein protein="sp|O00410-3|IPO5_HUMAN" protein_descr="Isoform 3 of Importin-5 OS=Homo sapiens GN=IPO5" num_tol_term="2"/>
            <alternative_protein protein="tr|Q9BVS9|Q9BVS9_HUMAN" protein_descr="IPO5 protein (Fragment) OS=Homo sapiens GN=IPO5 PE=2 SV=1" num_tol_term="2"/>
            <alternative_protein protein="tr|B4E0R6|B4E0R6_HUMAN" protein_descr="cDNA FLJ54573, highly similar to Importin beta-3 OS=Homo sapiens PE=2 SV=1" num_tol_term="2"/>
            <alternative_protein protein="tr|B3KWG6|B3KWG6_HUMAN" protein_descr="cDNA FLJ43041 fis, clone BRTHA3003339, highly similar to Importin beta-3 OS=Homo sapiens PE=2 SV=1" num_tol_term="2"/>
            <modification_info>
               <mod_aminoacid_mass position="9" mass="160.0312" />
            </modification_info>
            <search_score name="hyperscore" value="48.4"/>
            <search_score name="nextscore" value="20.2"/>
            <search_score name="bscore" value="8.4"/>
            <search_score name="yscore" value="10.2"/>
            <search_score name="expect" value="5.9e-08"/>
         </search_hit>
      </search_result>
      </spectrum_query>
      <spectrum_query spectrum="test.50.50.3 " start_scan="43" end_scan="43" precursor_neutral_mass="2018.0366" assumed_charge="3" index="22">
      <search_result>
         <search_hit hit_rank="1" peptide="IVAERPGTNSTGPAPMAPPR" peptide_prev_aa="K" peptide_next_aa="A" protein="sp|Q13263|TIF1B_HUMAN" protein_descr="Transcription intermediary factor 1-beta OS=Homo sapiens GN=TRIM28 PE=1 SV=5" num_tot_proteins="3" num_matched_ions="19" tot_num_ions="76" calc_neutral_pep_mass="2018.0367" massdiff="-0.000" num_tol_term="2" num_missed_cleavages="0" is_rejected="0">
            <alternative_protein protein="sp|Q13263-2|TIF1B_HUMAN" protein_descr="Isoform 2 of Transcription intermediary factor 1-beta OS=Homo sapiens GN=TRIM28" num_tol_term="2"/>
            <alternative_protein protein="tr|B2R8R5|B2R8R5_HUMAN" protein_descr="cDNA, FLJ94025, highly similar to Homo sapiens tripartite motif-containing 28 (TRIM28), mRNA OS=Homo sapiens PE=2 SV=1" num_tol_term="2"/>
            <search_score name="hyperscore" value="46.0"/>
            <search_score name="nextscore" value="32.3"/>
            <search_score name="bscore" value="10.4"/>
            <search_score name="yscore" value="12.6"/>
            <search_score name="expect" value="6.7e-05"/>
         </search_hit>
      </search_result>
      </spectrum_query>
      <spectrum_query spectrum="test.41.41.3 " start_scan="35" end_scan="35" precursor_neutral_mass="2018.0350" assumed_charge="3" index="23">
      <search_result>
         <search_hit hit_rank="1" peptide="IVAERPGTNSTGPAPMAPPR" peptide_prev_aa="K" peptide_next_aa="A" protein="sp|Q13263|TIF1B_HUMAN" protein_descr="Transcription intermediary factor 1-beta OS=Homo sapiens GN=TRIM28 PE=1 SV=5" num_tot_proteins="3" num_matched_ions="27" tot_num_ions="76" calc_neutral_pep_mass="2018.0367" massdiff="-0.002" num_tol_term="2" num_missed_cleavages="0" is_rejected="0">
            <alternative_protein protein="sp|Q13263-2|TIF1B_HUMAN" protein_descr="Isoform 2 of Transcription intermediary factor 1-beta OS=Homo sapiens GN=TRIM28" num_tol_term="2"/>
            <alternative_protein protein="tr|B2R8R5|B2R8R5_HUMAN" protein_descr="cDNA, FLJ94025, highly similar to Homo sapiens tripartite motif-containing 28 (TRIM28), mRNA OS=Homo sapiens PE=2 SV=1" num_tol_term="2"/>
            <search_score name="hyperscore" value="72.3"/>
            <search_score name="nextscore" value="26.8"/>
            <search_score name="bscore" value="10.7"/>
            <search_score name="yscore" value="12.7"/>
            <search_score name="expect" value="9.5e-09"/>
         </search_hit>
      </search_result>
      </spectrum_query>
      <spectrum_query spectrum="test.88.88.2 " start_scan="76" end_scan="76" precursor_neutral_mass="1142.6186" assumed_charge="2" index="24">
      <search_result>
         <search_hit hit_rank="1" peptide="FATHAAALSVR" peptide_prev_aa="R" peptide_next_aa="N" protein="sp|P23246|SFPQ_HUMAN" protein_descr="Splicing factor, proline- and glutamine-rich OS=Homo sapiens GN=SFPQ PE=1 SV=2" num_tot_proteins="5" num_matched_ions="17" tot_num_ions="20" calc_neutral_pep_mass="1142.6196" massdiff="-0.001" num_tol_term="2" num_missed_cleavages="0" is_rejected="0">
            <alternative_protein protein="sp|P23246-2|SFPQ_HUMAN" protein_descr="Isoform F of Splicing factor, proline- and glutamine-rich OS=Homo sapiens GN=SFPQ" num_tol_term="2"/>
            <alternative_protein protein="tr|Q9BSV4|Q9BSV4_HUMAN" protein_descr="SFPQ protein (Fragment) OS=Homo sapiens GN=SFPQ PE=2 SV=2" num_tol_term="2"/>
            <alternative_protein protein="tr|Q6PIX2|Q6PIX2_HUMAN" protein_descr="SFPQ protein (Fragment) OS=Homo sapiens GN=SFPQ PE=2 SV=1" num_tol_term="2"/>
            <alternative_protein protein="tr|Q86VG2|Q86VG2_HUMAN" protein_descr="Splicing factor proline/glutamine-rich (Polypyrimidine tract binding protein associated) OS=Homo sapiens GN=SFPQ PE=2 SV=1" num_tol_term="2"/>
            <search_score name="hyperscore" value="51.5"/>
            <search_score name="nextscore" value="26.8"/>
            <search_score name="bscore" value="7.8"/>
            <search_score name="yscore" value="10"/>
            <search_score name="expect" value="1.7e-07"/>
         </search_hit>
      </search_result>
      </spectrum_query>
      <spectrum_query spectrum="test.95.95.2 " start_scan="83" end_scan="83" precursor_neutral_mass="1466.7058" assumed_charge="2" index="25">
      <search_result>
         <search_hit hit_rank="1" peptide="SLGPPQGEEDSVPR" peptide_prev_aa="R" peptide_next_aa="D" protein="sp|P78527|PRKDC_HUMAN" protein_descr="DNA-dependent protein kinase catalytic subunit OS=Homo sapiens GN=PRKDC PE=1 SV=3" num_tot_proteins="2" num_matched_ions="19" tot_num_ions="26" calc_neutral_pep_mass="1466.7001" massdiff="0.006" num_tol_term="2" num_missed_cleavages="0" is_rejected="0">
            <alternative_protein protein="sp|P78527-2|PRKDC_HUMAN" protein_descr="Isoform 2 of DNA-dependent protein kinase catalytic subunit OS=Homo sapiens GN=PRKDC" num_tol_term="2"/>
            <search_score name="hyperscore" value="66.4"/>
            <search_score name="nextscore" value="23.7"/>
            <search_score name="bscore" value="8.8"/>
            <search_score name="yscore" value="12.2"/>
            <search_score name="expect" value="1.7e-07"/>
         </search_hit>
      </search_result>
      </spectrum_query>
      <spectrum_query spectrum="test.101.101.2 " start_scan="88" end_scan="88" precursor_neutral_mass="1466.7033" assumed_charge="2" index="26">
      <search_result>
         <search_hit hit_rank="1" peptide="SLGPPQGEEDSVPR" peptide_prev_aa="R" peptide_next_aa="D" protein="sp|P78527|PRKDC_HUMAN" protein_descr="DNA-dependent protein kinase catalytic subunit OS=Homo sapiens GN=PRKDC PE=1 SV=3" num_tot_proteins="2" num_matched_ions="18" tot_num_ions="26" calc_neutral_pep_mass="1466.7001" massdiff="0.003" num_tol_term="2" num_missed_cleavages="0" is_rejected="0">
            <alternative_protein protein="sp|P78527-2|PRKDC_HUMAN" protein_descr="Isoform 2 of DNA-dependent protein kinase catalytic subunit OS=Homo sapiens GN=PRKDC" num_tol_term="2"/>
            <search_score name="hyperscore" value="58.5"/>
            <search_score name="nextscore" value="23.5"/>
            <search_score name="bscore" value="9.1"/>
            <search_score name="yscore" value="12"/>
            <search_score name="expect" value="7.3e-07"/>
         </search_hit>
      </search_result>
      </spectrum_query>
      <spectrum_query spectrum="test.214.214.2 " start_scan="197" end_scan="197" precursor_neutral_mass="1380.6440" assumed_charge="2" index="27">
      <search_result>
         <search_hit hit_rank="1" peptide="ALEESNYELEGK" peptide_prev_aa="R" peptide_next_aa="I" protein="sp|P13645|K1C10_HUMAN" protein_descr="Keratin, type I cytoskeletal 10 OS=Homo sapiens GN=KRT10 PE=1 SV=6" num_tot_proteins="1" num_matched_ions="18" tot_num_ions="22" calc_neutral_pep_mass="1380.6409" massdiff="0.003" num_tol_term="2" num_missed_cleavages="0" is_rejected="0">
            <search_score name="hyperscore" value="58.0"/>
            <search_score name="nextscore" value="27.7"/>
            <search_score name="bscore" value="10.1"/>
            <search_score name="yscore" value="12.3"/>
            <search_score name="expect" value="2.5e-07"/>
         </search_hit>
      </search_result>
      </spectrum_query>
      <spectrum_query spectrum="test.207.207.2 " start_scan="190" end_scan="190" precursor_neutral_mass="1380.6479" assumed_charge="2" index="28">
      <search_result>
         <search_hit hit_rank="1" peptide="ALEESNYELEGK" peptide_prev_aa="R" peptide_next_aa="I" protein="sp|P13645|K1C10_HUMAN" protein_descr="Keratin, type I cytoskeletal 10 OS=Homo sapiens GN=KRT10 PE=1 SV=6" num_tot_proteins="1" num_matched_ions="12" tot_num_ions="22" calc_neutral_pep_mass="1380.6409" massdiff="0.007" num_tol_term="2" num_missed_cleavages="0" is_rejected="0">
            <search_score name="hyperscore" value="35.4"/>
            <search_score name="nextscore" value="18.0"/>
            <search_score name="bscore" value="6.9"/>
            <search_score name="yscore" value="9.7"/>
            <search_score name="expect" value="0.004"/>
         </search_hit>
      </search_result>
      </spectrum_query>
      <spectrum_query spectrum="test.196.196.2 " start_scan="181" end_scan="181" precursor_neutral_mass="1203.5255" assumed_charge="2" index="29">
      <search_result>
         <search_hit hit_rank="1" peptide="FAAATGATPIAGR" peptide_prev_aa="K" peptide_next_aa="F" protein="sp|P08865|RSSA_HUMAN" protein_descr="40S ribosomal protein SA OS=Homo sapiens GN=RPSA PE=1 SV=4" num_tot_proteins="4" num_matched_ions="14" tot_num_ions="24" calc_neutral_pep_mass="1202.6407" massdiff="0.885" num_tol_term="2" num_missed_cleavages="0" is_rejected="0">
            <alternative_protein protein="tr|Q96RS2|Q96RS2_HUMAN" protein_descr="Laminin receptor-like protein LAMRL5 OS=Homo sapiens GN=LAMR1P15 PE=2 SV=1" num_tol_term="2"/>
            <alternative_protein protein="tr|A6NE09|A6NE09_HUMAN" protein_descr="Putative uncharacterized protein ENSP00000346598 OS=Homo sapiens PE=3 SV=1" num_tol_term="2"/>
            <alternative_protein protein="tr|C9J9K3|C9J9K3_HUMAN" protein_descr="Putative uncharacterized protein RPSA OS=Homo sapiens GN=RPSA PE=3 SV=1" num_tol_term="2"/>
            <search_score name="hyperscore" value="38.9"/>
            <search_score name="nextscore" value="16.2"/>
            <search_score name="bscore" value="7.2"/>
            <search_score name="yscore" value="8.7"/>
            <search_score name="expect" value="8.4e-05"/>
         </search_hit>
      </search_result>
      </spectrum_query>
      <spectrum_query spectrum="test.167.167.2 " start_scan="154" end_scan="154" precursor_neutral_mass="1202.6406" assumed_charge="2" index="30">
      <search_result>
         <search_hit hit_rank="1" peptide="FAAATGATPIAGR" peptide_prev_aa="K" peptide_next_aa="F" protein="sp|P08865|RSSA_HUMAN" protein_descr="40S ribosomal protein SA OS=Homo sapiens GN=RPSA PE=1 SV=4" num_tot_proteins="4" num_matched_ions="17" tot_num_ions="24" calc_neutral_pep_mass="1202.6407" massdiff="-0.000" num_tol_term="2" num_missed_cleavages="0" is_rejected="0">
            <alternative_protein protein="tr|Q96RS2|Q96RS2_HUMAN" protein_descr="Laminin receptor-like protein LAMRL5 OS=Homo sapiens GN=LAMR1P15 PE=2 SV=1" num_tol_term="2"/>
            <alternative_protein protein="tr|A6NE09|A6NE09_HUMAN" protein_descr="Putative uncharacterized protein ENSP00000346598 OS=Homo sapiens PE=3 SV=1" num_tol_term="2"/>
            <alternative_protein protein="tr|C9J9K3|C9J9K3_HUMAN" protein_descr="Putative uncharacterized protein RPSA OS=Homo sapiens GN=RPSA PE=3 SV=1" num_tol_term="2"/>
            <search_score name="hyperscore" value="50.4"/>
            <search_score name="nextscore" value="19.2"/>
            <search_score name="bscore" value="7.3"/>
            <search_score name="yscore" value="9.2"/>
            <search_score name="expect" value="3.8e-07"/>
         </search_hit>
      </search_result>
      </spectrum_query>
      <spectrum_query spectrum="test.199.199.2 " start_scan="183" end_scan="183" precursor_neutral_mass="1203.5254" assumed_charge="2" index="31">
      <search_result>
         <search_hit hit_rank="1" peptide="FAAATGATPIAGR" peptide_prev_aa="K" peptide_next_aa="F" protein="sp|P08865|RSSA_HUMAN" protein_descr="40S ribosomal protein SA OS=Homo sapiens GN=RPSA PE=1 SV=4" num_tot_proteins="4" num_matched_ions="11" tot_num_ions="24" calc_neutral_pep_mass="1202.6407" massdiff="0.885" num_tol_term="2" num_missed_cleavages="0" is_rejected="0">
            <alternative_protein protein="tr|Q96RS2|Q96RS2_HUMAN" protein_descr="Laminin receptor-like protein LAMRL5 OS=Homo sapiens GN=LAMR1P15 PE=2 SV=1" num_tol_term="2"/>
            <alternative_protein protein="tr|A6NE09|A6NE09_HUMAN" protein_descr="Putative uncharacterized protein ENSP00000346598 OS=Homo sapiens PE=3 SV=1" num_tol_term="2"/>
            <alternative_protein protein="tr|C9J9K3|C9J9K3_HUMAN" protein_descr="Putative uncharacterized protein RPSA OS=Homo sapiens GN=RPSA PE=3 SV=1" num_tol_term="2"/>
            <search_score name="hyperscore" value="29.3"/>
            <search_score name="nextscore" value="22.9"/>
            <search_score name="bscore" value="6.4"/>
            <search_score name="yscore" value="8.5"/>
            <search_score name="expect" value="0.0096"/>
         </search_hit>
      </search_result>
      </spectrum_query>
      <spectrum_query spectrum="test.159.159.2 " start_scan="145" end_scan="145" precursor_neutral_mass="1202.6402" assumed_charge="2" index="32">
      <search_result>
         <search_hit hit_rank="1" peptide="FAAATGATPIAGR" peptide_prev_aa="K" peptide_next_aa="F" protein="sp|P08865|RSSA_HUMAN" protein_descr="40S ribosomal protein SA OS=Homo sapiens GN=RPSA PE=1 SV=4" num_tot_proteins="4" num_matched_ions="17" tot_num_ions="24" calc_neutral_pep_mass="1202.6407" massdiff="-0.000" num_tol_term="2" num_missed_cleavages="0" is_rejected="0">
            <alternative_protein protein="tr|Q96RS2|Q96RS2_HUMAN" protein_descr="Laminin receptor-like protein LAMRL5 OS=Homo sapiens GN=LAMR1P15 PE=2 SV=1" num_tol_term="2"/>
            <alternative_protein protein="tr|A6NE09|A6NE09_HUMAN" protein_descr="Putative uncharacterized protein ENSP00000346598 OS=Homo sapiens PE=3 SV=1" num_tol_term="2"/>
            <alternative_protein protein="tr|C9J9K3|C9J9K3_HUMAN" protein_descr="Putative uncharacterized protein RPSA OS=Homo sapiens GN=RPSA PE=3 SV=1" num_tol_term="2"/>
            <search_score name="hyperscore" value="50.8"/>
            <search_score name="nextscore" value="21.3"/>
            <search_score name="bscore" value="7.8"/>
            <search_score name="yscore" value="9.6"/>
            <search_score name="expect" value="2.3e-06"/>
         </search_hit>
      </search_result>
      </spectrum_query>
      <spectrum_query spectrum="test.178.178.2 " start_scan="165" end_scan="165" precursor_neutral_mass="1166.6660" assumed_charge="2" index="33">
      <search_result>
         <search_hit hit_rank="1" peptide="GTEITHAVVIK" peptide_prev_aa="K" peptide_next_aa="K" protein="sp|Q99613|EIF3C_HUMAN" protein_descr="Eukaryotic translation initiation factor 3 subunit C OS=Homo sapiens GN=EIF3C PE=1 SV=1" num_tot_proteins="12" num_matched_ions="17" tot_num_ions="20" calc_neutral_pep_mass="1166.6659" massdiff="0.000" num_tol_term="2" num_missed_cleavages="0" is_rejected="0">
            <alternative_protein protein="tr|B4E1D5|B4E1D5_HUMAN" protein_descr="cDNA FLJ54400, highly similar to Eukaryotic translation initiation factor 3 subunit 8 OS=Homo sapiens PE=2 SV=1" num_tol_term="2"/>
            <alternative_protein protein="tr|B4DDN4|B4DDN4_HUMAN" protein_descr="cDNA FLJ54488, highly similar to Eukaryotic translation initiation factor 3 subunit 8 OS=Homo sapiens PE=2 SV=1" num_tol_term="2"/>
            <alternative_protein protein="tr|B4DVQ5|B4DVQ5_HUMAN" protein_descr="cDNA FLJ55450, highly similar to Eukaryotic translation initiation factor 3 subunit 8 OS=Homo sapiens PE=2 SV=1" num_tol_term="2"/>
            <alternative_protein protein="tr|A1KYQ7|A1KYQ7_HUMAN" protein_descr="Cell migration-inducing protein 17 OS=Homo sapiens PE=2 SV=1" num_tol_term="2"/>
            <alternative_protein protein="tr|B5ME19|B5ME19_HUMAN" protein_descr="Putative uncharacterized protein EIF3CL OS=Homo sapiens GN=EIF3CL PE=4 SV=1" num_tol_term="2"/>
            <alternative_protein protein="tr|B3KNZ4|B3KNZ4_HUMAN" protein_descr="cDNA FLJ30804 fis, clone FEBRA2001267, highly similar to Eukaryotic translation initiation factor 3 subunit 8 OS=Homo sapiens PE=2 SV=1" num_tol_term="2"/>
            <alternative_protein protein="tr|C9JJ55|C9JJ55_HUMAN" protein_descr="Putative uncharacterized protein EIF3CL OS=Homo sapiens GN=EIF3CL PE=4 SV=1" num_tol_term="2"/>
            <alternative_protein protein="tr|B4DRU0|B4DRU0_HUMAN" protein_descr="cDNA FLJ55750, highly similar to Eukaryotic translation initiation factor 3 subunit 8 OS=Homo sapiens PE=2 SV=1" num_tol_term="2"/>
            <alternative_protein protein="tr|B4E2Z6|B4E2Z6_HUMAN" protein_descr="cDNA FLJ54404, highly similar to Eukaryotic translation initiation factor 3 subunit 8 OS=Homo sapiens PE=2 SV=1" num_tol_term="2"/>
            <alternative_protein protein="tr|B4DVU3|B4DVU3_HUMAN" protein_descr="cDNA FLJ53378, highly similar to Eukaryotic translation initiation factor 3 subunit 8 OS=Homo sapiens PE=2 SV=1" num_tol_term="2"/>
            <alternative_protein protein="tr|C9J1F3|C9J1F3_HUMAN" protein_descr="Putative uncharacterized protein EIF3CL OS=Homo sapiens GN=EIF3CL PE=4 SV=1" num_tol_term="2"/>
            <search_score name="hyperscore" value="51.6"/>
            <search_score name="nextscore" value="29.1"/>
            <search_score name="bscore" value="8.8"/>
            <search_score name="yscore" value="9.8"/>
            <search_score name="expect" value="5.8e-07"/>
         </search_hit>
      </search_result>
      </spectrum_query>
      <spectrum_query spectrum="test.165.165.2 " start_scan="153" end_scan="153" precursor_neutral_mass="1567.7639" assumed_charge="2" index="34">
      <search_result>
         <search_hit hit_rank="1" peptide="QAVTNPNNTFYATK" peptide_prev_aa="R" peptide_next_aa="R" protein="sp|P38646|GRP75_HUMAN" protein_descr="Stress-70 protein, mitochondrial OS=Homo sapiens GN=HSPA9 PE=1 SV=2" num_tot_proteins="4" num_matched_ions="19" tot_num_ions="26" calc_neutral_pep_mass="1567.7630" massdiff="0.001" num_tol_term="2" num_missed_cleavages="0" is_rejected="0">
            <alternative_protein protein="tr|B7Z4V2|B7Z4V2_HUMAN" protein_descr="cDNA FLJ51907, highly similar to Stress-70 protein, mitochondrial OS=Homo sapiens PE=2 SV=1" num_tol_term="2"/>
            <alternative_protein protein="tr|Q8N1C8|Q8N1C8_HUMAN" protein_descr="HSPA9 protein (Fragment) OS=Homo sapiens GN=HSPA9 PE=2 SV=1" num_tol_term="2"/>
            <alternative_protein protein="tr|B7Z1V7|B7Z1V7_HUMAN" protein_descr="cDNA FLJ51811, highly similar to Stress-70 protein, mitochondrial OS=Homo sapiens PE=2 SV=1" num_tol_term="2"/>
            <search_score name="hyperscore" value="64.0"/>
            <search_score name="nextscore" value="21.5"/>
            <search_score name="bscore" value="7"/>
            <search_score name="yscore" value="11.8"/>
            <search_score name="expect" value="7.4e-07"/>
         </search_hit>
      </search_result>
      </spectrum_query>
      <spectrum_query spectrum="test.170.170.2 " start_scan="158" end_scan="158" precursor_neutral_mass="1567.7643" assumed_charge="2" index="35">
      <search_result>
         <search_hit hit_rank="1" peptide="QAVTNPNNTFYATK" peptide_prev_aa="R" peptide_next_aa="R" protein="sp|P38646|GRP75_HUMAN" protein_descr="Stress-70 protein, mitochondrial OS=Homo sapiens GN=HSPA9 PE=1 SV=2" num_tot_proteins="4" num_matched_ions="20" tot_num_ions="26" calc_neutral_pep_mass="1567.7630" massdiff="0.001" num_tol_term="2" num_missed_cleavages="0" is_rejected="0">
            <alternative_protein protein="tr|B7Z4V2|B7Z4V2_HUMAN" protein_descr="cDNA FLJ51907, highly similar to Stress-70 protein, mitochondrial OS=Homo sapiens PE=2 SV=1" num_tol_term="2"/>
            <alternative_protein protein="tr|Q8N1C8|Q8N1C8_HUMAN" protein_descr="HSPA9 protein (Fragment) OS=Homo sapiens GN=HSPA9 PE=2 SV=1" num_tol_term="2"/>
            <alternative_protein protein="tr|B7Z1V7|B7Z1V7_HUMAN" protein_descr="cDNA FLJ51811, highly similar to Stress-70 protein, mitochondrial OS=Homo sapiens PE=2 SV=1" num_tol_term="2"/>
            <search_score name="hyperscore" value="67.1"/>
            <search_score name="nextscore" value="24.6"/>
            <search_score name="bscore" value="7"/>
            <search_score name="yscore" value="11.8"/>
            <search_score name="expect" value="0.00035"/>
         </search_hit>
      </search_result>
      </spectrum_query>
      <spectrum_query spectrum="test.99.99.2 " start_scan="86" end_scan="86" precursor_neutral_mass="1214.6065" assumed_charge="2" index="36">
      <search_result>
         <search_hit hit_rank="1" peptide="ALVDGPCTQVR" peptide_prev_aa="R" peptide_next_aa="R" protein="sp|P50914|RL14_HUMAN" protein_descr="60S ribosomal protein L14 OS=Homo sapiens GN=RPL14 PE=1 SV=4" num_tot_proteins="7" num_matched_ions="17" tot_num_ions="20" calc_neutral_pep_mass="1214.6083" massdiff="-0.002" num_tol_term="2" num_missed_cleavages="0" is_rejected="0">
            <alternative_protein protein="tr|Q6IPH7|Q6IPH7_HUMAN" protein_descr="RPL14 protein OS=Homo sapiens GN=RPL14 PE=2 SV=1" num_tol_term="2"/>
            <alternative_protein protein="tr|A8K3Q9|A8K3Q9_HUMAN" protein_descr="cDNA FLJ76611, highly similar to Homo sapiens ribosomal protein L14 (RPL14), mRNA OS=Homo sapiens PE=2 SV=1" num_tol_term="2"/>
            <alternative_protein protein="tr|B7Z6S8|B7Z6S8_HUMAN" protein_descr="cDNA FLJ51325, highly similar to 60S ribosomal protein L14 OS=Homo sapiens PE=2 SV=1" num_tol_term="2"/>
            <alternative_protein protein="tr|A0PJ62|A0PJ62_HUMAN" protein_descr="RPL14 protein (Fragment) OS=Homo sapiens GN=RPL14 PE=2 SV=1" num_tol_term="2"/>
            <alternative_protein protein="tr|A8K7N0|A8K7N0_HUMAN" protein_descr="cDNA FLJ75556, highly similar to Homo sapiens ribosomal protein L14, mRNA OS=Homo sapiens PE=2 SV=1" num_tol_term="2"/>
            <alternative_protein protein="tr|A6NIH1|A6NIH1_HUMAN" protein_descr="Putative uncharacterized protein ENSP00000350479 OS=Homo sapiens PE=4 SV=1" num_tol_term="2"/>
            <modification_info>
               <mod_aminoacid_mass position="7" mass="160.0312" />
            </modification_info>
            <search_score name="hyperscore" value="53.7"/>
            <search_score name="nextscore" value="33.3"/>
            <search_score name="bscore" value="8.6"/>
            <search_score name="yscore" value="11.6"/>
            <search_score name="expect" value="2e-06"/>
         </search_hit>
      </search_result>
      </spectrum_query>
      <spectrum_query spectrum="test.26.26.2 " start_scan="23" end_scan="23" precursor_neutral_mass="1290.6242" assumed_charge="2" index="37">
      <search_result>
         <search_hit hit_rank="1" peptide="YSQYQQAIYK" peptide_prev_aa="K" peptide_next_aa="C" protein="sp|O14744|ANM5_HUMAN" protein_descr="Protein arginine N-methyltransferase 5 OS=Homo sapiens GN=PRMT5 PE=1 SV=4" num_tot_proteins="8" num_matched_ions="15" tot_num_ions="18" calc_neutral_pep_mass="1290.6244" massdiff="-0.000" num_tol_term="2" num_missed_cleavages="0" is_rejected="0">
            <alternative_protein protein="tr|A8MZ91|A8MZ91_HUMAN" protein_descr="Protein arginine methyltransferase 5, isoform CRA_d OS=Homo sapiens GN=PRMT5 PE=2 SV=1" num_tol_term="2"/>
            <alternative_protein protein="tr|A8MTP3|A8MTP3_HUMAN" protein_descr="Protein arginine methyltransferase 5, isoform CRA_c OS=Homo sapiens GN=PRMT5 PE=4 SV=1" num_tol_term="2"/>
            <alternative_protein protein="tr|B2RDD7|B2RDD7_HUMAN" protein_descr="cDNA, FLJ96564, highly similar to Homo sapiens SKB1 homolog (S. pombe) (SKB1), mRNA OS=Homo sapiens PE=2 SV=1" num_tol_term="2"/>
            <alternative_protein protein="tr|B4DY30|B4DY30_HUMAN" protein_descr="cDNA FLJ54078, highly similar to Protein arginine N-methyltransferase 5 (EC 2.1.1.-) OS=Homo sapiens PE=2 SV=1" num_tol_term="2"/>
            <alternative_protein protein="tr|D3DS33|D3DS33_HUMAN" protein_descr="Protein arginine methyltransferase 5, isoform CRA_b OS=Homo sapiens GN=PRMT5 PE=4 SV=1" num_tol_term="2"/>
            <alternative_protein protein="tr|B4DV00|B4DV00_HUMAN" protein_descr="cDNA FLJ54039, highly similar to Protein arginine N-methyltransferase 5 (EC 2.1.1.-) OS=Homo sapiens PE=2 SV=1" num_tol_term="2"/>
            <alternative_protein protein="tr|B4DX49|B4DX49_HUMAN" protein_descr="cDNA FLJ54566, highly similar to Protein arginine N-methyltransferase 5 (EC2.1.1.-) OS=Homo sapiens PE=2 SV=1" num_tol_term="2"/>
            <search_score name="hyperscore" value="43.5"/>
            <search_score name="nextscore" value="20.8"/>
            <search_score name="bscore" value="7.4"/>
            <search_score name="yscore" value="9.4"/>
            <search_score name="expect" value="6.3e-06"/>
         </search_hit>
      </search_result>
      </spectrum_query>
      <spectrum_query spectrum="test.21.21.2 " start_scan="19" end_scan="19" precursor_neutral_mass="1290.6244" assumed_charge="2" index="38">
      <search_result>
         <search_hit hit_rank="1" peptide="YSQYQQAIYK" peptide_prev_aa="K" peptide_next_aa="C" protein="sp|O14744|ANM5_HUMAN" protein_descr="Protein arginine N-methyltransferase 5 OS=Homo sapiens GN=PRMT5 PE=1 SV=4" num_tot_proteins="8" num_matched_ions="13" tot_num_ions="18" calc_neutral_pep_mass="1290.6244" massdiff="-0.000" num_tol_term="2" num_missed_cleavages="0" is_rejected="0">
            <alternative_protein protein="tr|A8MZ91|A8MZ91_HUMAN" protein_descr="Protein arginine methyltransferase 5, isoform CRA_d OS=Homo sapiens GN=PRMT5 PE=2 SV=1" num_tol_term="2"/>
            <alternative_protein protein="tr|A8MTP3|A8MTP3_HUMAN" protein_descr="Protein arginine methyltransferase 5, isoform CRA_c OS=Homo sapiens GN=PRMT5 PE=4 SV=1" num_tol_term="2"/>
            <alternative_protein protein="tr|B2RDD7|B2RDD7_HUMAN" protein_descr="cDNA, FLJ96564, highly similar to Homo sapiens SKB1 homolog (S. pombe) (SKB1), mRNA OS=Homo sapiens PE=2 SV=1" num_tol_term="2"/>
            <alternative_protein protein="tr|B4DY30|B4DY30_HUMAN" protein_descr="cDNA FLJ54078, highly similar to Protein arginine N-methyltransferase 5 (EC 2.1.1.-) OS=Homo sapiens PE=2 SV=1" num_tol_term="2"/>
            <alternative_protein protein="tr|D3DS33|D3DS33_HUMAN" protein_descr="Protein arginine methyltransferase 5, isoform CRA_b OS=Homo sapiens GN=PRMT5 PE=4 SV=1" num_tol_term="2"/>
            <alternative_protein protein="tr|B4DV00|B4DV00_HUMAN" protein_descr="cDNA FLJ54039, highly similar to Protein arginine N-methyltransferase 5 (EC 2.1.1.-) OS=Homo sapiens PE=2 SV=1" num_tol_term="2"/>
            <alternative_protein protein="tr|B4DX49|B4DX49_HUMAN" protein_descr="cDNA FLJ54566, highly similar to Protein arginine N-methyltransferase 5 (EC2.1.1.-) OS=Homo sapiens PE=2 SV=1" num_tol_term="2"/>
            <search_score name="hyperscore" value="37.7"/>
            <search_score name="nextscore" value="16.2"/>
            <search_score name="bscore" value="7.4"/>
            <search_score name="yscore" value="9.5"/>
            <search_score name="expect" value="3.4e-06"/>
         </search_hit>
      </search_result>
      </spectrum_query>
      <spectrum_query spectrum="test.242.242.2 " start_scan="220" end_scan="220" precursor_neutral_mass="1332.6804" assumed_charge="2" index="39">
      <search_result>
         <search_hit hit_rank="1" peptide="TLIQNCGASTIR" peptide_prev_aa="R" peptide_next_aa="L" protein="sp|P49368|TCPG_HUMAN" protein_descr="T-complex protein 1 subunit gamma OS=Homo sapiens GN=CCT3 PE=1 SV=4" num_tot_proteins="7" num_matched_ions="19" tot_num_ions="22" calc_neutral_pep_mass="1332.6825" massdiff="-0.002" num_tol_term="2" num_missed_cleavages="0" is_rejected="0">
            <alternative_protein protein="tr|A6NE14|A6NE14_HUMAN" protein_descr="Putative uncharacterized protein CCT3 OS=Homo sapiens GN=CCT3 PE=2 SV=1" num_tol_term="2"/>
            <alternative_protein protein="tr|B4DUR8|B4DUR8_HUMAN" protein_descr="cDNA FLJ57603, highly similar to T-complex protein 1 subunit gamma OS=Homo sapiens PE=2 SV=1" num_tol_term="2"/>
            <alternative_protein protein="tr|Q5SZY0|Q5SZY0_HUMAN" protein_descr="Chaperonin containing TCP1, subunit 3 (Gamma) OS=Homo sapiens GN=CCT3 PE=2 SV=1" num_tol_term="2"/>
            <alternative_protein protein="tr|B3KX11|B3KX11_HUMAN" protein_descr="cDNA FLJ44436 fis, clone UTERU2019706, highly similar to T-complex protein 1 subunit gamma OS=Homo sapiens PE=2 SV=1" num_tol_term="2"/>
            <alternative_protein protein="tr|Q59H77|Q59H77_HUMAN" protein_descr="Chaperonin containing TCP1, subunit 3 (Gamma) variant (Fragment) OS=Homo sapiens PE=2 SV=1" num_tol_term="2"/>
            <alternative_protein protein="tr|Q2TU64|Q2TU64_HUMAN" protein_descr="PIG48 OS=Homo sapiens PE=2 SV=1" num_tol_term="2"/>
            <modification_info>
               <mod_aminoacid_mass position="6" mass="160.0312" />
            </modification_info>
            <search_score name="hyperscore" value="61.4"/>
            <search_score name="nextscore" value="26.6"/>
            <search_score name="bscore" value="8.1"/>
            <search_score name="yscore" value="11.6"/>
            <search_score name="expect" value="1.6e-05"/>
         </search_hit>
      </search_result>
      </spectrum_query>
      <spectrum_query spectrum="test.248.248.2 " start_scan="225" end_scan="225" precursor_neutral_mass="1332.6814" assumed_charge="2" index="40">
      <search_result>
         <search_hit hit_rank="1" peptide="TLIQNCGASTIR" peptide_prev_aa="R" peptide_next_aa="L" protein="sp|P49368|TCPG_HUMAN" protein_descr="T-complex protein 1 subunit gamma OS=Homo sapiens GN=CCT3 PE=1 SV=4" num_tot_proteins="7" num_matched_ions="22" tot_num_ions="22" calc_neutral_pep_mass="1332.6825" massdiff="-0.001" num_tol_term="2" num_missed_cleavages="0" is_rejected="0">
            <alternative_protein protein="tr|A6NE14|A6NE14_HUMAN" protein_descr="Putative uncharacterized protein CCT3 OS=Homo sapiens GN=CCT3 PE=2 SV=1" num_tol_term="2"/>
            <alternative_protein protein="tr|B4DUR8|B4DUR8_HUMAN" protein_descr="cDNA FLJ57603, highly similar to T-complex protein 1 subunit gamma OS=Homo sapiens PE=2 SV=1" num_tol_term="2"/>
            <alternative_protein protein="tr|Q5SZY0|Q5SZY0_HUMAN" protein_descr="Chaperonin containing TCP1, subunit 3 (Gamma) OS=Homo sapiens GN=CCT3 PE=2 SV=1" num_tol_term="2"/>
            <alternative_protein protein="tr|B3KX11|B3KX11_HUMAN" protein_descr="cDNA FLJ44436 fis, clone UTERU2019706, highly similar to T-complex protein 1 subunit gamma OS=Homo sapiens PE=2 SV=1" num_tol_term="2"/>
            <alternative_protein protein="tr|Q59H77|Q59H77_HUMAN" protein_descr="Chaperonin containing TCP1, subunit 3 (Gamma) variant (Fragment) OS=Homo sapiens PE=2 SV=1" num_tol_term="2"/>
            <alternative_protein protein="tr|Q2TU64|Q2TU64_HUMAN" protein_descr="PIG48 OS=Homo sapiens PE=2 SV=1" num_tol_term="2"/>
            <modification_info>
               <mod_aminoacid_mass position="6" mass="160.0312" />
            </modification_info>
            <search_score name="hyperscore" value="73.5"/>
            <search_score name="nextscore" value="26.0"/>
            <search_score name="bscore" value="8.5"/>
            <search_score name="yscore" value="11.9"/>
            <search_score name="expect" value="3.8e-06"/>
         </search_hit>
      </search_result>
      </spectrum_query>
      <spectrum_query spectrum="test.136.136.2 " start_scan="126" end_scan="126" precursor_neutral_mass="1301.6825" assumed_charge="2" index="41">
      <search_result>
         <search_hit hit_rank="1" peptide="SVSLTGAPESVQK" peptide_prev_aa="R" peptide_next_aa="A" protein="sp|Q92945|FUBP2_HUMAN" protein_descr="Far upstream element-binding protein 2 OS=Homo sapiens GN=KHSRP PE=1 SV=3" num_tot_proteins="2" num_matched_ions="16" tot_num_ions="24" calc_neutral_pep_mass="1301.6827" massdiff="-0.000" num_tol_term="2" num_missed_cleavages="0" is_rejected="0">
            <alternative_protein protein="sp|Q92945-2|FUBP2_HUMAN" protein_descr="Isoform 2 of Far upstream element-binding protein 2 OS=Homo sapiens GN=KHSRP" num_tol_term="2"/>
            <search_score name="hyperscore" value="50.8"/>
            <search_score name="nextscore" value="24.2"/>
            <search_score name="bscore" value="9"/>
            <search_score name="yscore" value="11.8"/>
            <search_score name="expect" value="4.2e-06"/>
         </search_hit>
      </search_result>
      </spectrum_query>
      <spectrum_query spectrum="test.129.129.2 " start_scan="119" end_scan="119" precursor_neutral_mass="1301.6826" assumed_charge="2" index="42">
      <search_result>
         <search_hit hit_rank="1" peptide="SVSLTGAPESVQK" peptide_prev_aa="R" peptide_next_aa="A" protein="sp|Q92945|FUBP2_HUMAN" protein_descr="Far upstream element-binding protein 2 OS=Homo sapiens GN=KHSRP PE=1 SV=3" num_tot_proteins="2" num_matched_ions="15" tot_num_ions="24" calc_neutral_pep_mass="1301.6827" massdiff="-0.000" num_tol_term="2" num_missed_cleavages="0" is_rejected="0">
            <alternative_protein protein="sp|Q92945-2|FUBP2_HUMAN" protein_descr="Isoform 2 of Far upstream element-binding protein 2 OS=Homo sapiens GN=KHSRP" num_tol_term="2"/>
            <search_score name="hyperscore" value="45.8"/>
            <search_score name="nextscore" value="29.3"/>
            <search_score name="bscore" value="9.3"/>
            <search_score name="yscore" value="11.8"/>
            <search_score name="expect" value="0.0013"/>
         </search_hit>
      </search_result>
      </spectrum_query>
      <spectrum_query spectrum="test.150.150.3 " start_scan="138" end_scan="138" precursor_neutral_mass="1588.8277" assumed_charge="3" index="43">
      <search_result>
         <search_hit hit_rank="1" peptide="KGVAINMVTEEDKR" peptide_prev_aa="R" peptide_next_aa="T" protein="sp|P60842|IF4A1_HUMAN" protein_descr="Eukaryotic initiation factor 4A-I OS=Homo sapiens GN=EIF4A1 PE=1 SV=1" num_tot_proteins="5" num_matched_ions="20" tot_num_ions="52" calc_neutral_pep_mass="1588.8243" massdiff="0.003" num_tol_term="2" num_missed_cleavages="0" is_rejected="0">
            <alternative_protein protein="tr|D3DTP9|D3DTP9_HUMAN" protein_descr="Eukaryotic translation initiation factor 4A, isoform 1, isoform CRA_b OS=Homo sapiens GN=EIF4A1 PE=3 SV=1" num_tol_term="2"/>
            <alternative_protein protein="tr|B4DNH2|B4DNH2_HUMAN" protein_descr="cDNA FLJ58596, highly similar to Eukaryotic initiation factor 4A-I (EC 3.6.1.-) OS=Homo sapiens PE=2 SV=1" num_tol_term="2"/>
            <alternative_protein protein="tr|A8K7F6|A8K7F6_HUMAN" protein_descr="cDNA FLJ78244, highly similar to Homo sapiens eukaryotic translation initiation factor 4A, isoform 1 (EIF4A1), mRNA OS=Homo sapiens PE=2 SV=1" num_tol_term="2"/>
            <alternative_protein protein="tr|A8K088|A8K088_HUMAN" protein_descr="cDNA FLJ78614, highly similar to Homo sapiens eukaryotic translation initiation factor 4A, isoform 1 (EIF4A1), mRNA OS=Homo sapiens PE=2 SV=1" num_tol_term="2"/>
            <search_score name="hyperscore" value="45.7"/>
            <search_score name="nextscore" value="27.2"/>
            <search_score name="bscore" value="8.3"/>
            <search_score name="yscore" value="10.4"/>
            <search_score name="expect" value="0.0002"/>
         </search_hit>
      </search_result>
      </spectrum_query>
      <spectrum_query spectrum="test.144.144.3 " start_scan="133" end_scan="133" precursor_neutral_mass="1588.8274" assumed_charge="3" index="44">
      <search_result>
         <search_hit hit_rank="1" peptide="KGVAINMVTEEDKR" peptide_prev_aa="R" peptide_next_aa="T" protein="sp|P60842|IF4A1_HUMAN" protein_descr="Eukaryotic initiation factor 4A-I OS=Homo sapiens GN=EIF4A1 PE=1 SV=1" num_tot_proteins="5" num_matched_ions="21" tot_num_ions="52" calc_neutral_pep_mass="1588.8243" massdiff="0.003" num_tol_term="2" num_missed_cleavages="0" is_rejected="0">
            <alternative_protein protein="tr|D3DTP9|D3DTP9_HUMAN" protein_descr="Eukaryotic translation initiation factor 4A, isoform 1, isoform CRA_b OS=Homo sapiens GN=EIF4A1 PE=3 SV=1" num_tol_term="2"/>
            <alternative_protein protein="tr|B4DNH2|B4DNH2_HUMAN" protein_descr="cDNA FLJ58596, highly similar to Eukaryotic initiation factor 4A-I (EC 3.6.1.-) OS=Homo sapiens PE=2 SV=1" num_tol_term="2"/>
            <alternative_protein protein="tr|A8K7F6|A8K7F6_HUMAN" protein_descr="cDNA FLJ78244, highly similar to Homo sapiens eukaryotic translation initiation factor 4A, isoform 1 (EIF4A1), mRNA OS=Homo sapiens PE=2 SV=1" num_tol_term="2"/>
            <alternative_protein protein="tr|A8K088|A8K088_HUMAN" protein_descr="cDNA FLJ78614, highly similar to Homo sapiens eukaryotic translation initiation factor 4A, isoform 1 (EIF4A1), mRNA OS=Homo sapiens PE=2 SV=1" num_tol_term="2"/>
            <search_score name="hyperscore" value="50.3"/>
            <search_score name="nextscore" value="29.7"/>
            <search_score name="bscore" value="8.4"/>
            <search_score name="yscore" value="10.5"/>
            <search_score name="expect" value="5e-06"/>
         </search_hit>
      </search_result>
      </spectrum_query>
      <spectrum_query spectrum="test.187.187.2 " start_scan="172" end_scan="172" precursor_neutral_mass="1131.5195" assumed_charge="2" index="45">
      <search_result>
         <search_hit hit_rank="1" peptide="GYSFTTTAER" peptide_prev_aa="R" peptide_next_aa="E" protein="sp|P60709|ACTB_HUMAN" protein_descr="Actin, cytoplasmic 1 OS=Homo sapiens GN=ACTB PE=1 SV=1" num_tot_proteins="14" num_matched_ions="15" tot_num_ions="18" calc_neutral_pep_mass="1131.5196" massdiff="-0.000" num_tol_term="2" num_missed_cleavages="0" is_rejected="0">
            <alternative_protein protein="sp|P63261|ACTG_HUMAN" protein_descr="Actin, cytoplasmic 2 OS=Homo sapiens GN=ACTG1 PE=1 SV=1" num_tol_term="2"/>
            <alternative_protein protein="tr|Q1KLZ0|Q1KLZ0_HUMAN" protein_descr="HCG15971, isoform CRA_a OS=Homo sapiens GN=PS1TP5BP1 PE=2 SV=1" num_tol_term="2"/>
            <alternative_protein protein="tr|Q53G99|Q53G99_HUMAN" protein_descr="Beta actin variant (Fragment) OS=Homo sapiens PE=2 SV=1" num_tol_term="2"/>
            <alternative_protein protein="tr|B7ZAP6|B7ZAP6_HUMAN" protein_descr="cDNA, FLJ79260, highly similar to Actin, cytoplasmic 2 OS=Homo sapiens PE=2 SV=1" num_tol_term="2"/>
            <alternative_protein protein="tr|B4E335|B4E335_HUMAN" protein_descr="cDNA FLJ52842, highly similar to Actin, cytoplasmic 1 OS=Homo sapiens PE=2 SV=1" num_tol_term="2"/>
            <alternative_protein protein="tr|B4E3A4|B4E3A4_HUMAN" protein_descr="cDNA FLJ57283, highly similar to Actin, cytoplasmic 2 OS=Homo sapiens PE=2 SV=1" num_tol_term="2"/>
            <alternative_protein protein="tr|Q6PJ43|Q6PJ43_HUMAN" protein_descr="ACTG1 protein (Fragment) OS=Homo sapiens GN=ACTG1 PE=2 SV=1" num_tol_term="2"/>
            <alternative_protein protein="tr|B3KWQ3|B3KWQ3_HUMAN" protein_descr="cDNA FLJ43573 fis, clone RECTM2001691, highly similar to Actin, cytoplasmic 2 OS=Homo sapiens PE=2 SV=1" num_tol_term="2"/>
            <alternative_protein protein="tr|B4DVQ0|B4DVQ0_HUMAN" protein_descr="cDNA FLJ58286, highly similar to Actin, cytoplasmic 2 OS=Homo sapiens PE=2 SV=1" num_tol_term="2"/>
            <alternative_protein protein="tr|Q53GK6|Q53GK6_HUMAN" protein_descr="Beta actin variant (Fragment) OS=Homo sapiens PE=2 SV=1" num_tol_term="2"/>
            <alternative_protein protein="tr|Q53G76|Q53G76_HUMAN" protein_descr="Beta actin variant (Fragment) OS=Homo sapiens PE=2 SV=1" num_tol_term="2"/>
            <alternative_protein protein="tr|B4DW52|B4DW52_HUMAN" protein_descr="cDNA FLJ55253, highly similar to Actin, cytoplasmic 1 OS=Homo sapiens PE=2 SV=1" num_tol_term="2"/>
            <alternative_protein protein="tr|Q8WVW5|Q8WVW5_HUMAN" protein_descr="Putative uncharacterized protein (Fragment) OS=Homo sapiens PE=2 SV=1" num_tol_term="2"/>
            <search_score name="hyperscore" value="41.8"/>
            <search_score name="nextscore" value="19.2"/>
            <search_score name="bscore" value="5.5"/>
            <search_score name="yscore" value="8.2"/>
            <search_score name="expect" value="1.3e-05"/>
         </search_hit>
      </search_result>
      </spectrum_query>
      <spectrum_query spectrum="test.6.6.2 " start_scan="6" end_scan="6" precursor_neutral_mass="1110.6402" assumed_charge="2" index="46">
      <search_result>
         <search_hit hit_rank="1" peptide="AVLIAGQPGTGK" peptide_prev_aa="R" peptide_next_aa="T" protein="sp|Q9Y230|RUVB2_HUMAN" protein_descr="RuvB-like 2 OS=Homo sapiens GN=RUVBL2 PE=1 SV=3" num_tot_proteins="4" num_matched_ions="18" tot_num_ions="22" calc_neutral_pep_mass="1110.6397" massdiff="0.001" num_tol_term="2" num_missed_cleavages="0" is_rejected="0">
            <alternative_protein protein="tr|B3KQ59|B3KQ59_HUMAN" protein_descr="RuvB-like 2 (E. coli), isoform CRA_a OS=Homo sapiens GN=RUVBL2 PE=2 SV=1" num_tol_term="2"/>
            <alternative_protein protein="tr|B3KNL2|B3KNL2_HUMAN" protein_descr="RuvB-like 2 (E. coli), isoform CRA_d OS=Homo sapiens GN=RUVBL2 PE=2 SV=1" num_tol_term="2"/>
            <alternative_protein protein="tr|B4DW30|B4DW30_HUMAN" protein_descr="cDNA FLJ56743, highly similar to RuvB-like 2 (EC 3.6.1.-) OS=Homo sapiens PE=2 SV=1" num_tol_term="2"/>
            <search_score name="hyperscore" value="57.6"/>
            <search_score name="nextscore" value="22.1"/>
            <search_score name="bscore" value="11.1"/>
            <search_score name="yscore" value="12.2"/>
            <search_score name="expect" value="2.6e-05"/>
         </search_hit>
      </search_result>
      </spectrum_query>
      <spectrum_query spectrum="test.2.2.2 " start_scan="3" end_scan="3" precursor_neutral_mass="1110.6393" assumed_charge="2" index="47">
      <search_result>
         <search_hit hit_rank="1" peptide="AVLIAGQPGTGK" peptide_prev_aa="R" peptide_next_aa="T" protein="sp|Q9Y230|RUVB2_HUMAN" protein_descr="RuvB-like 2 OS=Homo sapiens GN=RUVBL2 PE=1 SV=3" num_tot_proteins="4" num_matched_ions="15" tot_num_ions="22" calc_neutral_pep_mass="1110.6397" massdiff="-0.000" num_tol_term="2" num_missed_cleavages="0" is_rejected="0">
            <alternative_protein protein="tr|B3KQ59|B3KQ59_HUMAN" protein_descr="RuvB-like 2 (E. coli), isoform CRA_a OS=Homo sapiens GN=RUVBL2 PE=2 SV=1" num_tol_term="2"/>
            <alternative_protein protein="tr|B3KNL2|B3KNL2_HUMAN" protein_descr="RuvB-like 2 (E. coli), isoform CRA_d OS=Homo sapiens GN=RUVBL2 PE=2 SV=1" num_tol_term="2"/>
            <alternative_protein protein="tr|B4DW30|B4DW30_HUMAN" protein_descr="cDNA FLJ56743, highly similar to RuvB-like 2 (EC 3.6.1.-) OS=Homo sapiens PE=2 SV=1" num_tol_term="2"/>
            <search_score name="hyperscore" value="46.3"/>
            <search_score name="nextscore" value="27.8"/>
            <search_score name="bscore" value="11.3"/>
            <search_score name="yscore" value="12.4"/>
            <search_score name="expect" value="3.1e-05"/>
         </search_hit>
      </search_result>
      </spectrum_query>
      <spectrum_query spectrum="test.232.232.2 " start_scan="212" end_scan="212" precursor_neutral_mass="1415.7713" assumed_charge="2" index="48">
      <search_result>
         <search_hit hit_rank="1" peptide="LAQAAQSSVATITR" peptide_prev_aa="K" peptide_next_aa="L" protein="sp|Q9Y490|TLN1_HUMAN" protein_descr="Talin-1 OS=Homo sapiens GN=TLN1 PE=1 SV=3" num_tot_proteins="2" num_matched_ions="13" tot_num_ions="26" calc_neutral_pep_mass="1415.7732" massdiff="-0.002" num_tol_term="2" num_missed_cleavages="0" is_rejected="0">
            <alternative_protein protein="tr|Q5TCU6|Q5TCU6_HUMAN" protein_descr="Talin 1 OS=Homo sapiens GN=TLN1 PE=2 SV=1" num_tol_term="2"/>
            <search_score name="hyperscore" value="37.6"/>
            <search_score name="nextscore" value="18.8"/>
            <search_score name="bscore" value="7.3"/>
            <search_score name="yscore" value="9.4"/>
            <search_score name="expect" value="2.7e-05"/>
         </search_hit>
      </search_result>
      </spectrum_query>
      <spectrum_query spectrum="test.139.139.2 " start_scan="129" end_scan="129" precursor_neutral_mass="1325.6635" assumed_charge="2" index="49">
      <search_result>
         <search_hit hit_rank="1" peptide="IIYGGSVTGATCK" peptide_prev_aa="R" peptide_next_aa="E" protein="sp|P60174|TPIS_HUMAN" protein_descr="Triosephosphate isomerase OS=Homo sapiens GN=TPI1 PE=1 SV=2" num_tot_proteins="6" num_matched_ions="16" tot_num_ions="24" calc_neutral_pep_mass="1325.6654" massdiff="-0.002" num_tol_term="2" num_missed_cleavages="0" is_rejected="0">
            <alternative_protein protein="tr|D3DUS9|D3DUS9_HUMAN" protein_descr="Triosephosphate isomerase OS=Homo sapiens GN=TPI1 PE=3 SV=1" num_tol_term="2"/>
            <alternative_protein protein="tr|Q2QD09|Q2QD09_HUMAN" protein_descr="Triosephosphate isomerase (Fragment) OS=Homo sapiens PE=2 SV=1" num_tol_term="2"/>
            <alternative_protein protein="tr|B7Z5D8|B7Z5D8_HUMAN" protein_descr="Triosephosphate isomerase OS=Homo sapiens PE=2 SV=1" num_tol_term="2"/>
            <alternative_protein protein="tr|B4DUI5|B4DUI5_HUMAN" protein_descr="Triosephosphate isomerase OS=Homo sapiens PE=2 SV=1" num_tol_term="2"/>
            <alternative_protein protein="tr|Q53HE2|Q53HE2_HUMAN" protein_descr="Triosephosphate isomerase (Fragment) OS=Homo sapiens PE=2 SV=1" num_tol_term="2"/>
            <modification_info>
               <mod_aminoacid_mass position="12" mass="160.0312" />
            </modification_info>
            <search_score name="hyperscore" value="52.5"/>
            <search_score name="nextscore" value="22.7"/>
            <search_score name="bscore" value="8.3"/>
            <search_score name="yscore" value="12.1"/>
            <search_score name="expect" value="3.3e-05"/>
         </search_hit>
      </search_result>
      </spectrum_query>
      <spectrum_query spectrum="test.19.19.2 " start_scan="17" end_scan="17" precursor_neutral_mass="1467.6830" assumed_charge="2" index="50">
      <search_result>
         <search_hit hit_rank="1" peptide="TGTLTTNQMSVCR" peptide_prev_aa="K" peptide_next_aa="M" protein="sp|P16615|AT2A2_HUMAN" protein_descr="Sarcoplasmic/endoplasmic reticulum calcium ATPase 2 OS=Homo sapiens GN=ATP2A2 PE=1 SV=1" num_tot_proteins="13" num_matched_ions="11" tot_num_ions="24" calc_neutral_pep_mass="1467.6815" massdiff="0.001" num_tol_term="2" num_missed_cleavages="0" is_rejected="0">
            <alternative_protein protein="sp|P16615-2|AT2A2_HUMAN" protein_descr="Isoform HK2 of Sarcoplasmic/endoplasmic reticulum calcium ATPase 2 OS=Homo sapiens GN=ATP2A2" num_tol_term="2"/>
            <alternative_protein protein="sp|Q93084|AT2A3_HUMAN" protein_descr="Sarcoplasmic/endoplasmic reticulum calcium ATPase 3 OS=Homo sapiens GN=ATP2A3 PE=1 SV=2" num_tol_term="2"/>
            <alternative_protein protein="sp|Q93084-2|AT2A3_HUMAN" protein_descr="Isoform HuS3-II of Sarcoplasmic/endoplasmic reticulum calcium ATPase 3 OS=Homo sapiens GN=ATP2A3" num_tol_term="2"/>
            <alternative_protein protein="sp|Q93084-3|AT2A3_HUMAN" protein_descr="Isoform HuS3-IV of Sarcoplasmic/endoplasmic reticulum calcium ATPase 3 OS=Homo sapiens GN=ATP2A3" num_tol_term="2"/>
            <alternative_protein protein="sp|Q93084-4|AT2A3_HUMAN" protein_descr="Isoform HuS3-I of Sarcoplasmic/endoplasmic reticulum calcium ATPase 3 OS=Homo sapiens GN=ATP2A3" num_tol_term="2"/>
            <alternative_protein protein="sp|Q93084-5|AT2A3_HUMAN" protein_descr="Isoform SERCA3E of Sarcoplasmic/endoplasmic reticulum calcium ATPase 3 OS=Homo sapiens GN=ATP2A3" num_tol_term="2"/>
            <alternative_protein protein="sp|Q93084-6|AT2A3_HUMAN" protein_descr="Isoform SERCA3F of Sarcoplasmic/endoplasmic reticulum calcium ATPase 3 OS=Homo sapiens GN=ATP2A3" num_tol_term="2"/>
            <alternative_protein protein="tr|D3DTJ8|D3DTJ8_HUMAN" protein_descr="ATPase, Ca++ transporting, ubiquitous, isoform CRA_d OS=Homo sapiens GN=ATP2A3 PE=3 SV=1" num_tol_term="2"/>
            <alternative_protein protein="tr|A8K9K1|A8K9K1_HUMAN" protein_descr="cDNA FLJ77199, highly similar to Homo sapiens ATPase, Ca++ transporting, ubiquitous (ATP2A3), transcript variant 6, mRNA OS=Homo sapiens PE=2 SV=1" num_tol_term="2"/>
            <alternative_protein protein="tr|A6NDN7|A6NDN7_HUMAN" protein_descr="Putative uncharacterized protein ATP2A2 OS=Homo sapiens GN=ATP2A2 PE=3 SV=2" num_tol_term="2"/>
            <alternative_protein protein="tr|B4DF05|B4DF05_HUMAN" protein_descr="cDNA FLJ55676, highly similar to Sarcoplasmic/endoplasmic reticulum calcium ATPase 2 (EC 3.6.3.8) OS=Homo sapiens PE=2 SV=1" num_tol_term="2"/>
            <alternative_protein protein="tr|A8MYK9|A8MYK9_HUMAN" protein_descr="Putative uncharacterized protein ATP2A3 OS=Homo sapiens GN=ATP2A3 PE=3 SV=1" num_tol_term="2"/>
            <modification_info>
               <mod_aminoacid_mass position="12" mass="160.0312" />
            </modification_info>
            <search_score name="hyperscore" value="33.9"/>
            <search_score name="nextscore" value="18.3"/>
            <search_score name="bscore" value="4.6"/>
            <search_score name="yscore" value="10.4"/>
            <search_score name="expect" value="7.1e-05"/>
         </search_hit>
      </search_result>
      </spectrum_query>
      <spectrum_query spectrum="test.137.137.2 " start_scan="127" end_scan="127" precursor_neutral_mass="1651.8552" assumed_charge="2" index="51">
      <search_result>
         <search_hit hit_rank="1" peptide="VTAQGPGLEPSGNIANK" peptide_prev_aa="K" peptide_next_aa="T" protein="sp|P21333|FLNA_HUMAN" protein_descr="Filamin-A OS=Homo sapiens GN=FLNA PE=1 SV=4" num_tot_proteins="7" num_matched_ions="15" tot_num_ions="32" calc_neutral_pep_mass="1651.8529" massdiff="0.002" num_tol_term="2" num_missed_cleavages="0" is_rejected="0">
            <alternative_protein protein="sp|P21333-2|FLNA_HUMAN" protein_descr="Isoform 2 of Filamin-A OS=Homo sapiens GN=FLNA" num_tol_term="2"/>
            <alternative_protein protein="tr|Q60FE5|Q60FE5_HUMAN" protein_descr="Filamin A OS=Homo sapiens GN=FLNA PE=2 SV=1" num_tol_term="2"/>
            <alternative_protein protein="tr|Q5HY54|Q5HY54_HUMAN" protein_descr="Filamin A, alpha (Actin binding protein 280) OS=Homo sapiens GN=FLNA PE=2 SV=1" num_tol_term="2"/>
            <alternative_protein protein="tr|Q60FE6|Q60FE6_HUMAN" protein_descr="Filamin A OS=Homo sapiens GN=FLNA PE=2 SV=1" num_tol_term="2"/>
            <alternative_protein protein="tr|B2ZZ80|B2ZZ80_HUMAN" protein_descr="Filamin A OS=Homo sapiens GN=FLNA PE=2 SV=1" num_tol_term="2"/>
            <alternative_protein protein="tr|A6NDY9|A6NDY9_HUMAN" protein_descr="Putative uncharacterized protein FLNA OS=Homo sapiens GN=FLNA PE=4 SV=3" num_tol_term="2"/>
            <search_score name="hyperscore" value="48.0"/>
            <search_score name="nextscore" value="24.2"/>
            <search_score name="bscore" value="10.1"/>
            <search_score name="yscore" value="13.1"/>
            <search_score name="expect" value="9.5e-05"/>
         </search_hit>
      </search_result>
      </spectrum_query>
      <spectrum_query spectrum="test.132.132.2 " start_scan="122" end_scan="122" precursor_neutral_mass="1651.8540" assumed_charge="2" index="52">
      <search_result>
         <search_hit hit_rank="1" peptide="VTAQGPGLEPSGNIANK" peptide_prev_aa="K" peptide_next_aa="T" protein="sp|P21333|FLNA_HUMAN" protein_descr="Filamin-A OS=Homo sapiens GN=FLNA PE=1 SV=4" num_tot_proteins="7" num_matched_ions="15" tot_num_ions="32" calc_neutral_pep_mass="1651.8529" massdiff="0.001" num_tol_term="2" num_missed_cleavages="0" is_rejected="0">
            <alternative_protein protein="sp|P21333-2|FLNA_HUMAN" protein_descr="Isoform 2 of Filamin-A OS=Homo sapiens GN=FLNA" num_tol_term="2"/>
            <alternative_protein protein="tr|Q60FE5|Q60FE5_HUMAN" protein_descr="Filamin A OS=Homo sapiens GN=FLNA PE=2 SV=1" num_tol_term="2"/>
            <alternative_protein protein="tr|Q5HY54|Q5HY54_HUMAN" protein_descr="Filamin A, alpha (Actin binding protein 280) OS=Homo sapiens GN=FLNA PE=2 SV=1" num_tol_term="2"/>
            <alternative_protein protein="tr|Q60FE6|Q60FE6_HUMAN" protein_descr="Filamin A OS=Homo sapiens GN=FLNA PE=2 SV=1" num_tol_term="2"/>
            <alternative_protein protein="tr|B2ZZ80|B2ZZ80_HUMAN" protein_descr="Filamin A OS=Homo sapiens GN=FLNA PE=2 SV=1" num_tol_term="2"/>
            <alternative_protein protein="tr|A6NDY9|A6NDY9_HUMAN" protein_descr="Putative uncharacterized protein FLNA OS=Homo sapiens GN=FLNA PE=4 SV=3" num_tol_term="2"/>
            <search_score name="hyperscore" value="48.0"/>
            <search_score name="nextscore" value="21.0"/>
            <search_score name="bscore" value="10.5"/>
            <search_score name="yscore" value="13.1"/>
            <search_score name="expect" value="7.2e-05"/>
         </search_hit>
      </search_result>
      </spectrum_query>
      <spectrum_query spectrum="test.243.243.3 " start_scan="221" end_scan="221" precursor_neutral_mass="1432.7207" assumed_charge="3" index="53">
      <search_result>
         <search_hit hit_rank="1" peptide="HKLDVTSVEDYK" peptide_prev_aa="K" peptide_next_aa="A" protein="sp|P48643|TCPE_HUMAN" protein_descr="T-complex protein 1 subunit epsilon OS=Homo sapiens GN=CCT5 PE=1 SV=1" num_tot_proteins="13" num_matched_ions="20" tot_num_ions="44" calc_neutral_pep_mass="1432.7198" massdiff="0.001" num_tol_term="2" num_missed_cleavages="1" is_rejected="0">
            <alternative_protein protein="tr|B4DX08|B4DX08_HUMAN" protein_descr="cDNA FLJ58784, highly similar to T-complex protein 1 subunit epsilon OS=Homo sapiens PE=2 SV=1" num_tol_term="2"/>
            <alternative_protein protein="tr|B4DYC8|B4DYC8_HUMAN" protein_descr="cDNA FLJ52361, highly similar to T-complex protein 1 subunit epsilon OS=Homo sapiens PE=2 SV=1" num_tol_term="2"/>
            <alternative_protein protein="tr|A8K2X8|A8K2X8_HUMAN" protein_descr="cDNA FLJ78433, highly similar to Homo sapiens chaperonin containing TCP1, subunit 5 (epsilon) (CCT5), mRNA OS=Homo sapiens PE=2 SV=1" num_tol_term="2"/>
            <alternative_protein protein="tr|B4DZT5|B4DZT5_HUMAN" protein_descr="cDNA FLJ53116, highly similar to T-complex protein 1 subunit epsilon OS=Homo sapiens PE=2 SV=1" num_tol_term="2"/>
            <alternative_protein protein="tr|B4DZY9|B4DZY9_HUMAN" protein_descr="cDNA FLJ59103, highly similar to T-complex protein 1 subunit epsilon OS=Homo sapiens PE=2 SV=1" num_tol_term="2"/>
            <alternative_protein protein="tr|B4DXI1|B4DXI1_HUMAN" protein_descr="cDNA FLJ54333, highly similar to T-complex protein 1 subunit epsilon OS=Homo sapiens PE=2 SV=1" num_tol_term="2"/>
            <alternative_protein protein="tr|B4DDU6|B4DDU6_HUMAN" protein_descr="cDNA FLJ50442, highly similar to T-complex protein 1 subunit epsilon OS=Homo sapiens PE=2 SV=1" num_tol_term="2"/>
            <alternative_protein protein="tr|Q96GI1|Q96GI1_HUMAN" protein_descr="Putative uncharacterized protein (Fragment) OS=Homo sapiens PE=2 SV=1" num_tol_term="2"/>
            <alternative_protein protein="tr|B7ZAR1|B7ZAR1_HUMAN" protein_descr="cDNA, FLJ79275, highly similar to T-complex protein 1 subunit epsilon OS=Homo sapiens PE=2 SV=1" num_tol_term="2"/>
            <alternative_protein protein="tr|Q9BU08|Q9BU08_HUMAN" protein_descr="Putative uncharacterized protein (Fragment) OS=Homo sapiens PE=2 SV=1" num_tol_term="2"/>
            <alternative_protein protein="tr|B4DE30|B4DE30_HUMAN" protein_descr="cDNA FLJ51711, highly similar to T-complex protein 1 subunit epsilon OS=Homo sapiens PE=2 SV=1" num_tol_term="2"/>
            <alternative_protein protein="tr|B4DYD8|B4DYD8_HUMAN" protein_descr="cDNA FLJ52362, highly similar to T-complex protein 1 subunit epsilon OS=Homo sapiens PE=2 SV=1" num_tol_term="2"/>
            <search_score name="hyperscore" value="48.3"/>
            <search_score name="nextscore" value="29.4"/>
            <search_score name="bscore" value="11"/>
            <search_score name="yscore" value="9.9"/>
            <search_score name="expect" value="8e-05"/>
         </search_hit>
      </search_result>
      </spectrum_query>
      <spectrum_query spectrum="test.237.237.3 " start_scan="216" end_scan="216" precursor_neutral_mass="1432.7198" assumed_charge="3" index="54">
      <search_result>
         <search_hit hit_rank="1" peptide="HKLDVTSVEDYK" peptide_prev_aa="K" peptide_next_aa="A" protein="sp|P48643|TCPE_HUMAN" protein_descr="T-complex protein 1 subunit epsilon OS=Homo sapiens GN=CCT5 PE=1 SV=1" num_tot_proteins="13" num_matched_ions="16" tot_num_ions="44" calc_neutral_pep_mass="1432.7198" massdiff="-0.000" num_tol_term="2" num_missed_cleavages="1" is_rejected="0">
            <alternative_protein protein="tr|B4DX08|B4DX08_HUMAN" protein_descr="cDNA FLJ58784, highly similar to T-complex protein 1 subunit epsilon OS=Homo sapiens PE=2 SV=1" num_tol_term="2"/>
            <alternative_protein protein="tr|B4DYC8|B4DYC8_HUMAN" protein_descr="cDNA FLJ52361, highly similar to T-complex protein 1 subunit epsilon OS=Homo sapiens PE=2 SV=1" num_tol_term="2"/>
            <alternative_protein protein="tr|A8K2X8|A8K2X8_HUMAN" protein_descr="cDNA FLJ78433, highly similar to Homo sapiens chaperonin containing TCP1, subunit 5 (epsilon) (CCT5), mRNA OS=Homo sapiens PE=2 SV=1" num_tol_term="2"/>
            <alternative_protein protein="tr|B4DZT5|B4DZT5_HUMAN" protein_descr="cDNA FLJ53116, highly similar to T-complex protein 1 subunit epsilon OS=Homo sapiens PE=2 SV=1" num_tol_term="2"/>
            <alternative_protein protein="tr|B4DZY9|B4DZY9_HUMAN" protein_descr="cDNA FLJ59103, highly similar to T-complex protein 1 subunit epsilon OS=Homo sapiens PE=2 SV=1" num_tol_term="2"/>
            <alternative_protein protein="tr|B4DXI1|B4DXI1_HUMAN" protein_descr="cDNA FLJ54333, highly similar to T-complex protein 1 subunit epsilon OS=Homo sapiens PE=2 SV=1" num_tol_term="2"/>
            <alternative_protein protein="tr|B4DDU6|B4DDU6_HUMAN" protein_descr="cDNA FLJ50442, highly similar to T-complex protein 1 subunit epsilon OS=Homo sapiens PE=2 SV=1" num_tol_term="2"/>
            <alternative_protein protein="tr|Q96GI1|Q96GI1_HUMAN" protein_descr="Putative uncharacterized protein (Fragment) OS=Homo sapiens PE=2 SV=1" num_tol_term="2"/>
            <alternative_protein protein="tr|B7ZAR1|B7ZAR1_HUMAN" protein_descr="cDNA, FLJ79275, highly similar to T-complex protein 1 subunit epsilon OS=Homo sapiens PE=2 SV=1" num_tol_term="2"/>
            <alternative_protein protein="tr|Q9BU08|Q9BU08_HUMAN" protein_descr="Putative uncharacterized protein (Fragment) OS=Homo sapiens PE=2 SV=1" num_tol_term="2"/>
            <alternative_protein protein="tr|B4DE30|B4DE30_HUMAN" protein_descr="cDNA FLJ51711, highly similar to T-complex protein 1 subunit epsilon OS=Homo sapiens PE=2 SV=1" num_tol_term="2"/>
            <alternative_protein protein="tr|B4DYD8|B4DYD8_HUMAN" protein_descr="cDNA FLJ52362, highly similar to T-complex protein 1 subunit epsilon OS=Homo sapiens PE=2 SV=1" num_tol_term="2"/>
            <search_score name="hyperscore" value="37.9"/>
            <search_score name="nextscore" value="24.9"/>
            <search_score name="bscore" value="11.1"/>
            <search_score name="yscore" value="10.3"/>
            <search_score name="expect" value="0.00069"/>
         </search_hit>
      </search_result>
      </spectrum_query>
      <spectrum_query spectrum="test.201.201.3 " start_scan="185" end_scan="185" precursor_neutral_mass="1743.8827" assumed_charge="3" index="55">
      <search_result>
         <search_hit hit_rank="1" peptide="NDTKEDVFVHQTAIK" peptide_prev_aa="R" peptide_next_aa="K" protein="sp|P16989|DBPA_HUMAN" protein_descr="DNA-binding protein A OS=Homo sapiens GN=CSDA PE=1 SV=4" num_tot_proteins="13" num_matched_ions="20" tot_num_ions="56" calc_neutral_pep_mass="1743.8791" massdiff="0.004" num_tol_term="2" num_missed_cleavages="1" is_rejected="0">
            <alternative_protein protein="sp|P16989-2|DBPA_HUMAN" protein_descr="Isoform 2 of DNA-binding protein A OS=Homo sapiens GN=CSDA" num_tol_term="2"/>
            <alternative_protein protein="sp|P16989-3|DBPA_HUMAN" protein_descr="Isoform 3 of DNA-binding protein A OS=Homo sapiens GN=CSDA" num_tol_term="2"/>
            <alternative_protein protein="sp|P67809|YBOX1_HUMAN" protein_descr="Nuclease-sensitive element-binding protein 1 OS=Homo sapiens GN=YBX1 PE=1 SV=3" num_tol_term="2"/>
            <alternative_protein protein="sp|Q9Y2T7|YBOX2_HUMAN" protein_descr="Y-box-binding protein 2 OS=Homo sapiens GN=YBX2 PE=1 SV=2" num_tol_term="2"/>
            <alternative_protein protein="tr|Q6PKI6|Q6PKI6_HUMAN" protein_descr="YBX1 protein (Fragment) OS=Homo sapiens GN=YBX1 PE=2 SV=1" num_tol_term="2"/>
            <alternative_protein protein="tr|D3DTP1|D3DTP1_HUMAN" protein_descr="Y box binding protein 2, isoform CRA_a OS=Homo sapiens GN=YBX2 PE=4 SV=1" num_tol_term="2"/>
            <alternative_protein protein="tr|C9JHJ9|C9JHJ9_HUMAN" protein_descr="Putative uncharacterized protein ENSP00000403004 OS=Homo sapiens PE=4 SV=1" num_tol_term="2"/>
            <alternative_protein protein="tr|Q05D43|Q05D43_HUMAN" protein_descr="YBX1 protein (Fragment) OS=Homo sapiens GN=YBX1 PE=2 SV=1" num_tol_term="2"/>
            <alternative_protein protein="tr|Q59EB5|Q59EB5_HUMAN" protein_descr="CSDA protein variant (Fragment) OS=Homo sapiens PE=2 SV=1" num_tol_term="2"/>
            <alternative_protein protein="tr|Q96GD7|Q96GD7_HUMAN" protein_descr="CSDA protein OS=Homo sapiens PE=2 SV=1" num_tol_term="2"/>
            <alternative_protein protein="tr|Q7KZ24|Q7KZ24_HUMAN" protein_descr="Nuclease sensitive element binding protein-1 OS=Homo sapiens PE=2 SV=1" num_tol_term="2"/>
            <alternative_protein protein="tr|B2RCC2|B2RCC2_HUMAN" protein_descr="cDNA, FLJ95978, highly similar to Homo sapiens Y box binding protein 2 (YBX2), mRNA OS=Homo sapiens PE=2 SV=1" num_tol_term="2"/>
            <search_score name="hyperscore" value="47.2"/>
            <search_score name="nextscore" value="22.2"/>
            <search_score name="bscore" value="10.1"/>
            <search_score name="yscore" value="12.7"/>
            <search_score name="expect" value="0.00016"/>
         </search_hit>
      </search_result>
      </spectrum_query>
      <spectrum_query spectrum="test.238.238.2 " start_scan="217" end_scan="217" precursor_neutral_mass="1091.5722" assumed_charge="2" index="56">
      <search_result>
         <search_hit hit_rank="1" peptide="VHIEIGPDGR" peptide_prev_aa="R" peptide_next_aa="V" protein="sp|P31943|HNRH1_HUMAN" protein_descr="Heterogeneous nuclear ribonucleoprotein H OS=Homo sapiens GN=HNRNPH1 PE=1 SV=4" num_tot_proteins="9" num_matched_ions="13" tot_num_ions="18" calc_neutral_pep_mass="1091.5723" massdiff="-0.000" num_tol_term="2" num_missed_cleavages="0" is_rejected="0">
            <alternative_protein protein="sp|P55795|HNRH2_HUMAN" protein_descr="Heterogeneous nuclear ribonucleoprotein H2 OS=Homo sapiens GN=HNRNPH2 PE=1 SV=1" num_tol_term="2"/>
            <alternative_protein protein="sp|P52597|HNRPF_HUMAN" protein_descr="Heterogeneous nuclear ribonucleoprotein F OS=Homo sapiens GN=HNRNPF PE=1 SV=3" num_tol_term="2"/>
            <alternative_protein protein="tr|D3DWQ2|D3DWQ2_HUMAN" protein_descr="Heterogeneous nuclear ribonucleoprotein H1 (H), isoform CRA_a OS=Homo sapiens GN=HNRPH1 PE=4 SV=1" num_tol_term="2"/>
            <alternative_protein protein="tr|B4DP51|B4DP51_HUMAN" protein_descr="cDNA FLJ54533, highly similar to Heterogeneous nuclear ribonucleoprotein H OS=Homo sapiens PE=2 SV=1" num_tol_term="2"/>
            <alternative_protein protein="tr|B4DP00|B4DP00_HUMAN" protein_descr="cDNA FLJ58205, highly similar to Heterogeneous nuclear ribonucleoprotein H&apos; OS=Homo sapiens PE=2 SV=1" num_tol_term="2"/>
            <alternative_protein protein="tr|B4DFK9|B4DFK9_HUMAN" protein_descr="cDNA FLJ57964, highly similar to Heterogeneous nuclear ribonucleoprotein H&apos; OS=Homo sapiens PE=2 SV=1" num_tol_term="2"/>
            <alternative_protein protein="tr|Q68DG4|Q68DG4_HUMAN" protein_descr="Putative uncharacterized protein DKFZp686A15170 (Fragment) OS=Homo sapiens GN=DKFZp686A15170 PE=2 SV=1" num_tol_term="2"/>
            <alternative_protein protein="tr|B4DKS8|B4DKS8_HUMAN" protein_descr="cDNA FLJ57121, highly similar to Heterogeneous nuclear ribonucleoprotein F OS=Homo sapiens PE=2 SV=1" num_tol_term="2"/>
            <search_score name="hyperscore" value="38.8"/>
            <search_score name="nextscore" value="18.6"/>
            <search_score name="bscore" value="10.9"/>
            <search_score name="yscore" value="11.8"/>
            <search_score name="expect" value="0.0006"/>
         </search_hit>
      </search_result>
      </spectrum_query>
      <spectrum_query spectrum="test.244.244.2 " start_scan="222" end_scan="222" precursor_neutral_mass="1091.5715" assumed_charge="2" index="57">
      <search_result>
         <search_hit hit_rank="1" peptide="VHIEIGPDGR" peptide_prev_aa="R" peptide_next_aa="V" protein="sp|P31943|HNRH1_HUMAN" protein_descr="Heterogeneous nuclear ribonucleoprotein H OS=Homo sapiens GN=HNRNPH1 PE=1 SV=4" num_tot_proteins="9" num_matched_ions="13" tot_num_ions="18" calc_neutral_pep_mass="1091.5723" massdiff="-0.001" num_tol_term="2" num_missed_cleavages="0" is_rejected="0">
            <alternative_protein protein="sp|P55795|HNRH2_HUMAN" protein_descr="Heterogeneous nuclear ribonucleoprotein H2 OS=Homo sapiens GN=HNRNPH2 PE=1 SV=1" num_tol_term="2"/>
            <alternative_protein protein="sp|P52597|HNRPF_HUMAN" protein_descr="Heterogeneous nuclear ribonucleoprotein F OS=Homo sapiens GN=HNRNPF PE=1 SV=3" num_tol_term="2"/>
            <alternative_protein protein="tr|D3DWQ2|D3DWQ2_HUMAN" protein_descr="Heterogeneous nuclear ribonucleoprotein H1 (H), isoform CRA_a OS=Homo sapiens GN=HNRPH1 PE=4 SV=1" num_tol_term="2"/>
            <alternative_protein protein="tr|B4DP51|B4DP51_HUMAN" protein_descr="cDNA FLJ54533, highly similar to Heterogeneous nuclear ribonucleoprotein H OS=Homo sapiens PE=2 SV=1" num_tol_term="2"/>
            <alternative_protein protein="tr|B4DP00|B4DP00_HUMAN" protein_descr="cDNA FLJ58205, highly similar to Heterogeneous nuclear ribonucleoprotein H&apos; OS=Homo sapiens PE=2 SV=1" num_tol_term="2"/>
            <alternative_protein protein="tr|B4DFK9|B4DFK9_HUMAN" protein_descr="cDNA FLJ57964, highly similar to Heterogeneous nuclear ribonucleoprotein H&apos; OS=Homo sapiens PE=2 SV=1" num_tol_term="2"/>
            <alternative_protein protein="tr|Q68DG4|Q68DG4_HUMAN" protein_descr="Putative uncharacterized protein DKFZp686A15170 (Fragment) OS=Homo sapiens GN=DKFZp686A15170 PE=2 SV=1" num_tol_term="2"/>
            <alternative_protein protein="tr|B4DKS8|B4DKS8_HUMAN" protein_descr="cDNA FLJ57121, highly similar to Heterogeneous nuclear ribonucleoprotein F OS=Homo sapiens PE=2 SV=1" num_tol_term="2"/>
            <search_score name="hyperscore" value="38.8"/>
            <search_score name="nextscore" value="16.4"/>
            <search_score name="bscore" value="10.9"/>
            <search_score name="yscore" value="11.7"/>
            <search_score name="expect" value="0.00018"/>
         </search_hit>
      </search_result>
      </spectrum_query>
      <spectrum_query spectrum="test.78.78.2 " start_scan="66" end_scan="66" precursor_neutral_mass="1360.7102" assumed_charge="2" index="58">
      <search_result>
         <search_hit hit_rank="1" peptide="IQTQPGYANTLR" peptide_prev_aa="R" peptide_next_aa="D" protein="sp|Q00325|MPCP_HUMAN" protein_descr="Phosphate carrier protein, mitochondrial OS=Homo sapiens GN=SLC25A3 PE=1 SV=2" num_tot_proteins="5" num_matched_ions="17" tot_num_ions="22" calc_neutral_pep_mass="1360.7099" massdiff="0.000" num_tol_term="2" num_missed_cleavages="0" is_rejected="0">
            <alternative_protein protein="sp|Q00325-2|MPCP_HUMAN" protein_descr="Isoform B of Phosphate carrier protein, mitochondrial OS=Homo sapiens GN=SLC25A3" num_tol_term="2"/>
            <alternative_protein protein="tr|B2RE88|B2RE88_HUMAN" protein_descr="cDNA, FLJ96465, highly similar to Homo sapiens solute carrier family 25 (mitochondrial carrier;phosphate carrier), member 3 (SLC25A3), nuclear gene encodingmitochondrial protein, transcript variant 1b, mRNA OS=Homo sapiens PE=2 SV=1" num_tol_term="2"/>
            <alternative_protein protein="tr|Q8NCF7|Q8NCF7_HUMAN" protein_descr="cDNA FLJ90278 fis, clone NT2RP1000325, highly similar to Phosphate carrier protein, mitochondrialprecursor OS=Homo sapiens PE=2 SV=1" num_tol_term="2"/>
            <alternative_protein protein="tr|Q53HC3|Q53HC3_HUMAN" protein_descr="Solute carrier family 25 member 3 isoform b variant (Fragment) OS=Homo sapiens PE=2 SV=1" num_tol_term="2"/>
            <search_score name="hyperscore" value="53.2"/>
            <search_score name="nextscore" value="27.5"/>
            <search_score name="bscore" value="8.5"/>
            <search_score name="yscore" value="12"/>
            <search_score name="expect" value="0.00046"/>
         </search_hit>
      </search_result>
      </spectrum_query>
      <spectrum_query spectrum="test.75.75.2 " start_scan="64" end_scan="64" precursor_neutral_mass="1360.7104" assumed_charge="2" index="59">
      <search_result>
         <search_hit hit_rank="1" peptide="IQTQPGYANTLR" peptide_prev_aa="R" peptide_next_aa="D" protein="sp|Q00325|MPCP_HUMAN" protein_descr="Phosphate carrier protein, mitochondrial OS=Homo sapiens GN=SLC25A3 PE=1 SV=2" num_tot_proteins="5" num_matched_ions="16" tot_num_ions="22" calc_neutral_pep_mass="1360.7099" massdiff="0.000" num_tol_term="2" num_missed_cleavages="0" is_rejected="0">
            <alternative_protein protein="sp|Q00325-2|MPCP_HUMAN" protein_descr="Isoform B of Phosphate carrier protein, mitochondrial OS=Homo sapiens GN=SLC25A3" num_tol_term="2"/>
            <alternative_protein protein="tr|B2RE88|B2RE88_HUMAN" protein_descr="cDNA, FLJ96465, highly similar to Homo sapiens solute carrier family 25 (mitochondrial carrier;phosphate carrier), member 3 (SLC25A3), nuclear gene encodingmitochondrial protein, transcript variant 1b, mRNA OS=Homo sapiens PE=2 SV=1" num_tol_term="2"/>
            <alternative_protein protein="tr|Q8NCF7|Q8NCF7_HUMAN" protein_descr="cDNA FLJ90278 fis, clone NT2RP1000325, highly similar to Phosphate carrier protein, mitochondrialprecursor OS=Homo sapiens PE=2 SV=1" num_tol_term="2"/>
            <alternative_protein protein="tr|Q53HC3|Q53HC3_HUMAN" protein_descr="Solute carrier family 25 member 3 isoform b variant (Fragment) OS=Homo sapiens PE=2 SV=1" num_tol_term="2"/>
            <search_score name="hyperscore" value="49.8"/>
            <search_score name="nextscore" value="24.0"/>
            <search_score name="bscore" value="8.3"/>
            <search_score name="yscore" value="12"/>
            <search_score name="expect" value="0.00029"/>
         </search_hit>
      </search_result>
      </spectrum_query>
      <spectrum_query spectrum="test.49.49.2 " start_scan="42" end_scan="42" precursor_neutral_mass="1107.5619" assumed_charge="2" index="60">
      <search_result>
         <search_hit hit_rank="1" peptide="LSHPGHFWK" peptide_prev_aa="R" peptide_next_aa="S" protein="sp|Q8IVT5|KSR1_HUMAN" protein_descr="Kinase suppressor of Ras 1 OS=Homo sapiens GN=KSR1 PE=1 SV=2" num_tot_proteins="5" num_matched_ions="14" tot_num_ions="16" calc_neutral_pep_mass="1107.5614" massdiff="0.000" num_tol_term="2" num_missed_cleavages="0" is_rejected="0">
            <alternative_protein protein="sp|Q8IVT5-2|KSR1_HUMAN" protein_descr="Isoform 2 of Kinase suppressor of Ras 1 OS=Homo sapiens GN=KSR1" num_tol_term="2"/>
            <alternative_protein protein="sp|Q8IVT5-3|KSR1_HUMAN" protein_descr="Isoform 3 of Kinase suppressor of Ras 1 OS=Homo sapiens GN=KSR1" num_tol_term="2"/>
            <alternative_protein protein="sp|Q6VAB6|KSR2_HUMAN" protein_descr="Kinase suppressor of Ras 2 OS=Homo sapiens GN=KSR2 PE=1 SV=2" num_tol_term="2"/>
            <alternative_protein protein="tr|A8MY87|A8MY87_HUMAN" protein_descr="Putative uncharacterized protein KSR1 OS=Homo sapiens GN=KSR1 PE=4 SV=1" num_tol_term="2"/>
            <search_score name="hyperscore" value="43.1"/>
            <search_score name="nextscore" value="27.7"/>
            <search_score name="bscore" value="8.2"/>
            <search_score name="yscore" value="11"/>
            <search_score name="expect" value="0.00033"/>
         </search_hit>
      </search_result>
      </spectrum_query>
      <spectrum_query spectrum="test.53.53.2 " start_scan="45" end_scan="45" precursor_neutral_mass="1107.5625" assumed_charge="2" index="61">
      <search_result>
         <search_hit hit_rank="1" peptide="LSHPGHFWK" peptide_prev_aa="R" peptide_next_aa="S" protein="sp|Q8IVT5|KSR1_HUMAN" protein_descr="Kinase suppressor of Ras 1 OS=Homo sapiens GN=KSR1 PE=1 SV=2" num_tot_proteins="5" num_matched_ions="14" tot_num_ions="16" calc_neutral_pep_mass="1107.5614" massdiff="0.001" num_tol_term="2" num_missed_cleavages="0" is_rejected="0">
            <alternative_protein protein="sp|Q8IVT5-2|KSR1_HUMAN" protein_descr="Isoform 2 of Kinase suppressor of Ras 1 OS=Homo sapiens GN=KSR1" num_tol_term="2"/>
            <alternative_protein protein="sp|Q8IVT5-3|KSR1_HUMAN" protein_descr="Isoform 3 of Kinase suppressor of Ras 1 OS=Homo sapiens GN=KSR1" num_tol_term="2"/>
            <alternative_protein protein="sp|Q6VAB6|KSR2_HUMAN" protein_descr="Kinase suppressor of Ras 2 OS=Homo sapiens GN=KSR2 PE=1 SV=2" num_tol_term="2"/>
            <alternative_protein protein="tr|A8MY87|A8MY87_HUMAN" protein_descr="Putative uncharacterized protein KSR1 OS=Homo sapiens GN=KSR1 PE=4 SV=1" num_tol_term="2"/>
            <search_score name="hyperscore" value="43.3"/>
            <search_score name="nextscore" value="30.1"/>
            <search_score name="bscore" value="8.3"/>
            <search_score name="yscore" value="11.3"/>
            <search_score name="expect" value="0.0011"/>
         </search_hit>
      </search_result>
      </spectrum_query>
      <spectrum_query spectrum="test.39.39.2 " start_scan="34" end_scan="34" precursor_neutral_mass="1216.6467" assumed_charge="2" index="62">
      <search_result>
         <search_hit hit_rank="1" peptide="AVENSSTAIGIR" peptide_prev_aa="K" peptide_next_aa="C" protein="sp|P25788|PSA3_HUMAN" protein_descr="Proteasome subunit alpha type-3 OS=Homo sapiens GN=PSMA3 PE=1 SV=2" num_tot_proteins="3" num_matched_ions="11" tot_num_ions="22" calc_neutral_pep_mass="1216.6411" massdiff="0.006" num_tol_term="2" num_missed_cleavages="0" is_rejected="0">
            <alternative_protein protein="sp|P25788-2|PSA3_HUMAN" protein_descr="Isoform 2 of Proteasome subunit alpha type-3 OS=Homo sapiens GN=PSMA3" num_tol_term="2"/>
            <alternative_protein protein="tr|Q6IB71|Q6IB71_HUMAN" protein_descr="Proteasome subunit alpha type OS=Homo sapiens GN=PSMA3 PE=2 SV=1" num_tol_term="2"/>
            <search_score name="hyperscore" value="34.2"/>
            <search_score name="nextscore" value="20.6"/>
            <search_score name="bscore" value="7.5"/>
            <search_score name="yscore" value="10.5"/>
            <search_score name="expect" value="0.00037"/>
         </search_hit>
      </search_result>
      </spectrum_query>
      <spectrum_query spectrum="test.219.219.3 " start_scan="201" end_scan="201" precursor_neutral_mass="1438.7487" assumed_charge="3" index="63">
      <search_result>
         <search_hit hit_rank="1" peptide="KAAALEAMKDYTK" peptide_prev_aa="R" peptide_next_aa="A" protein="sp|P31948|STIP1_HUMAN" protein_descr="Stress-induced-phosphoprotein 1 OS=Homo sapiens GN=STIP1 PE=1 SV=1" num_tot_proteins="4" num_matched_ions="17" tot_num_ions="48" calc_neutral_pep_mass="1438.7490" massdiff="-0.000" num_tol_term="2" num_missed_cleavages="1" is_rejected="0">
            <alternative_protein protein="tr|A8K690|A8K690_HUMAN" protein_descr="cDNA FLJ76863, highly similar to Homo sapiens stress-induced-phosphoprotein 1 (Hsp70/Hsp90-organizing protein) (STIP1), mRNA OS=Homo sapiens PE=2 SV=1" num_tol_term="2"/>
            <alternative_protein protein="tr|B4DM70|B4DM70_HUMAN" protein_descr="cDNA FLJ54451, highly similar to Stress-induced-phosphoprotein 1 OS=Homo sapiens PE=2 SV=1" num_tol_term="2"/>
            <alternative_protein protein="tr|Q3ZCU9|Q3ZCU9_HUMAN" protein_descr="STIP1 protein OS=Homo sapiens GN=STIP1 PE=2 SV=1" num_tol_term="2"/>
            <search_score name="hyperscore" value="37.3"/>
            <search_score name="nextscore" value="20.8"/>
            <search_score name="bscore" value="7.8"/>
            <search_score name="yscore" value="10.5"/>
            <search_score name="expect" value="0.0018"/>
         </search_hit>
      </search_result>
      </spectrum_query>
      <spectrum_query spectrum="test.225.225.3 " start_scan="206" end_scan="206" precursor_neutral_mass="1438.7490" assumed_charge="3" index="64">
      <search_result>
         <search_hit hit_rank="1" peptide="KAAALEAMKDYTK" peptide_prev_aa="R" peptide_next_aa="A" protein="sp|P31948|STIP1_HUMAN" protein_descr="Stress-induced-phosphoprotein 1 OS=Homo sapiens GN=STIP1 PE=1 SV=1" num_tot_proteins="4" num_matched_ions="17" tot_num_ions="48" calc_neutral_pep_mass="1438.7490" massdiff="-0.000" num_tol_term="2" num_missed_cleavages="1" is_rejected="0">
            <alternative_protein protein="tr|A8K690|A8K690_HUMAN" protein_descr="cDNA FLJ76863, highly similar to Homo sapiens stress-induced-phosphoprotein 1 (Hsp70/Hsp90-organizing protein) (STIP1), mRNA OS=Homo sapiens PE=2 SV=1" num_tol_term="2"/>
            <alternative_protein protein="tr|B4DM70|B4DM70_HUMAN" protein_descr="cDNA FLJ54451, highly similar to Stress-induced-phosphoprotein 1 OS=Homo sapiens PE=2 SV=1" num_tol_term="2"/>
            <alternative_protein protein="tr|Q3ZCU9|Q3ZCU9_HUMAN" protein_descr="STIP1 protein OS=Homo sapiens GN=STIP1 PE=2 SV=1" num_tol_term="2"/>
            <search_score name="hyperscore" value="37.2"/>
            <search_score name="nextscore" value="22.3"/>
            <search_score name="bscore" value="7.5"/>
            <search_score name="yscore" value="10.4"/>
            <search_score name="expect" value="0.00043"/>
         </search_hit>
      </search_result>
      </spectrum_query>
      <spectrum_query spectrum="test.161.161.2 " start_scan="148" end_scan="148" precursor_neutral_mass="1138.5289" assumed_charge="2" index="65">
      <search_result>
         <search_hit hit_rank="1" peptide="YYPTEDVPR" peptide_prev_aa="R" peptide_next_aa="K" protein="sp|Q02878|RL6_HUMAN" protein_descr="60S ribosomal protein L6 OS=Homo sapiens GN=RPL6 PE=1 SV=3" num_tot_proteins="5" num_matched_ions="12" tot_num_ions="16" calc_neutral_pep_mass="1138.5295" massdiff="-0.001" num_tol_term="2" num_missed_cleavages="0" is_rejected="0">
            <alternative_protein protein="tr|Q8N5Z7|Q8N5Z7_HUMAN" protein_descr="60S ribosomal protein L6 OS=Homo sapiens GN=RPL6 PE=2 SV=1" num_tol_term="2"/>
            <alternative_protein protein="tr|Q8TBK5|Q8TBK5_HUMAN" protein_descr="60S ribosomal protein L6 OS=Homo sapiens GN=RPL6 PE=2 SV=1" num_tol_term="2"/>
            <alternative_protein protein="tr|Q9HBB3|Q9HBB3_HUMAN" protein_descr="60S ribosomal protein L6 OS=Homo sapiens PE=2 SV=1" num_tol_term="2"/>
            <alternative_protein protein="tr|B2R4K7|B2R4K7_HUMAN" protein_descr="60S ribosomal protein L6 OS=Homo sapiens PE=2 SV=1" num_tol_term="2"/>
            <search_score name="hyperscore" value="37.4"/>
            <search_score name="nextscore" value="20.1"/>
            <search_score name="bscore" value="10.3"/>
            <search_score name="yscore" value="13.2"/>
            <search_score name="expect" value="0.00073"/>
         </search_hit>
      </search_result>
      </spectrum_query>
      <spectrum_query spectrum="test.205.205.2 " start_scan="188" end_scan="188" precursor_neutral_mass="1193.5932" assumed_charge="2" index="66">
      <search_result>
         <search_hit hit_rank="1" peptide="EAAENSLVAYK" peptide_prev_aa="K" peptide_next_aa="A" protein="sp|P62258|1433E_HUMAN" protein_descr="14-3-3 protein epsilon OS=Homo sapiens GN=YWHAE PE=1 SV=1" num_tot_proteins="4" num_matched_ions="11" tot_num_ions="20" calc_neutral_pep_mass="1193.5928" massdiff="0.000" num_tol_term="2" num_missed_cleavages="0" is_rejected="0">
            <alternative_protein protein="tr|Q4VJB6|Q4VJB6_HUMAN" protein_descr="14-3-3 protein epsilon isoform transcript variant 1 OS=Homo sapiens GN=YWHAE PE=2 SV=1" num_tol_term="2"/>
            <alternative_protein protein="tr|D3DTH5|D3DTH5_HUMAN" protein_descr="Tyrosine 3-monooxygenase/tryptophan 5-monooxygenase activation protein, epsilon polypeptide, isoform CRA_b OS=Homo sapiens GN=YWHAE PE=3 SV=1" num_tol_term="2"/>
            <alternative_protein protein="tr|B7ZA86|B7ZA86_HUMAN" protein_descr="cDNA, FLJ79100, highly similar to 14-3-3 protein epsilon (14-3-3E) OS=Homo sapiens PE=2 SV=1" num_tol_term="2"/>
            <search_score name="hyperscore" value="31.5"/>
            <search_score name="nextscore" value="19.6"/>
            <search_score name="bscore" value="5.2"/>
            <search_score name="yscore" value="9.9"/>
            <search_score name="expect" value="0.0034"/>
         </search_hit>
      </search_result>
      </spectrum_query>
      <spectrum_query spectrum="test.211.211.2 " start_scan="193" end_scan="193" precursor_neutral_mass="1193.5923" assumed_charge="2" index="67">
      <search_result>
         <search_hit hit_rank="1" peptide="EAAENSLVAYK" peptide_prev_aa="K" peptide_next_aa="A" protein="sp|P62258|1433E_HUMAN" protein_descr="14-3-3 protein epsilon OS=Homo sapiens GN=YWHAE PE=1 SV=1" num_tot_proteins="4" num_matched_ions="11" tot_num_ions="20" calc_neutral_pep_mass="1193.5928" massdiff="-0.001" num_tol_term="2" num_missed_cleavages="0" is_rejected="0">
            <alternative_protein protein="tr|Q4VJB6|Q4VJB6_HUMAN" protein_descr="14-3-3 protein epsilon isoform transcript variant 1 OS=Homo sapiens GN=YWHAE PE=2 SV=1" num_tol_term="2"/>
            <alternative_protein protein="tr|D3DTH5|D3DTH5_HUMAN" protein_descr="Tyrosine 3-monooxygenase/tryptophan 5-monooxygenase activation protein, epsilon polypeptide, isoform CRA_b OS=Homo sapiens GN=YWHAE PE=3 SV=1" num_tol_term="2"/>
            <alternative_protein protein="tr|B7ZA86|B7ZA86_HUMAN" protein_descr="cDNA, FLJ79100, highly similar to 14-3-3 protein epsilon (14-3-3E) OS=Homo sapiens PE=2 SV=1" num_tol_term="2"/>
            <search_score name="hyperscore" value="34.4"/>
            <search_score name="nextscore" value="20.1"/>
            <search_score name="bscore" value="5.8"/>
            <search_score name="yscore" value="10.9"/>
            <search_score name="expect" value="0.00078"/>
         </search_hit>
      </search_result>
      </spectrum_query>
      <spectrum_query spectrum="test.104.104.3 " start_scan="90" end_scan="90" precursor_neutral_mass="1628.8624" assumed_charge="3" index="68">
      <search_result>
         <search_hit hit_rank="1" peptide="KLEELELDEQQKK" peptide_prev_aa="K" peptide_next_aa="R" protein="sp|P36507|MP2K2_HUMAN" protein_descr="Dual specificity mitogen-activated protein kinase kinase 2 OS=Homo sapiens GN=MAP2K2 PE=1 SV=1" num_tot_proteins="1" num_matched_ions="17" tot_num_ions="48" calc_neutral_pep_mass="1628.8621" massdiff="0.000" num_tol_term="2" num_missed_cleavages="0" is_rejected="0">
            <search_score name="hyperscore" value="40.2"/>
            <search_score name="nextscore" value="24.1"/>
            <search_score name="bscore" value="7.5"/>
            <search_score name="yscore" value="11.4"/>
            <search_score name="expect" value="0.0025"/>
         </search_hit>
      </search_result>
      </spectrum_query>
      <spectrum_query spectrum="test.100.100.3 " start_scan="87" end_scan="87" precursor_neutral_mass="1628.8617" assumed_charge="3" index="69">
      <search_result>
         <search_hit hit_rank="1" peptide="KLEELELDEQQKK" peptide_prev_aa="K" peptide_next_aa="R" protein="sp|P36507|MP2K2_HUMAN" protein_descr="Dual specificity mitogen-activated protein kinase kinase 2 OS=Homo sapiens GN=MAP2K2 PE=1 SV=1" num_tot_proteins="1" num_matched_ions="18" tot_num_ions="48" calc_neutral_pep_mass="1628.8621" massdiff="-0.000" num_tol_term="2" num_missed_cleavages="0" is_rejected="0">
            <search_score name="hyperscore" value="43.8"/>
            <search_score name="nextscore" value="24.5"/>
            <search_score name="bscore" value="7.7"/>
            <search_score name="yscore" value="11.4"/>
            <search_score name="expect" value="0.00086"/>
         </search_hit>
      </search_result>
      </spectrum_query>
      <spectrum_query spectrum="test.222.222.3 " start_scan="204" end_scan="204" precursor_neutral_mass="1865.9577" assumed_charge="3" index="70">
      <search_result>
         <search_hit hit_rank="1" peptide="IEDSTGLNRPGPAPLSSR" peptide_prev_aa="R" peptide_next_aa="K" protein="sp|Q9BQ70|TCF25_HUMAN" protein_descr="Transcription factor 25 OS=Homo sapiens GN=TCF25 PE=1 SV=1" num_tot_proteins="2" num_matched_ions="21" tot_num_ions="68" calc_neutral_pep_mass="1865.9595" massdiff="-0.002" num_tol_term="2" num_missed_cleavages="0" is_rejected="0">
            <alternative_protein protein="tr|Q9H7D3|Q9H7D3_HUMAN" protein_descr="NULP1, isoform CRA_c OS=Homo sapiens GN=NULP1 PE=2 SV=1" num_tol_term="2"/>
            <search_score name="hyperscore" value="51.9"/>
            <search_score name="nextscore" value="36.5"/>
            <search_score name="bscore" value="9.1"/>
            <search_score name="yscore" value="12.5"/>
            <search_score name="expect" value="0.00089"/>
         </search_hit>
      </search_result>
      </spectrum_query>
      <spectrum_query spectrum="test.80.80.2 " start_scan="68" end_scan="68" precursor_neutral_mass="1414.6388" assumed_charge="2" index="71">
      <search_result>
         <search_hit hit_rank="1" peptide="DQDLEPGAPSMGAK" peptide_prev_aa="R" peptide_next_aa="S" protein="sp|P07814|SYEP_HUMAN" protein_descr="Bifunctional aminoacyl-tRNA synthetase OS=Homo sapiens GN=EPRS PE=1 SV=5" num_tot_proteins="2" num_matched_ions="13" tot_num_ions="26" calc_neutral_pep_mass="1414.6398" massdiff="-0.001" num_tol_term="2" num_missed_cleavages="0" is_rejected="0">
            <alternative_protein protein="tr|B4DP50|B4DP50_HUMAN" protein_descr="cDNA FLJ58269, highly similar to Bifunctional aminoacyl-tRNA synthetase OS=Homo sapiens PE=2 SV=1" num_tol_term="2"/>
            <search_score name="hyperscore" value="39.8"/>
            <search_score name="nextscore" value="28.8"/>
            <search_score name="bscore" value="11.7"/>
            <search_score name="yscore" value="12.9"/>
            <search_score name="expect" value="0.028"/>
         </search_hit>
      </search_result>
      </spectrum_query>
      <spectrum_query spectrum="test.74.74.2 " start_scan="63" end_scan="63" precursor_neutral_mass="1414.6410" assumed_charge="2" index="72">
      <search_result>
         <search_hit hit_rank="1" peptide="DQDLEPGAPSMGAK" peptide_prev_aa="R" peptide_next_aa="S" protein="sp|P07814|SYEP_HUMAN" protein_descr="Bifunctional aminoacyl-tRNA synthetase OS=Homo sapiens GN=EPRS PE=1 SV=5" num_tot_proteins="2" num_matched_ions="13" tot_num_ions="26" calc_neutral_pep_mass="1414.6398" massdiff="0.001" num_tol_term="2" num_missed_cleavages="0" is_rejected="0">
            <alternative_protein protein="tr|B4DP50|B4DP50_HUMAN" protein_descr="cDNA FLJ58269, highly similar to Bifunctional aminoacyl-tRNA synthetase OS=Homo sapiens PE=2 SV=1" num_tol_term="2"/>
            <search_score name="hyperscore" value="40.3"/>
            <search_score name="nextscore" value="28.8"/>
            <search_score name="bscore" value="11.5"/>
            <search_score name="yscore" value="12.9"/>
            <search_score name="expect" value="0.0026"/>
         </search_hit>
      </search_result>
      </spectrum_query>
      <spectrum_query spectrum="test.168.168.3 " start_scan="155" end_scan="155" precursor_neutral_mass="1571.8181" assumed_charge="3" index="73">
      <search_result>
         <search_hit hit_rank="1" peptide="KLDPGSEETQTLVR" peptide_prev_aa="R" peptide_next_aa="E" protein="sp|P26641|EF1G_HUMAN" protein_descr="Elongation factor 1-gamma OS=Homo sapiens GN=EEF1G PE=1 SV=3" num_tot_proteins="4" num_matched_ions="19" tot_num_ions="52" calc_neutral_pep_mass="1571.8155" massdiff="0.003" num_tol_term="2" num_missed_cleavages="0" is_rejected="0">
            <alternative_protein protein="tr|Q53YD7|Q53YD7_HUMAN" protein_descr="EEF1G protein OS=Homo sapiens GN=EEF1G PE=2 SV=1" num_tol_term="2"/>
            <alternative_protein protein="tr|B4DUP0|B4DUP0_HUMAN" protein_descr="cDNA FLJ59433, highly similar to Elongation factor 1-gamma OS=Homo sapiens PE=2 SV=1" num_tol_term="2"/>
            <alternative_protein protein="tr|B4DTG2|B4DTG2_HUMAN" protein_descr="cDNA FLJ56389, highly similar to Elongation factor 1-gamma OS=Homo sapiens PE=2 SV=1" num_tol_term="2"/>
            <search_score name="hyperscore" value="43.8"/>
            <search_score name="nextscore" value="29.0"/>
            <search_score name="bscore" value="10.6"/>
            <search_score name="yscore" value="9.5"/>
            <search_score name="expect" value="0.015"/>
         </search_hit>
      </search_result>
      </spectrum_query>
      <spectrum_query spectrum="test.162.162.3 " start_scan="149" end_scan="149" precursor_neutral_mass="1571.8200" assumed_charge="3" index="74">
      <search_result>
         <search_hit hit_rank="1" peptide="KLDPGSEETQTLVR" peptide_prev_aa="R" peptide_next_aa="E" protein="sp|P26641|EF1G_HUMAN" protein_descr="Elongation factor 1-gamma OS=Homo sapiens GN=EEF1G PE=1 SV=3" num_tot_proteins="4" num_matched_ions="18" tot_num_ions="52" calc_neutral_pep_mass="1571.8155" massdiff="0.004" num_tol_term="2" num_missed_cleavages="0" is_rejected="0">
            <alternative_protein protein="tr|Q53YD7|Q53YD7_HUMAN" protein_descr="EEF1G protein OS=Homo sapiens GN=EEF1G PE=2 SV=1" num_tol_term="2"/>
            <alternative_protein protein="tr|B4DUP0|B4DUP0_HUMAN" protein_descr="cDNA FLJ59433, highly similar to Elongation factor 1-gamma OS=Homo sapiens PE=2 SV=1" num_tol_term="2"/>
            <alternative_protein protein="tr|B4DTG2|B4DTG2_HUMAN" protein_descr="cDNA FLJ56389, highly similar to Elongation factor 1-gamma OS=Homo sapiens PE=2 SV=1" num_tol_term="2"/>
            <search_score name="hyperscore" value="40.9"/>
            <search_score name="nextscore" value="26.7"/>
            <search_score name="bscore" value="10.5"/>
            <search_score name="yscore" value="9.6"/>
            <search_score name="expect" value="0.004"/>
         </search_hit>
      </search_result>
      </spectrum_query>
      <spectrum_query spectrum="test.216.216.2 " start_scan="199" end_scan="199" precursor_neutral_mass="1306.5669" assumed_charge="2" index="75">
      <search_result>
         <search_hit hit_rank="1" peptide="NLCSDDTPMVR" peptide_prev_aa="R" peptide_next_aa="R" protein="sp|P30153|2AAA_HUMAN" protein_descr="Serine/threonine-protein phosphatase 2A 65 kDa regulatory subunit A alpha isoform OS=Homo sapiens GN=PPP2R1A PE=1 SV=4" num_tot_proteins="7" num_matched_ions="12" tot_num_ions="20" calc_neutral_pep_mass="1306.5651" massdiff="0.002" num_tol_term="2" num_missed_cleavages="0" is_rejected="0">
            <alternative_protein protein="tr|A8K7B7|A8K7B7_HUMAN" protein_descr="Protein phosphatase 2 (Formerly 2A), regulatory subunit A (PR 65), alpha isoform OS=Homo sapiens GN=PPP2R1A PE=2 SV=1" num_tol_term="2"/>
            <alternative_protein protein="tr|Q8NB89|Q8NB89_HUMAN" protein_descr="cDNA FLJ34068 fis, clone FCBBF3001918, highly similar to SERINE/THREONINE PROTEIN PHOSPHATASE 2A, 65 kDa REGULATORY SUBUNIT A, ALPHA ISOFORM OS=Homo sapiens PE=2 SV=1" num_tol_term="2"/>
            <alternative_protein protein="tr|B4DE69|B4DE69_HUMAN" protein_descr="cDNA FLJ56053, highly similar to Serine/threonine-protein phosphatase 2A 65 kDa regulatory subunit A alpha isoform OS=Homo sapiens PE=2 SV=1" num_tol_term="2"/>
            <alternative_protein protein="tr|B4DDF7|B4DDF7_HUMAN" protein_descr="cDNA FLJ53296, highly similar to Serine/threonine-protein phosphatase 2A 65 kDa regulatory subunit A alpha isoform OS=Homo sapiens PE=2 SV=1" num_tol_term="2"/>
            <alternative_protein protein="tr|B4DQY1|B4DQY1_HUMAN" protein_descr="cDNA FLJ56133, highly similar to Serine/threonine-protein phosphatase 2A 65 kDa regulatory subunit A alpha isoform OS=Homo sapiens PE=2 SV=1" num_tol_term="2"/>
            <alternative_protein protein="tr|A8K3H8|A8K3H8_HUMAN" protein_descr="cDNA FLJ77680, highly similar to Homo sapiens protein phosphatase 2 (formerly 2A), regulatory subunit A (PR 65), alpha isoform (PPP2R1A), mRNA OS=Homo sapiens PE=2 SV=1" num_tol_term="2"/>
            <modification_info>
               <mod_aminoacid_mass position="3" mass="160.0312" />
            </modification_info>
            <search_score name="hyperscore" value="36.1"/>
            <search_score name="nextscore" value="22.4"/>
            <search_score name="bscore" value="10.6"/>
            <search_score name="yscore" value="12.5"/>
            <search_score name="expect" value="0.0043"/>
         </search_hit>
      </search_result>
      </spectrum_query>
      <spectrum_query spectrum="test.180.180.3 " start_scan="166" end_scan="166" precursor_neutral_mass="2184.0393" assumed_charge="3" index="76">
      <search_result>
         <search_hit hit_rank="1" peptide="SLAGSSGPGASSGTSGDHGELVVR" peptide_prev_aa="K" peptide_next_aa="I" protein="sp|P29692|EF1D_HUMAN" protein_descr="Elongation factor 1-delta OS=Homo sapiens GN=EEF1D PE=1 SV=5" num_tot_proteins="7" num_matched_ions="14" tot_num_ions="92" calc_neutral_pep_mass="2184.0407" massdiff="-0.001" num_tol_term="2" num_missed_cleavages="0" is_rejected="0">
            <alternative_protein protein="sp|P29692-2|EF1D_HUMAN" protein_descr="Isoform 2 of Elongation factor 1-delta OS=Homo sapiens GN=EEF1D" num_tol_term="2"/>
            <alternative_protein protein="tr|D3DWK3|D3DWK3_HUMAN" protein_descr="Eukaryotic translation elongation factor 1 delta (Guanine nucleotide exchange protein), isoform CRA_c OS=Homo sapiens GN=EEF1D PE=3 SV=1" num_tol_term="2"/>
            <alternative_protein protein="tr|Q9H7G6|Q9H7G6_HUMAN" protein_descr="cDNA: FLJ20897 fis, clone ADKA03573 OS=Homo sapiens PE=1 SV=1" num_tol_term="2"/>
            <alternative_protein protein="tr|B2RAR6|B2RAR6_HUMAN" protein_descr="cDNA, FLJ95068, highly similar to Homo sapiens eukaryotic translation elongation factor 1 delta (guanine nucleotide exchange protein) (EEF1D), transcript variant 1, mRNA OS=Homo sapiens PE=2 SV=1" num_tol_term="2"/>
            <alternative_protein protein="tr|Q71RH4|Q71RH4_HUMAN" protein_descr="FP1047 OS=Homo sapiens PE=2 SV=1" num_tol_term="2"/>
            <alternative_protein protein="tr|D3DWK1|D3DWK1_HUMAN" protein_descr="Eukaryotic translation elongation factor 1 delta (Guanine nucleotide exchange protein), isoform CRA_b OS=Homo sapiens GN=EEF1D PE=3 SV=1" num_tol_term="2"/>
            <search_score name="hyperscore" value="40.2"/>
            <search_score name="nextscore" value="29.1"/>
            <search_score name="bscore" value="4.6"/>
            <search_score name="yscore" value="11.5"/>
            <search_score name="expect" value="0.0047"/>
         </search_hit>
      </search_result>
      </spectrum_query>
      <spectrum_query spectrum="test.172.172.3 " start_scan="160" end_scan="160" precursor_neutral_mass="2184.0421" assumed_charge="3" index="77">
      <search_result>
         <search_hit hit_rank="1" peptide="SLAGSSGPGASSGTSGDHGELVVR" peptide_prev_aa="K" peptide_next_aa="I" protein="sp|P29692|EF1D_HUMAN" protein_descr="Elongation factor 1-delta OS=Homo sapiens GN=EEF1D PE=1 SV=5" num_tot_proteins="7" num_matched_ions="14" tot_num_ions="92" calc_neutral_pep_mass="2184.0407" massdiff="0.001" num_tol_term="2" num_missed_cleavages="0" is_rejected="0">
            <alternative_protein protein="sp|P29692-2|EF1D_HUMAN" protein_descr="Isoform 2 of Elongation factor 1-delta OS=Homo sapiens GN=EEF1D" num_tol_term="2"/>
            <alternative_protein protein="tr|D3DWK3|D3DWK3_HUMAN" protein_descr="Eukaryotic translation elongation factor 1 delta (Guanine nucleotide exchange protein), isoform CRA_c OS=Homo sapiens GN=EEF1D PE=3 SV=1" num_tol_term="2"/>
            <alternative_protein protein="tr|Q9H7G6|Q9H7G6_HUMAN" protein_descr="cDNA: FLJ20897 fis, clone ADKA03573 OS=Homo sapiens PE=1 SV=1" num_tol_term="2"/>
            <alternative_protein protein="tr|B2RAR6|B2RAR6_HUMAN" protein_descr="cDNA, FLJ95068, highly similar to Homo sapiens eukaryotic translation elongation factor 1 delta (guanine nucleotide exchange protein) (EEF1D), transcript variant 1, mRNA OS=Homo sapiens PE=2 SV=1" num_tol_term="2"/>
            <alternative_protein protein="tr|Q71RH4|Q71RH4_HUMAN" protein_descr="FP1047 OS=Homo sapiens PE=2 SV=1" num_tol_term="2"/>
            <alternative_protein protein="tr|D3DWK1|D3DWK1_HUMAN" protein_descr="Eukaryotic translation elongation factor 1 delta (Guanine nucleotide exchange protein), isoform CRA_b OS=Homo sapiens GN=EEF1D PE=3 SV=1" num_tol_term="2"/>
            <search_score name="hyperscore" value="39.8"/>
            <search_score name="nextscore" value="29.8"/>
            <search_score name="bscore" value="4.6"/>
            <search_score name="yscore" value="12"/>
            <search_score name="expect" value="0.016"/>
         </search_hit>
      </search_result>
      </spectrum_query>
      <spectrum_query spectrum="test.11.11.2 " start_scan="10" end_scan="10" precursor_neutral_mass="957.5138" assumed_charge="2" index="78">
      <search_result>
         <search_hit hit_rank="1" peptide="LVIEEAER" peptide_prev_aa="K" peptide_next_aa="S" protein="sp|P50991|TCPD_HUMAN" protein_descr="T-complex protein 1 subunit delta OS=Homo sapiens GN=CCT4 PE=1 SV=4" num_tot_proteins="7" num_matched_ions="14" tot_num_ions="14" calc_neutral_pep_mass="957.5131" massdiff="0.001" num_tol_term="2" num_missed_cleavages="0" is_rejected="0">
            <alternative_protein protein="tr|B7Z2Z8|B7Z2Z8_HUMAN" protein_descr="T-complex protein 1 subunit delta OS=Homo sapiens PE=2 SV=1" num_tol_term="2"/>
            <alternative_protein protein="tr|A8K3C3|A8K3C3_HUMAN" protein_descr="T-complex protein 1 subunit delta OS=Homo sapiens PE=2 SV=1" num_tol_term="2"/>
            <alternative_protein protein="tr|B5MCQ1|B5MCQ1_HUMAN" protein_descr="T-complex protein 1 subunit delta OS=Homo sapiens GN=CCT4 PE=3 SV=1" num_tol_term="2"/>
            <alternative_protein protein="tr|B7Z8B1|B7Z8B1_HUMAN" protein_descr="T-complex protein 1 subunit delta OS=Homo sapiens PE=2 SV=1" num_tol_term="2"/>
            <alternative_protein protein="tr|B7Z9L0|B7Z9L0_HUMAN" protein_descr="T-complex protein 1 subunit delta OS=Homo sapiens PE=2 SV=1" num_tol_term="2"/>
            <alternative_protein protein="tr|B7Z2F4|B7Z2F4_HUMAN" protein_descr="T-complex protein 1 subunit delta OS=Homo sapiens PE=2 SV=1" num_tol_term="2"/>
            <search_score name="hyperscore" value="42.2"/>
            <search_score name="nextscore" value="27.6"/>
            <search_score name="bscore" value="9.1"/>
            <search_score name="yscore" value="12.1"/>
            <search_score name="expect" value="0.0048"/>
         </search_hit>
      </search_result>
      </spectrum_query>
      <spectrum_query spectrum="test.5.5.2 " start_scan="5" end_scan="5" precursor_neutral_mass="957.5144" assumed_charge="2" index="79">
      <search_result>
         <search_hit hit_rank="1" peptide="LVIEEAER" peptide_prev_aa="K" peptide_next_aa="S" protein="sp|P50991|TCPD_HUMAN" protein_descr="T-complex protein 1 subunit delta OS=Homo sapiens GN=CCT4 PE=1 SV=4" num_tot_proteins="7" num_matched_ions="13" tot_num_ions="14" calc_neutral_pep_mass="957.5131" massdiff="0.001" num_tol_term="2" num_missed_cleavages="0" is_rejected="0">
            <alternative_protein protein="tr|B7Z2Z8|B7Z2Z8_HUMAN" protein_descr="T-complex protein 1 subunit delta OS=Homo sapiens PE=2 SV=1" num_tol_term="2"/>
            <alternative_protein protein="tr|A8K3C3|A8K3C3_HUMAN" protein_descr="T-complex protein 1 subunit delta OS=Homo sapiens PE=2 SV=1" num_tol_term="2"/>
            <alternative_protein protein="tr|B5MCQ1|B5MCQ1_HUMAN" protein_descr="T-complex protein 1 subunit delta OS=Homo sapiens GN=CCT4 PE=3 SV=1" num_tol_term="2"/>
            <alternative_protein protein="tr|B7Z8B1|B7Z8B1_HUMAN" protein_descr="T-complex protein 1 subunit delta OS=Homo sapiens PE=2 SV=1" num_tol_term="2"/>
            <alternative_protein protein="tr|B7Z9L0|B7Z9L0_HUMAN" protein_descr="T-complex protein 1 subunit delta OS=Homo sapiens PE=2 SV=1" num_tol_term="2"/>
            <alternative_protein protein="tr|B7Z2F4|B7Z2F4_HUMAN" protein_descr="T-complex protein 1 subunit delta OS=Homo sapiens PE=2 SV=1" num_tol_term="2"/>
            <search_score name="hyperscore" value="38.7"/>
            <search_score name="nextscore" value="29.6"/>
            <search_score name="bscore" value="9.3"/>
            <search_score name="yscore" value="12.1"/>
            <search_score name="expect" value="0.031"/>
         </search_hit>
      </search_result>
      </spectrum_query>
      <spectrum_query spectrum="test.69.69.3 " start_scan="59" end_scan="59" precursor_neutral_mass="1427.8020" assumed_charge="3" index="80">
      <search_result>
         <search_hit hit_rank="1" peptide="IIAHAQLLEQHR" peptide_prev_aa="R" peptide_next_aa="G" protein="sp|P27708|PYR1_HUMAN" protein_descr="CAD protein OS=Homo sapiens GN=CAD PE=1 SV=3" num_tot_proteins="2" num_matched_ions="18" tot_num_ions="44" calc_neutral_pep_mass="1427.7997" massdiff="0.002" num_tol_term="2" num_missed_cleavages="0" is_rejected="0">
            <alternative_protein protein="tr|Q53SY7|Q53SY7_HUMAN" protein_descr="Putative uncharacterized protein CAD (Fragment) OS=Homo sapiens GN=CAD PE=2 SV=1" num_tol_term="2"/>
            <search_score name="hyperscore" value="41.2"/>
            <search_score name="nextscore" value="31.3"/>
            <search_score name="bscore" value="7.4"/>
            <search_score name="yscore" value="12"/>
            <search_score name="expect" value="0.0079"/>
         </search_hit>
      </search_result>
      </spectrum_query>
      <spectrum_query spectrum="test.183.183.3 " start_scan="169" end_scan="169" precursor_neutral_mass="1656.8684" assumed_charge="3" index="81">
      <search_result>
         <search_hit hit_rank="1" peptide="KLEELELDEQQRK" peptide_prev_aa="K" peptide_next_aa="R" protein="sp|Q02750|MP2K1_HUMAN" protein_descr="Dual specificity mitogen-activated protein kinase kinase 1 OS=Homo sapiens GN=MAP2K1 PE=1 SV=2" num_tot_proteins="3" num_matched_ions="16" tot_num_ions="48" calc_neutral_pep_mass="1656.8682" massdiff="0.000" num_tol_term="2" num_missed_cleavages="0" is_rejected="0">
            <alternative_protein protein="tr|A4QPA9|A4QPA9_HUMAN" protein_descr="Mitogen-activated protein kinase kinase 1 OS=Homo sapiens GN=MAP2K1 PE=2 SV=1" num_tol_term="2"/>
            <alternative_protein protein="tr|B4DFY5|B4DFY5_HUMAN" protein_descr="Mitogen-activated protein kinase kinase 1, isoform CRA_d OS=Homo sapiens GN=MAP2K1 PE=2 SV=1" num_tol_term="2"/>
            <search_score name="hyperscore" value="37.4"/>
            <search_score name="nextscore" value="37.4"/>
            <search_score name="bscore" value="6.8"/>
            <search_score name="yscore" value="11.4"/>
            <search_score name="expect" value="0.021"/>
         </search_hit>
      </search_result>
      </spectrum_query>
      <spectrum_query spectrum="test.176.176.3 " start_scan="163" end_scan="163" precursor_neutral_mass="1656.8677" assumed_charge="3" index="82">
      <search_result>
         <search_hit hit_rank="1" peptide="KLEELELDEQQRK" peptide_prev_aa="K" peptide_next_aa="R" protein="sp|Q02750|MP2K1_HUMAN" protein_descr="Dual specificity mitogen-activated protein kinase kinase 1 OS=Homo sapiens GN=MAP2K1 PE=1 SV=2" num_tot_proteins="3" num_matched_ions="16" tot_num_ions="48" calc_neutral_pep_mass="1656.8682" massdiff="-0.001" num_tol_term="2" num_missed_cleavages="0" is_rejected="0">
            <alternative_protein protein="tr|A4QPA9|A4QPA9_HUMAN" protein_descr="Mitogen-activated protein kinase kinase 1 OS=Homo sapiens GN=MAP2K1 PE=2 SV=1" num_tol_term="2"/>
            <alternative_protein protein="tr|B4DFY5|B4DFY5_HUMAN" protein_descr="Mitogen-activated protein kinase kinase 1, isoform CRA_d OS=Homo sapiens GN=MAP2K1 PE=2 SV=1" num_tol_term="2"/>
            <search_score name="hyperscore" value="41.2"/>
            <search_score name="nextscore" value="41.2"/>
            <search_score name="bscore" value="7.5"/>
            <search_score name="yscore" value="12.1"/>
            <search_score name="expect" value="0.0084"/>
         </search_hit>
      </search_result>
      </spectrum_query>
      <spectrum_query spectrum="test.212.212.2 " start_scan="194" end_scan="194" precursor_neutral_mass="1779.7957" assumed_charge="2" index="83">
      <search_result>
         <search_hit hit_rank="1" peptide="TDYNASVSVPDSSGPER" peptide_prev_aa="R" peptide_next_aa="I" protein="sp|P61978|HNRPK_HUMAN" protein_descr="Heterogeneous nuclear ribonucleoprotein K OS=Homo sapiens GN=HNRNPK PE=1 SV=1" num_tot_proteins="8" num_matched_ions="9" tot_num_ions="32" calc_neutral_pep_mass="1779.7911" massdiff="0.005" num_tol_term="2" num_missed_cleavages="0" is_rejected="0">
            <alternative_protein protein="sp|P61978-2|HNRPK_HUMAN" protein_descr="Isoform 2 of Heterogeneous nuclear ribonucleoprotein K OS=Homo sapiens GN=HNRNPK" num_tol_term="2"/>
            <alternative_protein protein="sp|P61978-3|HNRPK_HUMAN" protein_descr="Isoform 3 of Heterogeneous nuclear ribonucleoprotein K OS=Homo sapiens GN=HNRNPK" num_tol_term="2"/>
            <alternative_protein protein="tr|Q6IBN1|Q6IBN1_HUMAN" protein_descr="HNRPK protein OS=Homo sapiens GN=HNRPK PE=2 SV=1" num_tol_term="2"/>
            <alternative_protein protein="tr|Q5EC54|Q5EC54_HUMAN" protein_descr="Heterogeneous nuclear ribonucleoprotein K transcript variant OS=Homo sapiens GN=HNRPK PE=2 SV=1" num_tol_term="2"/>
            <alternative_protein protein="tr|B4DUQ1|B4DUQ1_HUMAN" protein_descr="cDNA FLJ54552, highly similar to Heterogeneous nuclear ribonucleoprotein K OS=Homo sapiens PE=2 SV=1" num_tol_term="2"/>
            <alternative_protein protein="tr|Q5T6W2|Q5T6W2_HUMAN" protein_descr="Heterogeneous nuclear ribonucleoprotein K (Fragment) OS=Homo sapiens GN=HNRNPK PE=2 SV=1" num_tol_term="2"/>
            <alternative_protein protein="tr|Q5T6W5|Q5T6W5_HUMAN" protein_descr="Heterogeneous nuclear ribonucleoprotein K OS=Homo sapiens GN=HNRNPK PE=2 SV=1" num_tol_term="2"/>
            <search_score name="hyperscore" value="27.4"/>
            <search_score name="nextscore" value="16.4"/>
            <search_score name="bscore" value="7.8"/>
            <search_score name="yscore" value="11.2"/>
            <search_score name="expect" value="0.0084"/>
         </search_hit>
      </search_result>
      </spectrum_query>
      <spectrum_query spectrum="test.125.125.2 " start_scan="115" end_scan="115" precursor_neutral_mass="1065.5913" assumed_charge="2" index="84">
      <search_result>
         <search_hit hit_rank="1" peptide="TALIHDGLAR" peptide_prev_aa="K" peptide_next_aa="G" protein="sp|P25398|RS12_HUMAN" protein_descr="40S ribosomal protein S12 OS=Homo sapiens GN=RPS12 PE=1 SV=3" num_tot_proteins="1" num_matched_ions="13" tot_num_ions="18" calc_neutral_pep_mass="1065.5931" massdiff="-0.002" num_tol_term="2" num_missed_cleavages="0" is_rejected="0">
            <search_score name="hyperscore" value="38.7"/>
            <search_score name="nextscore" value="31.2"/>
            <search_score name="bscore" value="8.7"/>
            <search_score name="yscore" value="11.6"/>
            <search_score name="expect" value="0.016"/>
         </search_hit>
      </search_result>
      </spectrum_query>
      <spectrum_query spectrum="test.57.57.2 " start_scan="49" end_scan="49" precursor_neutral_mass="1216.6520" assumed_charge="2" index="85">
      <search_result>
         <search_hit hit_rank="1" peptide="IKQILPTIYK" peptide_prev_aa="K" peptide_next_aa="R" protein="sp|Q8N394|TMTC2_HUMAN" protein_descr="Transmembrane and TPR repeat-containing protein 2 OS=Homo sapiens GN=TMTC2 PE=2 SV=1" num_tot_proteins="1" num_matched_ions="10" tot_num_ions="18" calc_neutral_pep_mass="1215.7587" massdiff="0.893" num_tol_term="2" num_missed_cleavages="1" is_rejected="0">
            <search_score name="hyperscore" value="29.2"/>
            <search_score name="nextscore" value="21.0"/>
            <search_score name="bscore" value="10.6"/>
            <search_score name="yscore" value="9.3"/>
            <search_score name="expect" value="0.031"/>
         </search_hit>
      </search_result>
      </spectrum_query>
      <spectrum_query spectrum="test.245.245.2 " start_scan="223" end_scan="223" precursor_neutral_mass="1254.6821" assumed_charge="2" index="86">
      <search_result>
         <search_hit hit_rank="1" peptide="QLQAETEPIVK" peptide_prev_aa="K" peptide_next_aa="M" protein="sp|P60228|EIF3E_HUMAN" protein_descr="Eukaryotic translation initiation factor 3 subunit E OS=Homo sapiens GN=EIF3E PE=1 SV=1" num_tot_proteins="4" num_matched_ions="9" tot_num_ions="20" calc_neutral_pep_mass="1254.6819" massdiff="0.000" num_tol_term="2" num_missed_cleavages="0" is_rejected="0">
            <alternative_protein protein="tr|B3KW56|B3KW56_HUMAN" protein_descr="Eukaryotic translation initiation factor 3, subunit 6 48kDa, isoform CRA_b OS=Homo sapiens GN=EIF3S6 PE=2 SV=1" num_tol_term="2"/>
            <alternative_protein protein="tr|B2R806|B2R806_HUMAN" protein_descr="cDNA, FLJ93685, highly similar to Homo sapiens eukaryotic translation initiation factor 3, subunit 6 48kDa (EIF3S6), mRNA OS=Homo sapiens PE=2 SV=1" num_tol_term="2"/>
            <alternative_protein protein="tr|Q6IAX5|Q6IAX5_HUMAN" protein_descr="EIF3S6 protein OS=Homo sapiens GN=EIF3S6 PE=2 SV=1" num_tol_term="2"/>
            <search_score name="hyperscore" value="25.8"/>
            <search_score name="nextscore" value="16.2"/>
            <search_score name="bscore" value="5.9"/>
            <search_score name="yscore" value="9.6"/>
            <search_score name="expect" value="0.044"/>
         </search_hit>
      </search_result>
      </spectrum_query>
      <spectrum_query spectrum="test.29.29.3 " start_scan="25" end_scan="25" precursor_neutral_mass="1764.9270" assumed_charge="3" index="87">
      <search_result>
         <search_hit hit_rank="1" peptide="LITQTFSHHNQLAQK" peptide_prev_aa="K" peptide_next_aa="T" protein="sp|Q9Y266|NUDC_HUMAN" protein_descr="Nuclear migration protein nudC OS=Homo sapiens GN=NUDC PE=1 SV=1" num_tot_proteins="2" num_matched_ions="13" tot_num_ions="56" calc_neutral_pep_mass="1764.9271" massdiff="-0.000" num_tol_term="2" num_missed_cleavages="0" is_rejected="0">
            <alternative_protein protein="tr|Q9H2R7|Q9H2R7_HUMAN" protein_descr="NPD011 OS=Homo sapiens GN=NUDC PE=2 SV=1" num_tol_term="2"/>
            <search_score name="hyperscore" value="33.5"/>
            <search_score name="nextscore" value="20.9"/>
            <search_score name="bscore" value="6.8"/>
            <search_score name="yscore" value="11.9"/>
            <search_score name="expect" value="0.048"/>
         </search_hit>
      </search_result>
      </spectrum_query>
      <spectrum_query spectrum="test.141.141.2 " start_scan="130" end_scan="130" precursor_neutral_mass="1553.6078" assumed_charge="2" index="88">
      <search_result>
         <search_hit hit_rank="1" peptide="EPVQDDSDLDRKR" peptide_prev_aa="K" peptide_next_aa="R" protein="sp|O14576|DC1I1_HUMAN" protein_descr="Cytoplasmic dynein 1 intermediate chain 1 OS=Homo sapiens GN=DYNC1I1 PE=1 SV=2" num_tot_proteins="11" num_matched_ions="10" tot_num_ions="24" calc_neutral_pep_mass="1553.7437" massdiff="-0.136" num_tol_term="2" num_missed_cleavages="1" is_rejected="0">
            <alternative_protein protein="sp|O14576-2|DC1I1_HUMAN" protein_descr="Isoform 2 of Cytoplasmic dynein 1 intermediate chain 1 OS=Homo sapiens GN=DYNC1I1" num_tol_term="2"/>
            <alternative_protein protein="sp|O14576-3|DC1I1_HUMAN" protein_descr="Isoform 3 of Cytoplasmic dynein 1 intermediate chain 1 OS=Homo sapiens GN=DYNC1I1" num_tol_term="2"/>
            <alternative_protein protein="tr|A4D1I7|A4D1I7_HUMAN" protein_descr="Dynein, cytoplasmic 1, intermediate chain 1, isoform CRA_e OS=Homo sapiens GN=DNCI1 PE=2 SV=1" num_tol_term="2"/>
            <alternative_protein protein="tr|Q7Z6M0|Q7Z6M0_HUMAN" protein_descr="DYNC1I1 protein OS=Homo sapiens GN=DYNC1I1 PE=2 SV=1" num_tol_term="2"/>
            <alternative_protein protein="tr|Q8N542|Q8N542_HUMAN" protein_descr="DYNC1I1 protein OS=Homo sapiens GN=DYNC1I1 PE=2 SV=1" num_tol_term="2"/>
            <alternative_protein protein="tr|C9J3E7|C9J3E7_HUMAN" protein_descr="Putative uncharacterized protein DYNC1I1 OS=Homo sapiens GN=DYNC1I1 PE=4 SV=1" num_tol_term="2"/>
            <alternative_protein protein="tr|B4DME3|B4DME3_HUMAN" protein_descr="cDNA FLJ59721, highly similar to Cytoplasmic dynein 1 intermediate chain 1 OS=Homo sapiens PE=2 SV=1" num_tol_term="2"/>
            <alternative_protein protein="tr|Q8TBF7|Q8TBF7_HUMAN" protein_descr="DYNC1I1 protein OS=Homo sapiens GN=DYNC1I1 PE=2 SV=1" num_tol_term="2"/>
            <alternative_protein protein="tr|Q75MI9|Q75MI9_HUMAN" protein_descr="Putative uncharacterized protein DNCI1 (Fragment) OS=Homo sapiens GN=DNCI1 PE=2 SV=1" num_tol_term="2"/>
            <alternative_protein protein="tr|Q8IY52|Q8IY52_HUMAN" protein_descr="DYNC1I1 protein OS=Homo sapiens GN=DYNC1I1 PE=2 SV=1" num_tol_term="2"/>
            <modification_info>
               <mod_aminoacid_mass position="1" mass="111.0320" />
            </modification_info>
            <search_score name="hyperscore" value="29.3"/>
            <search_score name="nextscore" value="19.1"/>
            <search_score name="bscore" value="10.9"/>
            <search_score name="yscore" value="9.1"/>
            <search_score name="expect" value="0.07"/>
         </search_hit>
      </search_result>
      </spectrum_query>
      <spectrum_query spectrum="test.197.197.3 " start_scan="182" end_scan="182" precursor_neutral_mass="1437.7473" assumed_charge="3" index="89">
      <search_result>
         <search_hit hit_rank="1" peptide="IGEVDVEQHTLAK" peptide_prev_aa="K" peptide_next_aa="Y" protein="sp|P14635|CCNB1_HUMAN" protein_descr="G2/mitotic-specific cyclin-B1 OS=Homo sapiens GN=CCNB1 PE=1 SV=1" num_tot_proteins="8" num_matched_ions="12" tot_num_ions="48" calc_neutral_pep_mass="1437.7463" massdiff="0.001" num_tol_term="2" num_missed_cleavages="0" is_rejected="0">
            <alternative_protein protein="tr|Q9BPX9|Q9BPX9_HUMAN" protein_descr="Cyclin B1 (Fragment) OS=Homo sapiens PE=2 SV=1" num_tol_term="2"/>
            <alternative_protein protein="tr|Q9BWV0|Q9BWV0_HUMAN" protein_descr="Cyclin B1 (Fragment) OS=Homo sapiens PE=2 SV=1" num_tol_term="2"/>
            <alternative_protein protein="tr|Q9BWU8|Q9BWU8_HUMAN" protein_descr="Cyclin B1 (Fragment) OS=Homo sapiens PE=2 SV=1" num_tol_term="2"/>
            <alternative_protein protein="tr|Q9BWU7|Q9BWU7_HUMAN" protein_descr="Cyclin B1 (Fragment) OS=Homo sapiens PE=2 SV=1" num_tol_term="2"/>
            <alternative_protein protein="tr|Q9BWU9|Q9BWU9_HUMAN" protein_descr="Cyclin B1 (Fragment) OS=Homo sapiens PE=2 SV=1" num_tol_term="2"/>
            <alternative_protein protein="tr|Q5TZP9|Q5TZP9_HUMAN" protein_descr="Cyclin B1 OS=Homo sapiens PE=2 SV=1" num_tol_term="2"/>
            <alternative_protein protein="tr|A8K066|A8K066_HUMAN" protein_descr="cDNA FLJ75563, highly similar to Homo sapiens cyclin B1 (CCNB1), mRNA OS=Homo sapiens PE=2 SV=1" num_tol_term="2"/>
            <search_score name="hyperscore" value="29.6"/>
            <search_score name="nextscore" value="22.9"/>
            <search_score name="bscore" value="6.2"/>
            <search_score name="yscore" value="11.6"/>
            <search_score name="expect" value="0.072"/>
         </search_hit>
      </search_result>
      </spectrum_query>
      <spectrum_query spectrum="test.27.27.2 " start_scan="24" end_scan="24" precursor_neutral_mass="1382.7007" assumed_charge="2" index="90">
      <search_result>
         <search_hit hit_rank="1" peptide="GGIGASENLENPPK" peptide_prev_aa="R" peptide_next_aa="M" protein="sp|O15027|SC16A_HUMAN" protein_descr="Protein transport protein Sec16A OS=Homo sapiens GN=SEC16A PE=1 SV=3" num_tot_proteins="7" num_matched_ions="12" tot_num_ions="26" calc_neutral_pep_mass="1381.6837" massdiff="1.017" num_tol_term="2" num_missed_cleavages="0" is_rejected="0">
            <alternative_protein protein="sp|O15027-2|SC16A_HUMAN" protein_descr="Isoform 2 of Protein transport protein Sec16A OS=Homo sapiens GN=SEC16A" num_tol_term="2"/>
            <alternative_protein protein="sp|O15027-3|SC16A_HUMAN" protein_descr="Isoform 3 of Protein transport protein Sec16A OS=Homo sapiens GN=SEC16A" num_tol_term="2"/>
            <alternative_protein protein="sp|O15027-4|SC16A_HUMAN" protein_descr="Isoform 4 of Protein transport protein Sec16A OS=Homo sapiens GN=SEC16A" num_tol_term="2"/>
            <alternative_protein protein="sp|O15027-5|SC16A_HUMAN" protein_descr="Isoform 5 of Protein transport protein Sec16A OS=Homo sapiens GN=SEC16A" num_tol_term="2"/>
            <alternative_protein protein="tr|A4QN19|A4QN19_HUMAN" protein_descr="SEC16A protein (Fragment) OS=Homo sapiens GN=SEC16A PE=2 SV=1" num_tol_term="2"/>
            <alternative_protein protein="tr|A4QN18|A4QN18_HUMAN" protein_descr="SEC16A protein (Fragment) OS=Homo sapiens GN=SEC16A PE=2 SV=1" num_tol_term="2"/>
            <search_score name="hyperscore" value="33.9"/>
            <search_score name="nextscore" value="31.0"/>
            <search_score name="bscore" value="8.4"/>
            <search_score name="yscore" value="9.1"/>
            <search_score name="expect" value="0.092"/>
         </search_hit>
      </search_result>
      </spectrum_query>
   </msms_run_summary>
</msms_pipeline_analysis>
